2025-06-20 11:36:19,855 - INFO - Starting hyperparameter selection for state space models
2025-06-20 11:36:19,873 - WARNING -   CNN: No combinations with >= 10 replicates found. Using 1 combinations with >= 3 replicates
2025-06-20 11:36:19,873 - WARNING -   CNN: Best hyperparameter combination has only 3 replicates (< 10)
2025-06-20 11:36:19,873 - WARNING -     Best params: lr=0.001, batch_size=64, rc_aug=False
2025-06-20 11:36:19,873 - WARNING -     MCC: 0.4552 ± 0.0025
2025-06-20 11:36:19,879 - WARNING -   Caduceus: No combinations with >= 10 replicates found. Using 9 combinations with >= 3 replicates
2025-06-20 11:36:19,879 - WARNING -   Caduceus: Best hyperparameter combination has only 7 replicates (< 10)
2025-06-20 11:36:19,879 - WARNING -     Best params: lr=0.0001, batch_size=128, rc_aug=True
2025-06-20 11:36:19,879 - WARNING -     MCC: 0.4316 ± 0.0035
2025-06-20 11:36:19,891 - INFO -   HyenaDNA: Found 2 combinations with >= 10 replicates
2025-06-20 11:36:19,904 - INFO -   Mamba-bpe: Found 2 combinations with >= 10 replicates
2025-06-20 11:36:19,914 - INFO -   Mamba-char: Found 3 combinations with >= 10 replicates
2025-06-20 11:36:19,928 - WARNING -   CNN: No combinations with >= 10 replicates found. Using 1 combinations with >= 3 replicates
2025-06-20 11:36:19,928 - WARNING -   CNN: Best hyperparameter combination has only 3 replicates (< 10)
2025-06-20 11:36:19,928 - WARNING -     Best params: lr=0.001, batch_size=64, rc_aug=False
2025-06-20 11:36:19,928 - WARNING -     MCC: 0.4093 ± 0.0093
2025-06-20 11:36:19,934 - WARNING -   Caduceus: No combinations with >= 10 replicates found. Using 10 combinations with >= 3 replicates
2025-06-20 11:36:19,934 - WARNING -   Caduceus: Best hyperparameter combination has only 3 replicates (< 10)
2025-06-20 11:36:19,934 - WARNING -     Best params: lr=0.001, batch_size=128, rc_aug=False
2025-06-20 11:36:19,934 - WARNING -     MCC: 0.4674 ± 0.0323
2025-06-20 11:36:19,946 - INFO -   HyenaDNA: Found 3 combinations with >= 10 replicates
2025-06-20 11:36:19,959 - INFO -   Mamba-bpe: Found 1 combinations with >= 10 replicates
2025-06-20 11:36:19,968 - INFO -   Mamba-char: Found 1 combinations with >= 10 replicates
2025-06-20 11:36:19,985 - WARNING -   CNN: No combinations with >= 10 replicates found. Using 1 combinations with >= 3 replicates
2025-06-20 11:36:19,985 - WARNING -   CNN: Best hyperparameter combination has only 3 replicates (< 10)
2025-06-20 11:36:19,985 - WARNING -     Best params: lr=0.001, batch_size=64, rc_aug=False
2025-06-20 11:36:19,985 - WARNING -     MCC: 0.5088 ± 0.0010
2025-06-20 11:36:19,991 - WARNING -   Caduceus: No combinations with >= 10 replicates found. Using 9 combinations with >= 3 replicates
2025-06-20 11:36:19,991 - WARNING -   Caduceus: Best hyperparameter combination has only 3 replicates (< 10)
2025-06-20 11:36:19,991 - WARNING -     Best params: lr=0.001, batch_size=128, rc_aug=False
2025-06-20 11:36:19,991 - WARNING -     MCC: 0.5506 ± 0.0072
2025-06-20 11:36:20,002 - INFO -   HyenaDNA: Found 1 combinations with >= 10 replicates
2025-06-20 11:36:20,015 - INFO -   Mamba-bpe: Found 1 combinations with >= 10 replicates
2025-06-20 11:36:20,024 - INFO -   Mamba-char: Found 2 combinations with >= 10 replicates
2025-06-20 11:36:20,037 - WARNING -   CNN: No combinations with >= 10 replicates found. Using 1 combinations with >= 3 replicates
2025-06-20 11:36:20,037 - WARNING -   CNN: Best hyperparameter combination has only 3 replicates (< 10)
2025-06-20 11:36:20,037 - WARNING -     Best params: lr=0.001, batch_size=64, rc_aug=False
2025-06-20 11:36:20,037 - WARNING -     MCC: 0.5398 ± 0.0091
2025-06-20 11:36:20,043 - WARNING -   Caduceus: No combinations with >= 10 replicates found. Using 9 combinations with >= 3 replicates
2025-06-20 11:36:20,043 - WARNING -   Caduceus: Best hyperparameter combination has only 3 replicates (< 10)
2025-06-20 11:36:20,043 - WARNING -     Best params: lr=0.001, batch_size=256, rc_aug=False
2025-06-20 11:36:20,043 - WARNING -     MCC: 0.5306 ± 0.0179
2025-06-20 11:36:20,054 - INFO -   HyenaDNA: Found 2 combinations with >= 10 replicates
2025-06-20 11:36:20,067 - INFO -   Mamba-bpe: Found 1 combinations with >= 10 replicates
2025-06-20 11:36:20,076 - INFO -   Mamba-char: Found 2 combinations with >= 10 replicates
2025-06-20 11:36:20,089 - WARNING -   CNN: No combinations with >= 10 replicates found. Using 1 combinations with >= 3 replicates
2025-06-20 11:36:20,089 - WARNING -   CNN: Best hyperparameter combination has only 3 replicates (< 10)
2025-06-20 11:36:20,089 - WARNING -     Best params: lr=0.001, batch_size=64, rc_aug=False
2025-06-20 11:36:20,089 - WARNING -     MCC: 0.4058 ± 0.0097
2025-06-20 11:36:20,094 - INFO -   Caduceus: Found 1 combinations with >= 10 replicates
2025-06-20 11:36:20,106 - INFO -   HyenaDNA: Found 2 combinations with >= 10 replicates
2025-06-20 11:36:20,118 - INFO -   Mamba-bpe: Found 1 combinations with >= 10 replicates
2025-06-20 11:36:20,127 - INFO -   Mamba-char: Found 1 combinations with >= 10 replicates
2025-06-20 11:36:20,140 - WARNING -   CNN: No combinations with >= 10 replicates found. Using 1 combinations with >= 3 replicates
2025-06-20 11:36:20,140 - WARNING -   CNN: Best hyperparameter combination has only 3 replicates (< 10)
2025-06-20 11:36:20,140 - WARNING -     Best params: lr=0.001, batch_size=64, rc_aug=False
2025-06-20 11:36:20,140 - WARNING -     MCC: 0.4871 ± 0.0159
2025-06-20 11:36:20,146 - WARNING -   Caduceus: No combinations with >= 10 replicates found. Using 9 combinations with >= 3 replicates
2025-06-20 11:36:20,146 - WARNING -   Caduceus: Best hyperparameter combination has only 7 replicates (< 10)
2025-06-20 11:36:20,146 - WARNING -     Best params: lr=0.001, batch_size=128, rc_aug=True
2025-06-20 11:36:20,146 - WARNING -     MCC: 0.4848 ± 0.0196
2025-06-20 11:36:20,157 - INFO -   HyenaDNA: Found 2 combinations with >= 10 replicates
2025-06-20 11:36:20,170 - INFO -   Mamba-bpe: Found 1 combinations with >= 10 replicates
2025-06-20 11:36:20,179 - INFO -   Mamba-char: Found 1 combinations with >= 10 replicates
2025-06-20 11:36:20,192 - WARNING -   CNN: No combinations with >= 10 replicates found. Using 1 combinations with >= 3 replicates
2025-06-20 11:36:20,192 - WARNING -   CNN: Best hyperparameter combination has only 3 replicates (< 10)
2025-06-20 11:36:20,192 - WARNING -     Best params: lr=0.001, batch_size=64, rc_aug=False
2025-06-20 11:36:20,192 - WARNING -     MCC: 0.5812 ± 0.0165
2025-06-20 11:36:20,198 - INFO -   Caduceus: Found 1 combinations with >= 10 replicates
2025-06-20 11:36:20,210 - INFO -   HyenaDNA: Found 3 combinations with >= 10 replicates
2025-06-20 11:36:20,223 - INFO -   Mamba-bpe: Found 1 combinations with >= 10 replicates
2025-06-20 11:36:20,233 - INFO -   Mamba-char: Found 3 combinations with >= 10 replicates
2025-06-20 11:36:20,246 - WARNING -   CNN: No combinations with >= 10 replicates found. Using 1 combinations with >= 3 replicates
2025-06-20 11:36:20,246 - WARNING -   CNN: Best hyperparameter combination has only 3 replicates (< 10)
2025-06-20 11:36:20,246 - WARNING -     Best params: lr=0.001, batch_size=64, rc_aug=False
2025-06-20 11:36:20,246 - WARNING -     MCC: 0.5034 ± 0.0160
2025-06-20 11:36:20,252 - WARNING -   Caduceus: No combinations with >= 10 replicates found. Using 9 combinations with >= 3 replicates
2025-06-20 11:36:20,252 - WARNING -   Caduceus: Best hyperparameter combination has only 3 replicates (< 10)
2025-06-20 11:36:20,252 - WARNING -     Best params: lr=0.0001, batch_size=256, rc_aug=False
2025-06-20 11:36:20,252 - WARNING -     MCC: 0.5122 ± 0.0039
2025-06-20 11:36:20,264 - INFO -   HyenaDNA: Found 1 combinations with >= 10 replicates
2025-06-20 11:36:20,276 - INFO -   Mamba-bpe: Found 1 combinations with >= 10 replicates
2025-06-20 11:36:20,285 - INFO -   Mamba-char: Found 3 combinations with >= 10 replicates
2025-06-20 11:36:20,298 - WARNING -   CNN: No combinations with >= 10 replicates found. Using 1 combinations with >= 3 replicates
2025-06-20 11:36:20,299 - WARNING -   CNN: Best hyperparameter combination has only 3 replicates (< 10)
2025-06-20 11:36:20,299 - WARNING -     Best params: lr=0.001, batch_size=64, rc_aug=False
2025-06-20 11:36:20,299 - WARNING -     MCC: 0.3444 ± 0.0301
2025-06-20 11:36:20,304 - WARNING -   Caduceus: No combinations with >= 10 replicates found. Using 9 combinations with >= 3 replicates
2025-06-20 11:36:20,304 - WARNING -   Caduceus: Best hyperparameter combination has only 3 replicates (< 10)
2025-06-20 11:36:20,304 - WARNING -     Best params: lr=0.001, batch_size=256, rc_aug=False
2025-06-20 11:36:20,304 - WARNING -     MCC: 0.3950 ± 0.0215
2025-06-20 11:36:20,315 - INFO -   HyenaDNA: Found 1 combinations with >= 10 replicates
2025-06-20 11:36:20,328 - INFO -   Mamba-bpe: Found 2 combinations with >= 10 replicates
2025-06-20 11:36:20,337 - INFO -   Mamba-char: Found 1 combinations with >= 10 replicates
2025-06-20 11:36:20,350 - WARNING -   CNN: No combinations with >= 10 replicates found. Using 1 combinations with >= 3 replicates
2025-06-20 11:36:20,350 - WARNING -   CNN: Best hyperparameter combination has only 3 replicates (< 10)
2025-06-20 11:36:20,350 - WARNING -     Best params: lr=0.001, batch_size=64, rc_aug=False
2025-06-20 11:36:20,350 - WARNING -     MCC: 0.5604 ± 0.0115
2025-06-20 11:36:20,355 - WARNING -   Caduceus: No combinations with >= 10 replicates found. Using 11 combinations with >= 3 replicates
2025-06-20 11:36:20,356 - WARNING -   Caduceus: Best hyperparameter combination has only 3 replicates (< 10)
2025-06-20 11:36:20,356 - WARNING -     Best params: lr=0.001, batch_size=128, rc_aug=False
2025-06-20 11:36:20,356 - WARNING -     MCC: 0.5893 ± 0.0059
2025-06-20 11:36:20,368 - INFO -   HyenaDNA: Found 2 combinations with >= 10 replicates
2025-06-20 11:36:20,381 - INFO -   Mamba-bpe: Found 1 combinations with >= 10 replicates
2025-06-20 11:36:20,390 - INFO -   Mamba-char: Found 2 combinations with >= 10 replicates
2025-06-20 11:36:20,403 - WARNING -   Caduceus: No combinations with >= 10 replicates found. Using 5 combinations with >= 3 replicates
2025-06-20 11:36:20,403 - WARNING -   Caduceus: Best hyperparameter combination has only 6 replicates (< 10)
2025-06-20 11:36:20,403 - WARNING -     Best params: lr=0.001, batch_size=256, rc_aug=True
2025-06-20 11:36:20,403 - WARNING -     MCC: 0.0524 ± 0.0589
2025-06-20 11:36:20,411 - INFO -   HyenaDNA: Found 1 combinations with >= 10 replicates
2025-06-20 11:36:20,420 - INFO -   Mamba-bpe: Found 2 combinations with >= 10 replicates
2025-06-20 11:36:20,429 - INFO -   Mamba-char: Found 1 combinations with >= 10 replicates
2025-06-20 11:36:20,438 - WARNING -   CNN: No combinations with >= 10 replicates found. Using 1 combinations with >= 3 replicates
2025-06-20 11:36:20,438 - WARNING -   CNN: Best hyperparameter combination has only 3 replicates (< 10)
2025-06-20 11:36:20,438 - WARNING -     Best params: lr=0.001, batch_size=64, rc_aug=False
2025-06-20 11:36:20,438 - WARNING -     MCC: 0.7843 ± 0.0051
2025-06-20 11:36:20,443 - INFO -   Caduceus: Found 1 combinations with >= 10 replicates
2025-06-20 11:36:20,455 - INFO -   HyenaDNA: Found 1 combinations with >= 10 replicates
2025-06-20 11:36:20,465 - INFO -   Mamba-bpe: Found 1 combinations with >= 10 replicates
2025-06-20 11:36:20,475 - INFO -   Mamba-char: Found 1 combinations with >= 10 replicates
2025-06-20 11:36:20,485 - WARNING -   CNN: No combinations with >= 10 replicates found. Using 1 combinations with >= 3 replicates
2025-06-20 11:36:20,485 - WARNING -   CNN: Best hyperparameter combination has only 3 replicates (< 10)
2025-06-20 11:36:20,485 - WARNING -     Best params: lr=0.001, batch_size=64, rc_aug=False
2025-06-20 11:36:20,485 - WARNING -     MCC: 0.8838 ± 0.0027
2025-06-20 11:36:20,491 - INFO -   Caduceus: Found 1 combinations with >= 10 replicates
2025-06-20 11:36:20,503 - INFO -   HyenaDNA: Found 1 combinations with >= 10 replicates
2025-06-20 11:36:20,513 - INFO -   Mamba-bpe: Found 1 combinations with >= 10 replicates
2025-06-20 11:36:20,522 - INFO -   Mamba-char: Found 1 combinations with >= 10 replicates
2025-06-20 11:36:20,531 - WARNING -   Mamba-bpe: No combinations with >= 10 replicates found. Using 6 combinations with >= 3 replicates
2025-06-20 11:36:20,531 - WARNING -   Mamba-bpe: Best hyperparameter combination has only 3 replicates (< 10)
2025-06-20 11:36:20,531 - WARNING -     Best params: lr=0.0001, batch_size=256, rc_aug=True
2025-06-20 11:36:20,531 - WARNING -     MCC: 0.4581 ± 0.0051
2025-06-20 11:36:20,540 - WARNING -   CNN: No combinations with >= 10 replicates found. Using 1 combinations with >= 3 replicates
2025-06-20 11:36:20,540 - WARNING -   CNN: Best hyperparameter combination has only 3 replicates (< 10)
2025-06-20 11:36:20,540 - WARNING -     Best params: lr=0.001, batch_size=64, rc_aug=False
2025-06-20 11:36:20,540 - WARNING -     MCC: 0.4257 ± 0.0251
2025-06-20 11:36:20,545 - INFO -   Caduceus: Found 1 combinations with >= 10 replicates
2025-06-20 11:36:20,557 - INFO -   HyenaDNA: Found 1 combinations with >= 10 replicates
2025-06-20 11:36:20,567 - INFO -   Mamba-bpe: Found 1 combinations with >= 10 replicates
2025-06-20 11:36:20,576 - INFO -   Mamba-char: Found 1 combinations with >= 10 replicates
2025-06-20 11:36:20,585 - WARNING -   HyenaDNA: No combinations with >= 3 replicates found. Using all 6 combinations
2025-06-20 11:36:20,585 - WARNING -   HyenaDNA: Best hyperparameter combination has only 2 replicates (< 10)
2025-06-20 11:36:20,585 - WARNING -     Best params: lr=0.0006, batch_size=256, rc_aug=True
2025-06-20 11:36:20,585 - WARNING -     MCC: 0.7554 ± 0.0055
2025-06-20 11:36:20,594 - WARNING -   Mamba-bpe: No combinations with >= 10 replicates found. Using 6 combinations with >= 3 replicates
2025-06-20 11:36:20,594 - WARNING -   Mamba-bpe: Best hyperparameter combination has only 3 replicates (< 10)
2025-06-20 11:36:20,594 - WARNING -     Best params: lr=0.0002, batch_size=128, rc_aug=True
2025-06-20 11:36:20,594 - WARNING -     MCC: 0.7373 ± 0.0074
2025-06-20 11:36:20,604 - WARNING -   Caduceus: No combinations with >= 10 replicates found. Using 10 combinations with >= 3 replicates
2025-06-20 11:36:20,604 - WARNING -   Caduceus: Best hyperparameter combination has only 3 replicates (< 10)
2025-06-20 11:36:20,604 - WARNING -     Best params: lr=0.001, batch_size=128, rc_aug=False
2025-06-20 11:36:20,604 - WARNING -     MCC: 0.5424 ± 0.0035
2025-06-20 11:36:20,616 - WARNING -   HyenaDNA: No combinations with >= 10 replicates found. Using 6 combinations with >= 3 replicates
2025-06-20 11:36:20,616 - WARNING -   HyenaDNA: Best hyperparameter combination has only 4 replicates (< 10)
2025-06-20 11:36:20,616 - WARNING -     Best params: lr=0.0006, batch_size=256, rc_aug=True
2025-06-20 11:36:20,616 - WARNING -     MCC: 0.4909 ± 0.0208
2025-06-20 11:36:20,626 - WARNING -   Mamba-bpe: No combinations with >= 10 replicates found. Using 6 combinations with >= 3 replicates
2025-06-20 11:36:20,626 - WARNING -   Mamba-bpe: Best hyperparameter combination has only 3 replicates (< 10)
2025-06-20 11:36:20,626 - WARNING -     Best params: lr=0.0002, batch_size=128, rc_aug=True
2025-06-20 11:36:20,626 - WARNING -     MCC: 0.4850 ± 0.0177
2025-06-20 11:36:20,635 - WARNING -   Mamba-char: No combinations with >= 10 replicates found. Using 6 combinations with >= 3 replicates
2025-06-20 11:36:20,635 - WARNING -   Mamba-char: Best hyperparameter combination has only 3 replicates (< 10)
2025-06-20 11:36:20,635 - WARNING -     Best params: lr=0.0002, batch_size=128, rc_aug=True
2025-06-20 11:36:20,635 - WARNING -     MCC: 0.4396 ± 0.0066
2025-06-20 11:36:20,644 - WARNING -   Caduceus: No combinations with >= 10 replicates found. Using 10 combinations with >= 3 replicates
2025-06-20 11:36:20,644 - WARNING -   Caduceus: Best hyperparameter combination has only 3 replicates (< 10)
2025-06-20 11:36:20,645 - WARNING -     Best params: lr=0.002, batch_size=128, rc_aug=False
2025-06-20 11:36:20,645 - WARNING -     MCC: 0.5597 ± 0.0059
2025-06-20 11:36:20,656 - WARNING -   HyenaDNA: No combinations with >= 10 replicates found. Using 6 combinations with >= 3 replicates
2025-06-20 11:36:20,656 - WARNING -   HyenaDNA: Best hyperparameter combination has only 3 replicates (< 10)
2025-06-20 11:36:20,656 - WARNING -     Best params: lr=0.0006, batch_size=256, rc_aug=True
2025-06-20 11:36:20,656 - WARNING -     MCC: 0.4894 ± 0.0183
2025-06-20 11:36:20,665 - WARNING -   Mamba-bpe: No combinations with >= 10 replicates found. Using 6 combinations with >= 3 replicates
2025-06-20 11:36:20,665 - WARNING -   Mamba-bpe: Best hyperparameter combination has only 3 replicates (< 10)
2025-06-20 11:36:20,665 - WARNING -     Best params: lr=0.0002, batch_size=128, rc_aug=True
2025-06-20 11:36:20,665 - WARNING -     MCC: 0.5046 ± 0.0125
2025-06-20 11:36:20,674 - WARNING -   Mamba-char: No combinations with >= 10 replicates found. Using 6 combinations with >= 3 replicates
2025-06-20 11:36:20,674 - WARNING -   Mamba-char: Best hyperparameter combination has only 3 replicates (< 10)
2025-06-20 11:36:20,674 - WARNING -     Best params: lr=0.0001, batch_size=128, rc_aug=True
2025-06-20 11:36:20,674 - WARNING -     MCC: 0.4854 ± 0.0074
2025-06-20 11:36:20,683 - WARNING -   Caduceus: No combinations with >= 10 replicates found. Using 10 combinations with >= 3 replicates
2025-06-20 11:36:20,684 - WARNING -   Caduceus: Best hyperparameter combination has only 3 replicates (< 10)
2025-06-20 11:36:20,684 - WARNING -     Best params: lr=0.001, batch_size=128, rc_aug=False
2025-06-20 11:36:20,684 - WARNING -     MCC: 0.4685 ± 0.0024
2025-06-20 11:36:20,695 - WARNING -   HyenaDNA: No combinations with >= 10 replicates found. Using 6 combinations with >= 3 replicates
2025-06-20 11:36:20,695 - WARNING -   HyenaDNA: Best hyperparameter combination has only 3 replicates (< 10)
2025-06-20 11:36:20,695 - WARNING -     Best params: lr=0.0006, batch_size=256, rc_aug=True
2025-06-20 11:36:20,695 - WARNING -     MCC: 0.4360 ± 0.0009
2025-06-20 11:36:20,704 - WARNING -   Mamba-bpe: No combinations with >= 10 replicates found. Using 6 combinations with >= 3 replicates
2025-06-20 11:36:20,704 - WARNING -   Mamba-bpe: Best hyperparameter combination has only 3 replicates (< 10)
2025-06-20 11:36:20,704 - WARNING -     Best params: lr=0.0002, batch_size=128, rc_aug=True
2025-06-20 11:36:20,704 - WARNING -     MCC: 0.3976 ± 0.0143
2025-06-20 11:36:20,713 - WARNING -   Mamba-char: No combinations with >= 10 replicates found. Using 6 combinations with >= 3 replicates
2025-06-20 11:36:20,713 - WARNING -   Mamba-char: Best hyperparameter combination has only 3 replicates (< 10)
2025-06-20 11:36:20,713 - WARNING -     Best params: lr=0.0002, batch_size=128, rc_aug=True
2025-06-20 11:36:20,713 - WARNING -     MCC: 0.3929 ± 0.0040
2025-06-20 11:36:20,722 - WARNING -   Caduceus: No combinations with >= 10 replicates found. Using 10 combinations with >= 3 replicates
2025-06-20 11:36:20,722 - WARNING -   Caduceus: Best hyperparameter combination has only 3 replicates (< 10)
2025-06-20 11:36:20,722 - WARNING -     Best params: lr=0.001, batch_size=128, rc_aug=False
2025-06-20 11:36:20,722 - WARNING -     MCC: 0.3872 ± 0.0196
2025-06-20 11:36:20,734 - WARNING -   HyenaDNA: No combinations with >= 10 replicates found. Using 6 combinations with >= 3 replicates
2025-06-20 11:36:20,734 - WARNING -   HyenaDNA: Best hyperparameter combination has only 3 replicates (< 10)
2025-06-20 11:36:20,734 - WARNING -     Best params: lr=0.0006, batch_size=256, rc_aug=True
2025-06-20 11:36:20,734 - WARNING -     MCC: 0.3069 ± 0.0232
2025-06-20 11:36:20,743 - WARNING -   Mamba-bpe: No combinations with >= 10 replicates found. Using 6 combinations with >= 3 replicates
2025-06-20 11:36:20,743 - WARNING -   Mamba-bpe: Best hyperparameter combination has only 3 replicates (< 10)
2025-06-20 11:36:20,743 - WARNING -     Best params: lr=0.0002, batch_size=128, rc_aug=True
2025-06-20 11:36:20,743 - WARNING -     MCC: 0.3298 ± 0.0176
2025-06-20 11:36:20,752 - WARNING -   Mamba-char: No combinations with >= 10 replicates found. Using 6 combinations with >= 3 replicates
2025-06-20 11:36:20,752 - WARNING -   Mamba-char: Best hyperparameter combination has only 3 replicates (< 10)
2025-06-20 11:36:20,752 - WARNING -     Best params: lr=0.0001, batch_size=256, rc_aug=True
2025-06-20 11:36:20,752 - WARNING -     MCC: 0.3014 ± 0.0053
2025-06-20 11:36:20,761 - WARNING -   Caduceus: No combinations with >= 10 replicates found. Using 10 combinations with >= 3 replicates
2025-06-20 11:36:20,761 - WARNING -   Caduceus: Best hyperparameter combination has only 3 replicates (< 10)
2025-06-20 11:36:20,761 - WARNING -     Best params: lr=0.001, batch_size=256, rc_aug=False
2025-06-20 11:36:20,761 - WARNING -     MCC: 0.4340 ± 0.0229
2025-06-20 11:36:20,773 - WARNING -   HyenaDNA: No combinations with >= 10 replicates found. Using 6 combinations with >= 3 replicates
2025-06-20 11:36:20,773 - WARNING -   HyenaDNA: Best hyperparameter combination has only 3 replicates (< 10)
2025-06-20 11:36:20,773 - WARNING -     Best params: lr=0.0006, batch_size=256, rc_aug=True
2025-06-20 11:36:20,773 - WARNING -     MCC: 0.3524 ± 0.0196
2025-06-20 11:36:20,782 - WARNING -   Mamba-bpe: No combinations with >= 10 replicates found. Using 6 combinations with >= 3 replicates
2025-06-20 11:36:20,782 - WARNING -   Mamba-bpe: Best hyperparameter combination has only 3 replicates (< 10)
2025-06-20 11:36:20,782 - WARNING -     Best params: lr=0.0002, batch_size=128, rc_aug=True
2025-06-20 11:36:20,782 - WARNING -     MCC: 0.3999 ± 0.0068
2025-06-20 11:36:20,791 - WARNING -   Mamba-char: No combinations with >= 10 replicates found. Using 6 combinations with >= 3 replicates
2025-06-20 11:36:20,791 - WARNING -   Mamba-char: Best hyperparameter combination has only 3 replicates (< 10)
2025-06-20 11:36:20,791 - WARNING -     Best params: lr=0.0002, batch_size=256, rc_aug=True
2025-06-20 11:36:20,791 - WARNING -     MCC: 0.3236 ± 0.0106
2025-06-20 11:36:20,800 - WARNING -   Caduceus: No combinations with >= 10 replicates found. Using 10 combinations with >= 3 replicates
2025-06-20 11:36:20,800 - WARNING -   Caduceus: Best hyperparameter combination has only 3 replicates (< 10)
2025-06-20 11:36:20,800 - WARNING -     Best params: lr=0.002, batch_size=256, rc_aug=False
2025-06-20 11:36:20,800 - WARNING -     MCC: 0.6677 ± 0.0087
2025-06-20 11:36:20,812 - WARNING -   HyenaDNA: No combinations with >= 10 replicates found. Using 6 combinations with >= 3 replicates
2025-06-20 11:36:20,812 - WARNING -   HyenaDNA: Best hyperparameter combination has only 3 replicates (< 10)
2025-06-20 11:36:20,812 - WARNING -     Best params: lr=0.0006, batch_size=256, rc_aug=True
2025-06-20 11:36:20,812 - WARNING -     MCC: 0.6195 ± 0.0182
2025-06-20 11:36:20,821 - WARNING -   Mamba-bpe: No combinations with >= 10 replicates found. Using 6 combinations with >= 3 replicates
2025-06-20 11:36:20,821 - WARNING -   Mamba-bpe: Best hyperparameter combination has only 3 replicates (< 10)
2025-06-20 11:36:20,821 - WARNING -     Best params: lr=0.0001, batch_size=128, rc_aug=True
2025-06-20 11:36:20,821 - WARNING -     MCC: 0.6181 ± 0.0048
2025-06-20 11:36:20,829 - WARNING -   Mamba-char: No combinations with >= 10 replicates found. Using 6 combinations with >= 3 replicates
2025-06-20 11:36:20,830 - WARNING -   Mamba-char: Best hyperparameter combination has only 3 replicates (< 10)
2025-06-20 11:36:20,830 - WARNING -     Best params: lr=0.0002, batch_size=256, rc_aug=True
2025-06-20 11:36:20,830 - WARNING -     MCC: 0.6015 ± 0.0163
2025-06-20 11:36:20,839 - WARNING -   Caduceus: No combinations with >= 10 replicates found. Using 10 combinations with >= 3 replicates
2025-06-20 11:36:20,839 - WARNING -   Caduceus: Best hyperparameter combination has only 3 replicates (< 10)
2025-06-20 11:36:20,839 - WARNING -     Best params: lr=0.002, batch_size=256, rc_aug=False
2025-06-20 11:36:20,839 - WARNING -     MCC: 0.5827 ± 0.0151
2025-06-20 11:36:20,851 - WARNING -   HyenaDNA: No combinations with >= 10 replicates found. Using 6 combinations with >= 3 replicates
2025-06-20 11:36:20,851 - WARNING -   HyenaDNA: Best hyperparameter combination has only 3 replicates (< 10)
2025-06-20 11:36:20,851 - WARNING -     Best params: lr=0.0006, batch_size=256, rc_aug=True
2025-06-20 11:36:20,851 - WARNING -     MCC: 0.5434 ± 0.0161
2025-06-20 11:36:20,859 - WARNING -   Mamba-bpe: No combinations with >= 10 replicates found. Using 6 combinations with >= 3 replicates
2025-06-20 11:36:20,860 - WARNING -   Mamba-bpe: Best hyperparameter combination has only 3 replicates (< 10)
2025-06-20 11:36:20,860 - WARNING -     Best params: lr=0.0002, batch_size=128, rc_aug=True
2025-06-20 11:36:20,860 - WARNING -     MCC: 0.5229 ± 0.0111
2025-06-20 11:36:20,868 - WARNING -   Mamba-char: No combinations with >= 10 replicates found. Using 6 combinations with >= 3 replicates
2025-06-20 11:36:20,868 - WARNING -   Mamba-char: Best hyperparameter combination has only 3 replicates (< 10)
2025-06-20 11:36:20,869 - WARNING -     Best params: lr=0.0002, batch_size=128, rc_aug=True
2025-06-20 11:36:20,869 - WARNING -     MCC: 0.5160 ± 0.0066
2025-06-20 11:36:20,878 - WARNING -   Caduceus: No combinations with >= 10 replicates found. Using 10 combinations with >= 3 replicates
2025-06-20 11:36:20,878 - WARNING -   Caduceus: Best hyperparameter combination has only 3 replicates (< 10)
2025-06-20 11:36:20,878 - WARNING -     Best params: lr=0.001, batch_size=256, rc_aug=False
2025-06-20 11:36:20,878 - WARNING -     MCC: 0.8003 ± 0.0110
2025-06-20 11:36:20,889 - WARNING -   HyenaDNA: No combinations with >= 10 replicates found. Using 6 combinations with >= 3 replicates
2025-06-20 11:36:20,890 - WARNING -   HyenaDNA: Best hyperparameter combination has only 3 replicates (< 10)
2025-06-20 11:36:20,890 - WARNING -     Best params: lr=0.0006, batch_size=256, rc_aug=True
2025-06-20 11:36:20,890 - WARNING -     MCC: 0.7901 ± 0.0098
2025-06-20 11:36:20,898 - WARNING -   Mamba-bpe: No combinations with >= 10 replicates found. Using 6 combinations with >= 3 replicates
2025-06-20 11:36:20,898 - WARNING -   Mamba-bpe: Best hyperparameter combination has only 3 replicates (< 10)
2025-06-20 11:36:20,898 - WARNING -     Best params: lr=0.0002, batch_size=128, rc_aug=True
2025-06-20 11:36:20,899 - WARNING -     MCC: 0.7666 ± 0.0141
2025-06-20 11:36:20,907 - WARNING -   Mamba-char: No combinations with >= 10 replicates found. Using 6 combinations with >= 3 replicates
2025-06-20 11:36:20,907 - WARNING -   Mamba-char: Best hyperparameter combination has only 3 replicates (< 10)
2025-06-20 11:36:20,907 - WARNING -     Best params: lr=0.0002, batch_size=128, rc_aug=True
2025-06-20 11:36:20,907 - WARNING -     MCC: 0.7833 ± 0.0061
2025-06-20 11:36:20,917 - WARNING -   Caduceus: No combinations with >= 10 replicates found. Using 10 combinations with >= 3 replicates
2025-06-20 11:36:20,917 - WARNING -   Caduceus: Best hyperparameter combination has only 3 replicates (< 10)
2025-06-20 11:36:20,917 - WARNING -     Best params: lr=0.002, batch_size=256, rc_aug=False
2025-06-20 11:36:20,917 - WARNING -     MCC: 0.5125 ± 0.0247
2025-06-20 11:36:20,928 - WARNING -   HyenaDNA: No combinations with >= 10 replicates found. Using 6 combinations with >= 3 replicates
2025-06-20 11:36:20,928 - WARNING -   HyenaDNA: Best hyperparameter combination has only 3 replicates (< 10)
2025-06-20 11:36:20,928 - WARNING -     Best params: lr=0.0006, batch_size=256, rc_aug=True
2025-06-20 11:36:20,928 - WARNING -     MCC: 0.4242 ± 0.0352
2025-06-20 11:36:20,937 - WARNING -   Mamba-bpe: No combinations with >= 10 replicates found. Using 6 combinations with >= 3 replicates
2025-06-20 11:36:20,937 - WARNING -   Mamba-bpe: Best hyperparameter combination has only 3 replicates (< 10)
2025-06-20 11:36:20,937 - WARNING -     Best params: lr=0.0002, batch_size=128, rc_aug=True
2025-06-20 11:36:20,937 - WARNING -     MCC: 0.4540 ± 0.0163
2025-06-20 11:36:20,946 - WARNING -   Mamba-char: No combinations with >= 10 replicates found. Using 6 combinations with >= 3 replicates
2025-06-20 11:36:20,946 - WARNING -   Mamba-char: Best hyperparameter combination has only 3 replicates (< 10)
2025-06-20 11:36:20,946 - WARNING -     Best params: lr=0.0002, batch_size=128, rc_aug=True
2025-06-20 11:36:20,946 - WARNING -     MCC: 0.3908 ± 0.0213
2025-06-20 11:36:20,955 - WARNING -   CNN: No combinations with >= 10 replicates found. Using 1 combinations with >= 3 replicates
2025-06-20 11:36:20,955 - WARNING -   CNN: Best hyperparameter combination has only 3 replicates (< 10)
2025-06-20 11:36:20,955 - WARNING -     Best params: lr=0.001, batch_size=64, rc_aug=False
2025-06-20 11:36:20,955 - WARNING -     MCC: 0.5012 ± 0.0137
2025-06-20 11:36:20,961 - INFO -   Caduceus: Found 1 combinations with >= 10 replicates
2025-06-20 11:36:20,974 - INFO -   HyenaDNA: Found 2 combinations with >= 10 replicates
2025-06-20 11:36:20,988 - INFO -   Mamba-bpe: Found 1 combinations with >= 10 replicates
2025-06-20 11:36:20,998 - INFO -   Mamba-char: Found 1 combinations with >= 10 replicates
2025-06-20 11:36:21,008 - WARNING -   CNN: No combinations with >= 10 replicates found. Using 1 combinations with >= 3 replicates
2025-06-20 11:36:21,009 - WARNING -   CNN: Best hyperparameter combination has only 3 replicates (< 10)
2025-06-20 11:36:21,009 - WARNING -     Best params: lr=0.001, batch_size=64, rc_aug=False
2025-06-20 11:36:21,009 - WARNING -     MCC: 0.4423 ± 0.0070
2025-06-20 11:36:21,014 - INFO -   Caduceus: Found 1 combinations with >= 10 replicates
2025-06-20 11:36:21,029 - INFO -   HyenaDNA: Found 3 combinations with >= 10 replicates
2025-06-20 11:36:21,042 - INFO -   Mamba-bpe: Found 1 combinations with >= 10 replicates
2025-06-20 11:36:21,050 - INFO -   Mamba-char: Found 2 combinations with >= 10 replicates
2025-06-20 11:36:21,059 - WARNING -   CNN: No combinations with >= 10 replicates found. Using 1 combinations with >= 3 replicates
2025-06-20 11:36:21,059 - WARNING -   CNN: Best hyperparameter combination has only 3 replicates (< 10)
2025-06-20 11:36:21,059 - WARNING -     Best params: lr=0.001, batch_size=64, rc_aug=False
2025-06-20 11:36:21,059 - WARNING -     MCC: 0.4029 ± 0.0156
2025-06-20 11:36:21,065 - INFO -   Caduceus: Found 1 combinations with >= 10 replicates
2025-06-20 11:36:21,077 - INFO -   HyenaDNA: Found 1 combinations with >= 10 replicates
2025-06-20 11:36:21,087 - INFO -   Mamba-bpe: Found 1 combinations with >= 10 replicates
2025-06-20 11:36:21,095 - INFO -   Mamba-char: Found 1 combinations with >= 10 replicates
2025-06-20 11:36:21,105 - WARNING -   CNN: No combinations with >= 10 replicates found. Using 1 combinations with >= 3 replicates
2025-06-20 11:36:21,105 - WARNING -   CNN: Best hyperparameter combination has only 3 replicates (< 10)
2025-06-20 11:36:21,105 - WARNING -     Best params: lr=0.001, batch_size=64, rc_aug=False
2025-06-20 11:36:21,105 - WARNING -     MCC: 0.5394 ± 0.0543
2025-06-20 11:36:21,111 - INFO -   Caduceus: Found 1 combinations with >= 10 replicates
2025-06-20 11:36:21,125 - INFO -   HyenaDNA: Found 1 combinations with >= 10 replicates
2025-06-20 11:36:21,135 - INFO -   Mamba-bpe: Found 1 combinations with >= 10 replicates
2025-06-20 11:36:21,144 - INFO -   Mamba-char: Found 1 combinations with >= 10 replicates
2025-06-20 11:36:21,153 - WARNING -   CNN: No combinations with >= 10 replicates found. Using 1 combinations with >= 3 replicates
2025-06-20 11:36:21,153 - WARNING -   CNN: Best hyperparameter combination has only 3 replicates (< 10)
2025-06-20 11:36:21,153 - WARNING -     Best params: lr=0.001, batch_size=64, rc_aug=False
2025-06-20 11:36:21,153 - WARNING -     MCC: 0.7999 ± 0.0031
2025-06-20 11:36:21,159 - WARNING -   Caduceus: No combinations with >= 10 replicates found. Using 2 combinations with >= 3 replicates
2025-06-20 11:36:21,159 - WARNING -   Caduceus: Best hyperparameter combination has only 3 replicates (< 10)
2025-06-20 11:36:21,159 - WARNING -     Best params: lr=0.0005, batch_size=128, rc_aug=False
2025-06-20 11:36:21,159 - WARNING -     MCC: 0.8063 ± 0.0097
2025-06-20 11:36:21,171 - INFO -   HyenaDNA: Found 1 combinations with >= 10 replicates
2025-06-20 11:36:21,182 - WARNING -   Mamba-bpe: No combinations with >= 10 replicates found. Using 3 combinations with >= 3 replicates
2025-06-20 11:36:21,182 - WARNING -   Mamba-bpe: Best hyperparameter combination has only 6 replicates (< 10)
2025-06-20 11:36:21,182 - WARNING -     Best params: lr=5e-05, batch_size=128, rc_aug=True
2025-06-20 11:36:21,182 - WARNING -     MCC: 0.8493 ± 0.0019
2025-06-20 11:36:21,190 - INFO -   Mamba-char: Found 1 combinations with >= 10 replicates
2025-06-20 11:36:21,200 - WARNING -   CNN: No combinations with >= 10 replicates found. Using 1 combinations with >= 3 replicates
2025-06-20 11:36:21,200 - WARNING -   CNN: Best hyperparameter combination has only 3 replicates (< 10)
2025-06-20 11:36:21,200 - WARNING -     Best params: lr=0.001, batch_size=64, rc_aug=False
2025-06-20 11:36:21,200 - WARNING -     MCC: 0.7227 ± 0.0105
2025-06-20 11:36:21,206 - INFO -   Caduceus: Found 1 combinations with >= 10 replicates
2025-06-20 11:36:21,218 - INFO -   HyenaDNA: Found 2 combinations with >= 10 replicates
2025-06-20 11:36:21,228 - INFO -   Mamba-bpe: Found 2 combinations with >= 10 replicates
2025-06-20 11:36:21,237 - INFO -   Mamba-char: Found 1 combinations with >= 10 replicates
2025-06-20 11:36:21,245 - WARNING -   CNN: No combinations with >= 10 replicates found. Using 1 combinations with >= 3 replicates
2025-06-20 11:36:21,245 - WARNING -   CNN: Best hyperparameter combination has only 3 replicates (< 10)
2025-06-20 11:36:21,246 - WARNING -     Best params: lr=0.001, batch_size=64, rc_aug=False
2025-06-20 11:36:21,246 - WARNING -     MCC: 0.3998 ± 0.0143
2025-06-20 11:36:21,251 - WARNING -   Caduceus: No combinations with >= 10 replicates found. Using 7 combinations with >= 3 replicates
2025-06-20 11:36:21,251 - WARNING -   Caduceus: Best hyperparameter combination has only 3 replicates (< 10)
2025-06-20 11:36:21,252 - WARNING -     Best params: lr=0.001, batch_size=128, rc_aug=False
2025-06-20 11:36:21,252 - WARNING -     MCC: 0.6360 ± 0.0020
2025-06-20 11:36:21,265 - INFO -   HyenaDNA: Found 1 combinations with >= 10 replicates
2025-06-20 11:36:21,275 - INFO -   Mamba-bpe: Found 1 combinations with >= 10 replicates
2025-06-20 11:36:21,284 - INFO -   Mamba-char: Found 1 combinations with >= 10 replicates
2025-06-20 11:36:21,294 - WARNING -   Caduceus: No combinations with >= 10 replicates found. Using 11 combinations with >= 3 replicates
2025-06-20 11:36:21,294 - WARNING -   Caduceus: Best hyperparameter combination has only 7 replicates (< 10)
2025-06-20 11:36:21,294 - WARNING -     Best params: lr=0.002, batch_size=128, rc_aug=True
2025-06-20 11:36:21,294 - WARNING -     MCC: 0.6096 ± 0.0180
2025-06-20 11:36:21,306 - INFO -   HyenaDNA: Found 1 combinations with >= 10 replicates
2025-06-20 11:36:21,315 - INFO -   Mamba-bpe: Found 2 combinations with >= 10 replicates
2025-06-20 11:36:21,324 - INFO -   Mamba-char: Found 1 combinations with >= 10 replicates
2025-06-20 11:36:21,334 - WARNING -   Caduceus: No combinations with >= 10 replicates found. Using 11 combinations with >= 3 replicates
2025-06-20 11:36:21,334 - WARNING -   Caduceus: Best hyperparameter combination has only 3 replicates (< 10)
2025-06-20 11:36:21,334 - WARNING -     Best params: lr=0.001, batch_size=128, rc_aug=False
2025-06-20 11:36:21,334 - WARNING -     MCC: 0.8482 ± 0.0040
2025-06-20 11:36:21,346 - INFO -   HyenaDNA: Found 1 combinations with >= 10 replicates
2025-06-20 11:36:21,354 - INFO -   Mamba-bpe: Found 1 combinations with >= 10 replicates
2025-06-20 11:36:21,363 - INFO -   Mamba-char: Found 1 combinations with >= 10 replicates
2025-06-20 11:36:21,372 - WARNING -   Caduceus: No combinations with >= 10 replicates found. Using 8 combinations with >= 3 replicates
2025-06-20 11:36:21,373 - WARNING -   Caduceus: Best hyperparameter combination has only 7 replicates (< 10)
2025-06-20 11:36:21,373 - WARNING -     Best params: lr=0.002, batch_size=128, rc_aug=True
2025-06-20 11:36:21,373 - WARNING -     MCC: 0.8449 ± 0.0167
2025-06-20 11:36:21,383 - INFO -   HyenaDNA: Found 1 combinations with >= 10 replicates
2025-06-20 11:36:21,392 - INFO -   Mamba-bpe: Found 2 combinations with >= 10 replicates
2025-06-20 11:36:21,401 - WARNING -   Mamba-char: No combinations with >= 10 replicates found. Using 1 combinations with >= 3 replicates
2025-06-20 11:36:21,401 - WARNING -   Mamba-char: Best hyperparameter combination has only 7 replicates (< 10)
2025-06-20 11:36:21,401 - WARNING -     Best params: lr=0.0002, batch_size=128, rc_aug=True
2025-06-20 11:36:21,401 - WARNING -     MCC: 0.7209 ± 0.0238
2025-06-20 11:36:21,407 - WARNING -   Caduceus: No combinations with >= 10 replicates found. Using 11 combinations with >= 3 replicates
2025-06-20 11:36:21,407 - WARNING -   Caduceus: Best hyperparameter combination has only 3 replicates (< 10)
2025-06-20 11:36:21,407 - WARNING -     Best params: lr=0.002, batch_size=128, rc_aug=False
2025-06-20 11:36:21,407 - WARNING -     MCC: 0.8369 ± 0.0085
2025-06-20 11:36:21,419 - INFO -   HyenaDNA: Found 1 combinations with >= 10 replicates
2025-06-20 11:36:21,428 - INFO -   Mamba-bpe: Found 2 combinations with >= 10 replicates
2025-06-20 11:36:21,437 - INFO -   Mamba-char: Found 1 combinations with >= 10 replicates
2025-06-20 11:36:21,447 - WARNING -   Caduceus: No combinations with >= 10 replicates found. Using 11 combinations with >= 3 replicates
2025-06-20 11:36:21,447 - WARNING -   Caduceus: Best hyperparameter combination has only 3 replicates (< 10)
2025-06-20 11:36:21,447 - WARNING -     Best params: lr=0.002, batch_size=256, rc_aug=False
2025-06-20 11:36:21,447 - WARNING -     MCC: 0.4959 ± 0.0049
2025-06-20 11:36:21,459 - INFO -   HyenaDNA: Found 1 combinations with >= 10 replicates
2025-06-20 11:36:21,467 - INFO -   Mamba-bpe: Found 1 combinations with >= 10 replicates
2025-06-20 11:36:21,477 - INFO -   Mamba-char: Found 1 combinations with >= 10 replicates
2025-06-20 11:36:21,490 - WARNING -   HyenaDNA: No combinations with >= 10 replicates found. Using 2 combinations with >= 3 replicates
2025-06-20 11:36:21,490 - WARNING -   HyenaDNA: Best hyperparameter combination has only 3 replicates (< 10)
2025-06-20 11:36:21,490 - WARNING -     Best params: lr=0.003, batch_size=128, rc_aug=True
2025-06-20 11:36:21,490 - WARNING -     MCC: 0.4521 ± 0.1039
2025-06-20 11:36:21,498 - WARNING -   Caduceus: No combinations with >= 10 replicates found. Using 12 combinations with >= 3 replicates
2025-06-20 11:36:21,498 - WARNING -   Caduceus: Best hyperparameter combination has only 8 replicates (< 10)
2025-06-20 11:36:21,498 - WARNING -     Best params: lr=0.001, batch_size=256, rc_aug=True
2025-06-20 11:36:21,498 - WARNING -     MCC: 0.8225 ± 0.0047
2025-06-20 11:36:21,512 - INFO -   HyenaDNA: Found 1 combinations with >= 10 replicates
2025-06-20 11:36:21,521 - INFO -   Mamba-bpe: Found 1 combinations with >= 10 replicates
2025-06-20 11:36:21,530 - INFO -   Mamba-char: Found 1 combinations with >= 10 replicates
2025-06-20 11:36:21,539 - WARNING -   Caduceus: No combinations with >= 10 replicates found. Using 12 combinations with >= 3 replicates
2025-06-20 11:36:21,539 - WARNING -   Caduceus: Best hyperparameter combination has only 3 replicates (< 10)
2025-06-20 11:36:21,540 - WARNING -     Best params: lr=0.001, batch_size=128, rc_aug=False
2025-06-20 11:36:21,540 - WARNING -     MCC: 0.9286 ± 0.0038
2025-06-20 11:36:21,552 - INFO -   HyenaDNA: Found 1 combinations with >= 10 replicates
2025-06-20 11:36:21,561 - INFO -   Mamba-bpe: Found 1 combinations with >= 10 replicates
2025-06-20 11:36:21,569 - INFO -   Mamba-char: Found 1 combinations with >= 10 replicates
2025-06-20 11:36:21,579 - WARNING -   Caduceus: No combinations with >= 10 replicates found. Using 11 combinations with >= 3 replicates
2025-06-20 11:36:21,579 - WARNING -   Caduceus: Best hyperparameter combination has only 3 replicates (< 10)
2025-06-20 11:36:21,579 - WARNING -     Best params: lr=0.002, batch_size=128, rc_aug=False
2025-06-20 11:36:21,579 - WARNING -     MCC: 0.5796 ± 0.0012
2025-06-20 11:36:21,591 - INFO -   HyenaDNA: Found 1 combinations with >= 10 replicates
2025-06-20 11:36:21,599 - INFO -   Mamba-bpe: Found 1 combinations with >= 10 replicates
2025-06-20 11:36:21,608 - INFO -   Mamba-char: Found 1 combinations with >= 10 replicates
2025-06-20 11:36:21,618 - WARNING -   Caduceus: No combinations with >= 10 replicates found. Using 12 combinations with >= 3 replicates
2025-06-20 11:36:21,618 - WARNING -   Caduceus: Best hyperparameter combination has only 3 replicates (< 10)
2025-06-20 11:36:21,618 - WARNING -     Best params: lr=0.001, batch_size=256, rc_aug=False
2025-06-20 11:36:21,618 - WARNING -     MCC: 0.6585 ± 0.0111
2025-06-20 11:36:21,630 - INFO -   HyenaDNA: Found 1 combinations with >= 10 replicates
2025-06-20 11:36:21,639 - INFO -   Mamba-bpe: Found 2 combinations with >= 10 replicates
2025-06-20 11:36:21,648 - INFO -   Mamba-char: Found 1 combinations with >= 10 replicates
2025-06-20 11:36:21,658 - WARNING -   Caduceus: No combinations with >= 10 replicates found. Using 11 combinations with >= 3 replicates
2025-06-20 11:36:21,658 - WARNING -   Caduceus: Best hyperparameter combination has only 3 replicates (< 10)
2025-06-20 11:36:21,658 - WARNING -     Best params: lr=0.002, batch_size=256, rc_aug=False
2025-06-20 11:36:21,658 - WARNING -     MCC: 0.6803 ± 0.0045
2025-06-20 11:36:21,670 - INFO -   HyenaDNA: Found 1 combinations with >= 10 replicates
2025-06-20 11:36:21,678 - INFO -   Mamba-bpe: Found 1 combinations with >= 10 replicates
2025-06-20 11:36:21,687 - INFO -   Mamba-char: Found 1 combinations with >= 10 replicates
2025-06-20 11:36:21,696 - WARNING -   Caduceus: No combinations with >= 10 replicates found. Using 12 combinations with >= 3 replicates
2025-06-20 11:36:21,696 - WARNING -   Caduceus: Best hyperparameter combination has only 3 replicates (< 10)
2025-06-20 11:36:21,697 - WARNING -     Best params: lr=0.002, batch_size=128, rc_aug=False
2025-06-20 11:36:21,697 - WARNING -     MCC: 0.6323 ± 0.1544
2025-06-20 11:36:21,709 - INFO -   HyenaDNA: Found 2 combinations with >= 10 replicates
2025-06-20 11:36:21,718 - INFO -   Mamba-bpe: Found 1 combinations with >= 10 replicates
2025-06-20 11:36:21,726 - INFO -   Mamba-char: Found 2 combinations with >= 10 replicates
2025-06-20 11:36:21,735 - WARNING -   CNN: No combinations with >= 10 replicates found. Using 1 combinations with >= 3 replicates
2025-06-20 11:36:21,735 - WARNING -   CNN: Best hyperparameter combination has only 3 replicates (< 10)
2025-06-20 11:36:21,735 - WARNING -     Best params: lr=0.001, batch_size=64, rc_aug=False
2025-06-20 11:36:21,735 - WARNING -     MCC: 0.7350 ± 0.0133
2025-06-20 11:36:21,741 - INFO -   Caduceus: Found 1 combinations with >= 10 replicates
2025-06-20 11:36:21,754 - INFO -   HyenaDNA: Found 3 combinations with >= 10 replicates
2025-06-20 11:36:21,768 - INFO -   Mamba-bpe: Found 2 combinations with >= 10 replicates
2025-06-20 11:36:21,778 - INFO -   Mamba-char: Found 1 combinations with >= 10 replicates
2025-06-20 11:36:21,788 - WARNING -   CNN: No combinations with >= 10 replicates found. Using 1 combinations with >= 3 replicates
2025-06-20 11:36:21,788 - WARNING -   CNN: Best hyperparameter combination has only 3 replicates (< 10)
2025-06-20 11:36:21,788 - WARNING -     Best params: lr=0.001, batch_size=64, rc_aug=False
2025-06-20 11:36:21,788 - WARNING -     MCC: 0.7311 ± 0.0186
2025-06-20 11:36:21,794 - INFO -   Caduceus: Found 1 combinations with >= 10 replicates
2025-06-20 11:36:21,808 - INFO -   HyenaDNA: Found 3 combinations with >= 10 replicates
2025-06-20 11:36:21,820 - INFO -   Mamba-bpe: Found 1 combinations with >= 10 replicates
2025-06-20 11:36:21,829 - INFO -   Mamba-char: Found 1 combinations with >= 10 replicates
2025-06-20 11:36:21,838 - WARNING -   CNN: No combinations with >= 10 replicates found. Using 1 combinations with >= 3 replicates
2025-06-20 11:36:21,838 - WARNING -   CNN: Best hyperparameter combination has only 3 replicates (< 10)
2025-06-20 11:36:21,838 - WARNING -     Best params: lr=0.001, batch_size=64, rc_aug=False
2025-06-20 11:36:21,838 - WARNING -     MCC: 0.8875 ± 0.0260
2025-06-20 11:36:21,843 - INFO -   Caduceus: Found 1 combinations with >= 10 replicates
2025-06-20 11:36:21,859 - INFO -   HyenaDNA: Found 3 combinations with >= 10 replicates
2025-06-20 11:36:21,873 - INFO -   Mamba-bpe: Found 2 combinations with >= 10 replicates
2025-06-20 11:36:21,882 - INFO -   Mamba-char: Found 1 combinations with >= 10 replicates
2025-06-20 11:36:21,894 - WARNING -   Caduceus: No combinations with >= 10 replicates found. Using 5 combinations with >= 3 replicates
2025-06-20 11:36:21,896 - WARNING -   Caduceus: Best hyperparameter combination has only 3 replicates (< 10)
2025-06-20 11:36:21,896 - WARNING -     Best params: lr=0.001, batch_size=256, rc_aug=False
2025-06-20 11:36:21,897 - WARNING -     MCC: 0.7992 ± 0.0422
2025-06-20 11:36:21,905 - INFO -   HyenaDNA: Found 1 combinations with >= 10 replicates
2025-06-20 11:36:21,916 - INFO -   Mamba-bpe: Found 1 combinations with >= 10 replicates
2025-06-20 11:36:21,926 - INFO -   Mamba-char: Found 1 combinations with >= 10 replicates
2025-06-20 11:36:21,937 - WARNING -   CNN: No combinations with >= 10 replicates found. Using 1 combinations with >= 3 replicates
2025-06-20 11:36:21,941 - WARNING -   CNN: Best hyperparameter combination has only 3 replicates (< 10)
2025-06-20 11:36:21,941 - WARNING -     Best params: lr=0.001, batch_size=64, rc_aug=False
2025-06-20 11:36:21,941 - WARNING -     MCC: 0.9277 ± 0.0050
2025-06-20 11:36:21,946 - INFO -   Caduceus: Found 1 combinations with >= 10 replicates
2025-06-20 11:36:21,957 - INFO -   HyenaDNA: Found 1 combinations with >= 10 replicates
2025-06-20 11:36:21,973 - INFO -   Mamba-bpe: Found 1 combinations with >= 10 replicates
2025-06-20 11:36:21,981 - INFO -   Mamba-char: Found 1 combinations with >= 10 replicates
2025-06-20 11:36:21,990 - WARNING -   CNN: No combinations with >= 10 replicates found. Using 1 combinations with >= 3 replicates
2025-06-20 11:36:21,990 - WARNING -   CNN: Best hyperparameter combination has only 3 replicates (< 10)
2025-06-20 11:36:21,990 - WARNING -     Best params: lr=0.001, batch_size=64, rc_aug=False
2025-06-20 11:36:21,990 - WARNING -     MCC: 0.9268 ± 0.0020
2025-06-20 11:36:21,995 - INFO -   Caduceus: Found 1 combinations with >= 10 replicates
2025-06-20 11:36:22,007 - INFO -   HyenaDNA: Found 1 combinations with >= 10 replicates
2025-06-20 11:36:22,019 - INFO -   Mamba-bpe: Found 1 combinations with >= 10 replicates
2025-06-20 11:36:22,027 - INFO -   Mamba-char: Found 1 combinations with >= 10 replicates
2025-06-20 11:36:22,036 - WARNING -   CNN: No combinations with >= 10 replicates found. Using 1 combinations with >= 3 replicates
2025-06-20 11:36:22,036 - WARNING -   CNN: Best hyperparameter combination has only 3 replicates (< 10)
2025-06-20 11:36:22,036 - WARNING -     Best params: lr=0.001, batch_size=64, rc_aug=False
2025-06-20 11:36:22,036 - WARNING -     MCC: 0.9529 ± 0.0054
2025-06-20 11:36:22,042 - WARNING -   Caduceus: No combinations with >= 10 replicates found. Using 9 combinations with >= 3 replicates
2025-06-20 11:36:22,042 - WARNING -   Caduceus: Best hyperparameter combination has only 3 replicates (< 10)
2025-06-20 11:36:22,042 - WARNING -     Best params: lr=0.001, batch_size=256, rc_aug=False
2025-06-20 11:36:22,042 - WARNING -     MCC: 0.8799 ± 0.0164
2025-06-20 11:36:22,053 - INFO -   HyenaDNA: Found 1 combinations with >= 10 replicates
2025-06-20 11:36:22,065 - INFO -   Mamba-bpe: Found 1 combinations with >= 10 replicates
2025-06-20 11:36:22,074 - INFO -   Mamba-char: Found 2 combinations with >= 10 replicates
2025-06-20 11:36:22,083 - WARNING -   Caduceus: No combinations with >= 10 replicates found. Using 11 combinations with >= 3 replicates
2025-06-20 11:36:22,083 - WARNING -   Caduceus: Best hyperparameter combination has only 3 replicates (< 10)
2025-06-20 11:36:22,083 - WARNING -     Best params: lr=0.0005, batch_size=256, rc_aug=False
2025-06-20 11:36:22,084 - WARNING -     MCC: 0.6719 ± 0.0107
2025-06-20 11:36:22,095 - INFO -   HyenaDNA: Found 1 combinations with >= 10 replicates
2025-06-20 11:36:22,104 - INFO -   Mamba-bpe: Found 2 combinations with >= 10 replicates
2025-06-20 11:36:22,113 - INFO -   Mamba-char: Found 1 combinations with >= 10 replicates
2025-06-20 11:36:22,123 - WARNING -   Caduceus: No combinations with >= 10 replicates found. Using 11 combinations with >= 3 replicates
2025-06-20 11:36:22,123 - WARNING -   Caduceus: Best hyperparameter combination has only 3 replicates (< 10)
2025-06-20 11:36:22,123 - WARNING -     Best params: lr=0.001, batch_size=128, rc_aug=False
2025-06-20 11:36:22,123 - WARNING -     MCC: 0.7293 ± 0.0235
2025-06-20 11:36:22,134 - INFO -   HyenaDNA: Found 1 combinations with >= 10 replicates
2025-06-20 11:36:22,143 - INFO -   Mamba-bpe: Found 3 combinations with >= 10 replicates
2025-06-20 11:36:22,153 - INFO -   Mamba-char: Found 1 combinations with >= 10 replicates
2025-06-20 11:36:22,163 - WARNING -   Caduceus: No combinations with >= 10 replicates found. Using 11 combinations with >= 3 replicates
2025-06-20 11:36:22,163 - WARNING -   Caduceus: Best hyperparameter combination has only 3 replicates (< 10)
2025-06-20 11:36:22,163 - WARNING -     Best params: lr=0.001, batch_size=128, rc_aug=False
2025-06-20 11:36:22,163 - WARNING -     MCC: 0.7213 ± 0.0166
2025-06-20 11:36:22,175 - INFO -   HyenaDNA: Found 1 combinations with >= 10 replicates
2025-06-20 11:36:22,184 - INFO -   Mamba-bpe: Found 2 combinations with >= 10 replicates
2025-06-20 11:36:22,192 - INFO -   Mamba-char: Found 1 combinations with >= 10 replicates
2025-06-20 11:36:22,202 - WARNING -   Caduceus: No combinations with >= 10 replicates found. Using 11 combinations with >= 3 replicates
2025-06-20 11:36:22,202 - WARNING -   Caduceus: Best hyperparameter combination has only 3 replicates (< 10)
2025-06-20 11:36:22,202 - WARNING -     Best params: lr=0.002, batch_size=128, rc_aug=False
2025-06-20 11:36:22,202 - WARNING -     MCC: 0.5675 ± 0.0225
2025-06-20 11:36:22,214 - INFO -   HyenaDNA: Found 1 combinations with >= 10 replicates
2025-06-20 11:36:22,223 - INFO -   Mamba-bpe: Found 3 combinations with >= 10 replicates
2025-06-20 11:36:22,233 - INFO -   Mamba-char: Found 1 combinations with >= 10 replicates
2025-06-20 11:36:22,243 - WARNING -   Caduceus: No combinations with >= 10 replicates found. Using 11 combinations with >= 3 replicates
2025-06-20 11:36:22,243 - WARNING -   Caduceus: Best hyperparameter combination has only 3 replicates (< 10)
2025-06-20 11:36:22,243 - WARNING -     Best params: lr=0.002, batch_size=128, rc_aug=False
2025-06-20 11:36:22,243 - WARNING -     MCC: 0.7995 ± 0.0112
2025-06-20 11:36:22,255 - INFO -   HyenaDNA: Found 1 combinations with >= 10 replicates
2025-06-20 11:36:22,263 - INFO -   Mamba-bpe: Found 2 combinations with >= 10 replicates
2025-06-20 11:36:22,272 - INFO -   Mamba-char: Found 1 combinations with >= 10 replicates
2025-06-20 11:36:22,319 - INFO - 
Results saved to: ../final_combined_ss_results/best_hyperparameters_by_task_ss.csv
2025-06-20 11:36:22,319 - INFO - Best replicates saved to: ../final_combined_ss_results/best_replicates_ss.csv
2025-06-20 11:36:22,319 - INFO - NaN analysis saved to: ../final_combined_ss_results/ss_nan_analysis.csv
2025-06-20 11:36:22,319 - INFO - All hyperparameters analysis saved to: ../final_combined_ss_results/all_hyperparameters_analysis_ss.csv
2025-06-20 11:36:22,319 - INFO - Total best replicates: 2066
2025-06-20 11:36:22,319 - INFO - Log file saved to: ../final_combined_ss_results/hyperparameter_selection_log_20250620_113619.log
2025-06-20 11:36:22,321 - WARNING - 
97 task-model combinations have < 10 replicates:
2025-06-20 11:36:22,321 - WARNING -   CNN on H2AFZ: 3 replicates
2025-06-20 11:36:22,321 - WARNING -   Caduceus on H2AFZ: 7 replicates
2025-06-20 11:36:22,321 - WARNING -   CNN on H3K27ac: 3 replicates
2025-06-20 11:36:22,321 - WARNING -   Caduceus on H3K27ac: 3 replicates
2025-06-20 11:36:22,321 - WARNING -   CNN on H3K27me3: 3 replicates
2025-06-20 11:36:22,321 - WARNING -   Caduceus on H3K27me3: 3 replicates
2025-06-20 11:36:22,321 - WARNING -   CNN on H3K36me3: 3 replicates
2025-06-20 11:36:22,321 - WARNING -   Caduceus on H3K36me3: 3 replicates
2025-06-20 11:36:22,321 - WARNING -   CNN on H3K4me1: 3 replicates
2025-06-20 11:36:22,322 - WARNING -   CNN on H3K4me2: 3 replicates
2025-06-20 11:36:22,322 - WARNING -   Caduceus on H3K4me2: 7 replicates
2025-06-20 11:36:22,322 - WARNING -   CNN on H3K4me3: 3 replicates
2025-06-20 11:36:22,322 - WARNING -   CNN on H3K9ac: 3 replicates
2025-06-20 11:36:22,322 - WARNING -   Caduceus on H3K9ac: 3 replicates
2025-06-20 11:36:22,322 - WARNING -   CNN on H3K9me3: 3 replicates
2025-06-20 11:36:22,322 - WARNING -   Caduceus on H3K9me3: 3 replicates
2025-06-20 11:36:22,322 - WARNING -   CNN on H4K20me1: 3 replicates
2025-06-20 11:36:22,322 - WARNING -   Caduceus on H4K20me1: 3 replicates
2025-06-20 11:36:22,322 - WARNING -   Caduceus on covid: 6 replicates
2025-06-20 11:36:22,322 - WARNING -   CNN on demo_coding_vs_intergenomic: 3 replicates
2025-06-20 11:36:22,322 - WARNING -   CNN on demo_human_or_worm: 3 replicates
2025-06-20 11:36:22,322 - WARNING -   Mamba-bpe on drosophilia_enhancers: 3 replicates
2025-06-20 11:36:22,322 - WARNING -   CNN on dummy_mouse_enhancers: 3 replicates
2025-06-20 11:36:22,322 - WARNING -   HyenaDNA on emp_H3: 2 replicates
2025-06-20 11:36:22,322 - WARNING -   Mamba-bpe on emp_H3: 3 replicates
2025-06-20 11:36:22,322 - WARNING -   Caduceus on emp_H3K14ac: 3 replicates
2025-06-20 11:36:22,322 - WARNING -   HyenaDNA on emp_H3K14ac: 4 replicates
2025-06-20 11:36:22,322 - WARNING -   Mamba-bpe on emp_H3K14ac: 3 replicates
2025-06-20 11:36:22,322 - WARNING -   Mamba-char on emp_H3K14ac: 3 replicates
2025-06-20 11:36:22,322 - WARNING -   Caduceus on emp_H3K36me3: 3 replicates
2025-06-20 11:36:22,322 - WARNING -   HyenaDNA on emp_H3K36me3: 3 replicates
2025-06-20 11:36:22,322 - WARNING -   Mamba-bpe on emp_H3K36me3: 3 replicates
2025-06-20 11:36:22,322 - WARNING -   Mamba-char on emp_H3K36me3: 3 replicates
2025-06-20 11:36:22,323 - WARNING -   Caduceus on emp_H3K4me1: 3 replicates
2025-06-20 11:36:22,323 - WARNING -   HyenaDNA on emp_H3K4me1: 3 replicates
2025-06-20 11:36:22,323 - WARNING -   Mamba-bpe on emp_H3K4me1: 3 replicates
2025-06-20 11:36:22,323 - WARNING -   Mamba-char on emp_H3K4me1: 3 replicates
2025-06-20 11:36:22,323 - WARNING -   Caduceus on emp_H3K4me2: 3 replicates
2025-06-20 11:36:22,323 - WARNING -   HyenaDNA on emp_H3K4me2: 3 replicates
2025-06-20 11:36:22,323 - WARNING -   Mamba-bpe on emp_H3K4me2: 3 replicates
2025-06-20 11:36:22,323 - WARNING -   Mamba-char on emp_H3K4me2: 3 replicates
2025-06-20 11:36:22,323 - WARNING -   Caduceus on emp_H3K4me3: 3 replicates
2025-06-20 11:36:22,323 - WARNING -   HyenaDNA on emp_H3K4me3: 3 replicates
2025-06-20 11:36:22,323 - WARNING -   Mamba-bpe on emp_H3K4me3: 3 replicates
2025-06-20 11:36:22,323 - WARNING -   Mamba-char on emp_H3K4me3: 3 replicates
2025-06-20 11:36:22,323 - WARNING -   Caduceus on emp_H3K79me3: 3 replicates
2025-06-20 11:36:22,323 - WARNING -   HyenaDNA on emp_H3K79me3: 3 replicates
2025-06-20 11:36:22,323 - WARNING -   Mamba-bpe on emp_H3K79me3: 3 replicates
2025-06-20 11:36:22,323 - WARNING -   Mamba-char on emp_H3K79me3: 3 replicates
2025-06-20 11:36:22,323 - WARNING -   Caduceus on emp_H3K9ac: 3 replicates
2025-06-20 11:36:22,323 - WARNING -   HyenaDNA on emp_H3K9ac: 3 replicates
2025-06-20 11:36:22,323 - WARNING -   Mamba-bpe on emp_H3K9ac: 3 replicates
2025-06-20 11:36:22,323 - WARNING -   Mamba-char on emp_H3K9ac: 3 replicates
2025-06-20 11:36:22,323 - WARNING -   Caduceus on emp_H4: 3 replicates
2025-06-20 11:36:22,323 - WARNING -   HyenaDNA on emp_H4: 3 replicates
2025-06-20 11:36:22,323 - WARNING -   Mamba-bpe on emp_H4: 3 replicates
2025-06-20 11:36:22,323 - WARNING -   Mamba-char on emp_H4: 3 replicates
2025-06-20 11:36:22,323 - WARNING -   Caduceus on emp_H4ac: 3 replicates
2025-06-20 11:36:22,323 - WARNING -   HyenaDNA on emp_H4ac: 3 replicates
2025-06-20 11:36:22,324 - WARNING -   Mamba-bpe on emp_H4ac: 3 replicates
2025-06-20 11:36:22,324 - WARNING -   Mamba-char on emp_H4ac: 3 replicates
2025-06-20 11:36:22,324 - WARNING -   CNN on enhancers: 3 replicates
2025-06-20 11:36:22,324 - WARNING -   CNN on enhancers_types: 3 replicates
2025-06-20 11:36:22,324 - WARNING -   CNN on human_enhancers_cohn: 3 replicates
2025-06-20 11:36:22,324 - WARNING -   CNN on human_enhancers_ensembl: 3 replicates
2025-06-20 11:36:22,324 - WARNING -   CNN on human_ensembl_regulatory: 3 replicates
2025-06-20 11:36:22,324 - WARNING -   Caduceus on human_ensembl_regulatory: 3 replicates
2025-06-20 11:36:22,324 - WARNING -   Mamba-bpe on human_ensembl_regulatory: 6 replicates
2025-06-20 11:36:22,324 - WARNING -   CNN on human_nontata_promoters: 3 replicates
2025-06-20 11:36:22,324 - WARNING -   CNN on human_ocr_ensembl: 3 replicates
2025-06-20 11:36:22,324 - WARNING -   Caduceus on human_ocr_ensembl: 3 replicates
2025-06-20 11:36:22,324 - WARNING -   Caduceus on mouse_0: 7 replicates
2025-06-20 11:36:22,324 - WARNING -   Caduceus on mouse_1: 3 replicates
2025-06-20 11:36:22,324 - WARNING -   Caduceus on mouse_2: 7 replicates
2025-06-20 11:36:22,324 - WARNING -   Mamba-char on mouse_2: 7 replicates
2025-06-20 11:36:22,324 - WARNING -   Caduceus on mouse_3: 3 replicates
2025-06-20 11:36:22,324 - WARNING -   Caduceus on mouse_4: 3 replicates
2025-06-20 11:36:22,324 - WARNING -   HyenaDNA on phage_fragments: 3 replicates
2025-06-20 11:36:22,324 - WARNING -   Caduceus on prom_300_all: 8 replicates
2025-06-20 11:36:22,324 - WARNING -   Caduceus on prom_300_notata: 3 replicates
2025-06-20 11:36:22,324 - WARNING -   Caduceus on prom_300_tata: 3 replicates
2025-06-20 11:36:22,324 - WARNING -   Caduceus on prom_core_all: 3 replicates
2025-06-20 11:36:22,324 - WARNING -   Caduceus on prom_core_notata: 3 replicates
2025-06-20 11:36:22,324 - WARNING -   Caduceus on prom_core_tata: 3 replicates
2025-06-20 11:36:22,325 - WARNING -   CNN on promoter_all: 3 replicates
2025-06-20 11:36:22,325 - WARNING -   CNN on promoter_no_tata: 3 replicates
2025-06-20 11:36:22,325 - WARNING -   CNN on promoter_tata: 3 replicates
2025-06-20 11:36:22,325 - WARNING -   Caduceus on reconstructed: 3 replicates
2025-06-20 11:36:22,325 - WARNING -   CNN on splice_sites_acceptors: 3 replicates
2025-06-20 11:36:22,325 - WARNING -   CNN on splice_sites_all: 3 replicates
2025-06-20 11:36:22,325 - WARNING -   CNN on splice_sites_donors: 3 replicates
2025-06-20 11:36:22,325 - WARNING -   Caduceus on splice_sites_donors: 3 replicates
2025-06-20 11:36:22,325 - WARNING -   Caduceus on tf_0: 3 replicates
2025-06-20 11:36:22,325 - WARNING -   Caduceus on tf_1: 3 replicates
2025-06-20 11:36:22,325 - WARNING -   Caduceus on tf_2: 3 replicates
2025-06-20 11:36:22,325 - WARNING -   Caduceus on tf_3: 3 replicates
2025-06-20 11:36:22,325 - WARNING -   Caduceus on tf_4: 3 replicates
2025-06-20 11:36:22,325 - ERROR - 
CRITICAL: 1 task-model combinations have < 3 replicates:
2025-06-20 11:36:22,325 - ERROR -   HyenaDNA on emp_H3: 2 replicates
