2025-06-23 11:14:52,961 - INFO - Starting hyperparameter selection for state space models
2025-06-23 11:14:52,978 - WARNING -   CNN: No combinations with >= 10 replicates found. Using 1 combinations with >= 3 replicates
2025-06-23 11:14:52,978 - WARNING -   CNN: Best hyperparameter combination has only 3 replicates (< 10)
2025-06-23 11:14:52,978 - WARNING -     Best params: lr=0.001, batch_size=64, rc_aug=False
2025-06-23 11:14:52,978 - WARNING -     MCC: 0.4552 ± 0.0025
2025-06-23 11:14:52,984 - WARNING -   Caduceus: No combinations with >= 10 replicates found. Using 9 combinations with >= 3 replicates
2025-06-23 11:14:52,984 - WARNING -   Caduceus: Best hyperparameter combination has only 7 replicates (< 10)
2025-06-23 11:14:52,984 - WARNING -     Best params: lr=0.0001, batch_size=128, rc_aug=True
2025-06-23 11:14:52,984 - WARNING -     MCC: 0.4316 ± 0.0035
2025-06-23 11:14:52,996 - INFO -   HyenaDNA: Found 2 combinations with >= 10 replicates
2025-06-23 11:14:53,009 - INFO -   Mamba-bpe: Found 2 combinations with >= 10 replicates
2025-06-23 11:14:53,019 - INFO -   Mamba-char: Found 3 combinations with >= 10 replicates
2025-06-23 11:14:53,032 - WARNING -   CNN: No combinations with >= 10 replicates found. Using 1 combinations with >= 3 replicates
2025-06-23 11:14:53,033 - WARNING -   CNN: Best hyperparameter combination has only 3 replicates (< 10)
2025-06-23 11:14:53,033 - WARNING -     Best params: lr=0.001, batch_size=64, rc_aug=False
2025-06-23 11:14:53,033 - WARNING -     MCC: 0.4093 ± 0.0093
2025-06-23 11:14:53,038 - WARNING -   Caduceus: No combinations with >= 10 replicates found. Using 10 combinations with >= 3 replicates
2025-06-23 11:14:53,039 - WARNING -   Caduceus: Best hyperparameter combination has only 3 replicates (< 10)
2025-06-23 11:14:53,039 - WARNING -     Best params: lr=0.001, batch_size=128, rc_aug=False
2025-06-23 11:14:53,039 - WARNING -     MCC: 0.4674 ± 0.0323
2025-06-23 11:14:53,055 - INFO -   HyenaDNA: Found 3 combinations with >= 10 replicates
2025-06-23 11:14:53,068 - INFO -   Mamba-bpe: Found 1 combinations with >= 10 replicates
2025-06-23 11:14:53,077 - INFO -   Mamba-char: Found 1 combinations with >= 10 replicates
2025-06-23 11:14:53,090 - WARNING -   CNN: No combinations with >= 10 replicates found. Using 1 combinations with >= 3 replicates
2025-06-23 11:14:53,090 - WARNING -   CNN: Best hyperparameter combination has only 3 replicates (< 10)
2025-06-23 11:14:53,090 - WARNING -     Best params: lr=0.001, batch_size=64, rc_aug=False
2025-06-23 11:14:53,090 - WARNING -     MCC: 0.5088 ± 0.0010
2025-06-23 11:14:53,095 - WARNING -   Caduceus: No combinations with >= 10 replicates found. Using 9 combinations with >= 3 replicates
2025-06-23 11:14:53,096 - WARNING -   Caduceus: Best hyperparameter combination has only 3 replicates (< 10)
2025-06-23 11:14:53,096 - WARNING -     Best params: lr=0.001, batch_size=128, rc_aug=False
2025-06-23 11:14:53,096 - WARNING -     MCC: 0.5506 ± 0.0072
2025-06-23 11:14:53,107 - INFO -   HyenaDNA: Found 1 combinations with >= 10 replicates
2025-06-23 11:14:53,119 - INFO -   Mamba-bpe: Found 1 combinations with >= 10 replicates
2025-06-23 11:14:53,128 - INFO -   Mamba-char: Found 2 combinations with >= 10 replicates
2025-06-23 11:14:53,141 - WARNING -   CNN: No combinations with >= 10 replicates found. Using 1 combinations with >= 3 replicates
2025-06-23 11:14:53,141 - WARNING -   CNN: Best hyperparameter combination has only 3 replicates (< 10)
2025-06-23 11:14:53,141 - WARNING -     Best params: lr=0.001, batch_size=64, rc_aug=False
2025-06-23 11:14:53,141 - WARNING -     MCC: 0.5398 ± 0.0091
2025-06-23 11:14:53,146 - WARNING -   Caduceus: No combinations with >= 10 replicates found. Using 9 combinations with >= 3 replicates
2025-06-23 11:14:53,147 - WARNING -   Caduceus: Best hyperparameter combination has only 3 replicates (< 10)
2025-06-23 11:14:53,147 - WARNING -     Best params: lr=0.001, batch_size=256, rc_aug=False
2025-06-23 11:14:53,147 - WARNING -     MCC: 0.5306 ± 0.0179
2025-06-23 11:14:53,158 - INFO -   HyenaDNA: Found 2 combinations with >= 10 replicates
2025-06-23 11:14:53,170 - INFO -   Mamba-bpe: Found 1 combinations with >= 10 replicates
2025-06-23 11:14:53,179 - INFO -   Mamba-char: Found 2 combinations with >= 10 replicates
2025-06-23 11:14:53,192 - WARNING -   CNN: No combinations with >= 10 replicates found. Using 1 combinations with >= 3 replicates
2025-06-23 11:14:53,192 - WARNING -   CNN: Best hyperparameter combination has only 3 replicates (< 10)
2025-06-23 11:14:53,192 - WARNING -     Best params: lr=0.001, batch_size=64, rc_aug=False
2025-06-23 11:14:53,193 - WARNING -     MCC: 0.4058 ± 0.0097
2025-06-23 11:14:53,198 - INFO -   Caduceus: Found 1 combinations with >= 10 replicates
2025-06-23 11:14:53,209 - INFO -   HyenaDNA: Found 2 combinations with >= 10 replicates
2025-06-23 11:14:53,222 - INFO -   Mamba-bpe: Found 1 combinations with >= 10 replicates
2025-06-23 11:14:53,231 - INFO -   Mamba-char: Found 1 combinations with >= 10 replicates
2025-06-23 11:14:53,243 - WARNING -   CNN: No combinations with >= 10 replicates found. Using 1 combinations with >= 3 replicates
2025-06-23 11:14:53,243 - WARNING -   CNN: Best hyperparameter combination has only 3 replicates (< 10)
2025-06-23 11:14:53,244 - WARNING -     Best params: lr=0.001, batch_size=64, rc_aug=False
2025-06-23 11:14:53,244 - WARNING -     MCC: 0.4871 ± 0.0159
2025-06-23 11:14:53,249 - WARNING -   Caduceus: No combinations with >= 10 replicates found. Using 9 combinations with >= 3 replicates
2025-06-23 11:14:53,249 - WARNING -   Caduceus: Best hyperparameter combination has only 7 replicates (< 10)
2025-06-23 11:14:53,249 - WARNING -     Best params: lr=0.001, batch_size=128, rc_aug=True
2025-06-23 11:14:53,249 - WARNING -     MCC: 0.4848 ± 0.0196
2025-06-23 11:14:53,260 - INFO -   HyenaDNA: Found 2 combinations with >= 10 replicates
2025-06-23 11:14:53,272 - INFO -   Mamba-bpe: Found 1 combinations with >= 10 replicates
2025-06-23 11:14:53,281 - INFO -   Mamba-char: Found 1 combinations with >= 10 replicates
2025-06-23 11:14:53,294 - WARNING -   CNN: No combinations with >= 10 replicates found. Using 1 combinations with >= 3 replicates
2025-06-23 11:14:53,294 - WARNING -   CNN: Best hyperparameter combination has only 3 replicates (< 10)
2025-06-23 11:14:53,294 - WARNING -     Best params: lr=0.001, batch_size=64, rc_aug=False
2025-06-23 11:14:53,294 - WARNING -     MCC: 0.5812 ± 0.0165
2025-06-23 11:14:53,300 - INFO -   Caduceus: Found 1 combinations with >= 10 replicates
2025-06-23 11:14:53,312 - INFO -   HyenaDNA: Found 3 combinations with >= 10 replicates
2025-06-23 11:14:53,325 - INFO -   Mamba-bpe: Found 1 combinations with >= 10 replicates
2025-06-23 11:14:53,333 - INFO -   Mamba-char: Found 3 combinations with >= 10 replicates
2025-06-23 11:14:53,346 - WARNING -   CNN: No combinations with >= 10 replicates found. Using 1 combinations with >= 3 replicates
2025-06-23 11:14:53,346 - WARNING -   CNN: Best hyperparameter combination has only 3 replicates (< 10)
2025-06-23 11:14:53,346 - WARNING -     Best params: lr=0.001, batch_size=64, rc_aug=False
2025-06-23 11:14:53,346 - WARNING -     MCC: 0.5034 ± 0.0160
2025-06-23 11:14:53,352 - WARNING -   Caduceus: No combinations with >= 10 replicates found. Using 9 combinations with >= 3 replicates
2025-06-23 11:14:53,352 - WARNING -   Caduceus: Best hyperparameter combination has only 3 replicates (< 10)
2025-06-23 11:14:53,352 - WARNING -     Best params: lr=0.0001, batch_size=256, rc_aug=False
2025-06-23 11:14:53,352 - WARNING -     MCC: 0.5122 ± 0.0039
2025-06-23 11:14:53,363 - INFO -   HyenaDNA: Found 1 combinations with >= 10 replicates
2025-06-23 11:14:53,376 - INFO -   Mamba-bpe: Found 1 combinations with >= 10 replicates
2025-06-23 11:14:53,385 - INFO -   Mamba-char: Found 3 combinations with >= 10 replicates
2025-06-23 11:14:53,397 - WARNING -   CNN: No combinations with >= 10 replicates found. Using 1 combinations with >= 3 replicates
2025-06-23 11:14:53,397 - WARNING -   CNN: Best hyperparameter combination has only 3 replicates (< 10)
2025-06-23 11:14:53,397 - WARNING -     Best params: lr=0.001, batch_size=64, rc_aug=False
2025-06-23 11:14:53,398 - WARNING -     MCC: 0.3444 ± 0.0301
2025-06-23 11:14:53,403 - WARNING -   Caduceus: No combinations with >= 10 replicates found. Using 9 combinations with >= 3 replicates
2025-06-23 11:14:53,403 - WARNING -   Caduceus: Best hyperparameter combination has only 3 replicates (< 10)
2025-06-23 11:14:53,403 - WARNING -     Best params: lr=0.001, batch_size=256, rc_aug=False
2025-06-23 11:14:53,403 - WARNING -     MCC: 0.3950 ± 0.0215
2025-06-23 11:14:53,415 - INFO -   HyenaDNA: Found 1 combinations with >= 10 replicates
2025-06-23 11:14:53,429 - INFO -   Mamba-bpe: Found 2 combinations with >= 10 replicates
2025-06-23 11:14:53,440 - INFO -   Mamba-char: Found 1 combinations with >= 10 replicates
2025-06-23 11:14:53,454 - WARNING -   CNN: No combinations with >= 10 replicates found. Using 1 combinations with >= 3 replicates
2025-06-23 11:14:53,454 - WARNING -   CNN: Best hyperparameter combination has only 3 replicates (< 10)
2025-06-23 11:14:53,454 - WARNING -     Best params: lr=0.001, batch_size=64, rc_aug=False
2025-06-23 11:14:53,454 - WARNING -     MCC: 0.5604 ± 0.0115
2025-06-23 11:14:53,460 - WARNING -   Caduceus: No combinations with >= 10 replicates found. Using 11 combinations with >= 3 replicates
2025-06-23 11:14:53,460 - WARNING -   Caduceus: Best hyperparameter combination has only 3 replicates (< 10)
2025-06-23 11:14:53,460 - WARNING -     Best params: lr=0.001, batch_size=128, rc_aug=False
2025-06-23 11:14:53,460 - WARNING -     MCC: 0.5893 ± 0.0059
2025-06-23 11:14:53,473 - INFO -   HyenaDNA: Found 2 combinations with >= 10 replicates
2025-06-23 11:14:53,486 - INFO -   Mamba-bpe: Found 1 combinations with >= 10 replicates
2025-06-23 11:14:53,495 - INFO -   Mamba-char: Found 2 combinations with >= 10 replicates
2025-06-23 11:14:53,508 - WARNING -   Caduceus: No combinations with >= 10 replicates found. Using 5 combinations with >= 3 replicates
2025-06-23 11:14:53,508 - WARNING -   Caduceus: Best hyperparameter combination has only 6 replicates (< 10)
2025-06-23 11:14:53,508 - WARNING -     Best params: lr=0.001, batch_size=256, rc_aug=True
2025-06-23 11:14:53,508 - WARNING -     MCC: 0.0524 ± 0.0589
2025-06-23 11:14:53,516 - INFO -   HyenaDNA: Found 1 combinations with >= 10 replicates
2025-06-23 11:14:53,524 - INFO -   Mamba-bpe: Found 2 combinations with >= 10 replicates
2025-06-23 11:14:53,533 - INFO -   Mamba-char: Found 1 combinations with >= 10 replicates
2025-06-23 11:14:53,542 - WARNING -   CNN: No combinations with >= 10 replicates found. Using 1 combinations with >= 3 replicates
2025-06-23 11:14:53,542 - WARNING -   CNN: Best hyperparameter combination has only 3 replicates (< 10)
2025-06-23 11:14:53,542 - WARNING -     Best params: lr=0.001, batch_size=64, rc_aug=False
2025-06-23 11:14:53,542 - WARNING -     MCC: 0.7843 ± 0.0051
2025-06-23 11:14:53,548 - INFO -   Caduceus: Found 1 combinations with >= 10 replicates
2025-06-23 11:14:53,560 - INFO -   HyenaDNA: Found 1 combinations with >= 10 replicates
2025-06-23 11:14:53,569 - INFO -   Mamba-bpe: Found 1 combinations with >= 10 replicates
2025-06-23 11:14:53,578 - INFO -   Mamba-char: Found 1 combinations with >= 10 replicates
2025-06-23 11:14:53,586 - WARNING -   CNN: No combinations with >= 10 replicates found. Using 1 combinations with >= 3 replicates
2025-06-23 11:14:53,587 - WARNING -   CNN: Best hyperparameter combination has only 3 replicates (< 10)
2025-06-23 11:14:53,587 - WARNING -     Best params: lr=0.001, batch_size=64, rc_aug=False
2025-06-23 11:14:53,587 - WARNING -     MCC: 0.8838 ± 0.0027
2025-06-23 11:14:53,592 - INFO -   Caduceus: Found 1 combinations with >= 10 replicates
2025-06-23 11:14:53,604 - INFO -   HyenaDNA: Found 1 combinations with >= 10 replicates
2025-06-23 11:14:53,614 - INFO -   Mamba-bpe: Found 1 combinations with >= 10 replicates
2025-06-23 11:14:53,622 - INFO -   Mamba-char: Found 1 combinations with >= 10 replicates
2025-06-23 11:14:53,631 - WARNING -   Mamba-bpe: No combinations with >= 10 replicates found. Using 6 combinations with >= 3 replicates
2025-06-23 11:14:53,631 - WARNING -   Mamba-bpe: Best hyperparameter combination has only 3 replicates (< 10)
2025-06-23 11:14:53,631 - WARNING -     Best params: lr=0.0001, batch_size=256, rc_aug=True
2025-06-23 11:14:53,631 - WARNING -     MCC: 0.4581 ± 0.0051
2025-06-23 11:14:53,640 - WARNING -   CNN: No combinations with >= 10 replicates found. Using 1 combinations with >= 3 replicates
2025-06-23 11:14:53,640 - WARNING -   CNN: Best hyperparameter combination has only 3 replicates (< 10)
2025-06-23 11:14:53,640 - WARNING -     Best params: lr=0.001, batch_size=64, rc_aug=False
2025-06-23 11:14:53,640 - WARNING -     MCC: 0.4257 ± 0.0251
2025-06-23 11:14:53,645 - INFO -   Caduceus: Found 1 combinations with >= 10 replicates
2025-06-23 11:14:53,657 - INFO -   HyenaDNA: Found 1 combinations with >= 10 replicates
2025-06-23 11:14:53,667 - INFO -   Mamba-bpe: Found 1 combinations with >= 10 replicates
2025-06-23 11:14:53,675 - INFO -   Mamba-char: Found 1 combinations with >= 10 replicates
2025-06-23 11:14:53,684 - WARNING -   HyenaDNA: No combinations with >= 3 replicates found. Using all 6 combinations
2025-06-23 11:14:53,684 - WARNING -   HyenaDNA: Best hyperparameter combination has only 2 replicates (< 10)
2025-06-23 11:14:53,685 - WARNING -     Best params: lr=0.0006, batch_size=256, rc_aug=True
2025-06-23 11:14:53,685 - WARNING -     MCC: 0.7554 ± 0.0055
2025-06-23 11:14:53,693 - WARNING -   Mamba-bpe: No combinations with >= 10 replicates found. Using 6 combinations with >= 3 replicates
2025-06-23 11:14:53,693 - WARNING -   Mamba-bpe: Best hyperparameter combination has only 3 replicates (< 10)
2025-06-23 11:14:53,693 - WARNING -     Best params: lr=0.0002, batch_size=128, rc_aug=True
2025-06-23 11:14:53,693 - WARNING -     MCC: 0.7373 ± 0.0074
2025-06-23 11:14:53,703 - WARNING -   Caduceus: No combinations with >= 10 replicates found. Using 10 combinations with >= 3 replicates
2025-06-23 11:14:53,703 - WARNING -   Caduceus: Best hyperparameter combination has only 3 replicates (< 10)
2025-06-23 11:14:53,703 - WARNING -     Best params: lr=0.001, batch_size=128, rc_aug=False
2025-06-23 11:14:53,703 - WARNING -     MCC: 0.5424 ± 0.0035
2025-06-23 11:14:53,714 - WARNING -   HyenaDNA: No combinations with >= 10 replicates found. Using 6 combinations with >= 3 replicates
2025-06-23 11:14:53,714 - WARNING -   HyenaDNA: Best hyperparameter combination has only 4 replicates (< 10)
2025-06-23 11:14:53,714 - WARNING -     Best params: lr=0.0006, batch_size=256, rc_aug=True
2025-06-23 11:14:53,714 - WARNING -     MCC: 0.4909 ± 0.0208
2025-06-23 11:14:53,724 - WARNING -   Mamba-bpe: No combinations with >= 10 replicates found. Using 6 combinations with >= 3 replicates
2025-06-23 11:14:53,725 - WARNING -   Mamba-bpe: Best hyperparameter combination has only 3 replicates (< 10)
2025-06-23 11:14:53,725 - WARNING -     Best params: lr=0.0002, batch_size=128, rc_aug=True
2025-06-23 11:14:53,725 - WARNING -     MCC: 0.4850 ± 0.0177
2025-06-23 11:14:53,733 - WARNING -   Mamba-char: No combinations with >= 10 replicates found. Using 6 combinations with >= 3 replicates
2025-06-23 11:14:53,733 - WARNING -   Mamba-char: Best hyperparameter combination has only 3 replicates (< 10)
2025-06-23 11:14:53,733 - WARNING -     Best params: lr=0.0002, batch_size=128, rc_aug=True
2025-06-23 11:14:53,733 - WARNING -     MCC: 0.4396 ± 0.0066
2025-06-23 11:14:53,743 - WARNING -   Caduceus: No combinations with >= 10 replicates found. Using 10 combinations with >= 3 replicates
2025-06-23 11:14:53,743 - WARNING -   Caduceus: Best hyperparameter combination has only 3 replicates (< 10)
2025-06-23 11:14:53,743 - WARNING -     Best params: lr=0.002, batch_size=128, rc_aug=False
2025-06-23 11:14:53,743 - WARNING -     MCC: 0.5597 ± 0.0059
2025-06-23 11:14:53,754 - WARNING -   HyenaDNA: No combinations with >= 10 replicates found. Using 6 combinations with >= 3 replicates
2025-06-23 11:14:53,754 - WARNING -   HyenaDNA: Best hyperparameter combination has only 3 replicates (< 10)
2025-06-23 11:14:53,758 - WARNING -     Best params: lr=0.0006, batch_size=256, rc_aug=True
2025-06-23 11:14:53,758 - WARNING -     MCC: 0.4894 ± 0.0183
2025-06-23 11:14:53,767 - WARNING -   Mamba-bpe: No combinations with >= 10 replicates found. Using 6 combinations with >= 3 replicates
2025-06-23 11:14:53,767 - WARNING -   Mamba-bpe: Best hyperparameter combination has only 3 replicates (< 10)
2025-06-23 11:14:53,767 - WARNING -     Best params: lr=0.0002, batch_size=128, rc_aug=True
2025-06-23 11:14:53,767 - WARNING -     MCC: 0.5046 ± 0.0125
2025-06-23 11:14:53,776 - WARNING -   Mamba-char: No combinations with >= 10 replicates found. Using 6 combinations with >= 3 replicates
2025-06-23 11:14:53,776 - WARNING -   Mamba-char: Best hyperparameter combination has only 3 replicates (< 10)
2025-06-23 11:14:53,776 - WARNING -     Best params: lr=0.0001, batch_size=128, rc_aug=True
2025-06-23 11:14:53,776 - WARNING -     MCC: 0.4854 ± 0.0074
2025-06-23 11:14:53,785 - WARNING -   Caduceus: No combinations with >= 10 replicates found. Using 10 combinations with >= 3 replicates
2025-06-23 11:14:53,785 - WARNING -   Caduceus: Best hyperparameter combination has only 3 replicates (< 10)
2025-06-23 11:14:53,785 - WARNING -     Best params: lr=0.001, batch_size=128, rc_aug=False
2025-06-23 11:14:53,785 - WARNING -     MCC: 0.4685 ± 0.0024
2025-06-23 11:14:53,796 - WARNING -   HyenaDNA: No combinations with >= 10 replicates found. Using 6 combinations with >= 3 replicates
2025-06-23 11:14:53,796 - WARNING -   HyenaDNA: Best hyperparameter combination has only 3 replicates (< 10)
2025-06-23 11:14:53,796 - WARNING -     Best params: lr=0.0006, batch_size=256, rc_aug=True
2025-06-23 11:14:53,796 - WARNING -     MCC: 0.4360 ± 0.0009
2025-06-23 11:14:53,805 - WARNING -   Mamba-bpe: No combinations with >= 10 replicates found. Using 6 combinations with >= 3 replicates
2025-06-23 11:14:53,805 - WARNING -   Mamba-bpe: Best hyperparameter combination has only 3 replicates (< 10)
2025-06-23 11:14:53,805 - WARNING -     Best params: lr=0.0002, batch_size=128, rc_aug=True
2025-06-23 11:14:53,805 - WARNING -     MCC: 0.3976 ± 0.0143
2025-06-23 11:14:53,814 - WARNING -   Mamba-char: No combinations with >= 10 replicates found. Using 6 combinations with >= 3 replicates
2025-06-23 11:14:53,814 - WARNING -   Mamba-char: Best hyperparameter combination has only 3 replicates (< 10)
2025-06-23 11:14:53,814 - WARNING -     Best params: lr=0.0002, batch_size=128, rc_aug=True
2025-06-23 11:14:53,814 - WARNING -     MCC: 0.3929 ± 0.0040
2025-06-23 11:14:53,823 - WARNING -   Caduceus: No combinations with >= 10 replicates found. Using 10 combinations with >= 3 replicates
2025-06-23 11:14:53,823 - WARNING -   Caduceus: Best hyperparameter combination has only 3 replicates (< 10)
2025-06-23 11:14:53,823 - WARNING -     Best params: lr=0.001, batch_size=128, rc_aug=False
2025-06-23 11:14:53,823 - WARNING -     MCC: 0.3872 ± 0.0196
2025-06-23 11:14:53,836 - WARNING -   HyenaDNA: No combinations with >= 10 replicates found. Using 6 combinations with >= 3 replicates
2025-06-23 11:14:53,836 - WARNING -   HyenaDNA: Best hyperparameter combination has only 3 replicates (< 10)
2025-06-23 11:14:53,836 - WARNING -     Best params: lr=0.0006, batch_size=256, rc_aug=True
2025-06-23 11:14:53,836 - WARNING -     MCC: 0.3069 ± 0.0232
2025-06-23 11:14:53,845 - WARNING -   Mamba-bpe: No combinations with >= 10 replicates found. Using 6 combinations with >= 3 replicates
2025-06-23 11:14:53,845 - WARNING -   Mamba-bpe: Best hyperparameter combination has only 3 replicates (< 10)
2025-06-23 11:14:53,845 - WARNING -     Best params: lr=0.0002, batch_size=128, rc_aug=True
2025-06-23 11:14:53,845 - WARNING -     MCC: 0.3298 ± 0.0176
2025-06-23 11:14:53,854 - WARNING -   Mamba-char: No combinations with >= 10 replicates found. Using 6 combinations with >= 3 replicates
2025-06-23 11:14:53,854 - WARNING -   Mamba-char: Best hyperparameter combination has only 3 replicates (< 10)
2025-06-23 11:14:53,854 - WARNING -     Best params: lr=0.0001, batch_size=256, rc_aug=True
2025-06-23 11:14:53,854 - WARNING -     MCC: 0.3014 ± 0.0053
2025-06-23 11:14:53,863 - WARNING -   Caduceus: No combinations with >= 10 replicates found. Using 10 combinations with >= 3 replicates
2025-06-23 11:14:53,864 - WARNING -   Caduceus: Best hyperparameter combination has only 3 replicates (< 10)
2025-06-23 11:14:53,864 - WARNING -     Best params: lr=0.001, batch_size=256, rc_aug=False
2025-06-23 11:14:53,864 - WARNING -     MCC: 0.4340 ± 0.0229
2025-06-23 11:14:53,875 - WARNING -   HyenaDNA: No combinations with >= 10 replicates found. Using 6 combinations with >= 3 replicates
2025-06-23 11:14:53,875 - WARNING -   HyenaDNA: Best hyperparameter combination has only 3 replicates (< 10)
2025-06-23 11:14:53,875 - WARNING -     Best params: lr=0.0006, batch_size=256, rc_aug=True
2025-06-23 11:14:53,875 - WARNING -     MCC: 0.3524 ± 0.0196
2025-06-23 11:14:53,884 - WARNING -   Mamba-bpe: No combinations with >= 10 replicates found. Using 6 combinations with >= 3 replicates
2025-06-23 11:14:53,884 - WARNING -   Mamba-bpe: Best hyperparameter combination has only 3 replicates (< 10)
2025-06-23 11:14:53,884 - WARNING -     Best params: lr=0.0002, batch_size=128, rc_aug=True
2025-06-23 11:14:53,884 - WARNING -     MCC: 0.3999 ± 0.0068
2025-06-23 11:14:53,892 - WARNING -   Mamba-char: No combinations with >= 10 replicates found. Using 6 combinations with >= 3 replicates
2025-06-23 11:14:53,893 - WARNING -   Mamba-char: Best hyperparameter combination has only 3 replicates (< 10)
2025-06-23 11:14:53,893 - WARNING -     Best params: lr=0.0002, batch_size=256, rc_aug=True
2025-06-23 11:14:53,893 - WARNING -     MCC: 0.3236 ± 0.0106
2025-06-23 11:14:53,902 - WARNING -   Caduceus: No combinations with >= 10 replicates found. Using 10 combinations with >= 3 replicates
2025-06-23 11:14:53,902 - WARNING -   Caduceus: Best hyperparameter combination has only 3 replicates (< 10)
2025-06-23 11:14:53,902 - WARNING -     Best params: lr=0.002, batch_size=256, rc_aug=False
2025-06-23 11:14:53,902 - WARNING -     MCC: 0.6677 ± 0.0087
2025-06-23 11:14:53,913 - WARNING -   HyenaDNA: No combinations with >= 10 replicates found. Using 6 combinations with >= 3 replicates
2025-06-23 11:14:53,913 - WARNING -   HyenaDNA: Best hyperparameter combination has only 3 replicates (< 10)
2025-06-23 11:14:53,913 - WARNING -     Best params: lr=0.0006, batch_size=256, rc_aug=True
2025-06-23 11:14:53,913 - WARNING -     MCC: 0.6195 ± 0.0182
2025-06-23 11:14:53,922 - WARNING -   Mamba-bpe: No combinations with >= 10 replicates found. Using 6 combinations with >= 3 replicates
2025-06-23 11:14:53,922 - WARNING -   Mamba-bpe: Best hyperparameter combination has only 3 replicates (< 10)
2025-06-23 11:14:53,922 - WARNING -     Best params: lr=0.0001, batch_size=128, rc_aug=True
2025-06-23 11:14:53,922 - WARNING -     MCC: 0.6181 ± 0.0048
2025-06-23 11:14:53,931 - WARNING -   Mamba-char: No combinations with >= 10 replicates found. Using 6 combinations with >= 3 replicates
2025-06-23 11:14:53,931 - WARNING -   Mamba-char: Best hyperparameter combination has only 3 replicates (< 10)
2025-06-23 11:14:53,931 - WARNING -     Best params: lr=0.0002, batch_size=256, rc_aug=True
2025-06-23 11:14:53,931 - WARNING -     MCC: 0.6015 ± 0.0163
2025-06-23 11:14:53,940 - WARNING -   Caduceus: No combinations with >= 10 replicates found. Using 10 combinations with >= 3 replicates
2025-06-23 11:14:53,940 - WARNING -   Caduceus: Best hyperparameter combination has only 3 replicates (< 10)
2025-06-23 11:14:53,940 - WARNING -     Best params: lr=0.002, batch_size=256, rc_aug=False
2025-06-23 11:14:53,940 - WARNING -     MCC: 0.5827 ± 0.0151
2025-06-23 11:14:53,951 - WARNING -   HyenaDNA: No combinations with >= 10 replicates found. Using 6 combinations with >= 3 replicates
2025-06-23 11:14:53,952 - WARNING -   HyenaDNA: Best hyperparameter combination has only 3 replicates (< 10)
2025-06-23 11:14:53,952 - WARNING -     Best params: lr=0.0006, batch_size=256, rc_aug=True
2025-06-23 11:14:53,952 - WARNING -     MCC: 0.5434 ± 0.0161
2025-06-23 11:14:53,960 - WARNING -   Mamba-bpe: No combinations with >= 10 replicates found. Using 6 combinations with >= 3 replicates
2025-06-23 11:14:53,960 - WARNING -   Mamba-bpe: Best hyperparameter combination has only 3 replicates (< 10)
2025-06-23 11:14:53,960 - WARNING -     Best params: lr=0.0002, batch_size=128, rc_aug=True
2025-06-23 11:14:53,960 - WARNING -     MCC: 0.5229 ± 0.0111
2025-06-23 11:14:53,969 - WARNING -   Mamba-char: No combinations with >= 10 replicates found. Using 6 combinations with >= 3 replicates
2025-06-23 11:14:53,970 - WARNING -   Mamba-char: Best hyperparameter combination has only 3 replicates (< 10)
2025-06-23 11:14:53,970 - WARNING -     Best params: lr=0.0002, batch_size=128, rc_aug=True
2025-06-23 11:14:53,970 - WARNING -     MCC: 0.5160 ± 0.0066
2025-06-23 11:14:53,979 - WARNING -   Caduceus: No combinations with >= 10 replicates found. Using 10 combinations with >= 3 replicates
2025-06-23 11:14:53,979 - WARNING -   Caduceus: Best hyperparameter combination has only 3 replicates (< 10)
2025-06-23 11:14:53,979 - WARNING -     Best params: lr=0.001, batch_size=256, rc_aug=False
2025-06-23 11:14:53,979 - WARNING -     MCC: 0.8003 ± 0.0110
2025-06-23 11:14:53,991 - WARNING -   HyenaDNA: No combinations with >= 10 replicates found. Using 6 combinations with >= 3 replicates
2025-06-23 11:14:53,991 - WARNING -   HyenaDNA: Best hyperparameter combination has only 3 replicates (< 10)
2025-06-23 11:14:53,991 - WARNING -     Best params: lr=0.0006, batch_size=256, rc_aug=True
2025-06-23 11:14:53,991 - WARNING -     MCC: 0.7901 ± 0.0098
2025-06-23 11:14:53,999 - WARNING -   Mamba-bpe: No combinations with >= 10 replicates found. Using 6 combinations with >= 3 replicates
2025-06-23 11:14:53,999 - WARNING -   Mamba-bpe: Best hyperparameter combination has only 3 replicates (< 10)
2025-06-23 11:14:54,000 - WARNING -     Best params: lr=0.0002, batch_size=128, rc_aug=True
2025-06-23 11:14:54,000 - WARNING -     MCC: 0.7666 ± 0.0141
2025-06-23 11:14:54,008 - WARNING -   Mamba-char: No combinations with >= 10 replicates found. Using 6 combinations with >= 3 replicates
2025-06-23 11:14:54,008 - WARNING -   Mamba-char: Best hyperparameter combination has only 3 replicates (< 10)
2025-06-23 11:14:54,008 - WARNING -     Best params: lr=0.0002, batch_size=128, rc_aug=True
2025-06-23 11:14:54,008 - WARNING -     MCC: 0.7833 ± 0.0061
2025-06-23 11:14:54,017 - WARNING -   Caduceus: No combinations with >= 10 replicates found. Using 10 combinations with >= 3 replicates
2025-06-23 11:14:54,018 - WARNING -   Caduceus: Best hyperparameter combination has only 3 replicates (< 10)
2025-06-23 11:14:54,018 - WARNING -     Best params: lr=0.002, batch_size=256, rc_aug=False
2025-06-23 11:14:54,018 - WARNING -     MCC: 0.5125 ± 0.0247
2025-06-23 11:14:54,029 - WARNING -   HyenaDNA: No combinations with >= 10 replicates found. Using 6 combinations with >= 3 replicates
2025-06-23 11:14:54,029 - WARNING -   HyenaDNA: Best hyperparameter combination has only 3 replicates (< 10)
2025-06-23 11:14:54,029 - WARNING -     Best params: lr=0.0006, batch_size=256, rc_aug=True
2025-06-23 11:14:54,029 - WARNING -     MCC: 0.4242 ± 0.0352
2025-06-23 11:14:54,038 - WARNING -   Mamba-bpe: No combinations with >= 10 replicates found. Using 6 combinations with >= 3 replicates
2025-06-23 11:14:54,038 - WARNING -   Mamba-bpe: Best hyperparameter combination has only 3 replicates (< 10)
2025-06-23 11:14:54,038 - WARNING -     Best params: lr=0.0002, batch_size=128, rc_aug=True
2025-06-23 11:14:54,038 - WARNING -     MCC: 0.4540 ± 0.0163
2025-06-23 11:14:54,046 - WARNING -   Mamba-char: No combinations with >= 10 replicates found. Using 6 combinations with >= 3 replicates
2025-06-23 11:14:54,046 - WARNING -   Mamba-char: Best hyperparameter combination has only 3 replicates (< 10)
2025-06-23 11:14:54,046 - WARNING -     Best params: lr=0.0002, batch_size=128, rc_aug=True
2025-06-23 11:14:54,046 - WARNING -     MCC: 0.3908 ± 0.0213
2025-06-23 11:14:54,056 - WARNING -   CNN: No combinations with >= 10 replicates found. Using 1 combinations with >= 3 replicates
2025-06-23 11:14:54,056 - WARNING -   CNN: Best hyperparameter combination has only 3 replicates (< 10)
2025-06-23 11:14:54,056 - WARNING -     Best params: lr=0.001, batch_size=64, rc_aug=False
2025-06-23 11:14:54,056 - WARNING -     MCC: 0.5012 ± 0.0137
2025-06-23 11:14:54,062 - INFO -   Caduceus: Found 1 combinations with >= 10 replicates
2025-06-23 11:14:54,076 - INFO -   HyenaDNA: Found 2 combinations with >= 10 replicates
2025-06-23 11:14:54,089 - INFO -   Mamba-bpe: Found 1 combinations with >= 10 replicates
2025-06-23 11:14:54,098 - INFO -   Mamba-char: Found 1 combinations with >= 10 replicates
2025-06-23 11:14:54,107 - WARNING -   CNN: No combinations with >= 10 replicates found. Using 1 combinations with >= 3 replicates
2025-06-23 11:14:54,107 - WARNING -   CNN: Best hyperparameter combination has only 3 replicates (< 10)
2025-06-23 11:14:54,107 - WARNING -     Best params: lr=0.001, batch_size=64, rc_aug=False
2025-06-23 11:14:54,107 - WARNING -     MCC: 0.4423 ± 0.0070
2025-06-23 11:14:54,112 - INFO -   Caduceus: Found 1 combinations with >= 10 replicates
2025-06-23 11:14:54,126 - INFO -   HyenaDNA: Found 3 combinations with >= 10 replicates
2025-06-23 11:14:54,138 - INFO -   Mamba-bpe: Found 1 combinations with >= 10 replicates
2025-06-23 11:14:54,146 - INFO -   Mamba-char: Found 2 combinations with >= 10 replicates
2025-06-23 11:14:54,155 - WARNING -   CNN: No combinations with >= 10 replicates found. Using 1 combinations with >= 3 replicates
2025-06-23 11:14:54,155 - WARNING -   CNN: Best hyperparameter combination has only 3 replicates (< 10)
2025-06-23 11:14:54,155 - WARNING -     Best params: lr=0.001, batch_size=64, rc_aug=False
2025-06-23 11:14:54,155 - WARNING -     MCC: 0.4029 ± 0.0156
2025-06-23 11:14:54,161 - INFO -   Caduceus: Found 1 combinations with >= 10 replicates
2025-06-23 11:14:54,172 - INFO -   HyenaDNA: Found 1 combinations with >= 10 replicates
2025-06-23 11:14:54,182 - INFO -   Mamba-bpe: Found 1 combinations with >= 10 replicates
2025-06-23 11:14:54,191 - INFO -   Mamba-char: Found 1 combinations with >= 10 replicates
2025-06-23 11:14:54,199 - WARNING -   CNN: No combinations with >= 10 replicates found. Using 1 combinations with >= 3 replicates
2025-06-23 11:14:54,199 - WARNING -   CNN: Best hyperparameter combination has only 3 replicates (< 10)
2025-06-23 11:14:54,199 - WARNING -     Best params: lr=0.001, batch_size=64, rc_aug=False
2025-06-23 11:14:54,199 - WARNING -     MCC: 0.5394 ± 0.0543
2025-06-23 11:14:54,205 - INFO -   Caduceus: Found 1 combinations with >= 10 replicates
2025-06-23 11:14:54,217 - INFO -   HyenaDNA: Found 1 combinations with >= 10 replicates
2025-06-23 11:14:54,227 - INFO -   Mamba-bpe: Found 1 combinations with >= 10 replicates
2025-06-23 11:14:54,235 - INFO -   Mamba-char: Found 1 combinations with >= 10 replicates
2025-06-23 11:14:54,244 - WARNING -   CNN: No combinations with >= 10 replicates found. Using 1 combinations with >= 3 replicates
2025-06-23 11:14:54,244 - WARNING -   CNN: Best hyperparameter combination has only 3 replicates (< 10)
2025-06-23 11:14:54,244 - WARNING -     Best params: lr=0.001, batch_size=64, rc_aug=False
2025-06-23 11:14:54,244 - WARNING -     MCC: 0.7999 ± 0.0031
2025-06-23 11:14:54,250 - WARNING -   Caduceus: No combinations with >= 10 replicates found. Using 2 combinations with >= 3 replicates
2025-06-23 11:14:54,250 - WARNING -   Caduceus: Best hyperparameter combination has only 3 replicates (< 10)
2025-06-23 11:14:54,250 - WARNING -     Best params: lr=0.0005, batch_size=128, rc_aug=False
2025-06-23 11:14:54,250 - WARNING -     MCC: 0.8063 ± 0.0097
2025-06-23 11:14:54,262 - INFO -   HyenaDNA: Found 1 combinations with >= 10 replicates
2025-06-23 11:14:54,271 - WARNING -   Mamba-bpe: No combinations with >= 10 replicates found. Using 3 combinations with >= 3 replicates
2025-06-23 11:14:54,272 - WARNING -   Mamba-bpe: Best hyperparameter combination has only 6 replicates (< 10)
2025-06-23 11:14:54,272 - WARNING -     Best params: lr=5e-05, batch_size=128, rc_aug=True
2025-06-23 11:14:54,272 - WARNING -     MCC: 0.8493 ± 0.0019
2025-06-23 11:14:54,279 - INFO -   Mamba-char: Found 1 combinations with >= 10 replicates
2025-06-23 11:14:54,287 - WARNING -   CNN: No combinations with >= 10 replicates found. Using 1 combinations with >= 3 replicates
2025-06-23 11:14:54,287 - WARNING -   CNN: Best hyperparameter combination has only 3 replicates (< 10)
2025-06-23 11:14:54,287 - WARNING -     Best params: lr=0.001, batch_size=64, rc_aug=False
2025-06-23 11:14:54,288 - WARNING -     MCC: 0.7227 ± 0.0105
2025-06-23 11:14:54,293 - INFO -   Caduceus: Found 1 combinations with >= 10 replicates
2025-06-23 11:14:54,305 - INFO -   HyenaDNA: Found 2 combinations with >= 10 replicates
2025-06-23 11:14:54,315 - INFO -   Mamba-bpe: Found 2 combinations with >= 10 replicates
2025-06-23 11:14:54,323 - INFO -   Mamba-char: Found 1 combinations with >= 10 replicates
2025-06-23 11:14:54,332 - WARNING -   CNN: No combinations with >= 10 replicates found. Using 1 combinations with >= 3 replicates
2025-06-23 11:14:54,332 - WARNING -   CNN: Best hyperparameter combination has only 3 replicates (< 10)
2025-06-23 11:14:54,332 - WARNING -     Best params: lr=0.001, batch_size=64, rc_aug=False
2025-06-23 11:14:54,332 - WARNING -     MCC: 0.3998 ± 0.0143
2025-06-23 11:14:54,338 - WARNING -   Caduceus: No combinations with >= 10 replicates found. Using 7 combinations with >= 3 replicates
2025-06-23 11:14:54,338 - WARNING -   Caduceus: Best hyperparameter combination has only 3 replicates (< 10)
2025-06-23 11:14:54,338 - WARNING -     Best params: lr=0.001, batch_size=128, rc_aug=False
2025-06-23 11:14:54,338 - WARNING -     MCC: 0.6360 ± 0.0020
2025-06-23 11:14:54,350 - INFO -   HyenaDNA: Found 1 combinations with >= 10 replicates
2025-06-23 11:14:54,360 - INFO -   Mamba-bpe: Found 1 combinations with >= 10 replicates
2025-06-23 11:14:54,369 - INFO -   Mamba-char: Found 1 combinations with >= 10 replicates
2025-06-23 11:14:54,378 - WARNING -   Caduceus: No combinations with >= 10 replicates found. Using 11 combinations with >= 3 replicates
2025-06-23 11:14:54,378 - WARNING -   Caduceus: Best hyperparameter combination has only 7 replicates (< 10)
2025-06-23 11:14:54,378 - WARNING -     Best params: lr=0.002, batch_size=128, rc_aug=True
2025-06-23 11:14:54,378 - WARNING -     MCC: 0.6096 ± 0.0180
2025-06-23 11:14:54,390 - INFO -   HyenaDNA: Found 1 combinations with >= 10 replicates
2025-06-23 11:14:54,398 - INFO -   Mamba-bpe: Found 2 combinations with >= 10 replicates
2025-06-23 11:14:54,408 - INFO -   Mamba-char: Found 1 combinations with >= 10 replicates
2025-06-23 11:14:54,417 - WARNING -   Caduceus: No combinations with >= 10 replicates found. Using 11 combinations with >= 3 replicates
2025-06-23 11:14:54,417 - WARNING -   Caduceus: Best hyperparameter combination has only 3 replicates (< 10)
2025-06-23 11:14:54,417 - WARNING -     Best params: lr=0.001, batch_size=128, rc_aug=False
2025-06-23 11:14:54,417 - WARNING -     MCC: 0.8482 ± 0.0040
2025-06-23 11:14:54,430 - INFO -   HyenaDNA: Found 1 combinations with >= 10 replicates
2025-06-23 11:14:54,440 - INFO -   Mamba-bpe: Found 1 combinations with >= 10 replicates
2025-06-23 11:14:54,450 - INFO -   Mamba-char: Found 1 combinations with >= 10 replicates
2025-06-23 11:14:54,460 - WARNING -   Caduceus: No combinations with >= 10 replicates found. Using 8 combinations with >= 3 replicates
2025-06-23 11:14:54,460 - WARNING -   Caduceus: Best hyperparameter combination has only 7 replicates (< 10)
2025-06-23 11:14:54,460 - WARNING -     Best params: lr=0.002, batch_size=128, rc_aug=True
2025-06-23 11:14:54,460 - WARNING -     MCC: 0.8449 ± 0.0167
2025-06-23 11:14:54,471 - INFO -   HyenaDNA: Found 1 combinations with >= 10 replicates
2025-06-23 11:14:54,480 - INFO -   Mamba-bpe: Found 2 combinations with >= 10 replicates
2025-06-23 11:14:54,489 - WARNING -   Mamba-char: No combinations with >= 10 replicates found. Using 1 combinations with >= 3 replicates
2025-06-23 11:14:54,489 - WARNING -   Mamba-char: Best hyperparameter combination has only 7 replicates (< 10)
2025-06-23 11:14:54,489 - WARNING -     Best params: lr=0.0002, batch_size=128, rc_aug=True
2025-06-23 11:14:54,489 - WARNING -     MCC: 0.7209 ± 0.0238
2025-06-23 11:14:54,495 - WARNING -   Caduceus: No combinations with >= 10 replicates found. Using 11 combinations with >= 3 replicates
2025-06-23 11:14:54,495 - WARNING -   Caduceus: Best hyperparameter combination has only 3 replicates (< 10)
2025-06-23 11:14:54,495 - WARNING -     Best params: lr=0.002, batch_size=128, rc_aug=False
2025-06-23 11:14:54,495 - WARNING -     MCC: 0.8369 ± 0.0085
2025-06-23 11:14:54,507 - INFO -   HyenaDNA: Found 1 combinations with >= 10 replicates
2025-06-23 11:14:54,516 - INFO -   Mamba-bpe: Found 2 combinations with >= 10 replicates
2025-06-23 11:14:54,525 - INFO -   Mamba-char: Found 1 combinations with >= 10 replicates
2025-06-23 11:14:54,535 - WARNING -   Caduceus: No combinations with >= 10 replicates found. Using 11 combinations with >= 3 replicates
2025-06-23 11:14:54,535 - WARNING -   Caduceus: Best hyperparameter combination has only 3 replicates (< 10)
2025-06-23 11:14:54,535 - WARNING -     Best params: lr=0.002, batch_size=256, rc_aug=False
2025-06-23 11:14:54,535 - WARNING -     MCC: 0.4959 ± 0.0049
2025-06-23 11:14:54,547 - INFO -   HyenaDNA: Found 1 combinations with >= 10 replicates
2025-06-23 11:14:54,555 - INFO -   Mamba-bpe: Found 1 combinations with >= 10 replicates
2025-06-23 11:14:54,564 - INFO -   Mamba-char: Found 1 combinations with >= 10 replicates
2025-06-23 11:14:54,572 - WARNING -   HyenaDNA: No combinations with >= 10 replicates found. Using 2 combinations with >= 3 replicates
2025-06-23 11:14:54,572 - WARNING -   HyenaDNA: Best hyperparameter combination has only 3 replicates (< 10)
2025-06-23 11:14:54,572 - WARNING -     Best params: lr=0.003, batch_size=128, rc_aug=True
2025-06-23 11:14:54,572 - WARNING -     MCC: 0.4521 ± 0.1039
2025-06-23 11:14:54,579 - WARNING -   Caduceus: No combinations with >= 10 replicates found. Using 12 combinations with >= 3 replicates
2025-06-23 11:14:54,579 - WARNING -   Caduceus: Best hyperparameter combination has only 8 replicates (< 10)
2025-06-23 11:14:54,579 - WARNING -     Best params: lr=0.001, batch_size=256, rc_aug=True
2025-06-23 11:14:54,579 - WARNING -     MCC: 0.8225 ± 0.0047
2025-06-23 11:14:54,592 - INFO -   HyenaDNA: Found 1 combinations with >= 10 replicates
2025-06-23 11:14:54,600 - INFO -   Mamba-bpe: Found 1 combinations with >= 10 replicates
2025-06-23 11:14:54,609 - INFO -   Mamba-char: Found 1 combinations with >= 10 replicates
2025-06-23 11:14:54,618 - WARNING -   Caduceus: No combinations with >= 10 replicates found. Using 12 combinations with >= 3 replicates
2025-06-23 11:14:54,618 - WARNING -   Caduceus: Best hyperparameter combination has only 3 replicates (< 10)
2025-06-23 11:14:54,618 - WARNING -     Best params: lr=0.001, batch_size=128, rc_aug=False
2025-06-23 11:14:54,619 - WARNING -     MCC: 0.9286 ± 0.0038
2025-06-23 11:14:54,631 - INFO -   HyenaDNA: Found 1 combinations with >= 10 replicates
2025-06-23 11:14:54,639 - INFO -   Mamba-bpe: Found 1 combinations with >= 10 replicates
2025-06-23 11:14:54,648 - INFO -   Mamba-char: Found 1 combinations with >= 10 replicates
2025-06-23 11:14:54,657 - WARNING -   Caduceus: No combinations with >= 10 replicates found. Using 11 combinations with >= 3 replicates
2025-06-23 11:14:54,657 - WARNING -   Caduceus: Best hyperparameter combination has only 3 replicates (< 10)
2025-06-23 11:14:54,658 - WARNING -     Best params: lr=0.002, batch_size=128, rc_aug=False
2025-06-23 11:14:54,658 - WARNING -     MCC: 0.5796 ± 0.0012
2025-06-23 11:14:54,669 - INFO -   HyenaDNA: Found 1 combinations with >= 10 replicates
2025-06-23 11:14:54,678 - INFO -   Mamba-bpe: Found 1 combinations with >= 10 replicates
2025-06-23 11:14:54,686 - INFO -   Mamba-char: Found 1 combinations with >= 10 replicates
2025-06-23 11:14:54,696 - WARNING -   Caduceus: No combinations with >= 10 replicates found. Using 12 combinations with >= 3 replicates
2025-06-23 11:14:54,696 - WARNING -   Caduceus: Best hyperparameter combination has only 3 replicates (< 10)
2025-06-23 11:14:54,696 - WARNING -     Best params: lr=0.001, batch_size=256, rc_aug=False
2025-06-23 11:14:54,696 - WARNING -     MCC: 0.6585 ± 0.0111
2025-06-23 11:14:54,708 - INFO -   HyenaDNA: Found 1 combinations with >= 10 replicates
2025-06-23 11:14:54,717 - INFO -   Mamba-bpe: Found 2 combinations with >= 10 replicates
2025-06-23 11:14:54,726 - INFO -   Mamba-char: Found 1 combinations with >= 10 replicates
2025-06-23 11:14:54,735 - WARNING -   Caduceus: No combinations with >= 10 replicates found. Using 11 combinations with >= 3 replicates
2025-06-23 11:14:54,735 - WARNING -   Caduceus: Best hyperparameter combination has only 3 replicates (< 10)
2025-06-23 11:14:54,735 - WARNING -     Best params: lr=0.002, batch_size=256, rc_aug=False
2025-06-23 11:14:54,735 - WARNING -     MCC: 0.6803 ± 0.0045
2025-06-23 11:14:54,747 - INFO -   HyenaDNA: Found 1 combinations with >= 10 replicates
2025-06-23 11:14:54,755 - INFO -   Mamba-bpe: Found 1 combinations with >= 10 replicates
2025-06-23 11:14:54,764 - INFO -   Mamba-char: Found 1 combinations with >= 10 replicates
2025-06-23 11:14:54,773 - WARNING -   Caduceus: No combinations with >= 10 replicates found. Using 12 combinations with >= 3 replicates
2025-06-23 11:14:54,773 - WARNING -   Caduceus: Best hyperparameter combination has only 3 replicates (< 10)
2025-06-23 11:14:54,773 - WARNING -     Best params: lr=0.002, batch_size=128, rc_aug=False
2025-06-23 11:14:54,773 - WARNING -     MCC: 0.6323 ± 0.1544
2025-06-23 11:14:54,786 - INFO -   HyenaDNA: Found 2 combinations with >= 10 replicates
2025-06-23 11:14:54,794 - INFO -   Mamba-bpe: Found 1 combinations with >= 10 replicates
2025-06-23 11:14:54,803 - INFO -   Mamba-char: Found 2 combinations with >= 10 replicates
2025-06-23 11:14:54,812 - WARNING -   CNN: No combinations with >= 10 replicates found. Using 1 combinations with >= 3 replicates
2025-06-23 11:14:54,812 - WARNING -   CNN: Best hyperparameter combination has only 3 replicates (< 10)
2025-06-23 11:14:54,812 - WARNING -     Best params: lr=0.001, batch_size=64, rc_aug=False
2025-06-23 11:14:54,812 - WARNING -     MCC: 0.7350 ± 0.0133
2025-06-23 11:14:54,817 - INFO -   Caduceus: Found 1 combinations with >= 10 replicates
2025-06-23 11:14:54,831 - INFO -   HyenaDNA: Found 3 combinations with >= 10 replicates
2025-06-23 11:14:54,843 - INFO -   Mamba-bpe: Found 2 combinations with >= 10 replicates
2025-06-23 11:14:54,851 - INFO -   Mamba-char: Found 1 combinations with >= 10 replicates
2025-06-23 11:14:54,860 - WARNING -   CNN: No combinations with >= 10 replicates found. Using 1 combinations with >= 3 replicates
2025-06-23 11:14:54,860 - WARNING -   CNN: Best hyperparameter combination has only 3 replicates (< 10)
2025-06-23 11:14:54,860 - WARNING -     Best params: lr=0.001, batch_size=64, rc_aug=False
2025-06-23 11:14:54,860 - WARNING -     MCC: 0.7311 ± 0.0186
2025-06-23 11:14:54,866 - INFO -   Caduceus: Found 1 combinations with >= 10 replicates
2025-06-23 11:14:54,879 - INFO -   HyenaDNA: Found 3 combinations with >= 10 replicates
2025-06-23 11:14:54,891 - INFO -   Mamba-bpe: Found 1 combinations with >= 10 replicates
2025-06-23 11:14:54,900 - INFO -   Mamba-char: Found 1 combinations with >= 10 replicates
2025-06-23 11:14:54,908 - WARNING -   CNN: No combinations with >= 10 replicates found. Using 1 combinations with >= 3 replicates
2025-06-23 11:14:54,908 - WARNING -   CNN: Best hyperparameter combination has only 3 replicates (< 10)
2025-06-23 11:14:54,908 - WARNING -     Best params: lr=0.001, batch_size=64, rc_aug=False
2025-06-23 11:14:54,908 - WARNING -     MCC: 0.8875 ± 0.0260
2025-06-23 11:14:54,914 - INFO -   Caduceus: Found 1 combinations with >= 10 replicates
2025-06-23 11:14:54,927 - INFO -   HyenaDNA: Found 3 combinations with >= 10 replicates
2025-06-23 11:14:54,939 - INFO -   Mamba-bpe: Found 2 combinations with >= 10 replicates
2025-06-23 11:14:54,948 - INFO -   Mamba-char: Found 1 combinations with >= 10 replicates
2025-06-23 11:14:54,957 - WARNING -   Caduceus: No combinations with >= 10 replicates found. Using 5 combinations with >= 3 replicates
2025-06-23 11:14:54,957 - WARNING -   Caduceus: Best hyperparameter combination has only 3 replicates (< 10)
2025-06-23 11:14:54,957 - WARNING -     Best params: lr=0.001, batch_size=256, rc_aug=False
2025-06-23 11:14:54,957 - WARNING -     MCC: 0.7992 ± 0.0422
2025-06-23 11:14:54,966 - INFO -   HyenaDNA: Found 1 combinations with >= 10 replicates
2025-06-23 11:14:54,974 - INFO -   Mamba-bpe: Found 1 combinations with >= 10 replicates
2025-06-23 11:14:54,982 - INFO -   Mamba-char: Found 1 combinations with >= 10 replicates
2025-06-23 11:14:54,991 - WARNING -   CNN: No combinations with >= 10 replicates found. Using 1 combinations with >= 3 replicates
2025-06-23 11:14:54,991 - WARNING -   CNN: Best hyperparameter combination has only 3 replicates (< 10)
2025-06-23 11:14:54,991 - WARNING -     Best params: lr=0.001, batch_size=64, rc_aug=False
2025-06-23 11:14:54,991 - WARNING -     MCC: 0.9277 ± 0.0050
2025-06-23 11:14:54,996 - INFO -   Caduceus: Found 1 combinations with >= 10 replicates
2025-06-23 11:14:55,007 - INFO -   HyenaDNA: Found 1 combinations with >= 10 replicates
2025-06-23 11:14:55,020 - INFO -   Mamba-bpe: Found 1 combinations with >= 10 replicates
2025-06-23 11:14:55,028 - INFO -   Mamba-char: Found 1 combinations with >= 10 replicates
2025-06-23 11:14:55,037 - WARNING -   CNN: No combinations with >= 10 replicates found. Using 1 combinations with >= 3 replicates
2025-06-23 11:14:55,037 - WARNING -   CNN: Best hyperparameter combination has only 3 replicates (< 10)
2025-06-23 11:14:55,037 - WARNING -     Best params: lr=0.001, batch_size=64, rc_aug=False
2025-06-23 11:14:55,037 - WARNING -     MCC: 0.9268 ± 0.0020
2025-06-23 11:14:55,042 - INFO -   Caduceus: Found 1 combinations with >= 10 replicates
2025-06-23 11:14:55,053 - INFO -   HyenaDNA: Found 1 combinations with >= 10 replicates
2025-06-23 11:14:55,065 - INFO -   Mamba-bpe: Found 1 combinations with >= 10 replicates
2025-06-23 11:14:55,074 - INFO -   Mamba-char: Found 1 combinations with >= 10 replicates
2025-06-23 11:14:55,082 - WARNING -   CNN: No combinations with >= 10 replicates found. Using 1 combinations with >= 3 replicates
2025-06-23 11:14:55,082 - WARNING -   CNN: Best hyperparameter combination has only 3 replicates (< 10)
2025-06-23 11:14:55,082 - WARNING -     Best params: lr=0.001, batch_size=64, rc_aug=False
2025-06-23 11:14:55,082 - WARNING -     MCC: 0.9529 ± 0.0054
2025-06-23 11:14:55,088 - WARNING -   Caduceus: No combinations with >= 10 replicates found. Using 9 combinations with >= 3 replicates
2025-06-23 11:14:55,088 - WARNING -   Caduceus: Best hyperparameter combination has only 3 replicates (< 10)
2025-06-23 11:14:55,088 - WARNING -     Best params: lr=0.001, batch_size=256, rc_aug=False
2025-06-23 11:14:55,088 - WARNING -     MCC: 0.8799 ± 0.0164
2025-06-23 11:14:55,099 - INFO -   HyenaDNA: Found 1 combinations with >= 10 replicates
2025-06-23 11:14:55,111 - INFO -   Mamba-bpe: Found 1 combinations with >= 10 replicates
2025-06-23 11:14:55,119 - INFO -   Mamba-char: Found 2 combinations with >= 10 replicates
2025-06-23 11:14:55,129 - WARNING -   Caduceus: No combinations with >= 10 replicates found. Using 11 combinations with >= 3 replicates
2025-06-23 11:14:55,129 - WARNING -   Caduceus: Best hyperparameter combination has only 3 replicates (< 10)
2025-06-23 11:14:55,129 - WARNING -     Best params: lr=0.0005, batch_size=256, rc_aug=False
2025-06-23 11:14:55,129 - WARNING -     MCC: 0.6719 ± 0.0107
2025-06-23 11:14:55,140 - INFO -   HyenaDNA: Found 1 combinations with >= 10 replicates
2025-06-23 11:14:55,149 - INFO -   Mamba-bpe: Found 2 combinations with >= 10 replicates
2025-06-23 11:14:55,158 - INFO -   Mamba-char: Found 1 combinations with >= 10 replicates
2025-06-23 11:14:55,167 - WARNING -   Caduceus: No combinations with >= 10 replicates found. Using 11 combinations with >= 3 replicates
2025-06-23 11:14:55,168 - WARNING -   Caduceus: Best hyperparameter combination has only 3 replicates (< 10)
2025-06-23 11:14:55,168 - WARNING -     Best params: lr=0.001, batch_size=128, rc_aug=False
2025-06-23 11:14:55,168 - WARNING -     MCC: 0.7293 ± 0.0235
2025-06-23 11:14:55,179 - INFO -   HyenaDNA: Found 1 combinations with >= 10 replicates
2025-06-23 11:14:55,188 - INFO -   Mamba-bpe: Found 3 combinations with >= 10 replicates
2025-06-23 11:14:55,198 - INFO -   Mamba-char: Found 1 combinations with >= 10 replicates
2025-06-23 11:14:55,207 - WARNING -   Caduceus: No combinations with >= 10 replicates found. Using 11 combinations with >= 3 replicates
2025-06-23 11:14:55,207 - WARNING -   Caduceus: Best hyperparameter combination has only 3 replicates (< 10)
2025-06-23 11:14:55,207 - WARNING -     Best params: lr=0.001, batch_size=128, rc_aug=False
2025-06-23 11:14:55,207 - WARNING -     MCC: 0.7213 ± 0.0166
2025-06-23 11:14:55,219 - INFO -   HyenaDNA: Found 1 combinations with >= 10 replicates
2025-06-23 11:14:55,227 - INFO -   Mamba-bpe: Found 2 combinations with >= 10 replicates
2025-06-23 11:14:55,236 - INFO -   Mamba-char: Found 1 combinations with >= 10 replicates
2025-06-23 11:14:55,245 - WARNING -   Caduceus: No combinations with >= 10 replicates found. Using 11 combinations with >= 3 replicates
2025-06-23 11:14:55,245 - WARNING -   Caduceus: Best hyperparameter combination has only 3 replicates (< 10)
2025-06-23 11:14:55,245 - WARNING -     Best params: lr=0.002, batch_size=128, rc_aug=False
2025-06-23 11:14:55,245 - WARNING -     MCC: 0.5675 ± 0.0225
2025-06-23 11:14:55,257 - INFO -   HyenaDNA: Found 1 combinations with >= 10 replicates
2025-06-23 11:14:55,266 - INFO -   Mamba-bpe: Found 3 combinations with >= 10 replicates
2025-06-23 11:14:55,275 - INFO -   Mamba-char: Found 1 combinations with >= 10 replicates
2025-06-23 11:14:55,284 - WARNING -   Caduceus: No combinations with >= 10 replicates found. Using 11 combinations with >= 3 replicates
2025-06-23 11:14:55,284 - WARNING -   Caduceus: Best hyperparameter combination has only 3 replicates (< 10)
2025-06-23 11:14:55,284 - WARNING -     Best params: lr=0.002, batch_size=128, rc_aug=False
2025-06-23 11:14:55,284 - WARNING -     MCC: 0.7995 ± 0.0112
2025-06-23 11:14:55,296 - INFO -   HyenaDNA: Found 1 combinations with >= 10 replicates
2025-06-23 11:14:55,305 - INFO -   Mamba-bpe: Found 2 combinations with >= 10 replicates
2025-06-23 11:14:55,314 - INFO -   Mamba-char: Found 1 combinations with >= 10 replicates
2025-06-23 11:14:55,358 - INFO - 
Results saved to: ../final_combined_ss_results/best_hyperparameters_by_task_ss.csv
2025-06-23 11:14:55,358 - INFO - Best replicates saved to: ../final_combined_ss_results/best_replicates_ss.csv
2025-06-23 11:14:55,358 - INFO - NaN analysis saved to: ../final_combined_ss_results/ss_nan_analysis.csv
2025-06-23 11:14:55,358 - INFO - All hyperparameters analysis saved to: ../final_combined_ss_results/all_hyperparameters_analysis_ss.csv
2025-06-23 11:14:55,358 - INFO - Total best replicates: 2066
2025-06-23 11:14:55,358 - INFO - Log file saved to: ../final_combined_ss_results/hyperparameter_selection_log_20250623_111452.log
2025-06-23 11:14:55,360 - WARNING - 
97 task-model combinations have < 10 replicates:
2025-06-23 11:14:55,360 - WARNING -   CNN on H2AFZ: 3 replicates
2025-06-23 11:14:55,360 - WARNING -   Caduceus on H2AFZ: 7 replicates
2025-06-23 11:14:55,360 - WARNING -   CNN on H3K27ac: 3 replicates
2025-06-23 11:14:55,360 - WARNING -   Caduceus on H3K27ac: 3 replicates
2025-06-23 11:14:55,360 - WARNING -   CNN on H3K27me3: 3 replicates
2025-06-23 11:14:55,360 - WARNING -   Caduceus on H3K27me3: 3 replicates
2025-06-23 11:14:55,360 - WARNING -   CNN on H3K36me3: 3 replicates
2025-06-23 11:14:55,360 - WARNING -   Caduceus on H3K36me3: 3 replicates
2025-06-23 11:14:55,360 - WARNING -   CNN on H3K4me1: 3 replicates
2025-06-23 11:14:55,360 - WARNING -   CNN on H3K4me2: 3 replicates
2025-06-23 11:14:55,360 - WARNING -   Caduceus on H3K4me2: 7 replicates
2025-06-23 11:14:55,360 - WARNING -   CNN on H3K4me3: 3 replicates
2025-06-23 11:14:55,360 - WARNING -   CNN on H3K9ac: 3 replicates
2025-06-23 11:14:55,360 - WARNING -   Caduceus on H3K9ac: 3 replicates
2025-06-23 11:14:55,360 - WARNING -   CNN on H3K9me3: 3 replicates
2025-06-23 11:14:55,360 - WARNING -   Caduceus on H3K9me3: 3 replicates
2025-06-23 11:14:55,360 - WARNING -   CNN on H4K20me1: 3 replicates
2025-06-23 11:14:55,360 - WARNING -   Caduceus on H4K20me1: 3 replicates
2025-06-23 11:14:55,360 - WARNING -   Caduceus on covid: 6 replicates
2025-06-23 11:14:55,360 - WARNING -   CNN on demo_coding_vs_intergenomic: 3 replicates
2025-06-23 11:14:55,361 - WARNING -   CNN on demo_human_or_worm: 3 replicates
2025-06-23 11:14:55,361 - WARNING -   Mamba-bpe on drosophilia_enhancers: 3 replicates
2025-06-23 11:14:55,361 - WARNING -   CNN on dummy_mouse_enhancers: 3 replicates
2025-06-23 11:14:55,361 - WARNING -   HyenaDNA on emp_H3: 2 replicates
2025-06-23 11:14:55,361 - WARNING -   Mamba-bpe on emp_H3: 3 replicates
2025-06-23 11:14:55,361 - WARNING -   Caduceus on emp_H3K14ac: 3 replicates
2025-06-23 11:14:55,361 - WARNING -   HyenaDNA on emp_H3K14ac: 4 replicates
2025-06-23 11:14:55,361 - WARNING -   Mamba-bpe on emp_H3K14ac: 3 replicates
2025-06-23 11:14:55,361 - WARNING -   Mamba-char on emp_H3K14ac: 3 replicates
2025-06-23 11:14:55,361 - WARNING -   Caduceus on emp_H3K36me3: 3 replicates
2025-06-23 11:14:55,361 - WARNING -   HyenaDNA on emp_H3K36me3: 3 replicates
2025-06-23 11:14:55,361 - WARNING -   Mamba-bpe on emp_H3K36me3: 3 replicates
2025-06-23 11:14:55,361 - WARNING -   Mamba-char on emp_H3K36me3: 3 replicates
2025-06-23 11:14:55,361 - WARNING -   Caduceus on emp_H3K4me1: 3 replicates
2025-06-23 11:14:55,361 - WARNING -   HyenaDNA on emp_H3K4me1: 3 replicates
2025-06-23 11:14:55,361 - WARNING -   Mamba-bpe on emp_H3K4me1: 3 replicates
2025-06-23 11:14:55,361 - WARNING -   Mamba-char on emp_H3K4me1: 3 replicates
2025-06-23 11:14:55,361 - WARNING -   Caduceus on emp_H3K4me2: 3 replicates
2025-06-23 11:14:55,361 - WARNING -   HyenaDNA on emp_H3K4me2: 3 replicates
2025-06-23 11:14:55,361 - WARNING -   Mamba-bpe on emp_H3K4me2: 3 replicates
2025-06-23 11:14:55,361 - WARNING -   Mamba-char on emp_H3K4me2: 3 replicates
2025-06-23 11:14:55,361 - WARNING -   Caduceus on emp_H3K4me3: 3 replicates
2025-06-23 11:14:55,361 - WARNING -   HyenaDNA on emp_H3K4me3: 3 replicates
2025-06-23 11:14:55,361 - WARNING -   Mamba-bpe on emp_H3K4me3: 3 replicates
2025-06-23 11:14:55,361 - WARNING -   Mamba-char on emp_H3K4me3: 3 replicates
2025-06-23 11:14:55,362 - WARNING -   Caduceus on emp_H3K79me3: 3 replicates
2025-06-23 11:14:55,362 - WARNING -   HyenaDNA on emp_H3K79me3: 3 replicates
2025-06-23 11:14:55,362 - WARNING -   Mamba-bpe on emp_H3K79me3: 3 replicates
2025-06-23 11:14:55,362 - WARNING -   Mamba-char on emp_H3K79me3: 3 replicates
2025-06-23 11:14:55,362 - WARNING -   Caduceus on emp_H3K9ac: 3 replicates
2025-06-23 11:14:55,362 - WARNING -   HyenaDNA on emp_H3K9ac: 3 replicates
2025-06-23 11:14:55,362 - WARNING -   Mamba-bpe on emp_H3K9ac: 3 replicates
2025-06-23 11:14:55,362 - WARNING -   Mamba-char on emp_H3K9ac: 3 replicates
2025-06-23 11:14:55,362 - WARNING -   Caduceus on emp_H4: 3 replicates
2025-06-23 11:14:55,362 - WARNING -   HyenaDNA on emp_H4: 3 replicates
2025-06-23 11:14:55,362 - WARNING -   Mamba-bpe on emp_H4: 3 replicates
2025-06-23 11:14:55,362 - WARNING -   Mamba-char on emp_H4: 3 replicates
2025-06-23 11:14:55,362 - WARNING -   Caduceus on emp_H4ac: 3 replicates
2025-06-23 11:14:55,362 - WARNING -   HyenaDNA on emp_H4ac: 3 replicates
2025-06-23 11:14:55,362 - WARNING -   Mamba-bpe on emp_H4ac: 3 replicates
2025-06-23 11:14:55,362 - WARNING -   Mamba-char on emp_H4ac: 3 replicates
2025-06-23 11:14:55,362 - WARNING -   CNN on enhancers: 3 replicates
2025-06-23 11:14:55,362 - WARNING -   CNN on enhancers_types: 3 replicates
2025-06-23 11:14:55,362 - WARNING -   CNN on human_enhancers_cohn: 3 replicates
2025-06-23 11:14:55,362 - WARNING -   CNN on human_enhancers_ensembl: 3 replicates
2025-06-23 11:14:55,362 - WARNING -   CNN on human_ensembl_regulatory: 3 replicates
2025-06-23 11:14:55,362 - WARNING -   Caduceus on human_ensembl_regulatory: 3 replicates
2025-06-23 11:14:55,362 - WARNING -   Mamba-bpe on human_ensembl_regulatory: 6 replicates
2025-06-23 11:14:55,362 - WARNING -   CNN on human_nontata_promoters: 3 replicates
2025-06-23 11:14:55,362 - WARNING -   CNN on human_ocr_ensembl: 3 replicates
2025-06-23 11:14:55,362 - WARNING -   Caduceus on human_ocr_ensembl: 3 replicates
2025-06-23 11:14:55,363 - WARNING -   Caduceus on mouse_0: 7 replicates
2025-06-23 11:14:55,363 - WARNING -   Caduceus on mouse_1: 3 replicates
2025-06-23 11:14:55,363 - WARNING -   Caduceus on mouse_2: 7 replicates
2025-06-23 11:14:55,363 - WARNING -   Mamba-char on mouse_2: 7 replicates
2025-06-23 11:14:55,363 - WARNING -   Caduceus on mouse_3: 3 replicates
2025-06-23 11:14:55,363 - WARNING -   Caduceus on mouse_4: 3 replicates
2025-06-23 11:14:55,363 - WARNING -   HyenaDNA on phage_fragments: 3 replicates
2025-06-23 11:14:55,363 - WARNING -   Caduceus on prom_300_all: 8 replicates
2025-06-23 11:14:55,363 - WARNING -   Caduceus on prom_300_notata: 3 replicates
2025-06-23 11:14:55,363 - WARNING -   Caduceus on prom_300_tata: 3 replicates
2025-06-23 11:14:55,363 - WARNING -   Caduceus on prom_core_all: 3 replicates
2025-06-23 11:14:55,363 - WARNING -   Caduceus on prom_core_notata: 3 replicates
2025-06-23 11:14:55,363 - WARNING -   Caduceus on prom_core_tata: 3 replicates
2025-06-23 11:14:55,363 - WARNING -   CNN on promoter_all: 3 replicates
2025-06-23 11:14:55,363 - WARNING -   CNN on promoter_no_tata: 3 replicates
2025-06-23 11:14:55,363 - WARNING -   CNN on promoter_tata: 3 replicates
2025-06-23 11:14:55,363 - WARNING -   Caduceus on reconstructed: 3 replicates
2025-06-23 11:14:55,363 - WARNING -   CNN on splice_sites_acceptors: 3 replicates
2025-06-23 11:14:55,363 - WARNING -   CNN on splice_sites_all: 3 replicates
2025-06-23 11:14:55,363 - WARNING -   CNN on splice_sites_donors: 3 replicates
2025-06-23 11:14:55,363 - WARNING -   Caduceus on splice_sites_donors: 3 replicates
2025-06-23 11:14:55,363 - WARNING -   Caduceus on tf_0: 3 replicates
2025-06-23 11:14:55,363 - WARNING -   Caduceus on tf_1: 3 replicates
2025-06-23 11:14:55,363 - WARNING -   Caduceus on tf_2: 3 replicates
2025-06-23 11:14:55,363 - WARNING -   Caduceus on tf_3: 3 replicates
2025-06-23 11:14:55,364 - WARNING -   Caduceus on tf_4: 3 replicates
2025-06-23 11:14:55,364 - ERROR - 
CRITICAL: 1 task-model combinations have < 3 replicates:
2025-06-23 11:14:55,364 - ERROR -   HyenaDNA on emp_H3: 2 replicates
