Loaded dataset with 1744 rows and 46 unique tasks
Task: H2AFZ
  DNABERT: lr=3e-05 | epoch=3.0
    MCC: 0.5037 ± 0.0107, Acc: 0.7469 ± 0.0062 (3 replicates)
    Source: combined_results_orig_07.07.2025.csv
  DNABERT2: lr=3e-05 | epoch=3.0
    MCC: 0.5245 ± 0.0104, Acc: 0.7563 ± 0.0086 (4 replicates)
    Source: combined_results_orig_07.07.2025.csv
  GPT: lr=3e-05 | epoch=3.0
    MCC: 0.4834 ± 0.0104, Acc: 0.7371 ± 0.0062 (3 replicates)
    Source: combined_results_orig_07.07.2025.csv
  NTv2: lr=0.0001 | epoch=3.0
    MCC: 0.5263 ± 0.0197, Acc: 0.7606 ± 0.0108 (3 replicates)
    Source: combined_results_orig_07.07.2025.csv

Task: H3K27ac
  DNABERT: lr=3e-05 | epoch=3.0
    MCC: 0.4551 ± 0.0076, Acc: 0.7242 ± 0.0032 (3 replicates)
    Source: combined_results_orig_07.07.2025.csv
  DNABERT2: lr=3e-05 | epoch=3.0
    MCC: 0.4999 ± 0.0086, Acc: 0.7464 ± 0.0058 (4 replicates)
    Source: combined_results_orig_07.07.2025.csv
  GPT: lr=3e-05 | epoch=3.0
    MCC: 0.4454 ± 0.0259, Acc: 0.7217 ± 0.0132 (3 replicates)
    Source: combined_results_orig_07.07.2025.csv
  NTv2: lr=0.0001 | epoch=3.0
    MCC: 0.5037 ± 0.0091, Acc: 0.7508 ± 0.0052 (3 replicates)
    Source: combined_results_orig_07.07.2025.csv

Task: H3K27me3
  DNABERT: lr=3e-05 | epoch=3.0
    MCC: 0.5680 ± 0.0069, Acc: 0.7743 ± 0.0068 (3 replicates)
    Source: combined_results_orig_07.07.2025.csv
  DNABERT2: lr=3e-05 | epoch=3.0
    MCC: 0.6092 ± 0.0059, Acc: 0.7987 ± 0.0033 (4 replicates)
    Source: combined_results_orig_07.07.2025.csv
  GPT: lr=3e-05 | epoch=3.0
    MCC: 0.5551 ± 0.0033, Acc: 0.7711 ± 0.0016 (3 replicates)
    Source: combined_results_orig_07.07.2025.csv
  NTv2: lr=0.0001 | epoch=3.0
    MCC: 0.6195 ± 0.0086, Acc: 0.8008 ± 0.0070 (3 replicates)
    Source: combined_results_orig_07.07.2025.csv

Task: H3K36me3
  DNABERT: lr=3e-05 | epoch=3.0
    MCC: 0.5723 ± 0.0052, Acc: 0.7780 ± 0.0023 (3 replicates)
    Source: combined_results_orig_07.07.2025.csv
  DNABERT2: lr=3e-05 | epoch=3.0
    MCC: 0.6272 ± 0.0048, Acc: 0.8110 ± 0.0023 (4 replicates)
    Source: combined_results_orig_07.07.2025.csv
  GPT: lr=3e-05 | epoch=3.0
    MCC: 0.5393 ± 0.0037, Acc: 0.7617 ± 0.0010 (3 replicates)
    Source: combined_results_orig_07.07.2025.csv
  NTv2: lr=0.0001 | epoch=3.0
    MCC: 0.6618 ± 0.0037, Acc: 0.8284 ± 0.0024 (3 replicates)
    Source: combined_results_orig_07.07.2025.csv

Task: H3K4me1
  DNABERT: lr=3e-05 | epoch=3.0
    MCC: 0.4668 ± 0.0076, Acc: 0.7269 ± 0.0026 (3 replicates)
    Source: combined_results_orig_07.07.2025.csv
  DNABERT2: lr=3e-05 | epoch=3.0
    MCC: 0.5061 ± 0.0073, Acc: 0.7488 ± 0.0044 (4 replicates)
    Source: combined_results_orig_07.07.2025.csv
  GPT: lr=3e-05 | epoch=3.0
    MCC: 0.4311 ± 0.0018, Acc: 0.7112 ± 0.0008 (3 replicates)
    Source: combined_results_orig_07.07.2025.csv
  NTv2: lr=0.0001 | epoch=3.0
    MCC: 0.5134 ± 0.0069, Acc: 0.7516 ± 0.0061 (3 replicates)
    Source: combined_results_orig_07.07.2025.csv

Task: H3K4me2
  DNABERT: lr=3e-05 | epoch=3.0
    MCC: 0.5360 ± 0.0106, Acc: 0.7627 ± 0.0038 (3 replicates)
    Source: combined_results_orig_07.07.2025.csv
  DNABERT2: lr=3e-05 | epoch=3.0
    MCC: 0.5747 ± 0.0057, Acc: 0.7822 ± 0.0030 (4 replicates)
    Source: combined_results_orig_07.07.2025.csv
  GPT: lr=3e-05 | epoch=3.0
    MCC: 0.5340 ± 0.0070, Acc: 0.7582 ± 0.0094 (3 replicates)
    Source: combined_results_orig_07.07.2025.csv
  NTv2: lr=0.0001 | epoch=3.0
    MCC: 0.5622 ± 0.0065, Acc: 0.7772 ± 0.0055 (3 replicates)
    Source: combined_results_orig_07.07.2025.csv

Task: H3K4me3
  DNABERT: lr=3e-05 | epoch=3.0
    MCC: 0.6155 ± 0.0085, Acc: 0.8076 ± 0.0041 (3 replicates)
    Source: combined_results_orig_07.07.2025.csv
  DNABERT2: lr=3e-05 | epoch=10.0
    MCC: 0.6336 ± 0.0111, Acc: 0.8157 ± 0.0046 (5 replicates)
    Source: combined_results_orig_07.07.2025.csv
  GPT: lr=3e-05 | epoch=3.0
    MCC: 0.5814 ± 0.0132, Acc: 0.7904 ± 0.0066 (3 replicates)
    Source: combined_results_orig_07.07.2025.csv
  NTv2: lr=0.0001 | epoch=3.0
    MCC: 0.6444 ± 0.0119, Acc: 0.8222 ± 0.0059 (3 replicates)
    Source: combined_results_orig_07.07.2025.csv

Task: H3K9ac
  DNABERT: lr=3e-05 | epoch=3.0
    MCC: 0.5040 ± 0.0147, Acc: 0.7497 ± 0.0055 (3 replicates)
    Source: combined_results_orig_07.07.2025.csv
  DNABERT2: lr=3e-05 | epoch=10.0
    MCC: 0.5548 ± 0.0157, Acc: 0.7765 ± 0.0084 (5 replicates)
    Source: combined_results_orig_07.07.2025.csv
  GPT: lr=3e-05 | epoch=3.0
    MCC: 0.4951 ± 0.0152, Acc: 0.7463 ± 0.0093 (3 replicates)
    Source: combined_results_orig_07.07.2025.csv
  NTv2: lr=0.0001 | epoch=3.0
    MCC: 0.5559 ± 0.0086, Acc: 0.7776 ± 0.0047 (3 replicates)
    Source: combined_results_orig_07.07.2025.csv

Task: H3K9me3
  DNABERT: lr=3e-05 | epoch=3.0
    MCC: 0.4330 ± 0.0147, Acc: 0.7141 ± 0.0066 (3 replicates)
    Source: combined_results_orig_07.07.2025.csv
  DNABERT2: lr=3e-05 | epoch=3.0
    MCC: 0.4946 ± 0.0130, Acc: 0.7465 ± 0.0063 (4 replicates)
    Source: combined_results_orig_07.07.2025.csv
  GPT: lr=3e-05 | epoch=3.0
    MCC: 0.3882 ± 0.0125, Acc: 0.6910 ± 0.0060 (3 replicates)
    Source: combined_results_orig_07.07.2025.csv
  NTv2: lr=0.0001 | epoch=3.0
    MCC: 0.4995 ± 0.0205, Acc: 0.7494 ± 0.0101 (3 replicates)
    Source: combined_results_orig_07.07.2025.csv

Task: H4K20me1
  DNABERT: lr=3e-05 | epoch=3.0
    MCC: 0.6088 ± 0.0042, Acc: 0.7999 ± 0.0047 (3 replicates)
    Source: combined_results_orig_07.07.2025.csv
  DNABERT2: lr=3e-05 | epoch=3.0
    MCC: 0.6570 ± 0.0039, Acc: 0.8213 ± 0.0030 (3 replicates)
    Source: combined_results_orig_07.07.2025.csv
  GPT: lr=3e-05 | epoch=3.0
    MCC: 0.5877 ± 0.0033, Acc: 0.7910 ± 0.0018 (3 replicates)
    Source: combined_results_orig_07.07.2025.csv
  NTv2: lr=0.0001 | epoch=3.0
    MCC: 0.6745 ± 0.0115, Acc: 0.8302 ± 0.0075 (3 replicates)
    Source: combined_results_orig_07.07.2025.csv

Task: covid
  DNABERT: lr=0.0001 | epoch=9.0
    MCC: 0.3887 ± 0.0262, Acc: 0.4562 ± 0.0230 (7 replicates)
    Source: combined_results_orig_07.07.2025.csv
  DNABERT2: lr=2e-05 | epoch=5.0
    MCC: 0.4009 ± 0.3139, Acc: 0.4703 ± 0.2757 (10 replicates)
    Source: covid_repeated.csv
  GPT: lr=3e-05 | epoch=4.0
    MCC: 0.5494 ± 0.0133, Acc: 0.6008 ± 0.0117 (6 replicates)
    Source: combined_results_orig_07.07.2025.csv
  NTv2: lr=0.0001 | epoch=6.0
    MCC: 0.1348 ± 0.0937, Acc: 0.2334 ± 0.0837 (4 replicates)
    Source: combined_results_orig_07.07.2025.csv

Task: demo_coding_vs_intergenomic
  DNABERT: lr=3e-05 | epoch=4.0
    Overall MCC: 0.5782 ± 0.3068, Acc: 0.7882 ± 0.1548
    Source breakdown (Anisa file detected):
      combined_results_orig_07.07.2025.csv: MCC=0.0000±0.0000, Acc=0.4965±0.0000 (4 reps)
      anisa_finetune_results_with_lr_06.11.2025.csv: MCC=0.7318±0.0044, Acc=0.8657±0.0022 (10 reps)
      dnabert1_bridges_gb_anisa_replicates.csv: MCC=0.7334±0.0056, Acc=0.8666±0.0028 (5 reps)
    Using best source: dnabert1_bridges_gb_anisa_replicates.csv
  DNABERT2: lr=3e-05 | epoch=6.0
    MCC: 0.8956 ± 0.0083, Acc: 0.9478 ± 0.0041 (9 replicates)
    Source: combined_results_repeated_07.01.2025.csv
  GPT: lr=0.0001 | epoch=4.0
    MCC: 0.6587 ± 0.1027, Acc: 0.8273 ± 0.0549 (5 replicates)
    Sources: combined_results_repeated_07.01.2025.csv, combined_results_orig_07.07.2025.csv (keeping combined)
  NTv2: lr=0.0001 | epoch=4.0
    MCC: 0.8065 ± 0.0395, Acc: 0.9030 ± 0.0199 (7 replicates)
    Sources: combined_results_repeated_07.01.2025.csv, combined_results_orig_07.07.2025.csv (keeping combined)

Task: demo_human_or_worm
  DNABERT: lr=3e-05 | epoch=4.0
    Overall MCC: 0.7212 ± 0.2715, Acc: 0.8612 ± 0.1337
    Source breakdown (Anisa file detected):
      combined_results_orig_07.07.2025.csv: MCC=0.0000±0.0000, Acc=0.5061±0.0000 (2 reps)
      anisa_finetune_results_with_lr_06.11.2025.csv: MCC=0.8160±0.0083, Acc=0.9079±0.0041 (10 reps)
      dnabert1_bridges_gb_anisa_replicates.csv: MCC=0.8199±0.0020, Acc=0.9097±0.0010 (5 reps)
    Using best source: dnabert1_bridges_gb_anisa_replicates.csv
  DNABERT2: lr=3e-05 | epoch=6.0
    MCC: 0.9489 ± 0.0027, Acc: 0.9744 ± 0.0014 (9 replicates)
    Source: combined_results_repeated_07.01.2025.csv
  GPT: lr=0.0001 | epoch=4.0
    MCC: 0.8361 ± 0.0948, Acc: 0.9174 ± 0.0480 (6 replicates)
    Sources: combined_results_repeated_07.01.2025.csv, combined_results_orig_07.07.2025.csv (keeping combined)
  NTv2: lr=0.0001 | epoch=4.0
    MCC: 0.8649 ± 0.0029, Acc: 0.9323 ± 0.0013 (4 replicates)
    Source: combined_results_orig_07.07.2025.csv

Task: drosophilia_enhancers
  DNABERT: lr=3e-05 | epoch=6.0
    MCC: 0.0000 ± 0.0000, Acc: 0.5268 ± 0.0000 (10 replicates)
    Source: combined_results_repeated_07.01.2025.csv
  DNABERT2: lr=3e-05 | epoch=4.0
    MCC: 0.5159 ± 0.0100, Acc: 0.7543 ± 0.0038 (4 replicates)
    Source: combined_results_orig_07.07.2025.csv
  GPT: lr=0.0001 | epoch=4.0
    MCC: 0.1828 ± 0.0956, Acc: 0.5948 ± 0.0441 (4 replicates)
    Sources: combined_results_repeated_07.01.2025.csv, combined_results_orig_07.07.2025.csv (keeping combined)

Task: dummy_mouse_enhancers
  DNABERT: lr=3e-05 | epoch=4.0
    Overall MCC: 0.1956 ± 0.1184, Acc: 0.5924 ± 0.0722
    Source breakdown (Anisa file detected):
      combined_results_orig_07.07.2025.csv: MCC=0.0000±0.0000, Acc=0.4731±0.0537 (4 reps)
      anisa_finetune_results_with_lr_06.11.2025.csv: MCC=0.2430±0.0765, Acc=0.6215±0.0359 (10 reps)
      dnabert1_bridges_gb_anisa_replicates.csv: MCC=0.2572±0.0358, Acc=0.6298±0.0179 (5 reps)
    Using best source: dnabert1_bridges_gb_anisa_replicates.csv
  DNABERT2: lr=3e-05 | epoch=10.0
    MCC: 0.4817 ± 0.0363, Acc: 0.7157 ± 0.0238 (5 replicates)
    Source: combined_results_orig_07.07.2025.csv
  GPT: lr=0.0001 | epoch=4.0
    MCC: 0.3673 ± 0.0343, Acc: 0.6791 ± 0.0230 (6 replicates)
    Sources: combined_results_repeated_07.01.2025.csv, combined_results_orig_07.07.2025.csv (keeping combined)
  NTv2: lr=0.0001 | epoch=4.0
    MCC: 0.3899 ± 0.1083, Acc: 0.6935 ± 0.0517 (11 replicates)
    Sources: combined_results_repeated_07.01.2025.csv, combined_results_orig_07.07.2025.csv (keeping combined)

Task: enhancers
  DNABERT: lr=3e-05 | epoch=3.0
    MCC: 0.5389 ± 0.0167, Acc: 0.7614 ± 0.0074 (3 replicates)
    Source: combined_results_orig_07.07.2025.csv
  DNABERT2: lr=3e-05 | epoch=3.0
    MCC: 0.5233 ± 0.0089, Acc: 0.7550 ± 0.0048 (3 replicates)
    Source: combined_results_orig_07.07.2025.csv
  GPT: lr=3e-05 | epoch=3.0
    MCC: 0.4751 ± 0.0117, Acc: 0.7306 ± 0.0070 (3 replicates)
    Source: combined_results_orig_07.07.2025.csv
  NTv2: lr=0.0001 | epoch=3.0
    MCC: 0.5994 ± 0.0013, Acc: 0.7973 ± 0.0020 (3 replicates)
    Source: combined_results_orig_07.07.2025.csv

Task: enhancers_types
  DNABERT: lr=3e-05 | epoch=3.0
    MCC: 0.4946 ± 0.0214, Acc: 0.7278 ± 0.0108 (3 replicates)
    Source: combined_results_orig_07.07.2025.csv
  DNABERT2: lr=3e-05 | epoch=3.0
    MCC: 0.4925 ± 0.0024, Acc: 0.7274 ± 0.0022 (3 replicates)
    Source: combined_results_orig_07.07.2025.csv
  GPT: lr=3e-05 | epoch=3.0
    MCC: 0.4466 ± 0.0034, Acc: 0.6983 ± 0.0046 (3 replicates)
    Source: combined_results_orig_07.07.2025.csv
  NTv2: lr=0.0001 | epoch=3.0
    MCC: 0.5718 ± 0.0046, Acc: 0.7710 ± 0.0010 (3 replicates)
    Source: combined_results_orig_07.07.2025.csv

Task: human_enhancers_cohn
  DNABERT: lr=3e-05 | epoch=4.0
    Overall MCC: 0.2410 ± 0.1282, Acc: 0.6195 ± 0.0655
    Source breakdown (Anisa file detected):
      combined_results_orig_07.07.2025.csv: MCC=0.0000±0.0000, Acc=0.4965±0.0070 (4 reps)
      anisa_finetune_results_with_lr_06.11.2025.csv: MCC=0.3054±0.0106, Acc=0.6522±0.0052 (10 reps)
      dnabert1_bridges_gb_anisa_replicates.csv: MCC=0.3051±0.0105, Acc=0.6525±0.0051 (5 reps)
    Using best source: anisa_finetune_results_with_lr_06.11.2025.csv
  DNABERT2: lr=3e-05 | epoch=6.0
    MCC: 0.4926 ± 0.0063, Acc: 0.7460 ± 0.0035 (10 replicates)
    Source: combined_results_repeated_07.01.2025.csv
  GPT: lr=0.0001 | epoch=4.0
    MCC: 0.3648 ± 0.0138, Acc: 0.6821 ± 0.0068 (6 replicates)
    Sources: combined_results_repeated_07.01.2025.csv, combined_results_orig_07.07.2025.csv (keeping combined)
  NTv2: lr=0.0001 | epoch=4.0
    MCC: 0.3677 ± 0.0248, Acc: 0.6818 ± 0.0120 (11 replicates)
    Sources: combined_results_repeated_07.01.2025.csv, combined_results_orig_07.07.2025.csv (keeping combined)

Task: human_enhancers_ensembl
  DNABERT: lr=3e-05 | epoch=4.0
    Overall MCC: 0.4799 ± 0.2547, Acc: 0.7393 ± 0.1283
    Source breakdown (Anisa file detected):
      combined_results_orig_07.07.2025.csv: MCC=0.0000±0.0000, Acc=0.4975±0.0000 (4 reps)
      anisa_finetune_results_with_lr_06.11.2025.csv: MCC=0.6092±0.0060, Acc=0.8044±0.0033 (10 reps)
      dnabert1_bridges_gb_anisa_replicates.csv: MCC=0.6050±0.0071, Acc=0.8024±0.0036 (5 reps)
    Using best source: anisa_finetune_results_with_lr_06.11.2025.csv
  DNABERT2: lr=3e-05 | epoch=6.0
    MCC: 0.8052 ± 0.0066, Acc: 0.9025 ± 0.0034 (10 replicates)
    Source: combined_results_repeated_07.01.2025.csv
  GPT: lr=0.0001 | epoch=4.0
    MCC: 0.6309 ± 0.0637, Acc: 0.8147 ± 0.0330 (6 replicates)
    Sources: combined_results_repeated_07.01.2025.csv, combined_results_orig_07.07.2025.csv (keeping combined)
  NTv2: lr=0.0001 | epoch=4.0
    MCC: 0.6690 ± 0.0843, Acc: 0.8344 ± 0.0421 (7 replicates)
    Sources: combined_results_repeated_07.01.2025.csv, combined_results_orig_07.07.2025.csv (keeping combined)

Task: human_ensembl_regulatory
  DNABERT: lr=3e-05 | epoch=4.0
    Overall MCC: 0.4447 ± 0.0023, Acc: 0.7709 ± 0.0009
    Source breakdown (Anisa file detected):
      anisa_finetune_results_with_lr_06.11.2025.csv: MCC=0.4445±0.0025, Acc=0.7709±0.0010 (10 reps)
      dnabert1_bridges_gb_anisa_replicates.csv: MCC=0.4451±0.0022, Acc=0.7709±0.0008 (5 reps)
    Using best source: dnabert1_bridges_gb_anisa_replicates.csv
  DNABERT2: lr=3e-05 | epoch=4.0
    MCC: 0.4473 ± 0.0116, Acc: 0.7714 ± 0.0043 (10 replicates)
    Source: anisa_finetune_results_with_lr_06.11.2025.csv
  GPT: lr=0.0001 | epoch=1.0
    MCC: 0.7300 ± 0.0183, Acc: 0.8833 ± 0.0079 (3 replicates)
    Source: combined_results_orig_07.07.2025.csv
  NTv2: lr=0.0001 | epoch=4.0
    MCC: 0.8557 ± 0.0055, Acc: 0.9370 ± 0.0022 (3 replicates)
    Source: combined_results_orig_07.07.2025.csv

Task: human_nontata_promoters
  DNABERT: lr=3e-05 | epoch=4.0
    Overall MCC: 0.4558 ± 0.2420, Acc: 0.7325 ± 0.0980
    Source breakdown (Anisa file detected):
      combined_results_orig_07.07.2025.csv: MCC=0.0000±0.0000, Acc=0.5480±0.0000 (4 reps)
      anisa_finetune_results_with_lr_06.11.2025.csv: MCC=0.5729±0.0086, Acc=0.7804±0.0039 (10 reps)
      dnabert1_bridges_gb_anisa_replicates.csv: MCC=0.5862±0.0062, Acc=0.7844±0.0056 (5 reps)
    Using best source: dnabert1_bridges_gb_anisa_replicates.csv
  DNABERT2: lr=3e-05 | epoch=10.0
    MCC: 0.9199 ± 0.0107, Acc: 0.9599 ± 0.0053 (5 replicates)
    Source: combined_results_orig_07.07.2025.csv
  GPT: lr=0.0001 | epoch=4.0
    MCC: 0.7034 ± 0.0150, Acc: 0.8469 ± 0.0072 (5 replicates)
    Sources: combined_results_repeated_07.01.2025.csv, combined_results_orig_07.07.2025.csv (keeping combined)
  NTv2: lr=0.0001 | epoch=4.0
    MCC: 0.6730 ± 0.0529, Acc: 0.8342 ± 0.0266 (10 replicates)
    Sources: combined_results_repeated_07.01.2025.csv, combined_results_orig_07.07.2025.csv (keeping combined)

Task: human_ocr_ensembl
  DNABERT: lr=3e-05 | epoch=4.0
    Overall MCC: 0.2065 ± 0.1096, Acc: 0.6039 ± 0.0529
    Source breakdown (Anisa file detected):
      combined_results_orig_07.07.2025.csv: MCC=0.0000±0.0000, Acc=0.5043±0.0000 (4 reps)
      anisa_finetune_results_with_lr_06.11.2025.csv: MCC=0.2626±0.0033, Acc=0.6309±0.0016 (10 reps)
      dnabert1_bridges_gb_anisa_replicates.csv: MCC=0.2596±0.0065, Acc=0.6295±0.0032 (5 reps)
    Using best source: anisa_finetune_results_with_lr_06.11.2025.csv
  DNABERT2: lr=3e-05 | epoch=6.0
    MCC: 0.6247 ± 0.0070, Acc: 0.8116 ± 0.0030 (9 replicates)
    Source: combined_results_repeated_07.01.2025.csv
  GPT: lr=0.0001 | epoch=4.0
    MCC: 0.2698 ± 0.1541, Acc: 0.6335 ± 0.0777 (6 replicates)
    Sources: combined_results_repeated_07.01.2025.csv, combined_results_orig_07.07.2025.csv (keeping combined)
  NTv2: lr=0.0001 | epoch=4.0
    MCC: 0.3727 ± 0.0804, Acc: 0.6860 ± 0.0400 (7 replicates)
    Sources: combined_results_repeated_07.01.2025.csv, combined_results_orig_07.07.2025.csv (keeping combined)

Task: mouse_0
  DNABERT: lr=3e-05 | epoch=4.93
    MCC: 0.4523 ± 0.0202, Acc: 0.7257 ± 0.0101 (10 replicates)
    Source: anisa_finetune_results_with_lr_06.11.2025.csv
  DNABERT2: lr=3e-05 | epoch=1.23
    Overall MCC: 0.5820 ± 0.0444, Acc: 0.7896 ± 0.0227
    Source breakdown (Anisa file detected):
      combined_results_orig_07.07.2025.csv: MCC=0.5567±0.0667, Acc=0.7770±0.0344 (5 reps)
      anisa_finetune_results_with_lr_06.11.2025.csv: MCC=0.5960±0.0187, Acc=0.7966±0.0097 (9 reps)
    Using best source: anisa_finetune_results_with_lr_06.11.2025.csv
  GPT: lr=3e-05 | epoch=4.0
    MCC: 0.3315 ± 0.0072, Acc: 0.6623 ± 0.0047 (4 replicates)
    Source: combined_results_orig_07.07.2025.csv
  NTv2: lr=0.0001 | epoch=4.0
    MCC: 0.3396 ± 0.0289, Acc: 0.6689 ± 0.0139 (6 replicates)
    Source: combined_results_orig_07.07.2025.csv

Task: mouse_1
  DNABERT: lr=3e-05 | epoch=0.59
    MCC: 0.7965 ± 0.0090, Acc: 0.8980 ± 0.0046 (10 replicates)
    Source: anisa_finetune_results_with_lr_06.11.2025.csv
  DNABERT2: lr=3e-05 | epoch=0.15
    Overall MCC: 0.8121 ± 0.0090, Acc: 0.9058 ± 0.0044
    Source breakdown (Anisa file detected):
      combined_results_orig_07.07.2025.csv: MCC=0.8119±0.0089, Acc=0.9055±0.0042 (4 reps)
      anisa_finetune_results_with_lr_06.11.2025.csv: MCC=0.8121±0.0095, Acc=0.9060±0.0047 (9 reps)
    Using best source: anisa_finetune_results_with_lr_06.11.2025.csv
  GPT: lr=3e-05 | epoch=4.0
    MCC: 0.7648 ± 0.0177, Acc: 0.8824 ± 0.0088 (5 replicates)
    Source: combined_results_orig_07.07.2025.csv
  NTv2: lr=0.0001 | epoch=4.0
    MCC: 0.7283 ± 0.0122, Acc: 0.8636 ± 0.0061 (6 replicates)
    Source: combined_results_orig_07.07.2025.csv

Task: mouse_2
  DNABERT: lr=0.0001 | epoch=3.05
    MCC: 0.7259 ± 0.0176, Acc: 0.8622 ± 0.0095 (5 replicates)
    Source: combined_results_orig_07.07.2025.csv
  DNABERT2: lr=3e-05 | epoch=3.05
    Overall MCC: 0.8225 ± 0.0221, Acc: 0.9109 ± 0.0113
    Source breakdown (Anisa file detected):
      combined_results_orig_07.07.2025.csv: MCC=0.8089±0.0185, Acc=0.9040±0.0095 (4 reps)
      anisa_finetune_results_with_lr_06.11.2025.csv: MCC=0.8285±0.0217, Acc=0.9140±0.0111 (9 reps)
    Using best source: anisa_finetune_results_with_lr_06.11.2025.csv
  GPT: lr=3e-05 | epoch=4.0
    MCC: 0.7307 ± 0.0487, Acc: 0.8648 ± 0.0248 (3 replicates)
    Source: combined_results_orig_07.07.2025.csv
  NTv2: lr=0.0001 | epoch=4.0
    MCC: 0.6822 ± 0.0260, Acc: 0.8404 ± 0.0132 (6 replicates)
    Source: combined_results_orig_07.07.2025.csv

Task: mouse_3
  DNABERT: lr=0.0001 | epoch=4.2
    MCC: 0.6530 ± 0.0476, Acc: 0.8259 ± 0.0240 (5 replicates)
    Source: combined_results_orig_07.07.2025.csv
  DNABERT2: lr=3e-05 | epoch=4.2
    Overall MCC: 0.7494 ± 0.0454, Acc: 0.8722 ± 0.0248
    Source breakdown (Anisa file detected):
      combined_results_orig_07.07.2025.csv: MCC=0.7598±0.0325, Acc=0.8797±0.0162 (4 reps)
      anisa_finetune_results_with_lr_06.11.2025.csv: MCC=0.7448±0.0512, Acc=0.8689±0.0280 (9 reps)
    Using best source: combined_results_orig_07.07.2025.csv
  GPT: lr=3e-05 | epoch=4.0
    MCC: 0.5296 ± 0.0300, Acc: 0.7605 ± 0.0150 (4 replicates)
    Source: combined_results_orig_07.07.2025.csv
  NTv2: lr=0.0001 | epoch=4.0
    MCC: 0.4323 ± 0.0450, Acc: 0.7120 ± 0.0274 (6 replicates)
    Source: combined_results_orig_07.07.2025.csv

Task: mouse_4
  DNABERT: lr=3e-05 | epoch=2.12
    MCC: 0.4138 ± 0.0132, Acc: 0.7067 ± 0.0067 (10 replicates)
    Source: anisa_finetune_results_with_lr_06.11.2025.csv
  DNABERT2: lr=3e-05 | epoch=0.53
    Overall MCC: 0.3917 ± 0.1747, Acc: 0.6952 ± 0.0872
    Source breakdown (Anisa file detected):
      combined_results_orig_07.07.2025.csv: MCC=0.2335±0.2698, Acc=0.6158±0.1341 (4 reps)
      anisa_finetune_results_with_lr_06.11.2025.csv: MCC=0.4620±0.0198, Acc=0.7305±0.0103 (9 reps)
    Using best source: anisa_finetune_results_with_lr_06.11.2025.csv
  GPT: lr=3e-05 | epoch=4.0
    MCC: 0.3192 ± 0.0131, Acc: 0.6592 ± 0.0068 (3 replicates)
    Source: combined_results_orig_07.07.2025.csv
  NTv2: lr=0.0001 | epoch=4.0
    MCC: 0.2181 ± 0.0228, Acc: 0.6088 ± 0.0113 (6 replicates)
    Source: combined_results_orig_07.07.2025.csv

Task: prom_300_all
  DNABERT: lr=3e-05 | epoch=4.0
    MCC: 0.9093 ± 0.0052, Acc: 0.9546 ± 0.0026 (10 replicates)
    Source: anisa_finetune_results_with_lr_06.11.2025.csv
  DNABERT2: lr=3e-05 | epoch=4.0
    Overall MCC: 0.8466 ± 0.0121, Acc: 0.9231 ± 0.0061
    Source breakdown (Anisa file detected):
      combined_results_orig_07.07.2025.csv: MCC=0.8458±0.0103, Acc=0.9227±0.0051 (7 reps)
      anisa_finetune_results_with_lr_06.11.2025.csv: MCC=0.8471±0.0137, Acc=0.9234±0.0070 (10 reps)
    Using best source: anisa_finetune_results_with_lr_06.11.2025.csv
  GPT: lr=3e-05 | epoch=4.0
    MCC: 0.7981 ± 0.0074, Acc: 0.8989 ± 0.0037 (4 replicates)
    Source: combined_results_orig_07.07.2025.csv
  NTv2: lr=0.0001 | epoch=4.0
    MCC: 0.8160 ± 0.0324, Acc: 0.9077 ± 0.0160 (4 replicates)
    Source: combined_results_orig_07.07.2025.csv

Task: prom_300_notata
  DNABERT: lr=3e-05 | epoch=4.0
    MCC: 0.9285 ± 0.0045, Acc: 0.9642 ± 0.0023 (10 replicates)
    Source: anisa_finetune_results_with_lr_06.11.2025.csv
  DNABERT2: lr=3e-05 | epoch=4.0
    Overall MCC: 0.9300 ± 0.0091, Acc: 0.9649 ± 0.0047
    Source breakdown (Anisa file detected):
      combined_results_orig_07.07.2025.csv: MCC=0.9320±0.0088, Acc=0.9660±0.0044 (7 reps)
      anisa_finetune_results_with_lr_06.11.2025.csv: MCC=0.9285±0.0096, Acc=0.9641±0.0049 (10 reps)
    Using best source: combined_results_orig_07.07.2025.csv
  GPT: lr=3e-05 | epoch=4.0
    MCC: 0.8885 ± 0.0072, Acc: 0.9442 ± 0.0036 (3 replicates)
    Source: combined_results_orig_07.07.2025.csv
  NTv2: lr=0.0001 | epoch=4.0
    MCC: 0.8553 ± 0.0121, Acc: 0.9275 ± 0.0062 (3 replicates)
    Source: combined_results_orig_07.07.2025.csv

Task: prom_300_tata
  DNABERT: lr=0.0001 | epoch=10.0
    MCC: 0.6750 ± 0.0573, Acc: 0.8359 ± 0.0295 (5 replicates)
    Source: combined_results_orig_07.07.2025.csv
  DNABERT2: lr=3e-05 | epoch=10.0
    Overall MCC: 0.6392 ± 0.0344, Acc: 0.8186 ± 0.0184
    Source breakdown (Anisa file detected):
      combined_results_orig_07.07.2025.csv: MCC=0.6470±0.0260, Acc=0.8234±0.0132 (7 reps)
      anisa_finetune_results_with_lr_06.11.2025.csv: MCC=0.6337±0.0397, Acc=0.8153±0.0214 (10 reps)
    Using best source: combined_results_orig_07.07.2025.csv
  GPT: lr=3e-05 | epoch=4.0
    MCC: 0.5791 ± 0.0162, Acc: 0.7887 ± 0.0087 (4 replicates)
    Source: combined_results_orig_07.07.2025.csv
  NTv2: lr=0.0001 | epoch=4.0
    MCC: 0.8041 ± 0.1059, Acc: 0.9014 ± 0.0538 (11 replicates)
    Source: combined_results_orig_07.07.2025.csv

Task: prom_core_all
  DNABERT: lr=0.0001 | epoch=4.0
    MCC: 0.7075 ± 0.0098, Acc: 0.8534 ± 0.0046 (5 replicates)
    Source: combined_results_orig_07.07.2025.csv
  DNABERT2: lr=3e-05 | epoch=4.0
    Overall MCC: 0.6317 ± 0.0232, Acc: 0.8155 ± 0.0115
    Source breakdown (Anisa file detected):
      combined_results_orig_07.07.2025.csv: MCC=0.6297±0.0278, Acc=0.8146±0.0139 (7 reps)
      anisa_finetune_results_with_lr_06.11.2025.csv: MCC=0.6331±0.0208, Acc=0.8161±0.0103 (10 reps)
    Using best source: anisa_finetune_results_with_lr_06.11.2025.csv
  GPT: lr=3e-05 | epoch=4.0
    MCC: 0.6305 ± 0.0043, Acc: 0.8151 ± 0.0023 (4 replicates)
    Source: combined_results_orig_07.07.2025.csv
  NTv2: lr=0.0001 | epoch=4.0
    MCC: 0.5479 ± 0.0128, Acc: 0.7713 ± 0.0074 (8 replicates)
    Source: combined_results_orig_07.07.2025.csv

Task: prom_core_notata
  DNABERT: lr=0.0001 | epoch=4.0
    MCC: 0.7083 ± 0.0061, Acc: 0.8539 ± 0.0028 (5 replicates)
    Source: combined_results_orig_07.07.2025.csv
  DNABERT2: lr=3e-05 | epoch=4.0
    Overall MCC: 0.6697 ± 0.0204, Acc: 0.8343 ± 0.0103
    Source breakdown (Anisa file detected):
      combined_results_orig_07.07.2025.csv: MCC=0.6555±0.0210, Acc=0.8268±0.0102 (7 reps)
      anisa_finetune_results_with_lr_06.11.2025.csv: MCC=0.6797±0.0134, Acc=0.8396±0.0067 (10 reps)
    Using best source: anisa_finetune_results_with_lr_06.11.2025.csv
  GPT: lr=3e-05 | epoch=4.0
    MCC: 0.6501 ± 0.0072, Acc: 0.8246 ± 0.0038 (5 replicates)
    Source: combined_results_orig_07.07.2025.csv
  NTv2: lr=0.0001 | epoch=4.0
    MCC: 0.5759 ± 0.0106, Acc: 0.7876 ± 0.0054 (8 replicates)
    Source: combined_results_orig_07.07.2025.csv

Task: prom_core_tata
  DNABERT: lr=0.0001 | epoch=10.0
    MCC: 0.7641 ± 0.0345, Acc: 0.8816 ± 0.0176 (5 replicates)
    Source: combined_results_orig_07.07.2025.csv
  DNABERT2: lr=3e-05 | epoch=10.0
    Overall MCC: 0.7349 ± 0.0418, Acc: 0.8658 ± 0.0206
    Source breakdown (Anisa file detected):
      combined_results_orig_07.07.2025.csv: MCC=0.7436±0.0310, Acc=0.8697±0.0161 (7 reps)
      anisa_finetune_results_with_lr_06.11.2025.csv: MCC=0.7288±0.0486, Acc=0.8631±0.0236 (10 reps)
    Using best source: combined_results_orig_07.07.2025.csv
  GPT: lr=3e-05 | epoch=4.0
    MCC: 0.6697 ± 0.0249, Acc: 0.8316 ± 0.0129 (4 replicates)
    Source: combined_results_orig_07.07.2025.csv
  NTv2: lr=0.0001 | epoch=4.0
    MCC: 0.7220 ± 0.0688, Acc: 0.8597 ± 0.0368 (6 replicates)
    Source: combined_results_orig_07.07.2025.csv

Task: promoter_all
  DNABERT: lr=3e-05 | epoch=3.0
    MCC: 0.7279 ± 0.0051, Acc: 0.8638 ± 0.0026 (3 replicates)
    Source: combined_results_orig_07.07.2025.csv
  DNABERT2: lr=3e-05 | epoch=3.0
    MCC: 0.7575 ± 0.0110, Acc: 0.8784 ± 0.0057 (3 replicates)
    Source: combined_results_orig_07.07.2025.csv
  GPT: lr=3e-05 | epoch=3.0
    MCC: 0.7036 ± 0.0169, Acc: 0.8516 ± 0.0085 (3 replicates)
    Source: combined_results_orig_07.07.2025.csv
  NTv2: lr=0.0001 | epoch=3.0
    MCC: 0.7847 ± 0.0116, Acc: 0.8923 ± 0.0059 (3 replicates)
    Source: combined_results_orig_07.07.2025.csv

Task: promoter_no_tata
  DNABERT: lr=3e-05 | epoch=3.0
    MCC: 0.7399 ± 0.0056, Acc: 0.8693 ± 0.0034 (3 replicates)
    Source: combined_results_orig_07.07.2025.csv
  DNABERT2: lr=3e-05 | epoch=3.0
    MCC: 0.7613 ± 0.0066, Acc: 0.8802 ± 0.0034 (3 replicates)
    Source: combined_results_orig_07.07.2025.csv
  GPT: lr=3e-05 | epoch=3.0
    MCC: 0.7380 ± 0.0054, Acc: 0.8688 ± 0.0025 (3 replicates)
    Source: combined_results_orig_07.07.2025.csv
  NTv2: lr=0.0001 | epoch=3.0
    MCC: 0.7926 ± 0.0061, Acc: 0.8958 ± 0.0030 (5 replicates)
    Source: combined_results_orig_07.07.2025.csv

Task: promoter_tata
  DNABERT: lr=3e-05 | epoch=3.0
    MCC: 0.8341 ± 0.0612, Acc: 0.9167 ± 0.0303 (3 replicates)
    Source: combined_results_orig_07.07.2025.csv
  DNABERT2: lr=3e-05 | epoch=3.0
    MCC: 0.8577 ± 0.0044, Acc: 0.9277 ± 0.0027 (3 replicates)
    Source: combined_results_orig_07.07.2025.csv
  GPT: lr=3e-05 | epoch=3.0
    MCC: 0.7835 ± 0.0687, Acc: 0.8899 ± 0.0354 (3 replicates)
    Source: combined_results_orig_07.07.2025.csv
  NTv2: lr=0.0001 | epoch=3.0
    MCC: 0.8849 ± 0.0251, Acc: 0.9422 ± 0.0124 (4 replicates)
    Source: combined_results_orig_07.07.2025.csv

Task: reconstructed
  DNABERT: lr=3e-05 | epoch=5.0
    MCC: 0.8404 ± 0.0073, Acc: 0.9059 ± 0.0046 (10 replicates)
    Source: anisa_finetune_results_with_lr_06.11.2025.csv
  DNABERT2: lr=3e-05 | epoch=5.0
    Overall MCC: 0.8450 ± 0.0055, Acc: 0.9093 ± 0.0035
    Source breakdown (Anisa file detected):
      combined_results_orig_07.07.2025.csv: MCC=0.8438±0.0030, Acc=0.9088±0.0015 (7 reps)
      anisa_finetune_results_with_lr_06.11.2025.csv: MCC=0.8458±0.0068, Acc=0.9096±0.0044 (10 reps)
    Using best source: anisa_finetune_results_with_lr_06.11.2025.csv
  GPT: lr=3e-05 | epoch=4.0
    MCC: 0.7180 ± 0.0246, Acc: 0.8348 ± 0.0146 (4 replicates)
    Source: combined_results_orig_07.07.2025.csv
  NTv2: lr=0.0001 | epoch=4.0
    MCC: 0.8523 ± 0.0597, Acc: 0.9135 ± 0.0358 (11 replicates)
    Source: combined_results_orig_07.07.2025.csv

Task: splice_sites_acceptors
  DNABERT: lr=3e-05 | epoch=3.0
    MCC: 0.9570 ± 0.0025, Acc: 0.9785 ± 0.0012 (4 replicates)
    Source: combined_results_orig_07.07.2025.csv
  DNABERT2: lr=3e-05 | epoch=3.0
    MCC: 0.8084 ± 0.0234, Acc: 0.9039 ± 0.0118 (3 replicates)
    Source: combined_results_orig_07.07.2025.csv
  GPT: lr=3e-05 | epoch=3.0
    MCC: 0.7358 ± 0.0164, Acc: 0.8676 ± 0.0084 (3 replicates)
    Source: combined_results_orig_07.07.2025.csv
  NTv2: lr=0.0001 | epoch=3.0
    MCC: 0.9707 ± 0.0033, Acc: 0.9853 ± 0.0017 (4 replicates)
    Source: combined_results_orig_07.07.2025.csv

Task: splice_sites_all
  DNABERT: lr=3e-05 | epoch=3.0
    MCC: 0.9609 ± 0.0072, Acc: 0.9739 ± 0.0049 (3 replicates)
    Source: combined_results_orig_07.07.2025.csv
  DNABERT2: lr=3e-05 | epoch=3.0
    MCC: 0.8545 ± 0.0062, Acc: 0.9030 ± 0.0042 (3 replicates)
    Source: combined_results_orig_07.07.2025.csv
  GPT: lr=3e-05 | epoch=3.0
    MCC: 0.7476 ± 0.0085, Acc: 0.8313 ± 0.0053 (3 replicates)
    Source: combined_results_orig_07.07.2025.csv
  NTv2: lr=0.0001 | epoch=3.0
    MCC: 0.9672 ± 0.0010, Acc: 0.9781 ± 0.0007 (3 replicates)
    Source: combined_results_orig_07.07.2025.csv

Skipping task 'splice_sites_donor': No data after filtering out NTv1
Task: splice_sites_donors
  DNABERT: lr=3e-05 | epoch=3.0
    MCC: 0.9668 ± 0.0019, Acc: 0.9834 ± 0.0010 (4 replicates)
    Source: combined_results_orig_07.07.2025.csv
  DNABERT2: lr=3e-05 | epoch=3.0
    MCC: 0.8294 ± 0.0106, Acc: 0.9146 ± 0.0053 (3 replicates)
    Source: combined_results_orig_07.07.2025.csv
  GPT: lr=3e-05 | epoch=3.0
    MCC: 0.7501 ± 0.0209, Acc: 0.8742 ± 0.0113 (3 replicates)
    Source: combined_results_orig_07.07.2025.csv
  NTv2: lr=0.0001 | epoch=3.0
    MCC: 0.9729 ± 0.0034, Acc: 0.9864 ± 0.0017 (3 replicates)
    Source: combined_results_orig_07.07.2025.csv

Task: tf_0
  DNABERT: lr=3e-05 | epoch=3.0
    MCC: 0.6657 ± 0.0087, Acc: 0.8296 ± 0.0053 (10 replicates)
    Source: anisa_finetune_results_with_lr_06.11.2025.csv
  DNABERT2: lr=3e-05 | epoch=3.0
    Overall MCC: 0.6641 ± 0.0185, Acc: 0.8261 ± 0.0111
    Source breakdown (Anisa file detected):
      combined_results_orig_07.07.2025.csv: MCC=0.6542±0.0255, Acc=0.8180±0.0168 (4 reps)
      anisa_finetune_results_with_lr_06.11.2025.csv: MCC=0.6681±0.0148, Acc=0.8294±0.0065 (10 reps)
    Using best source: anisa_finetune_results_with_lr_06.11.2025.csv
  GPT: lr=3e-05 | epoch=4.0
    MCC: 0.6496 ± 0.0181, Acc: 0.8206 ± 0.0102 (5 replicates)
    Source: combined_results_orig_07.07.2025.csv
  NTv2: lr=0.0001 | epoch=4.0
    MCC: 0.5670 ± 0.0138, Acc: 0.7772 ± 0.0054 (6 replicates)
    Source: combined_results_orig_07.07.2025.csv

Task: tf_1
  DNABERT: lr=0.0001 | epoch=3.0
    MCC: 0.7026 ± 0.0128, Acc: 0.8486 ± 0.0069 (5 replicates)
    Source: combined_results_orig_07.07.2025.csv
  DNABERT2: lr=3e-05 | epoch=3.0
    Overall MCC: 0.7101 ± 0.0211, Acc: 0.8520 ± 0.0123
    Source breakdown (Anisa file detected):
      combined_results_orig_07.07.2025.csv: MCC=0.6910±0.0140, Acc=0.8415±0.0099 (4 reps)
      anisa_finetune_results_with_lr_06.11.2025.csv: MCC=0.7177±0.0187, Acc=0.8562±0.0108 (10 reps)
    Using best source: anisa_finetune_results_with_lr_06.11.2025.csv
  GPT: lr=3e-05 | epoch=4.0
    MCC: 0.6744 ± 0.0117, Acc: 0.8325 ± 0.0042 (4 replicates)
    Source: combined_results_orig_07.07.2025.csv
  NTv2: lr=0.0001 | epoch=4.0
    MCC: 0.6053 ± 0.0135, Acc: 0.7985 ± 0.0076 (6 replicates)
    Source: combined_results_orig_07.07.2025.csv

Task: tf_2
  DNABERT: lr=0.0001 | epoch=3.0
    MCC: 0.6537 ± 0.0159, Acc: 0.8232 ± 0.0083 (5 replicates)
    Source: combined_results_orig_07.07.2025.csv
  DNABERT2: lr=3e-05 | epoch=3.0
    Overall MCC: 0.6510 ± 0.0309, Acc: 0.8243 ± 0.0157
    Source breakdown (Anisa file detected):
      combined_results_orig_07.07.2025.csv: MCC=0.6488±0.0184, Acc=0.8215±0.0117 (4 reps)
      anisa_finetune_results_with_lr_06.11.2025.csv: MCC=0.6519±0.0355, Acc=0.8254±0.0174 (10 reps)
    Using best source: anisa_finetune_results_with_lr_06.11.2025.csv
  GPT: lr=3e-05 | epoch=4.0
    MCC: 0.5268 ± 0.0263, Acc: 0.7607 ± 0.0144 (3 replicates)
    Source: combined_results_orig_07.07.2025.csv
  NTv2: lr=0.0001 | epoch=4.0
    MCC: 0.4455 ± 0.0184, Acc: 0.7192 ± 0.0114 (6 replicates)
    Source: combined_results_orig_07.07.2025.csv

Task: tf_3
  DNABERT: lr=0.0001 | epoch=3.0
    MCC: 0.5514 ± 0.0107, Acc: 0.7728 ± 0.0069 (5 replicates)
    Source: combined_results_orig_07.07.2025.csv
  DNABERT2: lr=3e-05 | epoch=3.0
    Overall MCC: 0.5812 ± 0.0244, Acc: 0.7868 ± 0.0143
    Source breakdown (Anisa file detected):
      combined_results_orig_07.07.2025.csv: MCC=0.5674±0.0192, Acc=0.7780±0.0111 (4 reps)
      anisa_finetune_results_with_lr_06.11.2025.csv: MCC=0.5867±0.0248, Acc=0.7903±0.0144 (10 reps)
    Using best source: anisa_finetune_results_with_lr_06.11.2025.csv
  GPT: lr=3e-05 | epoch=4.0
    MCC: 0.3826 ± 0.0180, Acc: 0.6860 ± 0.0088 (6 replicates)
    Source: combined_results_orig_07.07.2025.csv
  NTv2: lr=0.0001 | epoch=4.0
    MCC: 0.3090 ± 0.0258, Acc: 0.6492 ± 0.0193 (6 replicates)
    Source: combined_results_orig_07.07.2025.csv

Task: tf_4
  DNABERT: lr=0.0001 | epoch=3.0
    MCC: 0.7389 ± 0.0233, Acc: 0.8670 ± 0.0124 (5 replicates)
    Source: combined_results_orig_07.07.2025.csv
  DNABERT2: lr=3e-05 | epoch=3.0
    Overall MCC: 0.7626 ± 0.0175, Acc: 0.8792 ± 0.0097
    Source breakdown (Anisa file detected):
      combined_results_orig_07.07.2025.csv: MCC=0.7601±0.0300, Acc=0.8770±0.0168 (4 reps)
      anisa_finetune_results_with_lr_06.11.2025.csv: MCC=0.7636±0.0118, Acc=0.8801±0.0062 (10 reps)
    Using best source: anisa_finetune_results_with_lr_06.11.2025.csv
  GPT: lr=3e-05 | epoch=4.0
    MCC: 0.6562 ± 0.0209, Acc: 0.8263 ± 0.0090 (3 replicates)
    Source: combined_results_orig_07.07.2025.csv
  NTv2: lr=0.0001 | epoch=4.0
    MCC: 0.5733 ± 0.0152, Acc: 0.7848 ± 0.0064 (6 replicates)
    Source: combined_results_orig_07.07.2025.csv


Results saved to: ../final_combined_attn_results/best_hyperparameters_by_task.csv
Best replicates saved to: ../final_combined_attn_results/best_replicates.csv
Total best replicates: 953

=== SUMMARY STATISTICS ===
Total task-model combinations analyzed: 179
Combinations with same source file: 165
Combinations with mixed source files: 14
Average replicate count: 5.3
Average MCC of best combinations: 0.6245

Model representation:
  DNABERT: 45 task combinations
  DNABERT2: 45 task combinations
  GPT: 45 task combinations
  NTv2: 44 task combinations

Best learning rate distribution by model:
  DNABERT:
    3e-05: 34 tasks (75.6%)
    0.0001: 11 tasks (24.4%)
  DNABERT2:
    3e-05: 44 tasks (97.8%)
    2e-05: 1 tasks (2.2%)
  GPT:
    3e-05: 36 tasks (80.0%)
    0.0001: 9 tasks (20.0%)
  NTv2:
    0.0001: 44 tasks (100.0%)

Best epoch distribution by model:
  DNABERT:
    3.0: 23 tasks (51.1%)
    4.0: 12 tasks (26.7%)
    10.0: 2 tasks (4.4%)
    9.0: 1 tasks (2.2%)
    6.0: 1 tasks (2.2%)
    4.93: 1 tasks (2.2%)
    0.59: 1 tasks (2.2%)
    3.05: 1 tasks (2.2%)
    4.2: 1 tasks (2.2%)
    2.12: 1 tasks (2.2%)
    5.0: 1 tasks (2.2%)
  DNABERT2:
    3.0: 21 tasks (46.7%)
    10.0: 6 tasks (13.3%)
    4.0: 6 tasks (13.3%)
    6.0: 5 tasks (11.1%)
    5.0: 2 tasks (4.4%)
    1.23: 1 tasks (2.2%)
    0.15: 1 tasks (2.2%)
    3.05: 1 tasks (2.2%)
    4.2: 1 tasks (2.2%)
    0.53: 1 tasks (2.2%)
  GPT:
    4.0: 26 tasks (57.8%)
    3.0: 18 tasks (40.0%)
    1.0: 1 tasks (2.2%)
  NTv2:
    4.0: 25 tasks (56.8%)
    3.0: 18 tasks (40.9%)
    6.0: 1 tasks (2.3%)
