2025-07-09 11:01:19,301 - INFO - Starting hyperparameter selection for state space models
2025-07-09 11:01:19,316 - WARNING -   CNN: No combinations with >= 10 replicates found. Using 1 combinations with >= 3 replicates
2025-07-09 11:01:19,316 - WARNING -   CNN: Best hyperparameter combination has only 3 replicates (< 10)
2025-07-09 11:01:19,316 - WARNING -     Best params: lr=0.001, batch_size=64, rc_aug=False
2025-07-09 11:01:19,316 - WARNING -     MCC: 0.4552 ± 0.0025
2025-07-09 11:01:19,322 - WARNING -   Caduceus: No combinations with >= 10 replicates found. Using 9 combinations with >= 3 replicates
2025-07-09 11:01:19,322 - WARNING -   Caduceus: Best hyperparameter combination has only 7 replicates (< 10)
2025-07-09 11:01:19,322 - WARNING -     Best params: lr=0.0001, batch_size=128, rc_aug=True
2025-07-09 11:01:19,322 - WARNING -     MCC: 0.4316 ± 0.0035
2025-07-09 11:01:19,333 - INFO -   HyenaDNA: Found 2 combinations with >= 10 replicates
2025-07-09 11:01:19,347 - INFO -   Mamba-bpe: Found 2 combinations with >= 10 replicates (required for Mamba models)
2025-07-09 11:01:19,356 - INFO -   Mamba-char: Found 3 combinations with >= 10 replicates (required for Mamba models)
2025-07-09 11:01:19,369 - WARNING -   CNN: No combinations with >= 10 replicates found. Using 1 combinations with >= 3 replicates
2025-07-09 11:01:19,369 - WARNING -   CNN: Best hyperparameter combination has only 3 replicates (< 10)
2025-07-09 11:01:19,369 - WARNING -     Best params: lr=0.001, batch_size=64, rc_aug=False
2025-07-09 11:01:19,369 - WARNING -     MCC: 0.4093 ± 0.0093
2025-07-09 11:01:19,375 - WARNING -   Caduceus: No combinations with >= 10 replicates found. Using 10 combinations with >= 3 replicates
2025-07-09 11:01:19,375 - WARNING -   Caduceus: Best hyperparameter combination has only 3 replicates (< 10)
2025-07-09 11:01:19,375 - WARNING -     Best params: lr=0.001, batch_size=128, rc_aug=False
2025-07-09 11:01:19,375 - WARNING -     MCC: 0.4674 ± 0.0323
2025-07-09 11:01:19,387 - INFO -   HyenaDNA: Found 3 combinations with >= 10 replicates
2025-07-09 11:01:19,400 - INFO -   Mamba-bpe: Found 1 combinations with >= 10 replicates (required for Mamba models)
2025-07-09 11:01:19,409 - INFO -   Mamba-char: Found 1 combinations with >= 10 replicates (required for Mamba models)
2025-07-09 11:01:19,422 - WARNING -   CNN: No combinations with >= 10 replicates found. Using 1 combinations with >= 3 replicates
2025-07-09 11:01:19,422 - WARNING -   CNN: Best hyperparameter combination has only 3 replicates (< 10)
2025-07-09 11:01:19,422 - WARNING -     Best params: lr=0.001, batch_size=64, rc_aug=False
2025-07-09 11:01:19,422 - WARNING -     MCC: 0.5088 ± 0.0010
2025-07-09 11:01:19,428 - WARNING -   Caduceus: No combinations with >= 10 replicates found. Using 9 combinations with >= 3 replicates
2025-07-09 11:01:19,428 - WARNING -   Caduceus: Best hyperparameter combination has only 3 replicates (< 10)
2025-07-09 11:01:19,428 - WARNING -     Best params: lr=0.001, batch_size=128, rc_aug=False
2025-07-09 11:01:19,428 - WARNING -     MCC: 0.5506 ± 0.0072
2025-07-09 11:01:19,439 - INFO -   HyenaDNA: Found 1 combinations with >= 10 replicates
2025-07-09 11:01:19,452 - INFO -   Mamba-bpe: Found 1 combinations with >= 10 replicates (required for Mamba models)
2025-07-09 11:01:19,461 - INFO -   Mamba-char: Found 2 combinations with >= 10 replicates (required for Mamba models)
2025-07-09 11:01:19,473 - WARNING -   CNN: No combinations with >= 10 replicates found. Using 1 combinations with >= 3 replicates
2025-07-09 11:01:19,474 - WARNING -   CNN: Best hyperparameter combination has only 3 replicates (< 10)
2025-07-09 11:01:19,474 - WARNING -     Best params: lr=0.001, batch_size=64, rc_aug=False
2025-07-09 11:01:19,474 - WARNING -     MCC: 0.5398 ± 0.0091
2025-07-09 11:01:19,479 - WARNING -   Caduceus: No combinations with >= 10 replicates found. Using 9 combinations with >= 3 replicates
2025-07-09 11:01:19,479 - WARNING -   Caduceus: Best hyperparameter combination has only 3 replicates (< 10)
2025-07-09 11:01:19,479 - WARNING -     Best params: lr=0.001, batch_size=256, rc_aug=False
2025-07-09 11:01:19,479 - WARNING -     MCC: 0.5306 ± 0.0179
2025-07-09 11:01:19,490 - INFO -   HyenaDNA: Found 2 combinations with >= 10 replicates
2025-07-09 11:01:19,503 - INFO -   Mamba-bpe: Found 1 combinations with >= 10 replicates (required for Mamba models)
2025-07-09 11:01:19,512 - INFO -   Mamba-char: Found 2 combinations with >= 10 replicates (required for Mamba models)
2025-07-09 11:01:19,525 - WARNING -   CNN: No combinations with >= 10 replicates found. Using 1 combinations with >= 3 replicates
2025-07-09 11:01:19,525 - WARNING -   CNN: Best hyperparameter combination has only 3 replicates (< 10)
2025-07-09 11:01:19,525 - WARNING -     Best params: lr=0.001, batch_size=64, rc_aug=False
2025-07-09 11:01:19,525 - WARNING -     MCC: 0.4058 ± 0.0097
2025-07-09 11:01:19,530 - INFO -   Caduceus: Found 1 combinations with >= 10 replicates
2025-07-09 11:01:19,541 - INFO -   HyenaDNA: Found 2 combinations with >= 10 replicates
2025-07-09 11:01:19,554 - INFO -   Mamba-bpe: Found 1 combinations with >= 10 replicates (required for Mamba models)
2025-07-09 11:01:19,563 - INFO -   Mamba-char: Found 1 combinations with >= 10 replicates (required for Mamba models)
2025-07-09 11:01:19,575 - WARNING -   CNN: No combinations with >= 10 replicates found. Using 1 combinations with >= 3 replicates
2025-07-09 11:01:19,576 - WARNING -   CNN: Best hyperparameter combination has only 3 replicates (< 10)
2025-07-09 11:01:19,576 - WARNING -     Best params: lr=0.001, batch_size=64, rc_aug=False
2025-07-09 11:01:19,576 - WARNING -     MCC: 0.4871 ± 0.0159
2025-07-09 11:01:19,581 - WARNING -   Caduceus: No combinations with >= 10 replicates found. Using 9 combinations with >= 3 replicates
2025-07-09 11:01:19,581 - WARNING -   Caduceus: Best hyperparameter combination has only 7 replicates (< 10)
2025-07-09 11:01:19,581 - WARNING -     Best params: lr=0.001, batch_size=128, rc_aug=True
2025-07-09 11:01:19,581 - WARNING -     MCC: 0.4848 ± 0.0196
2025-07-09 11:01:19,592 - INFO -   HyenaDNA: Found 2 combinations with >= 10 replicates
2025-07-09 11:01:19,605 - INFO -   Mamba-bpe: Found 1 combinations with >= 10 replicates (required for Mamba models)
2025-07-09 11:01:19,614 - INFO -   Mamba-char: Found 1 combinations with >= 10 replicates (required for Mamba models)
2025-07-09 11:01:19,627 - WARNING -   CNN: No combinations with >= 10 replicates found. Using 1 combinations with >= 3 replicates
2025-07-09 11:01:19,627 - WARNING -   CNN: Best hyperparameter combination has only 3 replicates (< 10)
2025-07-09 11:01:19,627 - WARNING -     Best params: lr=0.001, batch_size=64, rc_aug=False
2025-07-09 11:01:19,627 - WARNING -     MCC: 0.5812 ± 0.0165
2025-07-09 11:01:19,632 - INFO -   Caduceus: Found 1 combinations with >= 10 replicates
2025-07-09 11:01:19,645 - INFO -   HyenaDNA: Found 3 combinations with >= 10 replicates
2025-07-09 11:01:19,659 - INFO -   Mamba-bpe: Found 1 combinations with >= 10 replicates (required for Mamba models)
2025-07-09 11:01:19,669 - INFO -   Mamba-char: Found 3 combinations with >= 10 replicates (required for Mamba models)
2025-07-09 11:01:19,683 - WARNING -   CNN: No combinations with >= 10 replicates found. Using 1 combinations with >= 3 replicates
2025-07-09 11:01:19,684 - WARNING -   CNN: Best hyperparameter combination has only 3 replicates (< 10)
2025-07-09 11:01:19,684 - WARNING -     Best params: lr=0.001, batch_size=64, rc_aug=False
2025-07-09 11:01:19,684 - WARNING -     MCC: 0.5034 ± 0.0160
2025-07-09 11:01:19,689 - WARNING -   Caduceus: No combinations with >= 10 replicates found. Using 9 combinations with >= 3 replicates
2025-07-09 11:01:19,689 - WARNING -   Caduceus: Best hyperparameter combination has only 3 replicates (< 10)
2025-07-09 11:01:19,690 - WARNING -     Best params: lr=0.0001, batch_size=256, rc_aug=False
2025-07-09 11:01:19,690 - WARNING -     MCC: 0.5122 ± 0.0039
2025-07-09 11:01:19,701 - INFO -   HyenaDNA: Found 1 combinations with >= 10 replicates
2025-07-09 11:01:19,714 - INFO -   Mamba-bpe: Found 1 combinations with >= 10 replicates (required for Mamba models)
2025-07-09 11:01:19,723 - INFO -   Mamba-char: Found 3 combinations with >= 10 replicates (required for Mamba models)
2025-07-09 11:01:19,736 - WARNING -   CNN: No combinations with >= 10 replicates found. Using 1 combinations with >= 3 replicates
2025-07-09 11:01:19,736 - WARNING -   CNN: Best hyperparameter combination has only 3 replicates (< 10)
2025-07-09 11:01:19,736 - WARNING -     Best params: lr=0.001, batch_size=64, rc_aug=False
2025-07-09 11:01:19,736 - WARNING -     MCC: 0.3444 ± 0.0301
2025-07-09 11:01:19,741 - WARNING -   Caduceus: No combinations with >= 10 replicates found. Using 9 combinations with >= 3 replicates
2025-07-09 11:01:19,741 - WARNING -   Caduceus: Best hyperparameter combination has only 3 replicates (< 10)
2025-07-09 11:01:19,742 - WARNING -     Best params: lr=0.001, batch_size=256, rc_aug=False
2025-07-09 11:01:19,742 - WARNING -     MCC: 0.3950 ± 0.0215
2025-07-09 11:01:19,753 - INFO -   HyenaDNA: Found 1 combinations with >= 10 replicates
2025-07-09 11:01:19,765 - INFO -   Mamba-bpe: Found 2 combinations with >= 10 replicates (required for Mamba models)
2025-07-09 11:01:19,774 - INFO -   Mamba-char: Found 1 combinations with >= 10 replicates (required for Mamba models)
2025-07-09 11:01:19,787 - WARNING -   CNN: No combinations with >= 10 replicates found. Using 1 combinations with >= 3 replicates
2025-07-09 11:01:19,787 - WARNING -   CNN: Best hyperparameter combination has only 3 replicates (< 10)
2025-07-09 11:01:19,787 - WARNING -     Best params: lr=0.001, batch_size=64, rc_aug=False
2025-07-09 11:01:19,787 - WARNING -     MCC: 0.5604 ± 0.0115
2025-07-09 11:01:19,793 - WARNING -   Caduceus: No combinations with >= 10 replicates found. Using 11 combinations with >= 3 replicates
2025-07-09 11:01:19,793 - WARNING -   Caduceus: Best hyperparameter combination has only 3 replicates (< 10)
2025-07-09 11:01:19,793 - WARNING -     Best params: lr=0.001, batch_size=128, rc_aug=False
2025-07-09 11:01:19,793 - WARNING -     MCC: 0.5893 ± 0.0059
2025-07-09 11:01:19,806 - INFO -   HyenaDNA: Found 2 combinations with >= 10 replicates
2025-07-09 11:01:19,819 - INFO -   Mamba-bpe: Found 1 combinations with >= 10 replicates (required for Mamba models)
2025-07-09 11:01:19,828 - INFO -   Mamba-char: Found 2 combinations with >= 10 replicates (required for Mamba models)
2025-07-09 11:01:19,841 - WARNING -   CNN: No combinations with >= 10 replicates found. Using 1 combinations with >= 3 replicates
2025-07-09 11:01:19,841 - WARNING -   CNN: Best hyperparameter combination has only 5 replicates (< 10)
2025-07-09 11:01:19,841 - WARNING -     Best params: lr=0.001, batch_size=64, rc_aug=False
2025-07-09 11:01:19,841 - WARNING -     MCC: 0.1281 ± 0.0048
2025-07-09 11:01:19,847 - WARNING -   Caduceus: No combinations with >= 10 replicates found. Using 15 combinations with >= 3 replicates
2025-07-09 11:01:19,847 - WARNING -   Caduceus: Best hyperparameter combination has only 4 replicates (< 10)
2025-07-09 11:01:19,847 - WARNING -     Best params: lr=0.0003, batch_size=128, rc_aug=False
2025-07-09 11:01:19,847 - WARNING -     MCC: 0.6304 ± 0.0150
2025-07-09 11:01:19,861 - INFO -   HyenaDNA: Found 1 combinations with >= 10 replicates
2025-07-09 11:01:19,870 - INFO -   Mamba-bpe: Found 2 combinations with >= 10 replicates (required for Mamba models)
2025-07-09 11:01:19,879 - INFO -   Mamba-char: Found 1 combinations with >= 10 replicates (required for Mamba models)
2025-07-09 11:01:19,888 - WARNING -   CNN: No combinations with >= 10 replicates found. Using 1 combinations with >= 3 replicates
2025-07-09 11:01:19,888 - WARNING -   CNN: Best hyperparameter combination has only 5 replicates (< 10)
2025-07-09 11:01:19,888 - WARNING -     Best params: lr=0.001, batch_size=64, rc_aug=False
2025-07-09 11:01:19,888 - WARNING -     MCC: 0.7840 ± 0.0065
2025-07-09 11:01:19,893 - INFO -   Caduceus: Found 2 combinations with >= 10 replicates
2025-07-09 11:01:19,905 - INFO -   HyenaDNA: Found 1 combinations with >= 10 replicates
2025-07-09 11:01:19,915 - INFO -   Mamba-bpe: Found 1 combinations with >= 10 replicates (required for Mamba models)
2025-07-09 11:01:19,923 - INFO -   Mamba-char: Found 1 combinations with >= 10 replicates (required for Mamba models)
2025-07-09 11:01:19,932 - WARNING -   CNN: No combinations with >= 10 replicates found. Using 1 combinations with >= 3 replicates
2025-07-09 11:01:19,932 - WARNING -   CNN: Best hyperparameter combination has only 5 replicates (< 10)
2025-07-09 11:01:19,932 - WARNING -     Best params: lr=0.001, batch_size=64, rc_aug=False
2025-07-09 11:01:19,932 - WARNING -     MCC: 0.8838 ± 0.0020
2025-07-09 11:01:19,938 - INFO -   Caduceus: Found 2 combinations with >= 10 replicates
2025-07-09 11:01:19,950 - INFO -   HyenaDNA: Found 1 combinations with >= 10 replicates
2025-07-09 11:01:19,959 - INFO -   Mamba-bpe: Found 1 combinations with >= 10 replicates (required for Mamba models)
2025-07-09 11:01:19,968 - INFO -   Mamba-char: Found 1 combinations with >= 10 replicates (required for Mamba models)
2025-07-09 11:01:19,977 - ERROR -   Mamba-bpe: SKIPPING - No hyperparameter combinations with >= 10 replicates (required for Mamba models)
2025-07-09 11:01:19,981 - WARNING -   CNN: No combinations with >= 10 replicates found. Using 1 combinations with >= 3 replicates
2025-07-09 11:01:19,981 - WARNING -   CNN: Best hyperparameter combination has only 5 replicates (< 10)
2025-07-09 11:01:19,981 - WARNING -     Best params: lr=0.001, batch_size=64, rc_aug=False
2025-07-09 11:01:19,981 - WARNING -     MCC: 0.4326 ± 0.0643
2025-07-09 11:01:19,986 - INFO -   Caduceus: Found 2 combinations with >= 10 replicates
2025-07-09 11:01:19,998 - INFO -   HyenaDNA: Found 1 combinations with >= 10 replicates
2025-07-09 11:01:20,008 - INFO -   Mamba-bpe: Found 1 combinations with >= 10 replicates (required for Mamba models)
2025-07-09 11:01:20,016 - INFO -   Mamba-char: Found 1 combinations with >= 10 replicates (required for Mamba models)
2025-07-09 11:01:20,025 - WARNING -   CNN: No combinations with >= 10 replicates found. Using 1 combinations with >= 3 replicates
2025-07-09 11:01:20,025 - WARNING -   CNN: Best hyperparameter combination has only 3 replicates (< 10)
2025-07-09 11:01:20,025 - WARNING -     Best params: lr=0.001, batch_size=64, rc_aug=False
2025-07-09 11:01:20,025 - WARNING -     MCC: 0.5012 ± 0.0137
2025-07-09 11:01:20,031 - INFO -   Caduceus: Found 1 combinations with >= 10 replicates
2025-07-09 11:01:20,044 - INFO -   HyenaDNA: Found 2 combinations with >= 10 replicates
2025-07-09 11:01:20,057 - INFO -   Mamba-bpe: Found 1 combinations with >= 10 replicates (required for Mamba models)
2025-07-09 11:01:20,065 - INFO -   Mamba-char: Found 1 combinations with >= 10 replicates (required for Mamba models)
2025-07-09 11:01:20,074 - WARNING -   CNN: No combinations with >= 10 replicates found. Using 1 combinations with >= 3 replicates
2025-07-09 11:01:20,074 - WARNING -   CNN: Best hyperparameter combination has only 3 replicates (< 10)
2025-07-09 11:01:20,074 - WARNING -     Best params: lr=0.001, batch_size=64, rc_aug=False
2025-07-09 11:01:20,074 - WARNING -     MCC: 0.4423 ± 0.0070
2025-07-09 11:01:20,080 - INFO -   Caduceus: Found 1 combinations with >= 10 replicates
2025-07-09 11:01:20,093 - INFO -   HyenaDNA: Found 3 combinations with >= 10 replicates
2025-07-09 11:01:20,106 - INFO -   Mamba-bpe: Found 1 combinations with >= 10 replicates (required for Mamba models)
2025-07-09 11:01:20,114 - INFO -   Mamba-char: Found 2 combinations with >= 10 replicates (required for Mamba models)
2025-07-09 11:01:20,123 - WARNING -   CNN: No combinations with >= 10 replicates found. Using 1 combinations with >= 3 replicates
2025-07-09 11:01:20,123 - WARNING -   CNN: Best hyperparameter combination has only 5 replicates (< 10)
2025-07-09 11:01:20,123 - WARNING -     Best params: lr=0.001, batch_size=64, rc_aug=False
2025-07-09 11:01:20,123 - WARNING -     MCC: 0.4088 ± 0.0143
2025-07-09 11:01:20,128 - INFO -   Caduceus: Found 2 combinations with >= 10 replicates
2025-07-09 11:01:20,140 - INFO -   HyenaDNA: Found 1 combinations with >= 10 replicates
2025-07-09 11:01:20,150 - INFO -   Mamba-bpe: Found 1 combinations with >= 10 replicates (required for Mamba models)
2025-07-09 11:01:20,158 - INFO -   Mamba-char: Found 1 combinations with >= 10 replicates (required for Mamba models)
2025-07-09 11:01:20,167 - WARNING -   CNN: No combinations with >= 10 replicates found. Using 1 combinations with >= 3 replicates
2025-07-09 11:01:20,167 - WARNING -   CNN: Best hyperparameter combination has only 5 replicates (< 10)
2025-07-09 11:01:20,167 - WARNING -     Best params: lr=0.001, batch_size=64, rc_aug=False
2025-07-09 11:01:20,167 - WARNING -     MCC: 0.5488 ± 0.0413
2025-07-09 11:01:20,173 - INFO -   Caduceus: Found 1 combinations with >= 10 replicates
2025-07-09 11:01:20,185 - INFO -   HyenaDNA: Found 1 combinations with >= 10 replicates
2025-07-09 11:01:20,195 - INFO -   Mamba-bpe: Found 1 combinations with >= 10 replicates (required for Mamba models)
2025-07-09 11:01:20,204 - INFO -   Mamba-char: Found 1 combinations with >= 10 replicates (required for Mamba models)
2025-07-09 11:01:20,212 - WARNING -   CNN: No combinations with >= 10 replicates found. Using 1 combinations with >= 3 replicates
2025-07-09 11:01:20,212 - WARNING -   CNN: Best hyperparameter combination has only 5 replicates (< 10)
2025-07-09 11:01:20,212 - WARNING -     Best params: lr=0.001, batch_size=64, rc_aug=False
2025-07-09 11:01:20,212 - WARNING -     MCC: 0.8012 ± 0.0028
2025-07-09 11:01:20,218 - WARNING -   Caduceus: No combinations with >= 10 replicates found. Using 2 combinations with >= 3 replicates
2025-07-09 11:01:20,218 - WARNING -   Caduceus: Best hyperparameter combination has only 6 replicates (< 10)
2025-07-09 11:01:20,218 - WARNING -     Best params: lr=0.0005, batch_size=128, rc_aug=False
2025-07-09 11:01:20,218 - WARNING -     MCC: 0.8071 ± 0.0081
2025-07-09 11:01:20,230 - INFO -   HyenaDNA: Found 1 combinations with >= 10 replicates
2025-07-09 11:01:20,240 - INFO -   Mamba-bpe: Found 1 combinations with >= 10 replicates (required for Mamba models)
2025-07-09 11:01:20,247 - INFO -   Mamba-char: Found 1 combinations with >= 10 replicates (required for Mamba models)
2025-07-09 11:01:20,256 - WARNING -   CNN: No combinations with >= 10 replicates found. Using 1 combinations with >= 3 replicates
2025-07-09 11:01:20,256 - WARNING -   CNN: Best hyperparameter combination has only 5 replicates (< 10)
2025-07-09 11:01:20,256 - WARNING -     Best params: lr=0.001, batch_size=64, rc_aug=False
2025-07-09 11:01:20,256 - WARNING -     MCC: 0.7210 ± 0.0078
2025-07-09 11:01:20,261 - INFO -   Caduceus: Found 2 combinations with >= 10 replicates
2025-07-09 11:01:20,273 - INFO -   HyenaDNA: Found 2 combinations with >= 10 replicates
2025-07-09 11:01:20,283 - INFO -   Mamba-bpe: Found 2 combinations with >= 10 replicates (required for Mamba models)
2025-07-09 11:01:20,292 - INFO -   Mamba-char: Found 1 combinations with >= 10 replicates (required for Mamba models)
2025-07-09 11:01:20,300 - WARNING -   CNN: No combinations with >= 10 replicates found. Using 1 combinations with >= 3 replicates
2025-07-09 11:01:20,300 - WARNING -   CNN: Best hyperparameter combination has only 5 replicates (< 10)
2025-07-09 11:01:20,300 - WARNING -     Best params: lr=0.001, batch_size=64, rc_aug=False
2025-07-09 11:01:20,300 - WARNING -     MCC: 0.3929 ± 0.0175
2025-07-09 11:01:20,306 - WARNING -   Caduceus: No combinations with >= 10 replicates found. Using 7 combinations with >= 3 replicates
2025-07-09 11:01:20,306 - WARNING -   Caduceus: Best hyperparameter combination has only 7 replicates (< 10)
2025-07-09 11:01:20,306 - WARNING -     Best params: lr=0.001, batch_size=128, rc_aug=False
2025-07-09 11:01:20,306 - WARNING -     MCC: 0.6351 ± 0.0062
2025-07-09 11:01:20,319 - INFO -   HyenaDNA: Found 1 combinations with >= 10 replicates
2025-07-09 11:01:20,329 - INFO -   Mamba-bpe: Found 1 combinations with >= 10 replicates (required for Mamba models)
2025-07-09 11:01:20,337 - INFO -   Mamba-char: Found 1 combinations with >= 10 replicates (required for Mamba models)
2025-07-09 11:01:20,346 - WARNING -   CNN: No combinations with >= 10 replicates found. Using 1 combinations with >= 3 replicates
2025-07-09 11:01:20,346 - WARNING -   CNN: Best hyperparameter combination has only 5 replicates (< 10)
2025-07-09 11:01:20,346 - WARNING -     Best params: lr=0.001, batch_size=64, rc_aug=False
2025-07-09 11:01:20,346 - WARNING -     MCC: 0.2940 ± 0.0291
2025-07-09 11:01:20,351 - INFO -   Caduceus: Found 1 combinations with >= 10 replicates
2025-07-09 11:01:20,363 - INFO -   HyenaDNA: Found 1 combinations with >= 10 replicates
2025-07-09 11:01:20,372 - INFO -   Mamba-bpe: Found 2 combinations with >= 10 replicates (required for Mamba models)
2025-07-09 11:01:20,381 - INFO -   Mamba-char: Found 1 combinations with >= 10 replicates (required for Mamba models)
2025-07-09 11:01:20,389 - WARNING -   CNN: No combinations with >= 10 replicates found. Using 1 combinations with >= 3 replicates
2025-07-09 11:01:20,389 - WARNING -   CNN: Best hyperparameter combination has only 5 replicates (< 10)
2025-07-09 11:01:20,389 - WARNING -     Best params: lr=0.001, batch_size=64, rc_aug=False
2025-07-09 11:01:20,389 - WARNING -     MCC: 0.6370 ± 0.0081
2025-07-09 11:01:20,395 - INFO -   Caduceus: Found 1 combinations with >= 10 replicates
2025-07-09 11:01:20,407 - INFO -   HyenaDNA: Found 1 combinations with >= 10 replicates
2025-07-09 11:01:20,415 - INFO -   Mamba-bpe: Found 1 combinations with >= 10 replicates (required for Mamba models)
2025-07-09 11:01:20,423 - INFO -   Mamba-char: Found 1 combinations with >= 10 replicates (required for Mamba models)
2025-07-09 11:01:20,432 - WARNING -   CNN: No combinations with >= 10 replicates found. Using 1 combinations with >= 3 replicates
2025-07-09 11:01:20,432 - WARNING -   CNN: Best hyperparameter combination has only 5 replicates (< 10)
2025-07-09 11:01:20,432 - WARNING -     Best params: lr=0.001, batch_size=64, rc_aug=False
2025-07-09 11:01:20,432 - WARNING -     MCC: 0.5742 ± 0.0228
2025-07-09 11:01:20,438 - WARNING -   Caduceus: No combinations with >= 10 replicates found. Using 10 combinations with >= 3 replicates
2025-07-09 11:01:20,438 - WARNING -   Caduceus: Best hyperparameter combination has only 7 replicates (< 10)
2025-07-09 11:01:20,438 - WARNING -     Best params: lr=0.002, batch_size=128, rc_aug=True
2025-07-09 11:01:20,438 - WARNING -     MCC: 0.8449 ± 0.0167
2025-07-09 11:01:20,450 - INFO -   HyenaDNA: Found 1 combinations with >= 10 replicates
2025-07-09 11:01:20,458 - INFO -   Mamba-bpe: Found 2 combinations with >= 10 replicates (required for Mamba models)
2025-07-09 11:01:20,467 - INFO -   Mamba-char: Found 1 combinations with >= 10 replicates (required for Mamba models)
2025-07-09 11:01:20,472 - WARNING -   CNN: No combinations with >= 10 replicates found. Using 1 combinations with >= 3 replicates
2025-07-09 11:01:20,472 - WARNING -   CNN: Best hyperparameter combination has only 5 replicates (< 10)
2025-07-09 11:01:20,472 - WARNING -     Best params: lr=0.001, batch_size=64, rc_aug=False
2025-07-09 11:01:20,472 - WARNING -     MCC: 0.3855 ± 0.0744
2025-07-09 11:01:20,478 - INFO -   Caduceus: Found 1 combinations with >= 10 replicates
2025-07-09 11:01:20,490 - INFO -   HyenaDNA: Found 1 combinations with >= 10 replicates
2025-07-09 11:01:20,498 - INFO -   Mamba-bpe: Found 2 combinations with >= 10 replicates (required for Mamba models)
2025-07-09 11:01:20,507 - INFO -   Mamba-char: Found 1 combinations with >= 10 replicates (required for Mamba models)
2025-07-09 11:01:20,516 - WARNING -   CNN: No combinations with >= 10 replicates found. Using 1 combinations with >= 3 replicates
2025-07-09 11:01:20,516 - WARNING -   CNN: Best hyperparameter combination has only 5 replicates (< 10)
2025-07-09 11:01:20,516 - WARNING -     Best params: lr=0.001, batch_size=64, rc_aug=False
2025-07-09 11:01:20,516 - WARNING -     MCC: 0.3079 ± 0.0062
2025-07-09 11:01:20,521 - INFO -   Caduceus: Found 1 combinations with >= 10 replicates
2025-07-09 11:01:20,533 - INFO -   HyenaDNA: Found 1 combinations with >= 10 replicates
2025-07-09 11:01:20,542 - INFO -   Mamba-bpe: Found 1 combinations with >= 10 replicates (required for Mamba models)
2025-07-09 11:01:20,550 - INFO -   Mamba-char: Found 1 combinations with >= 10 replicates (required for Mamba models)
2025-07-09 11:01:20,559 - WARNING -   HyenaDNA: No combinations with >= 10 replicates found. Using 2 combinations with >= 3 replicates
2025-07-09 11:01:20,559 - WARNING -   HyenaDNA: Best hyperparameter combination has only 3 replicates (< 10)
2025-07-09 11:01:20,559 - WARNING -     Best params: lr=0.003, batch_size=128, rc_aug=True
2025-07-09 11:01:20,559 - WARNING -     MCC: 0.4521 ± 0.1039
2025-07-09 11:01:20,565 - WARNING -   CNN: No combinations with >= 10 replicates found. Using 1 combinations with >= 3 replicates
2025-07-09 11:01:20,565 - WARNING -   CNN: Best hyperparameter combination has only 5 replicates (< 10)
2025-07-09 11:01:20,565 - WARNING -     Best params: lr=0.001, batch_size=64, rc_aug=False
2025-07-09 11:01:20,565 - WARNING -     MCC: 0.8068 ± 0.0077
2025-07-09 11:01:20,570 - INFO -   Caduceus: Found 1 combinations with >= 10 replicates
2025-07-09 11:01:20,583 - INFO -   HyenaDNA: Found 1 combinations with >= 10 replicates
2025-07-09 11:01:20,591 - INFO -   Mamba-bpe: Found 1 combinations with >= 10 replicates (required for Mamba models)
2025-07-09 11:01:20,600 - INFO -   Mamba-char: Found 1 combinations with >= 10 replicates (required for Mamba models)
2025-07-09 11:01:20,611 - WARNING -   CNN: No combinations with >= 10 replicates found. Using 1 combinations with >= 3 replicates
2025-07-09 11:01:20,612 - WARNING -   CNN: Best hyperparameter combination has only 5 replicates (< 10)
2025-07-09 11:01:20,612 - WARNING -     Best params: lr=0.001, batch_size=64, rc_aug=False
2025-07-09 11:01:20,612 - WARNING -     MCC: 0.8725 ± 0.0046
2025-07-09 11:01:20,618 - INFO -   Caduceus: Found 1 combinations with >= 10 replicates
2025-07-09 11:01:20,630 - INFO -   HyenaDNA: Found 1 combinations with >= 10 replicates
2025-07-09 11:01:20,640 - INFO -   Mamba-bpe: Found 1 combinations with >= 10 replicates (required for Mamba models)
2025-07-09 11:01:20,649 - INFO -   Mamba-char: Found 1 combinations with >= 10 replicates (required for Mamba models)
2025-07-09 11:01:20,660 - WARNING -   CNN: No combinations with >= 10 replicates found. Using 1 combinations with >= 3 replicates
2025-07-09 11:01:20,661 - WARNING -   CNN: Best hyperparameter combination has only 5 replicates (< 10)
2025-07-09 11:01:20,661 - WARNING -     Best params: lr=0.001, batch_size=64, rc_aug=False
2025-07-09 11:01:20,661 - WARNING -     MCC: 0.7118 ± 0.0296
2025-07-09 11:01:20,666 - INFO -   Caduceus: Found 1 combinations with >= 10 replicates
2025-07-09 11:01:20,678 - INFO -   HyenaDNA: Found 1 combinations with >= 10 replicates
2025-07-09 11:01:20,687 - INFO -   Mamba-bpe: Found 1 combinations with >= 10 replicates (required for Mamba models)
2025-07-09 11:01:20,696 - INFO -   Mamba-char: Found 1 combinations with >= 10 replicates (required for Mamba models)
2025-07-09 11:01:20,706 - WARNING -   CNN: No combinations with >= 10 replicates found. Using 1 combinations with >= 3 replicates
2025-07-09 11:01:20,706 - WARNING -   CNN: Best hyperparameter combination has only 5 replicates (< 10)
2025-07-09 11:01:20,706 - WARNING -     Best params: lr=0.001, batch_size=64, rc_aug=False
2025-07-09 11:01:20,706 - WARNING -     MCC: 0.6170 ± 0.0106
2025-07-09 11:01:20,712 - INFO -   Caduceus: Found 1 combinations with >= 10 replicates
2025-07-09 11:01:20,724 - INFO -   HyenaDNA: Found 1 combinations with >= 10 replicates
2025-07-09 11:01:20,733 - INFO -   Mamba-bpe: Found 2 combinations with >= 10 replicates (required for Mamba models)
2025-07-09 11:01:20,742 - INFO -   Mamba-char: Found 1 combinations with >= 10 replicates (required for Mamba models)
2025-07-09 11:01:20,750 - WARNING -   CNN: No combinations with >= 10 replicates found. Using 1 combinations with >= 3 replicates
2025-07-09 11:01:20,751 - WARNING -   CNN: Best hyperparameter combination has only 5 replicates (< 10)
2025-07-09 11:01:20,751 - WARNING -     Best params: lr=0.001, batch_size=64, rc_aug=False
2025-07-09 11:01:20,751 - WARNING -     MCC: 0.6159 ± 0.0160
2025-07-09 11:01:20,756 - INFO -   Caduceus: Found 1 combinations with >= 10 replicates
2025-07-09 11:01:20,768 - INFO -   HyenaDNA: Found 1 combinations with >= 10 replicates
2025-07-09 11:01:20,776 - INFO -   Mamba-bpe: Found 1 combinations with >= 10 replicates (required for Mamba models)
2025-07-09 11:01:20,785 - INFO -   Mamba-char: Found 1 combinations with >= 10 replicates (required for Mamba models)
2025-07-09 11:01:20,793 - WARNING -   CNN: No combinations with >= 10 replicates found. Using 1 combinations with >= 3 replicates
2025-07-09 11:01:20,794 - WARNING -   CNN: Best hyperparameter combination has only 5 replicates (< 10)
2025-07-09 11:01:20,794 - WARNING -     Best params: lr=0.001, batch_size=64, rc_aug=False
2025-07-09 11:01:20,794 - WARNING -     MCC: 0.7611 ± 0.0161
2025-07-09 11:01:20,799 - INFO -   Caduceus: Found 1 combinations with >= 10 replicates
2025-07-09 11:01:20,812 - INFO -   HyenaDNA: Found 2 combinations with >= 10 replicates
2025-07-09 11:01:20,824 - INFO -   Mamba-bpe: Found 1 combinations with >= 10 replicates (required for Mamba models)
2025-07-09 11:01:20,836 - INFO -   Mamba-char: Found 2 combinations with >= 10 replicates (required for Mamba models)
2025-07-09 11:01:20,847 - WARNING -   CNN: No combinations with >= 10 replicates found. Using 1 combinations with >= 3 replicates
2025-07-09 11:01:20,848 - WARNING -   CNN: Best hyperparameter combination has only 3 replicates (< 10)
2025-07-09 11:01:20,848 - WARNING -     Best params: lr=0.001, batch_size=64, rc_aug=False
2025-07-09 11:01:20,848 - WARNING -     MCC: 0.7350 ± 0.0133
2025-07-09 11:01:20,854 - INFO -   Caduceus: Found 1 combinations with >= 10 replicates
2025-07-09 11:01:20,867 - INFO -   HyenaDNA: Found 3 combinations with >= 10 replicates
2025-07-09 11:01:20,880 - INFO -   Mamba-bpe: Found 2 combinations with >= 10 replicates (required for Mamba models)
2025-07-09 11:01:20,888 - INFO -   Mamba-char: Found 1 combinations with >= 10 replicates (required for Mamba models)
2025-07-09 11:01:20,897 - WARNING -   CNN: No combinations with >= 10 replicates found. Using 1 combinations with >= 3 replicates
2025-07-09 11:01:20,897 - WARNING -   CNN: Best hyperparameter combination has only 3 replicates (< 10)
2025-07-09 11:01:20,897 - WARNING -     Best params: lr=0.001, batch_size=64, rc_aug=False
2025-07-09 11:01:20,897 - WARNING -     MCC: 0.7311 ± 0.0186
2025-07-09 11:01:20,903 - INFO -   Caduceus: Found 1 combinations with >= 10 replicates
2025-07-09 11:01:20,916 - INFO -   HyenaDNA: Found 3 combinations with >= 10 replicates
2025-07-09 11:01:20,928 - INFO -   Mamba-bpe: Found 1 combinations with >= 10 replicates (required for Mamba models)
2025-07-09 11:01:20,937 - INFO -   Mamba-char: Found 1 combinations with >= 10 replicates (required for Mamba models)
2025-07-09 11:01:20,946 - WARNING -   CNN: No combinations with >= 10 replicates found. Using 1 combinations with >= 3 replicates
2025-07-09 11:01:20,946 - WARNING -   CNN: Best hyperparameter combination has only 3 replicates (< 10)
2025-07-09 11:01:20,946 - WARNING -     Best params: lr=0.001, batch_size=64, rc_aug=False
2025-07-09 11:01:20,946 - WARNING -     MCC: 0.8875 ± 0.0260
2025-07-09 11:01:20,953 - INFO -   Caduceus: Found 1 combinations with >= 10 replicates
2025-07-09 11:01:20,967 - INFO -   HyenaDNA: Found 3 combinations with >= 10 replicates
2025-07-09 11:01:20,981 - INFO -   Mamba-bpe: Found 2 combinations with >= 10 replicates (required for Mamba models)
2025-07-09 11:01:20,990 - INFO -   Mamba-char: Found 1 combinations with >= 10 replicates (required for Mamba models)
2025-07-09 11:01:20,998 - WARNING -   CNN: No combinations with >= 10 replicates found. Using 1 combinations with >= 3 replicates
2025-07-09 11:01:20,999 - WARNING -   CNN: Best hyperparameter combination has only 5 replicates (< 10)
2025-07-09 11:01:20,999 - WARNING -     Best params: lr=0.001, batch_size=64, rc_aug=False
2025-07-09 11:01:20,999 - WARNING -     MCC: 0.7658 ± 0.0081
2025-07-09 11:01:21,004 - INFO -   Caduceus: Found 1 combinations with >= 10 replicates
2025-07-09 11:01:21,012 - INFO -   HyenaDNA: Found 1 combinations with >= 10 replicates
2025-07-09 11:01:21,021 - INFO -   Mamba-bpe: Found 1 combinations with >= 10 replicates (required for Mamba models)
2025-07-09 11:01:21,029 - INFO -   Mamba-char: Found 1 combinations with >= 10 replicates (required for Mamba models)
2025-07-09 11:01:21,038 - WARNING -   CNN: No combinations with >= 10 replicates found. Using 1 combinations with >= 3 replicates
2025-07-09 11:01:21,038 - WARNING -   CNN: Best hyperparameter combination has only 3 replicates (< 10)
2025-07-09 11:01:21,038 - WARNING -     Best params: lr=0.001, batch_size=64, rc_aug=False
2025-07-09 11:01:21,038 - WARNING -     MCC: 0.9277 ± 0.0050
2025-07-09 11:01:21,043 - INFO -   Caduceus: Found 1 combinations with >= 10 replicates
2025-07-09 11:01:21,054 - INFO -   HyenaDNA: Found 1 combinations with >= 10 replicates
2025-07-09 11:01:21,066 - INFO -   Mamba-bpe: Found 1 combinations with >= 10 replicates (required for Mamba models)
2025-07-09 11:01:21,078 - INFO -   Mamba-char: Found 1 combinations with >= 10 replicates (required for Mamba models)
2025-07-09 11:01:21,088 - WARNING -   CNN: No combinations with >= 10 replicates found. Using 1 combinations with >= 3 replicates
2025-07-09 11:01:21,091 - WARNING -   CNN: Best hyperparameter combination has only 3 replicates (< 10)
2025-07-09 11:01:21,091 - WARNING -     Best params: lr=0.001, batch_size=64, rc_aug=False
2025-07-09 11:01:21,091 - WARNING -     MCC: 0.9268 ± 0.0020
2025-07-09 11:01:21,096 - INFO -   Caduceus: Found 1 combinations with >= 10 replicates
2025-07-09 11:01:21,107 - INFO -   HyenaDNA: Found 1 combinations with >= 10 replicates
2025-07-09 11:01:21,120 - INFO -   Mamba-bpe: Found 1 combinations with >= 10 replicates (required for Mamba models)
2025-07-09 11:01:21,131 - INFO -   Mamba-char: Found 1 combinations with >= 10 replicates (required for Mamba models)
2025-07-09 11:01:21,143 - WARNING -   CNN: No combinations with >= 10 replicates found. Using 1 combinations with >= 3 replicates
2025-07-09 11:01:21,144 - WARNING -   CNN: Best hyperparameter combination has only 3 replicates (< 10)
2025-07-09 11:01:21,144 - WARNING -     Best params: lr=0.001, batch_size=64, rc_aug=False
2025-07-09 11:01:21,144 - WARNING -     MCC: 0.9529 ± 0.0054
2025-07-09 11:01:21,149 - WARNING -   Caduceus: No combinations with >= 10 replicates found. Using 9 combinations with >= 3 replicates
2025-07-09 11:01:21,150 - WARNING -   Caduceus: Best hyperparameter combination has only 3 replicates (< 10)
2025-07-09 11:01:21,150 - WARNING -     Best params: lr=0.001, batch_size=256, rc_aug=False
2025-07-09 11:01:21,150 - WARNING -     MCC: 0.8799 ± 0.0164
2025-07-09 11:01:21,161 - INFO -   HyenaDNA: Found 1 combinations with >= 10 replicates
2025-07-09 11:01:21,175 - INFO -   Mamba-bpe: Found 1 combinations with >= 10 replicates (required for Mamba models)
2025-07-09 11:01:21,184 - INFO -   Mamba-char: Found 2 combinations with >= 10 replicates (required for Mamba models)
2025-07-09 11:01:21,192 - WARNING -   CNN: No combinations with >= 10 replicates found. Using 1 combinations with >= 3 replicates
2025-07-09 11:01:21,192 - WARNING -   CNN: Best hyperparameter combination has only 5 replicates (< 10)
2025-07-09 11:01:21,192 - WARNING -     Best params: lr=0.001, batch_size=64, rc_aug=False
2025-07-09 11:01:21,192 - WARNING -     MCC: 0.5824 ± 0.0127
2025-07-09 11:01:21,198 - INFO -   Caduceus: Found 1 combinations with >= 10 replicates
2025-07-09 11:01:21,209 - INFO -   HyenaDNA: Found 1 combinations with >= 10 replicates
2025-07-09 11:01:21,218 - INFO -   Mamba-bpe: Found 2 combinations with >= 10 replicates (required for Mamba models)
2025-07-09 11:01:21,227 - INFO -   Mamba-char: Found 1 combinations with >= 10 replicates (required for Mamba models)
2025-07-09 11:01:21,236 - WARNING -   CNN: No combinations with >= 10 replicates found. Using 1 combinations with >= 3 replicates
2025-07-09 11:01:21,236 - WARNING -   CNN: Best hyperparameter combination has only 5 replicates (< 10)
2025-07-09 11:01:21,236 - WARNING -     Best params: lr=0.001, batch_size=64, rc_aug=False
2025-07-09 11:01:21,236 - WARNING -     MCC: 0.6433 ± 0.0167
2025-07-09 11:01:21,241 - INFO -   Caduceus: Found 1 combinations with >= 10 replicates
2025-07-09 11:01:21,253 - INFO -   HyenaDNA: Found 1 combinations with >= 10 replicates
2025-07-09 11:01:21,261 - INFO -   Mamba-bpe: Found 3 combinations with >= 10 replicates (required for Mamba models)
2025-07-09 11:01:21,271 - INFO -   Mamba-char: Found 1 combinations with >= 10 replicates (required for Mamba models)
2025-07-09 11:01:21,280 - WARNING -   CNN: No combinations with >= 10 replicates found. Using 1 combinations with >= 3 replicates
2025-07-09 11:01:21,280 - WARNING -   CNN: Best hyperparameter combination has only 5 replicates (< 10)
2025-07-09 11:01:21,280 - WARNING -     Best params: lr=0.001, batch_size=64, rc_aug=False
2025-07-09 11:01:21,280 - WARNING -     MCC: 0.5422 ± 0.0288
2025-07-09 11:01:21,285 - INFO -   Caduceus: Found 1 combinations with >= 10 replicates
2025-07-09 11:01:21,298 - INFO -   HyenaDNA: Found 1 combinations with >= 10 replicates
2025-07-09 11:01:21,307 - INFO -   Mamba-bpe: Found 2 combinations with >= 10 replicates (required for Mamba models)
2025-07-09 11:01:21,315 - INFO -   Mamba-char: Found 1 combinations with >= 10 replicates (required for Mamba models)
2025-07-09 11:01:21,324 - WARNING -   CNN: No combinations with >= 10 replicates found. Using 1 combinations with >= 3 replicates
2025-07-09 11:01:21,324 - WARNING -   CNN: Best hyperparameter combination has only 5 replicates (< 10)
2025-07-09 11:01:21,324 - WARNING -     Best params: lr=0.001, batch_size=64, rc_aug=False
2025-07-09 11:01:21,324 - WARNING -     MCC: 0.3574 ± 0.0121
2025-07-09 11:01:21,329 - INFO -   Caduceus: Found 1 combinations with >= 10 replicates
2025-07-09 11:01:21,341 - INFO -   HyenaDNA: Found 1 combinations with >= 10 replicates
2025-07-09 11:01:21,350 - INFO -   Mamba-bpe: Found 3 combinations with >= 10 replicates (required for Mamba models)
2025-07-09 11:01:21,359 - INFO -   Mamba-char: Found 1 combinations with >= 10 replicates (required for Mamba models)
2025-07-09 11:01:21,367 - WARNING -   CNN: No combinations with >= 10 replicates found. Using 1 combinations with >= 3 replicates
2025-07-09 11:01:21,367 - WARNING -   CNN: Best hyperparameter combination has only 5 replicates (< 10)
2025-07-09 11:01:21,367 - WARNING -     Best params: lr=0.001, batch_size=64, rc_aug=False
2025-07-09 11:01:21,367 - WARNING -     MCC: 0.6391 ± 0.0114
2025-07-09 11:01:21,373 - INFO -   Caduceus: Found 1 combinations with >= 10 replicates
2025-07-09 11:01:21,384 - INFO -   HyenaDNA: Found 1 combinations with >= 10 replicates
2025-07-09 11:01:21,393 - INFO -   Mamba-bpe: Found 2 combinations with >= 10 replicates (required for Mamba models)
2025-07-09 11:01:21,402 - INFO -   Mamba-char: Found 1 combinations with >= 10 replicates (required for Mamba models)
2025-07-09 11:01:21,444 - INFO - 
Results saved to: ../final_combined_ss_results/best_hyperparameters_by_task_ss.csv
2025-07-09 11:01:21,444 - INFO - Best replicates saved to: ../final_combined_ss_results/best_replicates_ss.csv
2025-07-09 11:01:21,444 - INFO - NaN analysis saved to: ../final_combined_ss_results/ss_nan_analysis.csv
2025-07-09 11:01:21,444 - INFO - All hyperparameters analysis saved to: ../final_combined_ss_results/all_hyperparameters_analysis_ss.csv
2025-07-09 11:01:21,444 - INFO - Total best replicates: 2239
2025-07-09 11:01:21,444 - INFO - Log file saved to: ../final_combined_ss_results/hyperparameter_selection_log_20250709_110119.log
2025-07-09 11:01:21,445 - WARNING - 
58 task-model combinations have < 10 replicates:
2025-07-09 11:01:21,445 - WARNING -   CNN on H2AFZ: 3 replicates
2025-07-09 11:01:21,445 - WARNING -   Caduceus on H2AFZ: 7 replicates
2025-07-09 11:01:21,445 - WARNING -   CNN on H3K27ac: 3 replicates
2025-07-09 11:01:21,445 - WARNING -   Caduceus on H3K27ac: 3 replicates
2025-07-09 11:01:21,445 - WARNING -   CNN on H3K27me3: 3 replicates
2025-07-09 11:01:21,445 - WARNING -   Caduceus on H3K27me3: 3 replicates
2025-07-09 11:01:21,446 - WARNING -   CNN on H3K36me3: 3 replicates
2025-07-09 11:01:21,446 - WARNING -   Caduceus on H3K36me3: 3 replicates
2025-07-09 11:01:21,446 - WARNING -   CNN on H3K4me1: 3 replicates
2025-07-09 11:01:21,446 - WARNING -   CNN on H3K4me2: 3 replicates
2025-07-09 11:01:21,446 - WARNING -   Caduceus on H3K4me2: 7 replicates
2025-07-09 11:01:21,446 - WARNING -   CNN on H3K4me3: 3 replicates
2025-07-09 11:01:21,446 - WARNING -   CNN on H3K9ac: 3 replicates
2025-07-09 11:01:21,446 - WARNING -   Caduceus on H3K9ac: 3 replicates
2025-07-09 11:01:21,446 - WARNING -   CNN on H3K9me3: 3 replicates
2025-07-09 11:01:21,446 - WARNING -   Caduceus on H3K9me3: 3 replicates
2025-07-09 11:01:21,446 - WARNING -   CNN on H4K20me1: 3 replicates
2025-07-09 11:01:21,446 - WARNING -   Caduceus on H4K20me1: 3 replicates
2025-07-09 11:01:21,446 - WARNING -   CNN on covid: 5 replicates
2025-07-09 11:01:21,446 - WARNING -   Caduceus on covid: 4 replicates
2025-07-09 11:01:21,446 - WARNING -   CNN on demo_coding_vs_intergenomic: 5 replicates
2025-07-09 11:01:21,446 - WARNING -   CNN on demo_human_or_worm: 5 replicates
2025-07-09 11:01:21,446 - WARNING -   CNN on dummy_mouse_enhancers: 5 replicates
2025-07-09 11:01:21,446 - WARNING -   CNN on enhancers: 3 replicates
2025-07-09 11:01:21,446 - WARNING -   CNN on enhancers_types: 3 replicates
2025-07-09 11:01:21,446 - WARNING -   CNN on human_enhancers_cohn: 5 replicates
2025-07-09 11:01:21,446 - WARNING -   CNN on human_enhancers_ensembl: 5 replicates
2025-07-09 11:01:21,446 - WARNING -   CNN on human_ensembl_regulatory: 5 replicates
2025-07-09 11:01:21,446 - WARNING -   Caduceus on human_ensembl_regulatory: 6 replicates
2025-07-09 11:01:21,446 - WARNING -   CNN on human_nontata_promoters: 5 replicates
2025-07-09 11:01:21,447 - WARNING -   CNN on human_ocr_ensembl: 5 replicates
2025-07-09 11:01:21,447 - WARNING -   Caduceus on human_ocr_ensembl: 7 replicates
2025-07-09 11:01:21,447 - WARNING -   CNN on mouse_0: 5 replicates
2025-07-09 11:01:21,447 - WARNING -   CNN on mouse_1: 5 replicates
2025-07-09 11:01:21,447 - WARNING -   CNN on mouse_2: 5 replicates
2025-07-09 11:01:21,447 - WARNING -   Caduceus on mouse_2: 7 replicates
2025-07-09 11:01:21,447 - WARNING -   CNN on mouse_3: 5 replicates
2025-07-09 11:01:21,447 - WARNING -   CNN on mouse_4: 5 replicates
2025-07-09 11:01:21,447 - WARNING -   HyenaDNA on phage_fragments: 3 replicates
2025-07-09 11:01:21,447 - WARNING -   CNN on prom_300_all: 5 replicates
2025-07-09 11:01:21,447 - WARNING -   CNN on prom_300_notata: 5 replicates
2025-07-09 11:01:21,447 - WARNING -   CNN on prom_300_tata: 5 replicates
2025-07-09 11:01:21,447 - WARNING -   CNN on prom_core_all: 5 replicates
2025-07-09 11:01:21,447 - WARNING -   CNN on prom_core_notata: 5 replicates
2025-07-09 11:01:21,447 - WARNING -   CNN on prom_core_tata: 5 replicates
2025-07-09 11:01:21,447 - WARNING -   CNN on promoter_all: 3 replicates
2025-07-09 11:01:21,447 - WARNING -   CNN on promoter_no_tata: 3 replicates
2025-07-09 11:01:21,447 - WARNING -   CNN on promoter_tata: 3 replicates
2025-07-09 11:01:21,447 - WARNING -   CNN on reconstructed: 5 replicates
2025-07-09 11:01:21,447 - WARNING -   CNN on splice_sites_acceptors: 3 replicates
2025-07-09 11:01:21,447 - WARNING -   CNN on splice_sites_all: 3 replicates
2025-07-09 11:01:21,447 - WARNING -   CNN on splice_sites_donors: 3 replicates
2025-07-09 11:01:21,447 - WARNING -   Caduceus on splice_sites_donors: 3 replicates
2025-07-09 11:01:21,447 - WARNING -   CNN on tf_0: 5 replicates
2025-07-09 11:01:21,447 - WARNING -   CNN on tf_1: 5 replicates
2025-07-09 11:01:21,448 - WARNING -   CNN on tf_2: 5 replicates
2025-07-09 11:01:21,448 - WARNING -   CNN on tf_3: 5 replicates
2025-07-09 11:01:21,448 - WARNING -   CNN on tf_4: 5 replicates
