
================================================================================
Processing benchmark: GB
================================================================================
\begin{landscape}
\begin{table}[]
\caption{Best hyperparameters for Genomic Benchmark benchmark}
\label{table:hp_gb}
\begin{tabular}{@{}lcccccccccc@{}}
\toprule
Task & Model & LR & BS & MCC & Acc & N & MCC SD & Acc SD & LR Range & BS Range \\ \midrule
demo\_human\_or\_worm & Caduceus & 5.0e-04 & 128 & 0.943 & 0.972 & 10 & 0.0014 & 0.0007 & [1.0e-05, 1.0e-04, 5.0e-04, 1.0e-03, 2.0e-03] & [128, 256] \\
demo\_human\_or\_worm & HyenaDNA & 6.0e-05 & 256 & 0.929 & 0.964 & 13 & 0.0031 & 0.0016 & [6.0e-05, 6.0e-04, 6.0e-03] & [128, 256] \\
demo\_human\_or\_worm & Mamba-bpe & 1.0e-04 & 256 & 0.923 & 0.961 & 13 & 0.0024 & 0.0013 & [1.0e-05, 2.0e-05, 5.0e-05, 1.0e-04] & [128, 256] \\
demo\_human\_or\_worm & Mamba-char & 1.0e-03 & 128 & 0.930 & 0.965 & 13 & 0.0086 & 0.0043 & [1.0e-04, 2.0e-04, 1.0e-03, 2.0e-03, 1.0e-02] & [128, 256] \\
dummy\_mouse\_enhancers & Caduceus & 2.0e-03 & 128 & 0.583 & 0.788 & 10 & 0.0377 & 0.0210 & [1.0e-05, 1.0e-04, 5.0e-04, 1.0e-03, 2.0e-03] & [128, 256] \\
dummy\_mouse\_enhancers & HyenaDNA & 6.0e-04 & 128 & 0.595 & 0.795 & 14 & 0.0487 & 0.0261 & [6.0e-05, 6.0e-04, 6.0e-03] & [128, 256] \\
dummy\_mouse\_enhancers & Mamba-bpe & 5.0e-05 & 256 & 0.555 & 0.775 & 13 & 0.0325 & 0.0186 & [1.0e-05, 5.0e-05, 1.0e-04] & [128, 256] \\
dummy\_mouse\_enhancers & Mamba-char & 1.0e-03 & 128 & 0.570 & 0.785 & 13 & 0.0393 & 0.0199 & [1.0e-03, 2.0e-03, 1.0e-02] & [128, 256] \\
human\_enhancers\_cohn & Caduceus & 1.0e-03 & 128 & 0.493 & 0.746 & 10 & 0.0078 & 0.0041 & [1.0e-05, 1.0e-04, 5.0e-04, 1.0e-03, 2.0e-03] & [128, 256] \\
human\_enhancers\_cohn & HyenaDNA & 6.0e-05 & 128 & 0.469 & 0.734 & 13 & 0.0077 & 0.0039 & [6.0e-05, 6.0e-04, 6.0e-03] & [128, 256] \\
human\_enhancers\_cohn & Mamba-bpe & 1.0e-05 & 256 & 0.478 & 0.739 & 13 & 0.0044 & 0.0023 & [1.0e-05, 2.0e-05, 5.0e-05, 1.0e-04] & [128, 256] \\
human\_enhancers\_cohn & Mamba-char & 1.0e-03 & 256 & 0.473 & 0.735 & 13 & 0.0100 & 0.0054 & [1.0e-04, 2.0e-04, 1.0e-03, 2.0e-03, 1.0e-02] & [128, 256] \\
human\_enhancers\_ensembl & Caduceus & 1.0e-03 & 128 & 0.822 & 0.911 & 10 & 0.0052 & 0.0027 & [1.0e-05, 1.0e-04, 5.0e-04, 1.0e-03, 2.0e-03] & [128, 256] \\
human\_enhancers\_ensembl & HyenaDNA & 6.0e-04 & 256 & 0.757 & 0.878 & 13 & 0.0055 & 0.0029 & [6.0e-05, 6.0e-04, 6.0e-03] & [128, 256] \\
human\_enhancers\_ensembl & Mamba-bpe & 1.0e-04 & 128 & 0.728 & 0.862 & 14 & 0.0314 & 0.0162 & [1.0e-05, 2.0e-05, 5.0e-05, 1.0e-04] & [128, 256] \\
human\_enhancers\_ensembl & Mamba-char & 1.0e-03 & 256 & 0.743 & 0.871 & 13 & 0.0505 & 0.0260 & [1.0e-04, 2.0e-04, 1.0e-03, 2.0e-03, 1.0e-02] & [128, 256] \\
human\_ensembl\_regulatory & Caduceus & 5.0e-04 & 128 & 0.807 & 0.869 & 6 & 0.0081 & 0.0070 & [1.0e-05, 1.0e-04, 5.0e-04, 1.0e-03, 2.0e-03] & [128, 256] \\
human\_ensembl\_regulatory & HyenaDNA & 6.0e-05 & 128 & 0.795 & 0.861 & 13 & 0.0061 & 0.0049 & [6.0e-05, 6.0e-04, 6.0e-03] & [128, 256] \\
human\_ensembl\_regulatory & Mamba-bpe & 1.0e-05 & 128 & 0.839 & 0.892 & 10 & 0.0026 & 0.0018 & [1.0e-05, 2.0e-05, 5.0e-05, 1.0e-04] & [128, 256] \\
human\_ensembl\_regulatory & Mamba-char & 1.0e-03 & 256 & 0.605 & 0.733 & 13 & 0.1359 & 0.0924 & [1.0e-04, 2.0e-04, 1.0e-03, 2.0e-03, 1.0e-02] & [128, 256] \\
human\_nontata\_promoters & Caduceus & 1.0e-03 & 256 & 0.891 & 0.945 & 10 & 0.0033 & 0.0015 & [1.0e-05, 1.0e-04, 5.0e-04, 1.0e-03, 2.0e-03] & [128, 256] \\
human\_nontata\_promoters & HyenaDNA & 6.0e-04 & 256 & 0.880 & 0.940 & 13 & 0.0072 & 0.0036 & [6.0e-05, 6.0e-04, 6.0e-03] & [128, 256] \\
human\_nontata\_promoters & Mamba-bpe & 1.0e-04 & 256 & 0.895 & 0.947 & 13 & 0.0038 & 0.0019 & [1.0e-05, 2.0e-05, 5.0e-05, 1.0e-04] & [128, 256] \\
human\_nontata\_promoters & Mamba-char & 1.0e-03 & 256 & 0.911 & 0.955 & 13 & 0.0082 & 0.0043 & [1.0e-04, 2.0e-04, 1.0e-03, 2.0e-03, 1.0e-02] & [128, 256] \\
human\_ocr\_ensembl & Caduceus & 1.0e-03 & 128 & 0.635 & 0.817 & 7 & 0.0062 & 0.0033 & [1.0e-05, 1.0e-04, 5.0e-04, 1.0e-03, 2.0e-03] & [128, 256] \\
human\_ocr\_ensembl & HyenaDNA & 6.0e-04 & 256 & 0.605 & 0.802 & 13 & 0.0037 & 0.0020 & [6.0e-05, 6.0e-04, 6.0e-03] & [128, 256] \\
human\_ocr\_ensembl & Mamba-bpe & 5.0e-05 & 128 & 0.545 & 0.772 & 13 & 0.0052 & 0.0026 & [1.0e-05, 2.0e-05, 5.0e-05, 1.0e-04] & [128, 256] \\
human\_ocr\_ensembl & Mamba-char & 2.0e-03 & 256 & 0.632 & 0.816 & 13 & 0.0035 & 0.0017 & [1.0e-04, 2.0e-04, 1.0e-03, 2.0e-03, 1.0e-02] & [128, 256] \\
\bottomrule
\end{tabular}
\end{table}
\end{landscape}

Table saved to: ../ss_tables/latex_table_gb_ss.tex (1 page(s))

================================================================================
Processing benchmark: GUE
================================================================================
\begin{landscape}
\begin{table}[]
\caption{Best hyperparameters for GUE benchmark (Part 1 of 2)}
\label{table:hp_gue1}
\begin{tabular}{@{}lcccccccccc@{}}
\toprule
Task & Model & LR & BS & MCC & Acc & N & MCC SD & Acc SD & LR Range & BS Range \\ \midrule
covid & Caduceus & 3.0e-04 & 128 & 0.630 & 0.672 & 4 & 0.0150 & 0.0135 & [8.0e-05, 1.0e-04, 3.0e-04, 5.0e-04, 8.0e-04, 1.0e-03, 2.0e-03] & [128, 256, 512] \\
covid & HyenaDNA & 6.0e-05 & 128 & 0.620 & 0.663 & 11 & 0.0205 & 0.0180 & [6.0e-05, 6.0e-04, 6.0e-03] & [128, 256] \\
covid & Mamba-bpe & 2.0e-04 & 128 & 0.652 & 0.691 & 13 & 0.0243 & 0.0232 & [5.0e-05, 1.0e-04, 2.0e-04, 1.0e-03] & [128, 256] \\
covid & Mamba-char & 2.0e-04 & 128 & 0.576 & 0.625 & 10 & 0.0110 & 0.0097 & [5.0e-05, 1.0e-04, 2.0e-04] & [128, 256] \\
mouse\_0 & Caduceus & 2.0e-03 & 128 & 0.610 & 0.803 & 10 & 0.0151 & 0.0080 & [1.0e-05, 1.0e-04, 5.0e-04, 1.0e-03, 2.0e-03] & [128, 256] \\
mouse\_0 & HyenaDNA & 6.0e-04 & 256 & 0.523 & 0.760 & 10 & 0.0220 & 0.0129 & [6.0e-05, 6.0e-04, 6.0e-03] & [128, 256] \\
mouse\_0 & Mamba-bpe & 1.0e-04 & 128 & 0.507 & 0.752 & 13 & 0.0161 & 0.0082 & [1.0e-05, 2.0e-05, 5.0e-05, 1.0e-04, 2.0e-04, 6.0e-04] & [128, 256] \\
mouse\_0 & Mamba-char & 2.0e-04 & 128 & 0.465 & 0.731 & 10 & 0.0185 & 0.0097 & [5.0e-05, 1.0e-04, 2.0e-04] & [128, 256] \\
mouse\_1 & Caduceus & 1.0e-03 & 128 & 0.845 & 0.923 & 10 & 0.0048 & 0.0025 & [1.0e-05, 1.0e-04, 5.0e-04, 1.0e-03, 2.0e-03] & [128, 256] \\
mouse\_1 & HyenaDNA & 6.0e-04 & 256 & 0.824 & 0.911 & 10 & 0.0036 & 0.0020 & [6.0e-05, 6.0e-04, 6.0e-03] & [128, 256] \\
mouse\_1 & Mamba-bpe & 2.0e-04 & 256 & 0.801 & 0.900 & 13 & 0.0055 & 0.0027 & [1.0e-05, 2.0e-05, 5.0e-05, 1.0e-04, 2.0e-04] & [128, 256] \\
mouse\_1 & Mamba-char & 2.0e-04 & 256 & 0.795 & 0.897 & 10 & 0.0035 & 0.0016 & [5.0e-05, 1.0e-04, 2.0e-04] & [128, 256] \\
mouse\_2 & Caduceus & 2.0e-03 & 128 & 0.845 & 0.921 & 7 & 0.0167 & 0.0081 & [1.0e-05, 1.0e-04, 2.0e-04, 5.0e-04, 1.0e-03, 2.0e-03] & [128, 256] \\
mouse\_2 & HyenaDNA & 6.0e-04 & 128 & 0.801 & 0.899 & 10 & 0.0320 & 0.0162 & [6.0e-05, 6.0e-04, 6.0e-03] & [128, 256] \\
mouse\_2 & Mamba-bpe & 2.0e-04 & 128 & 0.772 & 0.885 & 13 & 0.0212 & 0.0107 & [1.0e-05, 2.0e-05, 5.0e-05, 1.0e-04, 2.0e-04, 2.0e-03] & [128, 256] \\
mouse\_2 & Mamba-char & 2.0e-04 & 128 & 0.701 & 0.849 & 17 & 0.0274 & 0.0135 & [1.0e-04, 2.0e-04] & [128, 256] \\
mouse\_3 & Caduceus & 2.0e-03 & 128 & 0.827 & 0.911 & 10 & 0.0215 & 0.0108 & [1.0e-05, 1.0e-04, 5.0e-04, 1.0e-03, 2.0e-03] & [128, 256] \\
mouse\_3 & HyenaDNA & 6.0e-04 & 128 & 0.737 & 0.866 & 10 & 0.0477 & 0.0227 & [6.0e-05, 6.0e-04, 6.0e-03] & [128, 256] \\
mouse\_3 & Mamba-bpe & 2.0e-04 & 128 & 0.588 & 0.792 & 13 & 0.0471 & 0.0246 & [1.0e-05, 2.0e-05, 5.0e-05, 1.0e-04, 2.0e-04, 2.0e-03] & [128, 256] \\
mouse\_3 & Mamba-char & 2.0e-04 & 128 & 0.501 & 0.741 & 10 & 0.0283 & 0.0131 & [5.0e-05, 1.0e-04, 2.0e-04] & [128, 256] \\
mouse\_4 & Caduceus & 2.0e-03 & 256 & 0.496 & 0.746 & 10 & 0.0075 & 0.0045 & [1.0e-05, 1.0e-04, 5.0e-04, 1.0e-03, 2.0e-03] & [128, 256] \\
mouse\_4 & HyenaDNA & 6.0e-04 & 128 & 0.468 & 0.733 & 10 & 0.0159 & 0.0080 & [6.0e-05, 6.0e-04, 6.0e-03] & [128, 256] \\
mouse\_4 & Mamba-bpe & 5.0e-05 & 128 & 0.418 & 0.709 & 13 & 0.0128 & 0.0067 & [1.0e-05, 2.0e-05, 5.0e-05, 1.0e-04, 2.0e-04] & [128, 256] \\
mouse\_4 & Mamba-char & 2.0e-04 & 128 & 0.423 & 0.711 & 10 & 0.0165 & 0.0079 & [5.0e-05, 1.0e-04, 2.0e-04] & [128, 256] \\
prom\_300\_all & Caduceus & 5.0e-04 & 128 & 0.821 & 0.910 & 10 & 0.0054 & 0.0026 & [1.0e-05, 1.0e-04, 5.0e-04, 1.0e-03, 2.0e-03] & [128, 256] \\
prom\_300\_all & HyenaDNA & 6.0e-04 & 128 & 0.826 & 0.912 & 10 & 0.0052 & 0.0026 & [6.0e-05, 6.0e-04, 6.0e-03] & [128, 256] \\
prom\_300\_all & Mamba-bpe & 5.0e-05 & 256 & 0.810 & 0.904 & 13 & 0.0032 & 0.0016 & [1.0e-05, 2.0e-05, 5.0e-05, 1.0e-04, 2.0e-04] & [128, 256] \\
prom\_300\_all & Mamba-char & 1.0e-04 & 128 & 0.818 & 0.909 & 10 & 0.0065 & 0.0031 & [5.0e-05, 1.0e-04, 2.0e-04] & [128, 256] \\
prom\_300\_notata & Caduceus & 1.0e-03 & 128 & 0.928 & 0.964 & 10 & 0.0021 & 0.0011 & [1.0e-05, 1.0e-04, 5.0e-04, 1.0e-03, 2.0e-03] & [128, 256] \\
prom\_300\_notata & HyenaDNA & 6.0e-04 & 256 & 0.918 & 0.959 & 10 & 0.0054 & 0.0027 & [6.0e-05, 6.0e-04, 6.0e-03] & [128, 256] \\
prom\_300\_notata & Mamba-bpe & 5.0e-05 & 128 & 0.911 & 0.955 & 13 & 0.0046 & 0.0024 & [1.0e-05, 2.0e-05, 5.0e-05, 1.0e-04, 2.0e-04] & [128, 256] \\
prom\_300\_notata & Mamba-char & 2.0e-04 & 128 & 0.917 & 0.958 & 10 & 0.0027 & 0.0014 & [5.0e-05, 1.0e-04, 2.0e-04] & [128, 256] \\
prom\_300\_tata & Caduceus & 2.0e-03 & 128 & 0.581 & 0.789 & 10 & 0.0317 & 0.0162 & [1.0e-05, 1.0e-04, 5.0e-04, 1.0e-03, 2.0e-03] & [128, 256] \\
prom\_300\_tata & HyenaDNA & 6.0e-04 & 128 & 0.466 & 0.732 & 10 & 0.0431 & 0.0221 & [6.0e-05, 6.0e-04, 6.0e-03] & [128, 256] \\
prom\_300\_tata & Mamba-bpe & 5.0e-05 & 128 & 0.310 & 0.655 & 13 & 0.0330 & 0.0156 & [1.0e-05, 2.0e-05, 5.0e-05, 1.0e-04, 2.0e-04] & [128, 256] \\
prom\_300\_tata & Mamba-char & 2.0e-04 & 128 & 0.334 & 0.667 & 10 & 0.0300 & 0.0158 & [5.0e-05, 1.0e-04, 2.0e-04] & [128, 256] \\
prom\_core\_all & Caduceus & 1.0e-03 & 256 & 0.656 & 0.828 & 10 & 0.0085 & 0.0040 & [1.0e-05, 1.0e-04, 5.0e-04, 1.0e-03, 2.0e-03] & [128, 256] \\
\bottomrule
\end{tabular}
\end{table}
\end{landscape}
\begin{landscape}
\begin{table}[]
\caption{Best hyperparameters for GUE benchmark (Part 2 of 2)}
\label{table:hp_gue2}
\begin{tabular}{@{}lcccccccccc@{}}
\toprule
Task & Model & LR & BS & MCC & Acc & N & MCC SD & Acc SD & LR Range & BS Range \\ \midrule
prom\_core\_all & HyenaDNA & 6.0e-04 & 256 & 0.626 & 0.813 & 10 & 0.0077 & 0.0039 & [6.0e-05, 6.0e-04, 6.0e-03] & [128, 256] \\
prom\_core\_all & Mamba-bpe & 1.0e-04 & 128 & 0.596 & 0.798 & 13 & 0.0089 & 0.0044 & [1.0e-05, 2.0e-05, 5.0e-05, 1.0e-04, 2.0e-04, 5.0e-04] & [128, 256] \\
prom\_core\_all & Mamba-char & 2.0e-04 & 128 & 0.617 & 0.808 & 10 & 0.0069 & 0.0034 & [5.0e-05, 1.0e-04, 2.0e-04] & [128, 256] \\
prom\_core\_notata & Caduceus & 2.0e-03 & 256 & 0.675 & 0.836 & 10 & 0.0074 & 0.0047 & [1.0e-05, 1.0e-04, 5.0e-04, 1.0e-03, 2.0e-03] & [128, 256] \\
prom\_core\_notata & HyenaDNA & 6.0e-04 & 256 & 0.664 & 0.832 & 10 & 0.0036 & 0.0018 & [6.0e-05, 6.0e-04, 6.0e-03] & [128, 256] \\
prom\_core\_notata & Mamba-bpe & 5.0e-05 & 256 & 0.652 & 0.826 & 13 & 0.0066 & 0.0033 & [1.0e-05, 2.0e-05, 5.0e-05, 1.0e-04, 2.0e-04] & [128, 256] \\
prom\_core\_notata & Mamba-char & 2.0e-04 & 128 & 0.654 & 0.827 & 10 & 0.0042 & 0.0021 & [5.0e-05, 1.0e-04, 2.0e-04] & [128, 256] \\
prom\_core\_tata & Caduceus & 2.0e-03 & 128 & 0.595 & 0.794 & 10 & 0.1272 & 0.0675 & [1.0e-05, 1.0e-04, 2.0e-04, 5.0e-04, 1.0e-03, 2.0e-03] & [128, 256] \\
prom\_core\_tata & HyenaDNA & 6.0e-04 & 128 & 0.465 & 0.732 & 11 & 0.0314 & 0.0157 & [6.0e-05, 6.0e-04, 6.0e-03] & [128, 256] \\
prom\_core\_tata & Mamba-bpe & 2.0e-04 & 256 & 0.424 & 0.711 & 13 & 0.0279 & 0.0142 & [1.0e-05, 2.0e-05, 5.0e-05, 1.0e-04, 2.0e-04] & [128, 256] \\
prom\_core\_tata & Mamba-char & 2.0e-04 & 128 & 0.540 & 0.769 & 18 & 0.0177 & 0.0090 & [5.0e-05, 1.0e-04, 2.0e-04] & [128, 256] \\
reconstructed & Caduceus & 1.0e-03 & 256 & 0.816 & 0.893 & 10 & 0.0248 & 0.0144 & [1.0e-04, 1.0e-03, 2.0e-03] & [128, 256] \\
reconstructed & HyenaDNA & 6.0e-04 & 128 & 0.820 & 0.895 & 10 & 0.0119 & 0.0067 & [6.0e-05, 6.0e-04, 6.0e-03] & [128, 256] \\
reconstructed & Mamba-bpe & 2.0e-04 & 128 & 0.614 & 0.776 & 13 & 0.0157 & 0.0088 & [5.0e-05, 1.0e-04, 2.0e-04] & [128, 256] \\
reconstructed & Mamba-char & 2.0e-04 & 128 & 0.664 & 0.804 & 10 & 0.0249 & 0.0151 & [5.0e-05, 1.0e-04, 2.0e-04] & [128, 256] \\
tf\_0 & Caduceus & 5.0e-04 & 256 & 0.664 & 0.826 & 10 & 0.0134 & 0.0087 & [1.0e-05, 1.0e-04, 5.0e-04, 1.0e-03, 2.0e-03] & [128, 256] \\
tf\_0 & HyenaDNA & 6.0e-05 & 256 & 0.671 & 0.830 & 12 & 0.0082 & 0.0055 & [6.0e-05, 6.0e-04, 6.0e-03] & [128, 256] \\
tf\_0 & Mamba-bpe & 1.0e-04 & 256 & 0.643 & 0.815 & 13 & 0.0165 & 0.0100 & [5.0e-05, 1.0e-04, 2.0e-04, 1.0e-03] & [128, 256] \\
tf\_0 & Mamba-char & 2.0e-04 & 256 & 0.671 & 0.830 & 10 & 0.0128 & 0.0067 & [5.0e-05, 1.0e-04, 2.0e-04] & [128, 256] \\
tf\_1 & Caduceus & 1.0e-03 & 128 & 0.716 & 0.852 & 10 & 0.0180 & 0.0095 & [1.0e-05, 1.0e-04, 5.0e-04, 1.0e-03, 2.0e-03] & [128, 256] \\
tf\_1 & HyenaDNA & 6.0e-05 & 256 & 0.706 & 0.848 & 12 & 0.0123 & 0.0088 & [6.0e-05, 6.0e-04, 6.0e-03] & [128, 256] \\
tf\_1 & Mamba-bpe & 2.0e-04 & 128 & 0.683 & 0.836 & 12 & 0.0154 & 0.0107 & [5.0e-05, 1.0e-04, 2.0e-04, 6.0e-04, 2.0e-03] & [128, 256] \\
tf\_1 & Mamba-char & 5.0e-05 & 128 & 0.691 & 0.840 & 10 & 0.0094 & 0.0052 & [5.0e-05, 1.0e-04, 2.0e-04] & [128, 256] \\
tf\_2 & Caduceus & 1.0e-03 & 128 & 0.705 & 0.847 & 10 & 0.0331 & 0.0188 & [1.0e-05, 1.0e-04, 5.0e-04, 1.0e-03, 2.0e-03] & [128, 256] \\
tf\_2 & HyenaDNA & 6.0e-04 & 128 & 0.671 & 0.833 & 11 & 0.0224 & 0.0113 & [6.0e-05, 6.0e-04, 6.0e-03] & [128, 256] \\
tf\_2 & Mamba-bpe & 1.0e-04 & 128 & 0.571 & 0.782 & 13 & 0.0140 & 0.0067 & [5.0e-05, 1.0e-04, 2.0e-04] & [128, 256] \\
tf\_2 & Mamba-char & 2.0e-04 & 128 & 0.613 & 0.802 & 10 & 0.0243 & 0.0137 & [5.0e-05, 1.0e-04, 2.0e-04] & [128, 256] \\
tf\_3 & Caduceus & 2.0e-03 & 128 & 0.539 & 0.766 & 10 & 0.0544 & 0.0275 & [1.0e-05, 1.0e-04, 5.0e-04, 1.0e-03, 2.0e-03] & [128, 256] \\
tf\_3 & HyenaDNA & 6.0e-04 & 128 & 0.519 & 0.757 & 11 & 0.0195 & 0.0100 & [6.0e-05, 6.0e-04, 6.0e-03] & [128, 256] \\
tf\_3 & Mamba-bpe & 1.0e-04 & 128 & 0.480 & 0.736 & 13 & 0.0169 & 0.0110 & [5.0e-05, 1.0e-04, 2.0e-04, 6.0e-04] & [128, 256] \\
tf\_3 & Mamba-char & 1.0e-04 & 128 & 0.485 & 0.739 & 10 & 0.0217 & 0.0107 & [5.0e-05, 1.0e-04, 2.0e-04] & [128, 256] \\
tf\_4 & Caduceus & 2.0e-03 & 128 & 0.786 & 0.892 & 10 & 0.0307 & 0.0153 & [1.0e-05, 1.0e-04, 5.0e-04, 1.0e-03, 2.0e-03] & [128, 256] \\
tf\_4 & HyenaDNA & 6.0e-04 & 128 & 0.749 & 0.874 & 10 & 0.0158 & 0.0079 & [6.0e-05, 6.0e-04, 6.0e-03] & [128, 256] \\
tf\_4 & Mamba-bpe & 2.0e-04 & 128 & 0.697 & 0.848 & 13 & 0.0208 & 0.0104 & [5.0e-05, 1.0e-04, 2.0e-04, 6.0e-04] & [128, 256] \\
tf\_4 & Mamba-char & 1.0e-04 & 256 & 0.706 & 0.851 & 10 & 0.0060 & 0.0031 & [5.0e-05, 1.0e-04, 2.0e-04] & [128, 256] \\
\bottomrule
\end{tabular}
\end{table}
\end{landscape}

Table saved to: ../ss_tables/latex_table_gue_ss.tex (2 page(s))

================================================================================
Processing benchmark: NTv2
================================================================================
\begin{landscape}
\begin{table}[]
\caption{Best hyperparameters for Nucleotide Transformer (revised) benchmark (Part 1 of 2)}
\label{table:hp_ntv21}
\begin{tabular}{@{}lcccccccccc@{}}
\toprule
Task & Model & LR & BS & MCC & Acc & N & MCC SD & Acc SD & LR Range & BS Range \\ \midrule
H2AFZ & Caduceus & 1.0e-04 & 128 & 0.432 & 0.708 & 7 & 0.0035 & 0.0012 & [1.0e-05, 1.0e-04, 1.0e-03, 2.0e-03, 8.0e-03, 1.0e-02] & [128, 256] \\
H2AFZ & HyenaDNA & 6.0e-04 & 128 & 0.413 & 0.702 & 13 & 0.0073 & 0.0035 & [6.0e-05, 2.0e-04, 6.0e-04, 6.0e-03] & [128, 256] \\
H2AFZ & Mamba-bpe & 5.0e-05 & 128 & 0.405 & 0.693 & 13 & 0.0128 & 0.0089 & [5.0e-05, 1.0e-04, 2.0e-04] & [128, 256] \\
H2AFZ & Mamba-char & 5.0e-04 & 128 & 0.392 & 0.688 & 18 & 0.0149 & 0.0107 & [1.0e-04, 3.0e-04, 5.0e-04, 1.0e-03, 2.0e-03, 1.0e-02] & [128, 256] \\
H3K27ac & Caduceus & 1.0e-03 & 128 & 0.467 & 0.733 & 3 & 0.0323 & 0.0162 & [1.0e-05, 1.0e-04, 1.0e-03, 2.0e-03, 8.0e-03, 1.0e-02] & [128, 256] \\
H3K27ac & HyenaDNA & 6.0e-05 & 256 & 0.421 & 0.707 & 13 & 0.0133 & 0.0078 & [6.0e-05, 2.0e-04, 6.0e-04, 6.0e-03] & [128, 256] \\
H3K27ac & Mamba-bpe & 5.0e-05 & 256 & 0.392 & 0.693 & 14 & 0.0145 & 0.0055 & [5.0e-05, 1.0e-04, 2.0e-04] & [128, 256] \\
H3K27ac & Mamba-char & 1.0e-04 & 256 & 0.418 & 0.705 & 18 & 0.0125 & 0.0101 & [1.0e-04, 3.0e-04, 5.0e-04, 1.0e-03, 2.0e-03, 1.0e-02] & [128, 256] \\
H3K27me3 & Caduceus & 1.0e-03 & 128 & 0.551 & 0.763 & 3 & 0.0072 & 0.0047 & [1.0e-05, 1.0e-04, 1.0e-03, 2.0e-03, 8.0e-03, 1.0e-02] & [128, 256] \\
H3K27me3 & HyenaDNA & 6.0e-05 & 256 & 0.542 & 0.764 & 13 & 0.0133 & 0.0078 & [6.0e-05, 2.0e-04, 6.0e-04, 6.0e-03] & [128, 256] \\
H3K27me3 & Mamba-bpe & 5.0e-05 & 128 & 0.530 & 0.752 & 13 & 0.0096 & 0.0068 & [5.0e-05, 1.0e-04, 2.0e-04] & [128, 256] \\
H3K27me3 & Mamba-char & 5.0e-04 & 128 & 0.535 & 0.757 & 18 & 0.0105 & 0.0083 & [1.0e-04, 3.0e-04, 5.0e-04, 1.0e-03, 2.0e-03, 1.0e-02] & [128, 256] \\
H3K36me3 & Caduceus & 1.0e-03 & 256 & 0.531 & 0.760 & 3 & 0.0179 & 0.0076 & [1.0e-05, 1.0e-04, 1.0e-03, 2.0e-03, 8.0e-03, 1.0e-02] & [128, 256] \\
H3K36me3 & HyenaDNA & 6.0e-04 & 256 & 0.504 & 0.746 & 13 & 0.0079 & 0.0059 & [6.0e-05, 2.0e-04, 6.0e-04, 6.0e-03] & [128, 256] \\
H3K36me3 & Mamba-bpe & 5.0e-05 & 128 & 0.489 & 0.738 & 13 & 0.0096 & 0.0058 & [5.0e-05, 1.0e-04, 2.0e-04, 3.0e-04] & [128, 256] \\
H3K36me3 & Mamba-char & 3.0e-04 & 128 & 0.486 & 0.737 & 18 & 0.0122 & 0.0088 & [1.0e-04, 3.0e-04, 5.0e-04, 1.0e-03, 2.0e-03, 1.0e-02] & [128, 256] \\
H3K4me1 & Caduceus & 1.0e-03 & 128 & 0.429 & 0.706 & 11 & 0.0082 & 0.0101 & [1.0e-05, 1.0e-04, 1.0e-03, 2.0e-03, 8.0e-03, 1.0e-02] & [128, 256] \\
H3K4me1 & HyenaDNA & 6.0e-04 & 128 & 0.403 & 0.695 & 11 & 0.0074 & 0.0041 & [6.0e-05, 2.0e-04, 6.0e-04, 6.0e-03] & [128, 256] \\
H3K4me1 & Mamba-bpe & 5.0e-05 & 128 & 0.406 & 0.693 & 13 & 0.0095 & 0.0053 & [5.0e-05, 1.0e-04, 2.0e-04] & [128, 256] \\
H3K4me1 & Mamba-char & 1.0e-04 & 128 & 0.405 & 0.692 & 18 & 0.0101 & 0.0054 & [1.0e-04, 3.0e-04, 5.0e-04, 1.0e-03, 2.0e-03, 1.0e-02] & [128, 256] \\
H3K4me2 & Caduceus & 1.0e-03 & 128 & 0.485 & 0.736 & 7 & 0.0196 & 0.0121 & [1.0e-05, 1.0e-04, 1.0e-03, 2.0e-03, 8.0e-03, 1.0e-02] & [128, 256] \\
H3K4me2 & HyenaDNA & 6.0e-04 & 128 & 0.477 & 0.732 & 13 & 0.0146 & 0.0091 & [6.0e-05, 2.0e-04, 6.0e-04, 6.0e-03] & [128, 256] \\
H3K4me2 & Mamba-bpe & 5.0e-05 & 256 & 0.470 & 0.729 & 14 & 0.0144 & 0.0103 & [5.0e-05, 1.0e-04, 2.0e-04] & [128, 256] \\
H3K4me2 & Mamba-char & 1.0e-04 & 256 & 0.456 & 0.724 & 18 & 0.0143 & 0.0080 & [1.0e-04, 3.0e-04, 5.0e-04, 1.0e-03, 2.0e-03, 1.0e-02] & [128, 256] \\
H3K4me3 & Caduceus & 1.0e-04 & 128 & 0.623 & 0.811 & 10 & 0.0086 & 0.0045 & [1.0e-05, 1.0e-04, 1.0e-03, 2.0e-03, 8.0e-03, 1.0e-02] & [128, 256] \\
H3K4me3 & HyenaDNA & 6.0e-04 & 256 & 0.600 & 0.799 & 11 & 0.0127 & 0.0057 & [6.0e-05, 2.0e-04, 6.0e-04, 6.0e-03] & [128, 256] \\
H3K4me3 & Mamba-bpe & 5.0e-05 & 256 & 0.601 & 0.800 & 13 & 0.0158 & 0.0080 & [5.0e-05, 1.0e-04, 2.0e-04] & [128, 256] \\
H3K4me3 & Mamba-char & 1.0e-04 & 256 & 0.606 & 0.802 & 18 & 0.0137 & 0.0073 & [1.0e-04, 3.0e-04, 5.0e-04, 1.0e-03, 2.0e-03, 1.0e-02] & [128, 256] \\
H3K9ac & Caduceus & 1.0e-04 & 256 & 0.512 & 0.755 & 3 & 0.0039 & 0.0023 & [1.0e-05, 1.0e-04, 1.0e-03, 2.0e-03, 8.0e-03, 1.0e-02] & [128, 256] \\
H3K9ac & HyenaDNA & 2.0e-04 & 256 & 0.505 & 0.751 & 12 & 0.0117 & 0.0068 & [6.0e-05, 2.0e-04, 6.0e-04, 6.0e-03] & [128, 256] \\
H3K9ac & Mamba-bpe & 5.0e-05 & 128 & 0.477 & 0.737 & 13 & 0.0212 & 0.0103 & [5.0e-05, 1.0e-04, 2.0e-04] & [128, 256] \\
H3K9ac & Mamba-char & 5.0e-04 & 128 & 0.502 & 0.749 & 18 & 0.0193 & 0.0101 & [1.0e-04, 3.0e-04, 5.0e-04, 1.0e-03, 2.0e-03, 1.0e-02] & [128, 256] \\
H3K9me3 & Caduceus & 1.0e-03 & 256 & 0.395 & 0.697 & 3 & 0.0215 & 0.0105 & [1.0e-05, 1.0e-04, 1.0e-03, 2.0e-03, 8.0e-03, 1.0e-02] & [128, 256] \\
H3K9me3 & HyenaDNA & 6.0e-04 & 256 & 0.370 & 0.681 & 13 & 0.0308 & 0.0164 & [6.0e-05, 2.0e-04, 6.0e-04, 6.0e-03] & [128, 256] \\
H3K9me3 & Mamba-bpe & 1.0e-04 & 128 & 0.290 & 0.643 & 13 & 0.0285 & 0.0144 & [5.0e-05, 1.0e-04, 2.0e-04] & [128, 256] \\
H3K9me3 & Mamba-char & 3.0e-04 & 128 & 0.340 & 0.668 & 18 & 0.0168 & 0.0089 & [1.0e-04, 3.0e-04, 5.0e-04, 1.0e-03, 2.0e-03, 1.0e-02] & [128, 256] \\
H4K20me1 & Caduceus & 1.0e-03 & 128 & 0.589 & 0.788 & 3 & 0.0059 & 0.0024 & [1.0e-05, 1.0e-04, 1.0e-03, 2.0e-03, 8.0e-03, 1.0e-02] & [128, 256] \\
\bottomrule
\end{tabular}
\end{table}
\end{landscape}
\begin{landscape}
\begin{table}[]
\caption{Best hyperparameters for Nucleotide Transformer (revised) benchmark (Part 2 of 2)}
\label{table:hp_ntv22}
\begin{tabular}{@{}lcccccccccc@{}}
\toprule
Task & Model & LR & BS & MCC & Acc & N & MCC SD & Acc SD & LR Range & BS Range \\ \midrule
H4K20me1 & HyenaDNA & 6.0e-05 & 256 & 0.574 & 0.782 & 13 & 0.0137 & 0.0086 & [6.0e-05, 2.0e-04, 6.0e-04, 6.0e-03] & [128, 256] \\
H4K20me1 & Mamba-bpe & 5.0e-05 & 256 & 0.544 & 0.766 & 14 & 0.0090 & 0.0066 & [5.0e-05, 1.0e-04, 2.0e-04] & [128, 256] \\
H4K20me1 & Mamba-char & 5.0e-04 & 256 & 0.560 & 0.775 & 18 & 0.0105 & 0.0085 & [1.0e-04, 3.0e-04, 5.0e-04, 1.0e-03, 2.0e-03, 1.0e-02] & [128, 256] \\
enhancers & Caduceus & 1.0e-03 & 128 & 0.505 & 0.745 & 10 & 0.0083 & 0.0082 & [1.0e-05, 1.0e-04, 1.0e-03, 2.0e-03, 8.0e-03, 1.0e-02] & [128, 256] \\
enhancers & HyenaDNA & 2.0e-04 & 256 & 0.492 & 0.740 & 13 & 0.0108 & 0.0044 & [6.0e-05, 2.0e-04, 6.0e-04, 6.0e-03] & [128, 256] \\
enhancers & Mamba-bpe & 5.0e-05 & 256 & 0.487 & 0.736 & 13 & 0.0079 & 0.0057 & [5.0e-05, 1.0e-04, 2.0e-04] & [128, 256] \\
enhancers & Mamba-char & 2.0e-03 & 256 & 0.489 & 0.737 & 13 & 0.0111 & 0.0049 & [1.0e-03, 2.0e-03, 1.0e-02] & [128, 256] \\
enhancers\_types & Caduceus & 1.0e-03 & 128 & 0.461 & 0.709 & 10 & 0.0101 & 0.0110 & [1.0e-05, 1.0e-04, 1.0e-03, 2.0e-03, 8.0e-03, 1.0e-02] & [128, 256] \\
enhancers\_types & HyenaDNA & 2.0e-04 & 256 & 0.447 & 0.703 & 11 & 0.0114 & 0.0065 & [6.0e-05, 2.0e-04, 6.0e-04, 6.0e-03] & [128, 256] \\
enhancers\_types & Mamba-bpe & 5.0e-05 & 256 & 0.449 & 0.700 & 13 & 0.0101 & 0.0056 & [5.0e-05, 1.0e-04, 2.0e-04] & [128, 256] \\
enhancers\_types & Mamba-char & 2.0e-03 & 128 & 0.462 & 0.709 & 18 & 0.0091 & 0.0075 & [1.0e-03, 2.0e-03, 1.0e-02] & [128, 256] \\
promoter\_all & Caduceus & 1.0e-05 & 128 & 0.718 & 0.859 & 10 & 0.0045 & 0.0021 & [1.0e-05, 1.0e-04, 1.0e-03, 2.0e-03, 8.0e-03, 1.0e-02] & [128, 256] \\
promoter\_all & HyenaDNA & 6.0e-05 & 128 & 0.708 & 0.854 & 11 & 0.0102 & 0.0051 & [6.0e-05, 2.0e-04, 6.0e-04, 6.0e-03] & [128, 256] \\
promoter\_all & Mamba-bpe & 2.0e-04 & 128 & 0.698 & 0.848 & 13 & 0.0112 & 0.0056 & [5.0e-05, 1.0e-04, 2.0e-04] & [128, 256] \\
promoter\_all & Mamba-char & 2.0e-03 & 128 & 0.711 & 0.854 & 13 & 0.0086 & 0.0043 & [1.0e-03, 2.0e-03, 1.0e-02] & [128, 256] \\
promoter\_no\_tata & Caduceus & 1.0e-04 & 128 & 0.738 & 0.868 & 10 & 0.0081 & 0.0046 & [1.0e-05, 1.0e-04, 1.0e-03, 2.0e-03, 8.0e-03, 1.0e-02] & [128, 256] \\
promoter\_no\_tata & HyenaDNA & 6.0e-05 & 256 & 0.735 & 0.867 & 13 & 0.0052 & 0.0030 & [6.0e-05, 2.0e-04, 6.0e-04, 6.0e-03] & [128, 256] \\
promoter\_no\_tata & Mamba-bpe & 5.0e-05 & 256 & 0.727 & 0.863 & 13 & 0.0086 & 0.0043 & [5.0e-05, 1.0e-04, 2.0e-04] & [128, 256] \\
promoter\_no\_tata & Mamba-char & 2.0e-03 & 128 & 0.733 & 0.866 & 13 & 0.0097 & 0.0048 & [1.0e-03, 2.0e-03, 1.0e-02] & [128, 256] \\
promoter\_tata & Caduceus & 1.0e-03 & 128 & 0.838 & 0.919 & 10 & 0.0347 & 0.0173 & [1.0e-05, 1.0e-04, 1.0e-03, 2.0e-03, 8.0e-03, 1.0e-02] & [128, 256] \\
promoter\_tata & HyenaDNA & 2.0e-04 & 128 & 0.671 & 0.834 & 11 & 0.0328 & 0.0164 & [6.0e-05, 2.0e-04, 6.0e-04, 6.0e-03] & [128, 256] \\
promoter\_tata & Mamba-bpe & 2.0e-04 & 256 & 0.621 & 0.808 & 13 & 0.0318 & 0.0168 & [5.0e-05, 1.0e-04, 2.0e-04] & [128, 256] \\
promoter\_tata & Mamba-char & 1.0e-03 & 128 & 0.676 & 0.836 & 13 & 0.0403 & 0.0207 & [1.0e-03, 2.0e-03, 1.0e-02] & [128, 256] \\
splice\_sites\_acceptors & Caduceus & 1.0e-03 & 128 & 0.873 & 0.937 & 10 & 0.0090 & 0.0045 & [1.0e-05, 1.0e-04, 1.0e-03, 2.0e-03, 8.0e-03, 1.0e-02] & [128, 256] \\
splice\_sites\_acceptors & HyenaDNA & 6.0e-04 & 128 & 0.887 & 0.944 & 13 & 0.0164 & 0.0081 & [6.0e-05, 2.0e-04, 6.0e-04, 6.0e-03] & [128, 256] \\
splice\_sites\_acceptors & Mamba-bpe & 2.0e-04 & 128 & 0.607 & 0.802 & 13 & 0.0290 & 0.0159 & [5.0e-05, 1.0e-04, 2.0e-04] & [128, 256] \\
splice\_sites\_acceptors & Mamba-char & 2.0e-03 & 128 & 0.902 & 0.951 & 13 & 0.0072 & 0.0036 & [1.0e-03, 2.0e-03, 1.0e-02] & [128, 256] \\
splice\_sites\_all & Caduceus & 1.0e-03 & 128 & 0.911 & 0.941 & 10 & 0.0102 & 0.0068 & [1.0e-05, 1.0e-04, 1.0e-03, 2.0e-03, 8.0e-03, 1.0e-02] & [128, 256] \\
splice\_sites\_all & HyenaDNA & 6.0e-04 & 128 & 0.909 & 0.939 & 13 & 0.0155 & 0.0103 & [6.0e-05, 2.0e-04, 6.0e-04, 6.0e-03] & [128, 256] \\
splice\_sites\_all & Mamba-bpe & 2.0e-04 & 128 & 0.705 & 0.803 & 13 & 0.0126 & 0.0089 & [5.0e-05, 1.0e-04, 2.0e-04] & [128, 256] \\
splice\_sites\_all & Mamba-char & 2.0e-03 & 128 & 0.930 & 0.953 & 13 & 0.0057 & 0.0039 & [1.0e-03, 2.0e-03, 1.0e-02] & [128, 256] \\
splice\_sites\_donors & Caduceus & 1.0e-03 & 256 & 0.880 & 0.940 & 3 & 0.0164 & 0.0082 & [1.0e-05, 1.0e-04, 1.0e-03, 2.0e-03, 8.0e-03, 1.0e-02] & [128, 256] \\
splice\_sites\_donors & HyenaDNA & 6.0e-04 & 128 & 0.919 & 0.960 & 13 & 0.0305 & 0.0153 & [6.0e-05, 2.0e-04, 6.0e-04, 6.0e-03] & [128, 256] \\
splice\_sites\_donors & Mamba-bpe & 2.0e-04 & 128 & 0.598 & 0.797 & 13 & 0.0173 & 0.0096 & [5.0e-05, 1.0e-04, 2.0e-04] & [128, 256] \\
splice\_sites\_donors & Mamba-char & 2.0e-03 & 128 & 0.919 & 0.960 & 18 & 0.0534 & 0.0268 & [1.0e-03, 2.0e-03, 1.0e-02] & [128, 256] \\
\bottomrule
\end{tabular}
\end{table}
\end{landscape}

Table saved to: ../ss_tables/latex_table_ntv2_ss.tex (2 page(s))


=== SUMMARY TABLE ===

\begin{table}[]
\caption{Summary of state space model benchmarks}
\label{table:ss_benchmark_summary}
\begin{tabular}{@{}lcccccc@{}}
\toprule
Benchmark & Tasks & Models & Total Exp. & Valid Exp. & Avg MCC & Avg Acc \\ \midrule
GB & 7 & 4 & 997 & 952 & 0.612 & 0.794 \\
GUE & 18 & 4 & 2396 & 2371 & 0.566 & 0.762 \\
NTv2 & 18 & 4 & 3304 & 3000 & 0.496 & 0.739 \\
\bottomrule
\end{tabular}
\end{table}
