Creating MCC heatmap...
================================================================================
Heatmap saved to: ../results_figures/Horizontal_Heatmap.pdf
SVG version saved to: ../results_figures/Horizontal_Heatmap.svg

Heatmap created with 44 tasks and 9 models
MCC range: 0.000 to 0.973

Included benchmarks: GB, GUE, NTv2 (excluding NTv1 emp_ tasks and phage_fragments)

Tasks with missing data (zeros):
  prom_core_all: ['CNN']
  prom_core_notata: ['CNN']
  prom_core_tata: ['CNN']
  prom_300_all: ['CNN']
  prom_300_notata: ['CNN']
  prom_300_tata: ['NT-kmer', 'CNN']
  human_tfp_0: ['CNN']
  human_tfp_1: ['CNN']
  human_tfp_2: ['CNN']
  human_tfp_3: ['CNN']
  human_tfp_4: ['CNN']
  mouse_tfp_0: ['CNN']
  mouse_tfp_1: ['CNN']
  mouse_tfp_2: ['CNN']
  mouse_tfp_3: ['CNN']
  mouse_tfp_4: ['CNN']
  splice_reconstructed: ['NT-kmer', 'CNN']
  covid_variant: ['CNN']
