Reading file: ../final_combined_ss_results/best_replicates_ss.csv

Total valid Mamba rows: 1091
Tasks with data: ['H2AFZ', 'H3K27ac', 'H3K27me3', 'H3K36me3', 'H3K4me1', 'H3K4me2', 'H3K4me3', 'H3K9ac', 'H3K9me3', 'H4K20me1', 'covid', 'demo_coding_vs_intergenomic', 'demo_human_or_worm', 'dummy_mouse_enhancers', 'enhancers', 'enhancers_types', 'human_enhancers_cohn', 'human_enhancers_ensembl', 'human_ensembl_regulatory', 'human_nontata_promoters', 'human_ocr_ensembl', 'mouse_0', 'mouse_1', 'mouse_2', 'mouse_3', 'mouse_4', 'prom_300_all', 'prom_300_notata', 'prom_300_tata', 'prom_core_all', 'prom_core_notata', 'prom_core_tata', 'promoter_all', 'promoter_no_tata', 'promoter_tata', 'reconstructed', 'splice_sites_acceptors', 'splice_sites_all', 'splice_sites_donors', 'tf_0', 'tf_1', 'tf_2', 'tf_3', 'tf_4']

Total number of tests for Bonferroni correction: 44
Bonferroni-corrected significance level: 0.0011

============================================================
Task: H2AFZ
  Mamba-bpe seeds (10): [np.int64(1), np.int64(2), np.int64(3), np.int64(4), np.int64(5), np.int64(6), np.int64(7), np.int64(8), np.int64(9), np.int64(10)]
  Mamba-char seeds (15): [np.int64(4), np.int64(5), np.int64(6), np.int64(7), np.int64(8), np.int64(9), np.int64(10), np.int64(11), np.int64(12), np.int64(13), np.int64(14), np.int64(15), np.int64(16), np.int64(17), np.int64(18)]
  Common seeds (7): [np.int64(4), np.int64(5), np.int64(6), np.int64(7), np.int64(8), np.int64(9), np.int64(10)]
  BPE-only seeds: [np.int64(1), np.int64(2), np.int64(3)]
  Char-only seeds: [np.int64(11), np.int64(12), np.int64(13), np.int64(14), np.int64(15), np.int64(16), np.int64(17), np.int64(18)]

============================================================
Task: H3K27ac
  Mamba-bpe seeds (9): [np.int64(1), np.int64(2), np.int64(3), np.int64(4), np.int64(5), np.int64(6), np.int64(7), np.int64(8), np.int64(9)]
  Mamba-char seeds (15): [np.int64(4), np.int64(5), np.int64(6), np.int64(7), np.int64(8), np.int64(9), np.int64(10), np.int64(11), np.int64(12), np.int64(13), np.int64(14), np.int64(15), np.int64(16), np.int64(17), np.int64(18)]
  Common seeds (6): [np.int64(4), np.int64(5), np.int64(6), np.int64(7), np.int64(8), np.int64(9)]
  BPE-only seeds: [np.int64(1), np.int64(2), np.int64(3)]
  Char-only seeds: [np.int64(10), np.int64(11), np.int64(12), np.int64(13), np.int64(14), np.int64(15), np.int64(16), np.int64(17), np.int64(18)]

============================================================
Task: H3K27me3
  Mamba-bpe seeds (10): [np.int64(1), np.int64(2), np.int64(3), np.int64(4), np.int64(5), np.int64(6), np.int64(7), np.int64(8), np.int64(9), np.int64(10)]
  Mamba-char seeds (15): [np.int64(4), np.int64(5), np.int64(6), np.int64(7), np.int64(8), np.int64(9), np.int64(10), np.int64(11), np.int64(12), np.int64(13), np.int64(14), np.int64(15), np.int64(16), np.int64(17), np.int64(18)]
  Common seeds (7): [np.int64(4), np.int64(5), np.int64(6), np.int64(7), np.int64(8), np.int64(9), np.int64(10)]
  BPE-only seeds: [np.int64(1), np.int64(2), np.int64(3)]
  Char-only seeds: [np.int64(11), np.int64(12), np.int64(13), np.int64(14), np.int64(15), np.int64(16), np.int64(17), np.int64(18)]

============================================================
Task: H3K36me3
  Mamba-bpe seeds (10): [np.int64(1), np.int64(2), np.int64(3), np.int64(4), np.int64(5), np.int64(6), np.int64(7), np.int64(8), np.int64(9), np.int64(10)]
  Mamba-char seeds (15): [np.int64(4), np.int64(5), np.int64(6), np.int64(7), np.int64(8), np.int64(9), np.int64(10), np.int64(11), np.int64(12), np.int64(13), np.int64(14), np.int64(15), np.int64(16), np.int64(17), np.int64(18)]
  Common seeds (7): [np.int64(4), np.int64(5), np.int64(6), np.int64(7), np.int64(8), np.int64(9), np.int64(10)]
  BPE-only seeds: [np.int64(1), np.int64(2), np.int64(3)]
  Char-only seeds: [np.int64(11), np.int64(12), np.int64(13), np.int64(14), np.int64(15), np.int64(16), np.int64(17), np.int64(18)]

============================================================
Task: H3K4me1
  Mamba-bpe seeds (10): [np.int64(1), np.int64(2), np.int64(3), np.int64(4), np.int64(5), np.int64(6), np.int64(7), np.int64(8), np.int64(9), np.int64(10)]
  Mamba-char seeds (15): [np.int64(4), np.int64(5), np.int64(6), np.int64(7), np.int64(8), np.int64(9), np.int64(10), np.int64(11), np.int64(12), np.int64(13), np.int64(14), np.int64(15), np.int64(16), np.int64(17), np.int64(18)]
  Common seeds (7): [np.int64(4), np.int64(5), np.int64(6), np.int64(7), np.int64(8), np.int64(9), np.int64(10)]
  BPE-only seeds: [np.int64(1), np.int64(2), np.int64(3)]
  Char-only seeds: [np.int64(11), np.int64(12), np.int64(13), np.int64(14), np.int64(15), np.int64(16), np.int64(17), np.int64(18)]

============================================================
Task: H3K4me2
  Mamba-bpe seeds (9): [np.int64(1), np.int64(2), np.int64(3), np.int64(4), np.int64(5), np.int64(6), np.int64(7), np.int64(8), np.int64(9)]
  Mamba-char seeds (15): [np.int64(4), np.int64(5), np.int64(6), np.int64(7), np.int64(8), np.int64(9), np.int64(10), np.int64(11), np.int64(12), np.int64(13), np.int64(14), np.int64(15), np.int64(16), np.int64(17), np.int64(18)]
  Common seeds (6): [np.int64(4), np.int64(5), np.int64(6), np.int64(7), np.int64(8), np.int64(9)]
  BPE-only seeds: [np.int64(1), np.int64(2), np.int64(3)]
  Char-only seeds: [np.int64(10), np.int64(11), np.int64(12), np.int64(13), np.int64(14), np.int64(15), np.int64(16), np.int64(17), np.int64(18)]

============================================================
Task: H3K4me3
  Mamba-bpe seeds (10): [np.int64(1), np.int64(2), np.int64(3), np.int64(4), np.int64(5), np.int64(6), np.int64(7), np.int64(8), np.int64(9), np.int64(10)]
  Mamba-char seeds (15): [np.int64(4), np.int64(5), np.int64(6), np.int64(7), np.int64(8), np.int64(9), np.int64(10), np.int64(11), np.int64(12), np.int64(13), np.int64(14), np.int64(15), np.int64(16), np.int64(17), np.int64(18)]
  Common seeds (7): [np.int64(4), np.int64(5), np.int64(6), np.int64(7), np.int64(8), np.int64(9), np.int64(10)]
  BPE-only seeds: [np.int64(1), np.int64(2), np.int64(3)]
  Char-only seeds: [np.int64(11), np.int64(12), np.int64(13), np.int64(14), np.int64(15), np.int64(16), np.int64(17), np.int64(18)]

============================================================
Task: H3K9ac
  Mamba-bpe seeds (10): [np.int64(1), np.int64(2), np.int64(3), np.int64(4), np.int64(5), np.int64(6), np.int64(7), np.int64(8), np.int64(9), np.int64(10)]
  Mamba-char seeds (15): [np.int64(4), np.int64(5), np.int64(6), np.int64(7), np.int64(8), np.int64(9), np.int64(10), np.int64(11), np.int64(12), np.int64(13), np.int64(14), np.int64(15), np.int64(16), np.int64(17), np.int64(18)]
  Common seeds (7): [np.int64(4), np.int64(5), np.int64(6), np.int64(7), np.int64(8), np.int64(9), np.int64(10)]
  BPE-only seeds: [np.int64(1), np.int64(2), np.int64(3)]
  Char-only seeds: [np.int64(11), np.int64(12), np.int64(13), np.int64(14), np.int64(15), np.int64(16), np.int64(17), np.int64(18)]

============================================================
Task: H3K9me3
  Mamba-bpe seeds (10): [np.int64(1), np.int64(2), np.int64(3), np.int64(4), np.int64(5), np.int64(6), np.int64(7), np.int64(8), np.int64(9), np.int64(10)]
  Mamba-char seeds (15): [np.int64(4), np.int64(5), np.int64(6), np.int64(7), np.int64(8), np.int64(9), np.int64(10), np.int64(11), np.int64(12), np.int64(13), np.int64(14), np.int64(15), np.int64(16), np.int64(17), np.int64(18)]
  Common seeds (7): [np.int64(4), np.int64(5), np.int64(6), np.int64(7), np.int64(8), np.int64(9), np.int64(10)]
  BPE-only seeds: [np.int64(1), np.int64(2), np.int64(3)]
  Char-only seeds: [np.int64(11), np.int64(12), np.int64(13), np.int64(14), np.int64(15), np.int64(16), np.int64(17), np.int64(18)]

============================================================
Task: H4K20me1
  Mamba-bpe seeds (9): [np.int64(1), np.int64(2), np.int64(3), np.int64(4), np.int64(5), np.int64(6), np.int64(7), np.int64(8), np.int64(9)]
  Mamba-char seeds (15): [np.int64(4), np.int64(5), np.int64(6), np.int64(7), np.int64(8), np.int64(9), np.int64(10), np.int64(11), np.int64(12), np.int64(13), np.int64(14), np.int64(15), np.int64(16), np.int64(17), np.int64(18)]
  Common seeds (6): [np.int64(4), np.int64(5), np.int64(6), np.int64(7), np.int64(8), np.int64(9)]
  BPE-only seeds: [np.int64(1), np.int64(2), np.int64(3)]
  Char-only seeds: [np.int64(10), np.int64(11), np.int64(12), np.int64(13), np.int64(14), np.int64(15), np.int64(16), np.int64(17), np.int64(18)]

============================================================
Task: covid
  Mamba-bpe seeds (10): [np.int64(1), np.int64(2), np.int64(3), np.int64(4), np.int64(5), np.int64(6), np.int64(7), np.int64(8), np.int64(9), np.int64(10)]
  Mamba-char seeds (10): [np.int64(1), np.int64(2), np.int64(3), np.int64(4), np.int64(5), np.int64(6), np.int64(7), np.int64(8), np.int64(9), np.int64(10)]
  Common seeds (10): [np.int64(1), np.int64(2), np.int64(3), np.int64(4), np.int64(5), np.int64(6), np.int64(7), np.int64(8), np.int64(9), np.int64(10)]
  BPE-only seeds: []
  Char-only seeds: []

============================================================
Task: demo_coding_vs_intergenomic
  Mamba-bpe seeds (10): [np.int64(1), np.int64(2), np.int64(3), np.int64(4), np.int64(5), np.int64(6), np.int64(7), np.int64(8), np.int64(9), np.int64(10)]
  Mamba-char seeds (10): [np.int64(1), np.int64(2), np.int64(3), np.int64(4), np.int64(5), np.int64(6), np.int64(7), np.int64(8), np.int64(9), np.int64(10)]
  Common seeds (10): [np.int64(1), np.int64(2), np.int64(3), np.int64(4), np.int64(5), np.int64(6), np.int64(7), np.int64(8), np.int64(9), np.int64(10)]
  BPE-only seeds: []
  Char-only seeds: []

============================================================
Task: demo_human_or_worm
  Mamba-bpe seeds (10): [np.int64(1), np.int64(2), np.int64(3), np.int64(4), np.int64(5), np.int64(6), np.int64(7), np.int64(8), np.int64(9), np.int64(10)]
  Mamba-char seeds (10): [np.int64(1), np.int64(2), np.int64(3), np.int64(4), np.int64(5), np.int64(6), np.int64(7), np.int64(8), np.int64(9), np.int64(10)]
  Common seeds (10): [np.int64(1), np.int64(2), np.int64(3), np.int64(4), np.int64(5), np.int64(6), np.int64(7), np.int64(8), np.int64(9), np.int64(10)]
  BPE-only seeds: []
  Char-only seeds: []

============================================================
Task: dummy_mouse_enhancers
  Mamba-bpe seeds (10): [np.int64(1), np.int64(2), np.int64(3), np.int64(4), np.int64(5), np.int64(6), np.int64(7), np.int64(8), np.int64(9), np.int64(10)]
  Mamba-char seeds (10): [np.int64(1), np.int64(2), np.int64(3), np.int64(4), np.int64(5), np.int64(6), np.int64(7), np.int64(8), np.int64(9), np.int64(10)]
  Common seeds (10): [np.int64(1), np.int64(2), np.int64(3), np.int64(4), np.int64(5), np.int64(6), np.int64(7), np.int64(8), np.int64(9), np.int64(10)]
  BPE-only seeds: []
  Char-only seeds: []

============================================================
Task: enhancers
  Mamba-bpe seeds (10): [np.int64(1), np.int64(2), np.int64(3), np.int64(4), np.int64(5), np.int64(6), np.int64(7), np.int64(8), np.int64(9), np.int64(10)]
  Mamba-char seeds (10): [np.int64(1), np.int64(2), np.int64(3), np.int64(4), np.int64(5), np.int64(6), np.int64(7), np.int64(8), np.int64(9), np.int64(10)]
  Common seeds (10): [np.int64(1), np.int64(2), np.int64(3), np.int64(4), np.int64(5), np.int64(6), np.int64(7), np.int64(8), np.int64(9), np.int64(10)]
  BPE-only seeds: []
  Char-only seeds: []

============================================================
Task: enhancers_types
  Mamba-bpe seeds (10): [np.int64(1), np.int64(2), np.int64(3), np.int64(4), np.int64(5), np.int64(6), np.int64(7), np.int64(8), np.int64(9), np.int64(10)]
  Mamba-char seeds (11): [np.int64(1), np.int64(2), np.int64(3), np.int64(11), np.int64(12), np.int64(13), np.int64(14), np.int64(15), np.int64(16), np.int64(17), np.int64(18)]
  Common seeds (3): [np.int64(1), np.int64(2), np.int64(3)]
  BPE-only seeds: [np.int64(4), np.int64(5), np.int64(6), np.int64(7), np.int64(8), np.int64(9), np.int64(10)]
  Char-only seeds: [np.int64(11), np.int64(12), np.int64(13), np.int64(14), np.int64(15), np.int64(16), np.int64(17), np.int64(18)]

============================================================
Task: human_enhancers_cohn
  Mamba-bpe seeds (10): [np.int64(1), np.int64(2), np.int64(3), np.int64(4), np.int64(5), np.int64(6), np.int64(7), np.int64(8), np.int64(9), np.int64(10)]
  Mamba-char seeds (10): [np.int64(1), np.int64(2), np.int64(3), np.int64(4), np.int64(5), np.int64(6), np.int64(7), np.int64(8), np.int64(9), np.int64(10)]
  Common seeds (10): [np.int64(1), np.int64(2), np.int64(3), np.int64(4), np.int64(5), np.int64(6), np.int64(7), np.int64(8), np.int64(9), np.int64(10)]
  BPE-only seeds: []
  Char-only seeds: []

============================================================
Task: human_enhancers_ensembl
  Mamba-bpe seeds (8): [np.int64(1), np.int64(2), np.int64(3), np.int64(4), np.int64(5), np.int64(6), np.int64(7), np.int64(8)]
  Mamba-char seeds (10): [np.int64(1), np.int64(2), np.int64(3), np.int64(4), np.int64(5), np.int64(6), np.int64(7), np.int64(8), np.int64(9), np.int64(10)]
  Common seeds (8): [np.int64(1), np.int64(2), np.int64(3), np.int64(4), np.int64(5), np.int64(6), np.int64(7), np.int64(8)]
  BPE-only seeds: []
  Char-only seeds: [np.int64(9), np.int64(10)]

============================================================
Task: human_ensembl_regulatory
  Mamba-bpe seeds (3): [np.int64(1), np.int64(2), np.int64(3)]
  Mamba-char seeds (10): [np.int64(1), np.int64(2), np.int64(3), np.int64(4), np.int64(5), np.int64(6), np.int64(7), np.int64(8), np.int64(9), np.int64(10)]
  Common seeds (3): [np.int64(1), np.int64(2), np.int64(3)]
  BPE-only seeds: []
  Char-only seeds: [np.int64(4), np.int64(5), np.int64(6), np.int64(7), np.int64(8), np.int64(9), np.int64(10)]

============================================================
Task: human_nontata_promoters
  Mamba-bpe seeds (10): [np.int64(1), np.int64(2), np.int64(3), np.int64(4), np.int64(5), np.int64(6), np.int64(7), np.int64(8), np.int64(9), np.int64(10)]
  Mamba-char seeds (10): [np.int64(1), np.int64(2), np.int64(3), np.int64(4), np.int64(5), np.int64(6), np.int64(7), np.int64(8), np.int64(9), np.int64(10)]
  Common seeds (10): [np.int64(1), np.int64(2), np.int64(3), np.int64(4), np.int64(5), np.int64(6), np.int64(7), np.int64(8), np.int64(9), np.int64(10)]
  BPE-only seeds: []
  Char-only seeds: []

============================================================
Task: human_ocr_ensembl
  Mamba-bpe seeds (10): [np.int64(1), np.int64(2), np.int64(3), np.int64(4), np.int64(5), np.int64(6), np.int64(7), np.int64(8), np.int64(9), np.int64(10)]
  Mamba-char seeds (10): [np.int64(1), np.int64(2), np.int64(3), np.int64(4), np.int64(5), np.int64(6), np.int64(7), np.int64(8), np.int64(9), np.int64(10)]
  Common seeds (10): [np.int64(1), np.int64(2), np.int64(3), np.int64(4), np.int64(5), np.int64(6), np.int64(7), np.int64(8), np.int64(9), np.int64(10)]
  BPE-only seeds: []
  Char-only seeds: []

============================================================
Task: mouse_0
  Mamba-bpe seeds (10): [np.int64(1), np.int64(2), np.int64(3), np.int64(4), np.int64(5), np.int64(6), np.int64(7), np.int64(8), np.int64(9), np.int64(10)]
  Mamba-char seeds (10): [np.int64(1), np.int64(2), np.int64(3), np.int64(4), np.int64(5), np.int64(6), np.int64(7), np.int64(8), np.int64(9), np.int64(10)]
  Common seeds (10): [np.int64(1), np.int64(2), np.int64(3), np.int64(4), np.int64(5), np.int64(6), np.int64(7), np.int64(8), np.int64(9), np.int64(10)]
  BPE-only seeds: []
  Char-only seeds: []

============================================================
Task: mouse_1
  Mamba-bpe seeds (10): [np.int64(1), np.int64(2), np.int64(3), np.int64(4), np.int64(5), np.int64(6), np.int64(7), np.int64(8), np.int64(9), np.int64(10)]
  Mamba-char seeds (10): [np.int64(1), np.int64(2), np.int64(3), np.int64(4), np.int64(5), np.int64(6), np.int64(7), np.int64(8), np.int64(9), np.int64(10)]
  Common seeds (10): [np.int64(1), np.int64(2), np.int64(3), np.int64(4), np.int64(5), np.int64(6), np.int64(7), np.int64(8), np.int64(9), np.int64(10)]
  BPE-only seeds: []
  Char-only seeds: []

============================================================
Task: mouse_2
  Mamba-bpe seeds (10): [np.int64(1), np.int64(2), np.int64(3), np.int64(4), np.int64(5), np.int64(6), np.int64(7), np.int64(8), np.int64(9), np.int64(10)]
  Mamba-char seeds (7): [np.int64(4), np.int64(5), np.int64(6), np.int64(7), np.int64(8), np.int64(9), np.int64(10)]
  Common seeds (7): [np.int64(4), np.int64(5), np.int64(6), np.int64(7), np.int64(8), np.int64(9), np.int64(10)]
  BPE-only seeds: [np.int64(1), np.int64(2), np.int64(3)]
  Char-only seeds: []

============================================================
Task: mouse_3
  Mamba-bpe seeds (10): [np.int64(1), np.int64(2), np.int64(3), np.int64(4), np.int64(5), np.int64(6), np.int64(7), np.int64(8), np.int64(9), np.int64(10)]
  Mamba-char seeds (10): [np.int64(1), np.int64(2), np.int64(3), np.int64(4), np.int64(5), np.int64(6), np.int64(7), np.int64(8), np.int64(9), np.int64(10)]
  Common seeds (10): [np.int64(1), np.int64(2), np.int64(3), np.int64(4), np.int64(5), np.int64(6), np.int64(7), np.int64(8), np.int64(9), np.int64(10)]
  BPE-only seeds: []
  Char-only seeds: []

============================================================
Task: mouse_4
  Mamba-bpe seeds (10): [np.int64(1), np.int64(2), np.int64(3), np.int64(4), np.int64(5), np.int64(6), np.int64(7), np.int64(8), np.int64(9), np.int64(10)]
  Mamba-char seeds (10): [np.int64(1), np.int64(2), np.int64(3), np.int64(4), np.int64(5), np.int64(6), np.int64(7), np.int64(8), np.int64(9), np.int64(10)]
  Common seeds (10): [np.int64(1), np.int64(2), np.int64(3), np.int64(4), np.int64(5), np.int64(6), np.int64(7), np.int64(8), np.int64(9), np.int64(10)]
  BPE-only seeds: []
  Char-only seeds: []

============================================================
Task: prom_300_all
  Mamba-bpe seeds (10): [np.int64(1), np.int64(2), np.int64(3), np.int64(4), np.int64(5), np.int64(6), np.int64(7), np.int64(8), np.int64(9), np.int64(10)]
  Mamba-char seeds (10): [np.int64(1), np.int64(2), np.int64(3), np.int64(4), np.int64(5), np.int64(6), np.int64(7), np.int64(8), np.int64(9), np.int64(10)]
  Common seeds (10): [np.int64(1), np.int64(2), np.int64(3), np.int64(4), np.int64(5), np.int64(6), np.int64(7), np.int64(8), np.int64(9), np.int64(10)]
  BPE-only seeds: []
  Char-only seeds: []

============================================================
Task: prom_300_notata
  Mamba-bpe seeds (10): [np.int64(1), np.int64(2), np.int64(3), np.int64(4), np.int64(5), np.int64(6), np.int64(7), np.int64(8), np.int64(9), np.int64(10)]
  Mamba-char seeds (10): [np.int64(1), np.int64(2), np.int64(3), np.int64(4), np.int64(5), np.int64(6), np.int64(7), np.int64(8), np.int64(9), np.int64(10)]
  Common seeds (10): [np.int64(1), np.int64(2), np.int64(3), np.int64(4), np.int64(5), np.int64(6), np.int64(7), np.int64(8), np.int64(9), np.int64(10)]
  BPE-only seeds: []
  Char-only seeds: []

============================================================
Task: prom_300_tata
  Mamba-bpe seeds (10): [np.int64(1), np.int64(2), np.int64(3), np.int64(4), np.int64(5), np.int64(6), np.int64(7), np.int64(8), np.int64(9), np.int64(10)]
  Mamba-char seeds (10): [np.int64(1), np.int64(2), np.int64(3), np.int64(4), np.int64(5), np.int64(6), np.int64(7), np.int64(8), np.int64(9), np.int64(10)]
  Common seeds (10): [np.int64(1), np.int64(2), np.int64(3), np.int64(4), np.int64(5), np.int64(6), np.int64(7), np.int64(8), np.int64(9), np.int64(10)]
  BPE-only seeds: []
  Char-only seeds: []

============================================================
Task: prom_core_all
  Mamba-bpe seeds (10): [np.int64(1), np.int64(2), np.int64(3), np.int64(4), np.int64(5), np.int64(6), np.int64(7), np.int64(8), np.int64(9), np.int64(10)]
  Mamba-char seeds (10): [np.int64(1), np.int64(2), np.int64(3), np.int64(4), np.int64(5), np.int64(6), np.int64(7), np.int64(8), np.int64(9), np.int64(10)]
  Common seeds (10): [np.int64(1), np.int64(2), np.int64(3), np.int64(4), np.int64(5), np.int64(6), np.int64(7), np.int64(8), np.int64(9), np.int64(10)]
  BPE-only seeds: []
  Char-only seeds: []

============================================================
Task: prom_core_notata
  Mamba-bpe seeds (10): [np.int64(1), np.int64(2), np.int64(3), np.int64(4), np.int64(5), np.int64(6), np.int64(7), np.int64(8), np.int64(9), np.int64(10)]
  Mamba-char seeds (10): [np.int64(1), np.int64(2), np.int64(3), np.int64(4), np.int64(5), np.int64(6), np.int64(7), np.int64(8), np.int64(9), np.int64(10)]
  Common seeds (10): [np.int64(1), np.int64(2), np.int64(3), np.int64(4), np.int64(5), np.int64(6), np.int64(7), np.int64(8), np.int64(9), np.int64(10)]
  BPE-only seeds: []
  Char-only seeds: []

============================================================
Task: prom_core_tata
  Mamba-bpe seeds (10): [np.int64(1), np.int64(2), np.int64(3), np.int64(4), np.int64(5), np.int64(6), np.int64(7), np.int64(8), np.int64(9), np.int64(10)]
  Mamba-char seeds (11): [np.int64(1), np.int64(2), np.int64(3), np.int64(11), np.int64(12), np.int64(13), np.int64(14), np.int64(15), np.int64(16), np.int64(17), np.int64(18)]
  Common seeds (3): [np.int64(1), np.int64(2), np.int64(3)]
  BPE-only seeds: [np.int64(4), np.int64(5), np.int64(6), np.int64(7), np.int64(8), np.int64(9), np.int64(10)]
  Char-only seeds: [np.int64(11), np.int64(12), np.int64(13), np.int64(14), np.int64(15), np.int64(16), np.int64(17), np.int64(18)]

============================================================
Task: promoter_all
  Mamba-bpe seeds (10): [np.int64(1), np.int64(2), np.int64(3), np.int64(4), np.int64(5), np.int64(6), np.int64(7), np.int64(8), np.int64(9), np.int64(10)]
  Mamba-char seeds (10): [np.int64(1), np.int64(2), np.int64(3), np.int64(4), np.int64(5), np.int64(6), np.int64(7), np.int64(8), np.int64(9), np.int64(10)]
  Common seeds (10): [np.int64(1), np.int64(2), np.int64(3), np.int64(4), np.int64(5), np.int64(6), np.int64(7), np.int64(8), np.int64(9), np.int64(10)]
  BPE-only seeds: []
  Char-only seeds: []

============================================================
Task: promoter_no_tata
  Mamba-bpe seeds (10): [np.int64(1), np.int64(2), np.int64(3), np.int64(4), np.int64(5), np.int64(6), np.int64(7), np.int64(8), np.int64(9), np.int64(10)]
  Mamba-char seeds (10): [np.int64(1), np.int64(2), np.int64(3), np.int64(4), np.int64(5), np.int64(6), np.int64(7), np.int64(8), np.int64(9), np.int64(10)]
  Common seeds (10): [np.int64(1), np.int64(2), np.int64(3), np.int64(4), np.int64(5), np.int64(6), np.int64(7), np.int64(8), np.int64(9), np.int64(10)]
  BPE-only seeds: []
  Char-only seeds: []

============================================================
Task: promoter_tata
  Mamba-bpe seeds (10): [np.int64(1), np.int64(2), np.int64(3), np.int64(4), np.int64(5), np.int64(6), np.int64(7), np.int64(8), np.int64(9), np.int64(10)]
  Mamba-char seeds (10): [np.int64(1), np.int64(2), np.int64(3), np.int64(4), np.int64(5), np.int64(6), np.int64(7), np.int64(8), np.int64(9), np.int64(10)]
  Common seeds (10): [np.int64(1), np.int64(2), np.int64(3), np.int64(4), np.int64(5), np.int64(6), np.int64(7), np.int64(8), np.int64(9), np.int64(10)]
  BPE-only seeds: []
  Char-only seeds: []

============================================================
Task: reconstructed
  Mamba-bpe seeds (10): [np.int64(1), np.int64(2), np.int64(3), np.int64(4), np.int64(5), np.int64(6), np.int64(7), np.int64(8), np.int64(9), np.int64(10)]
  Mamba-char seeds (10): [np.int64(1), np.int64(2), np.int64(3), np.int64(4), np.int64(5), np.int64(6), np.int64(7), np.int64(8), np.int64(9), np.int64(10)]
  Common seeds (10): [np.int64(1), np.int64(2), np.int64(3), np.int64(4), np.int64(5), np.int64(6), np.int64(7), np.int64(8), np.int64(9), np.int64(10)]
  BPE-only seeds: []
  Char-only seeds: []

============================================================
Task: splice_sites_acceptors
  Mamba-bpe seeds (10): [np.int64(1), np.int64(2), np.int64(3), np.int64(4), np.int64(5), np.int64(6), np.int64(7), np.int64(8), np.int64(9), np.int64(10)]
  Mamba-char seeds (10): [np.int64(1), np.int64(2), np.int64(3), np.int64(4), np.int64(5), np.int64(6), np.int64(7), np.int64(8), np.int64(9), np.int64(10)]
  Common seeds (10): [np.int64(1), np.int64(2), np.int64(3), np.int64(4), np.int64(5), np.int64(6), np.int64(7), np.int64(8), np.int64(9), np.int64(10)]
  BPE-only seeds: []
  Char-only seeds: []

============================================================
Task: splice_sites_all
  Mamba-bpe seeds (10): [np.int64(1), np.int64(2), np.int64(3), np.int64(4), np.int64(5), np.int64(6), np.int64(7), np.int64(8), np.int64(9), np.int64(10)]
  Mamba-char seeds (10): [np.int64(1), np.int64(2), np.int64(3), np.int64(4), np.int64(5), np.int64(6), np.int64(7), np.int64(8), np.int64(9), np.int64(10)]
  Common seeds (10): [np.int64(1), np.int64(2), np.int64(3), np.int64(4), np.int64(5), np.int64(6), np.int64(7), np.int64(8), np.int64(9), np.int64(10)]
  BPE-only seeds: []
  Char-only seeds: []

============================================================
Task: splice_sites_donors
  Mamba-bpe seeds (10): [np.int64(1), np.int64(2), np.int64(3), np.int64(4), np.int64(5), np.int64(6), np.int64(7), np.int64(8), np.int64(9), np.int64(10)]
  Mamba-char seeds (11): [np.int64(1), np.int64(2), np.int64(3), np.int64(11), np.int64(12), np.int64(13), np.int64(14), np.int64(15), np.int64(16), np.int64(17), np.int64(18)]
  Common seeds (3): [np.int64(1), np.int64(2), np.int64(3)]
  BPE-only seeds: [np.int64(4), np.int64(5), np.int64(6), np.int64(7), np.int64(8), np.int64(9), np.int64(10)]
  Char-only seeds: [np.int64(11), np.int64(12), np.int64(13), np.int64(14), np.int64(15), np.int64(16), np.int64(17), np.int64(18)]

============================================================
Task: tf_0
  Mamba-bpe seeds (10): [np.int64(1), np.int64(2), np.int64(3), np.int64(4), np.int64(5), np.int64(6), np.int64(7), np.int64(8), np.int64(9), np.int64(10)]
  Mamba-char seeds (10): [np.int64(1), np.int64(2), np.int64(3), np.int64(4), np.int64(5), np.int64(6), np.int64(7), np.int64(8), np.int64(9), np.int64(10)]
  Common seeds (10): [np.int64(1), np.int64(2), np.int64(3), np.int64(4), np.int64(5), np.int64(6), np.int64(7), np.int64(8), np.int64(9), np.int64(10)]
  BPE-only seeds: []
  Char-only seeds: []

============================================================
Task: tf_1
  Mamba-bpe seeds (10): [np.int64(1), np.int64(2), np.int64(3), np.int64(4), np.int64(5), np.int64(6), np.int64(7), np.int64(8), np.int64(9), np.int64(10)]
  Mamba-char seeds (10): [np.int64(1), np.int64(2), np.int64(3), np.int64(4), np.int64(5), np.int64(6), np.int64(7), np.int64(8), np.int64(9), np.int64(10)]
  Common seeds (10): [np.int64(1), np.int64(2), np.int64(3), np.int64(4), np.int64(5), np.int64(6), np.int64(7), np.int64(8), np.int64(9), np.int64(10)]
  BPE-only seeds: []
  Char-only seeds: []

============================================================
Task: tf_2
  Mamba-bpe seeds (10): [np.int64(1), np.int64(2), np.int64(3), np.int64(4), np.int64(5), np.int64(6), np.int64(7), np.int64(8), np.int64(9), np.int64(10)]
  Mamba-char seeds (10): [np.int64(1), np.int64(2), np.int64(3), np.int64(4), np.int64(5), np.int64(6), np.int64(7), np.int64(8), np.int64(9), np.int64(10)]
  Common seeds (10): [np.int64(1), np.int64(2), np.int64(3), np.int64(4), np.int64(5), np.int64(6), np.int64(7), np.int64(8), np.int64(9), np.int64(10)]
  BPE-only seeds: []
  Char-only seeds: []

============================================================
Task: tf_3
  Mamba-bpe seeds (10): [np.int64(1), np.int64(2), np.int64(3), np.int64(4), np.int64(5), np.int64(6), np.int64(7), np.int64(8), np.int64(9), np.int64(10)]
  Mamba-char seeds (10): [np.int64(1), np.int64(2), np.int64(3), np.int64(4), np.int64(5), np.int64(6), np.int64(7), np.int64(8), np.int64(9), np.int64(10)]
  Common seeds (10): [np.int64(1), np.int64(2), np.int64(3), np.int64(4), np.int64(5), np.int64(6), np.int64(7), np.int64(8), np.int64(9), np.int64(10)]
  BPE-only seeds: []
  Char-only seeds: []

============================================================
Task: tf_4
  Mamba-bpe seeds (10): [np.int64(1), np.int64(2), np.int64(3), np.int64(4), np.int64(5), np.int64(6), np.int64(7), np.int64(8), np.int64(9), np.int64(10)]
  Mamba-char seeds (10): [np.int64(1), np.int64(2), np.int64(3), np.int64(4), np.int64(5), np.int64(6), np.int64(7), np.int64(8), np.int64(9), np.int64(10)]
  Common seeds (10): [np.int64(1), np.int64(2), np.int64(3), np.int64(4), np.int64(5), np.int64(6), np.int64(7), np.int64(8), np.int64(9), np.int64(10)]
  BPE-only seeds: []
  Char-only seeds: []

Tasks with paired data: 44

============================================================
SEED MATCHING SUMMARY
============================================================
Total tasks analyzed: 44
Tasks with exactly 10 matched pairs: 28
Tasks with 10+ matched pairs: 28
Tasks with <10 matched pairs: 16
============================================================

================================================================================
Paired T-test Results by Individual Task (Matched by Seed)
================================================================================

ENHANCERS
----------------------------------------

dummy mouse enhancers:
  Paired observations: 10
  Mean MCC (Mamba-char): 0.5636
  Mean MCC (Mamba-bpe): 0.5477
  Mean difference (char - bpe): 0.0159 ± 0.0561
  t-statistic: 0.8946
  p-value: 0.3943 (ns)

enhancers:
  Paired observations: 10
  Mean MCC (Mamba-char): 0.4878
  Mean MCC (Mamba-bpe): 0.4855
  Mean difference (char - bpe): 0.0022 ± 0.0119
  t-statistic: 0.5861
  p-value: 0.5722 (ns)

enhancers types:
  Paired observations: 3
  Mean MCC (Mamba-char): 0.4619
  Mean MCC (Mamba-bpe): 0.4480
  Mean difference (char - bpe): 0.0139 ± 0.0217
  t-statistic: 1.1072
  p-value: 0.3835 (ns)

human enhancers cohn:
  Paired observations: 10
  Mean MCC (Mamba-char): 0.4723
  Mean MCC (Mamba-bpe): 0.4783
  Mean difference (char - bpe): -0.0061 ± 0.0101
  t-statistic: -1.9022
  p-value: 0.0896 (ns)

human enhancers ensembl:
  Paired observations: 8
  Mean MCC (Mamba-char): 0.7310
  Mean MCC (Mamba-bpe): 0.7400
  Mean difference (char - bpe): -0.0090 ± 0.0592
  t-statistic: -0.4294
  p-value: 0.6805 (ns)

EPIGENETIC MARKS
----------------------------------------

H2AFZ:
  Paired observations: 7
  Mean MCC (Mamba-char): 0.3920
  Mean MCC (Mamba-bpe): 0.4038
  Mean difference (char - bpe): -0.0118 ± 0.0168
  t-statistic: -1.8501
  p-value: 0.1138 (ns)

H3K27ac:
  Paired observations: 6
  Mean MCC (Mamba-char): 0.4203
  Mean MCC (Mamba-bpe): 0.3838
  Mean difference (char - bpe): 0.0365 ± 0.0218
  t-statistic: 4.0968
  p-value: 0.0094 **

H3K27me3:
  Paired observations: 7
  Mean MCC (Mamba-char): 0.5321
  Mean MCC (Mamba-bpe): 0.5317
  Mean difference (char - bpe): 0.0004 ± 0.0082
  t-statistic: 0.1310
  p-value: 0.9000 (ns)

H3K36me3:
  Paired observations: 7
  Mean MCC (Mamba-char): 0.4900
  Mean MCC (Mamba-bpe): 0.4898
  Mean difference (char - bpe): 0.0002 ± 0.0171
  t-statistic: 0.0313
  p-value: 0.9761 (ns)

H3K4me1:
  Paired observations: 7
  Mean MCC (Mamba-char): 0.4086
  Mean MCC (Mamba-bpe): 0.4045
  Mean difference (char - bpe): 0.0040 ± 0.0054
  t-statistic: 1.9907
  p-value: 0.0936 (ns)

H3K4me2:
  Paired observations: 6
  Mean MCC (Mamba-char): 0.4552
  Mean MCC (Mamba-bpe): 0.4749
  Mean difference (char - bpe): -0.0197 ± 0.0264
  t-statistic: -1.8232
  p-value: 0.1279 (ns)

H3K4me3:
  Paired observations: 7
  Mean MCC (Mamba-char): 0.6122
  Mean MCC (Mamba-bpe): 0.6010
  Mean difference (char - bpe): 0.0112 ± 0.0220
  t-statistic: 1.3510
  p-value: 0.2254 (ns)

H3K9ac:
  Paired observations: 7
  Mean MCC (Mamba-char): 0.5125
  Mean MCC (Mamba-bpe): 0.4735
  Mean difference (char - bpe): 0.0390 ± 0.0169
  t-statistic: 6.0903
  p-value: 0.0009 *** [Bonferroni significant]
  → Mamba-char is superior

H3K9me3:
  Paired observations: 7
  Mean MCC (Mamba-char): 0.3275
  Mean MCC (Mamba-bpe): 0.2976
  Mean difference (char - bpe): 0.0299 ± 0.0282
  t-statistic: 2.8008
  p-value: 0.0311 *

H4K20me1:
  Paired observations: 6
  Mean MCC (Mamba-char): 0.5639
  Mean MCC (Mamba-bpe): 0.5476
  Mean difference (char - bpe): 0.0163 ± 0.0106
  t-statistic: 3.7577
  p-value: 0.0132 *

ORGANISM
----------------------------------------

coding vs intergenomic:
  Paired observations: 10
  Mean MCC (Mamba-char): 0.7637
  Mean MCC (Mamba-bpe): 0.7929
  Mean difference (char - bpe): -0.0292 ± 0.1391
  t-statistic: -0.6642
  p-value: 0.5232 (ns)

human or worm:
  Paired observations: 10
  Mean MCC (Mamba-char): 0.9311
  Mean MCC (Mamba-bpe): 0.9230
  Mean difference (char - bpe): 0.0081 ± 0.0067
  t-statistic: 3.8482
  p-value: 0.0039 **

PROMOTERS
----------------------------------------

prom 300 all:
  Paired observations: 10
  Mean MCC (Mamba-char): 0.8181
  Mean MCC (Mamba-bpe): 0.8094
  Mean difference (char - bpe): 0.0087 ± 0.0066
  t-statistic: 4.1719
  p-value: 0.0024 **

prom 300 notata:
  Paired observations: 10
  Mean MCC (Mamba-char): 0.9171
  Mean MCC (Mamba-bpe): 0.9118
  Mean difference (char - bpe): 0.0053 ± 0.0051
  t-statistic: 3.3092
  p-value: 0.0091 **

prom 300 tata:
  Paired observations: 10
  Mean MCC (Mamba-char): 0.3344
  Mean MCC (Mamba-bpe): 0.3116
  Mean difference (char - bpe): 0.0227 ± 0.0509
  t-statistic: 1.4132
  p-value: 0.1912 (ns)

prom core all:
  Paired observations: 10
  Mean MCC (Mamba-char): 0.6172
  Mean MCC (Mamba-bpe): 0.5966
  Mean difference (char - bpe): 0.0207 ± 0.0112
  t-statistic: 5.8129
  p-value: 0.0003 *** [Bonferroni significant]
  → Mamba-char is superior

prom core notata:
  Paired observations: 10
  Mean MCC (Mamba-char): 0.6543
  Mean MCC (Mamba-bpe): 0.6514
  Mean difference (char - bpe): 0.0029 ± 0.0078
  t-statistic: 1.1721
  p-value: 0.2712 (ns)

prom core tata:
  Paired observations: 3
  Mean MCC (Mamba-char): 0.5298
  Mean MCC (Mamba-bpe): 0.4153
  Mean difference (char - bpe): 0.1145 ± 0.0360
  t-statistic: 5.5064
  p-value: 0.0314 *

promoter all:
  Paired observations: 10
  Mean MCC (Mamba-char): 0.7116
  Mean MCC (Mamba-bpe): 0.6968
  Mean difference (char - bpe): 0.0148 ± 0.0181
  t-statistic: 2.5764
  p-value: 0.0299 *

promoter no tata:
  Paired observations: 10
  Mean MCC (Mamba-char): 0.7318
  Mean MCC (Mamba-bpe): 0.7268
  Mean difference (char - bpe): 0.0050 ± 0.0117
  t-statistic: 1.3612
  p-value: 0.2066 (ns)

promoter tata:
  Paired observations: 10
  Mean MCC (Mamba-char): 0.6824
  Mean MCC (Mamba-bpe): 0.6272
  Mean difference (char - bpe): 0.0552 ± 0.0455
  t-statistic: 3.8295
  p-value: 0.0040 **

REGULATORY
----------------------------------------

human ensembl regulatory:
  Paired observations: 3
  Mean MCC (Mamba-char): 0.7282
  Mean MCC (Mamba-bpe): 0.8493
  Mean difference (char - bpe): -0.1211 ± 0.0203
  t-statistic: -10.3346
  p-value: 0.0092 **

human nontata promoters:
  Paired observations: 10
  Mean MCC (Mamba-char): 0.9092
  Mean MCC (Mamba-bpe): 0.8955
  Mean difference (char - bpe): 0.0137 ± 0.0100
  t-statistic: 4.3471
  p-value: 0.0019 **

human ocr ensembl:
  Paired observations: 10
  Mean MCC (Mamba-char): 0.6314
  Mean MCC (Mamba-bpe): 0.5463
  Mean difference (char - bpe): 0.0850 ± 0.0047
  t-statistic: 57.6503
  p-value: 0.0000 *** [Bonferroni significant]
  → Mamba-char is superior

SPLICE SITES
----------------------------------------

reconstructed:
  Paired observations: 10
  Mean MCC (Mamba-char): 0.6641
  Mean MCC (Mamba-bpe): 0.6131
  Mean difference (char - bpe): 0.0510 ± 0.0267
  t-statistic: 6.0341
  p-value: 0.0002 *** [Bonferroni significant]
  → Mamba-char is superior

splice sites acceptors:
  Paired observations: 10
  Mean MCC (Mamba-char): 0.9045
  Mean MCC (Mamba-bpe): 0.5989
  Mean difference (char - bpe): 0.3056 ± 0.0276
  t-statistic: 35.0001
  p-value: 0.0000 *** [Bonferroni significant]
  → Mamba-char is superior

splice sites all:
  Paired observations: 10
  Mean MCC (Mamba-char): 0.9289
  Mean MCC (Mamba-bpe): 0.7020
  Mean difference (char - bpe): 0.2269 ± 0.0187
  t-statistic: 38.3131
  p-value: 0.0000 *** [Bonferroni significant]
  → Mamba-char is superior

splice sites donors:
  Paired observations: 3
  Mean MCC (Mamba-char): 0.9135
  Mean MCC (Mamba-bpe): 0.6068
  Mean difference (char - bpe): 0.3067 ± 0.0457
  t-statistic: 11.6293
  p-value: 0.0073 **

TRANSCRIPTION FACTORS
----------------------------------------

mouse tfp 0:
  Paired observations: 10
  Mean MCC (Mamba-char): 0.4651
  Mean MCC (Mamba-bpe): 0.5025
  Mean difference (char - bpe): -0.0375 ± 0.0116
  t-statistic: -10.2527
  p-value: 0.0000 *** [Bonferroni significant]
  → Mamba-bpe is superior

mouse tfp 1:
  Paired observations: 10
  Mean MCC (Mamba-char): 0.7950
  Mean MCC (Mamba-bpe): 0.8010
  Mean difference (char - bpe): -0.0061 ± 0.0054
  t-statistic: -3.5246
  p-value: 0.0065 **

mouse tfp 2:
  Paired observations: 7
  Mean MCC (Mamba-char): 0.7209
  Mean MCC (Mamba-bpe): 0.7820
  Mean difference (char - bpe): -0.0610 ± 0.0178
  t-statistic: -9.0478
  p-value: 0.0001 *** [Bonferroni significant]
  → Mamba-bpe is superior

mouse tfp 3:
  Paired observations: 10
  Mean MCC (Mamba-char): 0.5012
  Mean MCC (Mamba-bpe): 0.5839
  Mean difference (char - bpe): -0.0827 ± 0.0447
  t-statistic: -5.8472
  p-value: 0.0002 *** [Bonferroni significant]
  → Mamba-bpe is superior

mouse tfp 4:
  Paired observations: 10
  Mean MCC (Mamba-char): 0.4229
  Mean MCC (Mamba-bpe): 0.4166
  Mean difference (char - bpe): 0.0063 ± 0.0222
  t-statistic: 0.8994
  p-value: 0.3919 (ns)

human tfp 0:
  Paired observations: 10
  Mean MCC (Mamba-char): 0.6707
  Mean MCC (Mamba-bpe): 0.6463
  Mean difference (char - bpe): 0.0245 ± 0.0162
  t-statistic: 4.7656
  p-value: 0.0010 ** [Bonferroni significant]
  → Mamba-char is superior

human tfp 1:
  Paired observations: 10
  Mean MCC (Mamba-char): 0.6912
  Mean MCC (Mamba-bpe): 0.6834
  Mean difference (char - bpe): 0.0078 ± 0.0197
  t-statistic: 1.2509
  p-value: 0.2425 (ns)

human tfp 2:
  Paired observations: 10
  Mean MCC (Mamba-char): 0.6133
  Mean MCC (Mamba-bpe): 0.5710
  Mean difference (char - bpe): 0.0424 ± 0.0267
  t-statistic: 5.0164
  p-value: 0.0007 *** [Bonferroni significant]
  → Mamba-char is superior

human tfp 3:
  Paired observations: 10
  Mean MCC (Mamba-char): 0.4847
  Mean MCC (Mamba-bpe): 0.4749
  Mean difference (char - bpe): 0.0098 ± 0.0282
  t-statistic: 1.1006
  p-value: 0.2996 (ns)

human tfp 4:
  Paired observations: 10
  Mean MCC (Mamba-char): 0.7057
  Mean MCC (Mamba-bpe): 0.6970
  Mean difference (char - bpe): 0.0087 ± 0.0201
  t-statistic: 1.3625
  p-value: 0.2061 (ns)

VIRUS VARIANT DETECTION
----------------------------------------

virus covid:
  Paired observations: 10
  Mean MCC (Mamba-char): 0.5764
  Mean MCC (Mamba-bpe): 0.6490
  Mean difference (char - bpe): -0.0726 ± 0.0320
  t-statistic: -7.1678
  p-value: 0.0001 *** [Bonferroni significant]
  → Mamba-bpe is superior

Results saved to: ../results_tables/mamba_paired_significance_by_task.csv

================================================================================
LaTeX Table Output
================================================================================
\begin{table}[]
\begin{center}
\scriptsize
\caption{Task-Level Paired Comparison of Character-Level vs. Byte Pair Encoding Tokenization on MCC Scores in a 4 layer Mamba-DNA Model (Matched by Seed)} \label{table:paired_task_tests}
\begin{tabular}{@{}lcrlr@{}}
\toprule
\textbf{Task} & \textbf{n} & \textbf{t-stat} & \textbf{p-value} & \textbf{\begin{tabular}[c]{@{}c@{}}Mean diff \\ (char - bpe)\end{tabular}} \\ \midrule
\multicolumn{5}{c}{\textbf{Enhancers}} \\
\midrule
dummy mouse enhancers & 10 & 0.895 & 0.394 & 0.016 \\
enhancers & 10 & 0.586 & 0.572 & 0.002 \\
enhancers types & 3 & 1.107 & 0.384 & 0.014 \\
human enhancers cohn & 10 & -1.902 & 0.090 & -0.006 \\
human enhancers ensembl & 8 & -0.429 & 0.681 & -0.009 \\
\midrule
\multicolumn{5}{c}{\textbf{Epigenetic Marks}} \\
\midrule
H2AFZ & 7 & -1.850 & 0.114 & -0.012 \\
H3K27ac & 6 & 4.097 & 0.009** & 0.036 \\
H3K27me3 & 7 & 0.131 & 0.900 & 0.000 \\
H3K36me3 & 7 & 0.031 & 0.976 & 0.000 \\
H3K4me1 & 7 & 1.991 & 0.094 & 0.004 \\
H3K4me2 & 6 & -1.823 & 0.128 & -0.020 \\
H3K4me3 & 7 & 1.351 & 0.225 & 0.011 \\
\rowcolor{teal!25}H3K9ac & 7 & 6.090 & 0.001***† & 0.039 \\
H3K9me3 & 7 & 2.801 & 0.031* & 0.030 \\
H4K20me1 & 6 & 3.758 & 0.013* & 0.016 \\
\midrule
\multicolumn{5}{c}{\textbf{Organism}} \\
\midrule
coding vs intergenomic & 10 & -0.664 & 0.523 & -0.029 \\
human or worm & 10 & 3.848 & 0.004** & 0.008 \\
\midrule
\multicolumn{5}{c}{\textbf{Promoters}} \\
\midrule
prom 300 all & 10 & 4.172 & 0.002** & 0.009 \\
prom 300 notata & 10 & 3.309 & 0.009** & 0.005 \\
prom 300 tata & 10 & 1.413 & 0.191 & 0.023 \\
\rowcolor{teal!25}prom core all & 10 & 5.813 & 0.000***† & 0.021 \\
prom core notata & 10 & 1.172 & 0.271 & 0.003 \\
prom core tata & 3 & 5.506 & 0.031* & 0.114 \\
promoter all & 10 & 2.576 & 0.030* & 0.015 \\
promoter no tata & 10 & 1.361 & 0.207 & 0.005 \\
promoter tata & 10 & 3.830 & 0.004** & 0.055 \\
\midrule
\multicolumn{5}{c}{\textbf{Regulatory}} \\
\midrule
human ensembl regulatory & 3 & -10.335 & 0.009** & -0.121 \\
human nontata promoters & 10 & 4.347 & 0.002** & 0.014 \\
\rowcolor{teal!25}human ocr ensembl & 10 & 57.650 & 0.000***† & 0.085 \\
\midrule
\multicolumn{5}{c}{\textbf{Splice Sites}} \\
\midrule
\rowcolor{teal!25}reconstructed & 10 & 6.034 & 0.000***† & 0.051 \\
\rowcolor{teal!25}splice sites acceptors & 10 & 35.000 & 0.000***† & 0.306 \\
\rowcolor{teal!25}splice sites all & 10 & 38.313 & 0.000***† & 0.227 \\
splice sites donors & 3 & 11.629 & 0.007** & 0.307 \\
\midrule
\multicolumn{5}{c}{\textbf{Transcription Factors}} \\
\midrule
\rowcolor{magenta!25}mouse tfp 0 & 10 & -10.253 & 0.000***† & -0.037 \\
mouse tfp 1 & 10 & -3.525 & 0.006** & -0.006 \\
\rowcolor{magenta!25}mouse tfp 2 & 7 & -9.048 & 0.000***† & -0.061 \\
\rowcolor{magenta!25}mouse tfp 3 & 10 & -5.847 & 0.000***† & -0.083 \\
mouse tfp 4 & 10 & 0.899 & 0.392 & 0.006 \\
\rowcolor{teal!25}human tfp 0 & 10 & 4.766 & 0.001**† & 0.024 \\
human tfp 1 & 10 & 1.251 & 0.243 & 0.008 \\
\rowcolor{teal!25}human tfp 2 & 10 & 5.016 & 0.001***† & 0.042 \\
human tfp 3 & 10 & 1.101 & 0.300 & 0.010 \\
human tfp 4 & 10 & 1.363 & 0.206 & 0.009 \\
\midrule
\multicolumn{5}{c}{\textbf{Virus Variant Detection}} \\
\midrule
\rowcolor{magenta!25}virus covid & 10 & -7.168 & 0.000***† & -0.073 \\
\bottomrule
\multicolumn{5}{l}{* p $< 0.05$, ** p $< 0.01$, *** p $< 0.001$} \\
\multicolumn{5}{l}{† Bonferroni corrected ($\alpha = 0.0011$)} \\
\multicolumn{5}{l}{\cellcolor{teal!25} Character tokenization superior (Bonferroni significant)} \\
\multicolumn{5}{l}{\cellcolor{magenta!25} BPE tokenization superior (Bonferroni significant)}
\end{tabular}
\end{center}
\end{table}

LaTeX table saved to: ../results_tables/mamba_paired_significance_by_task_table.tex
