Starting to create results LaTeX tables...
================================================================================

================================================================================
Creating Accuracy table for GB
================================================================================

=== Checking for missing values in GB Accuracy table ===
\begin{table*}[h!]
\small
\begin{center}
\caption{Accuracy Scores on the Genomic Benchmark. The highest score for each dataset is highlighted in bold and underlined.}
\label{table: GB Results ACCURACY}
\begin{tabular}{l|cc|ccc|cccc}
\hline
 & \textbf{\begin{tabular}[c]{@{}c@{}}CNN\\ (char)\end{tabular}} & \textbf{\begin{tabular}[c]{@{}c@{}}GPT-2\\ (bpe)\end{tabular}} & \textbf{\begin{tabular}[c]{@{}c@{}}DNABERT2\\ (bpe)\end{tabular}} & \textbf{\begin{tabular}[c]{@{}c@{}}Mamba\\ (bpe)\end{tabular}} & \textbf{\begin{tabular}[c]{@{}c@{}}NT\\ (blocked k-mer)\end{tabular}} & \textbf{\begin{tabular}[c]{@{}c@{}}DNABERT\\ (k-mer)\end{tabular}} & \textbf{\begin{tabular}[c]{@{}c@{}}HyenaDNA\\ (char)\end{tabular}} & \textbf{\begin{tabular}[c]{@{}c@{}}Mamba\\ (char)\end{tabular}} & \textbf{\begin{tabular}[c]{@{}c@{}}Caduceus\\ (char)\end{tabular}} \\ \hline
Mouse Enhancers & 0.711 & 0.679 & 0.716 & 0.775 & 0.693 & 0.630 & {\ul \textbf{0.794}} & 0.785 & 0.788 \\
Coding vs. Intergenic & 0.892 & 0.827 & {\ul \textbf{0.948}} & 0.896 & 0.903 & 0.867 & 0.901 & 0.883 & 0.914 \\
Human vs. Worm & 0.942 & 0.917 & {\ul \textbf{0.974}} & 0.961 & 0.932 & 0.910 & 0.964 & 0.965 & 0.972 \\
Enhancers Cohn & 0.699 & 0.682 & 0.746 & 0.739 & 0.682 & 0.652 & 0.734 & 0.735 & {\ul \textbf{0.746}} \\
Enhancers Ensembl & 0.761 & 0.815 & 0.902 & 0.865 & 0.834 & 0.804 & 0.878 & 0.871 & {\ul \textbf{0.911}} \\
Ensembl Regulatory & 0.865 & 0.883 & 0.771 & 0.900 & {\ul \textbf{0.937}} & 0.771 & 0.861 & 0.733 & 0.868 \\
Non-Tata Promoters & 0.861 & 0.847 & {\ul \textbf{0.960}} & 0.947 & 0.834 & 0.784 & 0.940 & 0.955 & 0.945 \\
OCR Ensembl & 0.700 & 0.634 & 0.812 & 0.772 & 0.686 & 0.631 & 0.802 & 0.816 & {\ul \textbf{0.817}} \\
\hline
\multicolumn{1}{l|}{} & \multicolumn{2}{c|}{\textit{baseline}} & \multicolumn{3}{c|}{\textit{Sub-word Tokenization}} & \multicolumn{4}{c}{\textit{Nucleotide Level Tokenization}} \\ \hline
\end{tabular}
\end{center}
\end{table*}

Table saved to: ../results_tables/latex_table_gb_accuracy.tex

================================================================================
Creating MCC table for GB
================================================================================

=== Checking for missing values in GB MCC table ===
\begin{table*}[h!]
\small
\begin{center}
\caption{MCC Scores on the Genomic Benchmark. The highest score for each dataset is highlighted in bold and underlined.}
\label{table: GB Results MCC}
\begin{tabular}{l|cc|ccc|cccc}
\hline
 & \textbf{\begin{tabular}[c]{@{}c@{}}CNN\\ (char)\end{tabular}} & \textbf{\begin{tabular}[c]{@{}c@{}}GPT-2\\ (bpe)\end{tabular}} & \textbf{\begin{tabular}[c]{@{}c@{}}DNABERT2\\ (bpe)\end{tabular}} & \textbf{\begin{tabular}[c]{@{}c@{}}Mamba\\ (bpe)\end{tabular}} & \textbf{\begin{tabular}[c]{@{}c@{}}NT\\ (blocked k-mer)\end{tabular}} & \textbf{\begin{tabular}[c]{@{}c@{}}DNABERT\\ (k-mer)\end{tabular}} & \textbf{\begin{tabular}[c]{@{}c@{}}HyenaDNA\\ (char)\end{tabular}} & \textbf{\begin{tabular}[c]{@{}c@{}}Mamba\\ (char)\end{tabular}} & \textbf{\begin{tabular}[c]{@{}c@{}}Caduceus\\ (char)\end{tabular}} \\ \hline
Mouse Enhancers & 0.426 & 0.367 & 0.482 & 0.555 & 0.390 & 0.257 & {\ul \textbf{0.592}} & 0.570 & 0.583 \\
Coding vs. Intergenic & 0.784 & 0.659 & {\ul \textbf{0.896}} & 0.793 & 0.807 & 0.733 & 0.802 & 0.774 & 0.828 \\
Human vs. Worm & 0.884 & 0.836 & {\ul \textbf{0.949}} & 0.923 & 0.865 & 0.820 & 0.929 & 0.930 & 0.943 \\
Enhancers Cohn & 0.403 & 0.365 & 0.493 & 0.478 & 0.368 & 0.305 & 0.469 & 0.473 & {\ul \textbf{0.493}} \\
Enhancers Ensembl & 0.539 & 0.631 & 0.805 & 0.732 & 0.669 & 0.609 & 0.757 & 0.743 & {\ul \textbf{0.822}} \\
Ensembl Regulatory & 0.800 & 0.730 & 0.447 & 0.849 & {\ul \textbf{0.856}} & 0.445 & 0.795 & 0.605 & 0.806 \\
Non-Tata Promoters & 0.723 & 0.703 & {\ul \textbf{0.920}} & 0.895 & 0.673 & 0.586 & 0.880 & 0.911 & 0.891 \\
OCR Ensembl & 0.400 & 0.270 & 0.625 & 0.545 & 0.373 & 0.263 & 0.605 & 0.632 & {\ul \textbf{0.636}} \\
\hline
\multicolumn{1}{l|}{} & \multicolumn{2}{c|}{\textit{baseline}} & \multicolumn{3}{c|}{\textit{Sub-word Tokenization}} & \multicolumn{4}{c}{\textit{Nucleotide Level Tokenization}} \\ \hline
\end{tabular}
\end{center}
\end{table*}

Table saved to: ../results_tables/latex_table_gb_mcc.tex

================================================================================
Creating Accuracy table for GUE
================================================================================

=== Checking for missing values in GUE Accuracy table ===
MISSING: Benchmark=GUE, Task=prom_core_all, Model=CNN, Metric=Accuracy
MISSING: Benchmark=GUE, Task=prom_core_notata, Model=CNN, Metric=Accuracy
MISSING: Benchmark=GUE, Task=prom_core_tata, Model=CNN, Metric=Accuracy
MISSING: Benchmark=GUE, Task=prom_300_all, Model=CNN, Metric=Accuracy
MISSING: Benchmark=GUE, Task=prom_300_notata, Model=CNN, Metric=Accuracy
MISSING: Benchmark=GUE, Task=prom_300_tata, Model=CNN, Metric=Accuracy
MISSING: Benchmark=GUE, Task=prom_300_tata, Model=NTv2, Metric=Accuracy
MISSING: Benchmark=GUE, Task=tf_0, Model=CNN, Metric=Accuracy
MISSING: Benchmark=GUE, Task=tf_1, Model=CNN, Metric=Accuracy
MISSING: Benchmark=GUE, Task=tf_2, Model=CNN, Metric=Accuracy
MISSING: Benchmark=GUE, Task=tf_3, Model=CNN, Metric=Accuracy
MISSING: Benchmark=GUE, Task=tf_4, Model=CNN, Metric=Accuracy
MISSING: Benchmark=GUE, Task=mouse_0, Model=CNN, Metric=Accuracy
MISSING: Benchmark=GUE, Task=mouse_1, Model=CNN, Metric=Accuracy
MISSING: Benchmark=GUE, Task=mouse_2, Model=CNN, Metric=Accuracy
MISSING: Benchmark=GUE, Task=mouse_3, Model=CNN, Metric=Accuracy
MISSING: Benchmark=GUE, Task=mouse_4, Model=CNN, Metric=Accuracy
MISSING: Benchmark=GUE, Task=covid, Model=CNN, Metric=Accuracy
MISSING: Benchmark=GUE, Task=reconstructed, Model=CNN, Metric=Accuracy
MISSING: Benchmark=GUE, Task=reconstructed, Model=NTv2, Metric=Accuracy
\begin{table*}[h!]
\small
\begin{center}
\caption{Accuracy Scores on the GUE. The highest score for each dataset is highlighted in bold and underlined.}
\label{table: GUE Results ACCURACY}
\begin{tabular}{l|cc|ccc|cccc}
\hline
 & \textbf{\begin{tabular}[c]{@{}c@{}}CNN\\ (char)\end{tabular}} & \textbf{\begin{tabular}[c]{@{}c@{}}GPT-2\\ (bpe)\end{tabular}} & \textbf{\begin{tabular}[c]{@{}c@{}}DNABERT2\\ (bpe)\end{tabular}} & \textbf{\begin{tabular}[c]{@{}c@{}}Mamba\\ (bpe)\end{tabular}} & \textbf{\begin{tabular}[c]{@{}c@{}}NT\\ (blocked k-mer)\end{tabular}} & \textbf{\begin{tabular}[c]{@{}c@{}}DNABERT\\ (k-mer)\end{tabular}} & \textbf{\begin{tabular}[c]{@{}c@{}}HyenaDNA\\ (char)\end{tabular}} & \textbf{\begin{tabular}[c]{@{}c@{}}Mamba\\ (char)\end{tabular}} & \textbf{\begin{tabular}[c]{@{}c@{}}Caduceus\\ (char)\end{tabular}} \\ \hline
prom\_core\_all & - & 0.815 & 0.816 & 0.798 & 0.771 & {\ul \textbf{0.853}} & 0.813 & 0.808 & 0.828 \\
prom\_core\_notata & - & 0.825 & 0.840 & 0.826 & 0.788 & {\ul \textbf{0.854}} & 0.832 & 0.827 & 0.839 \\
prom\_core\_tata & - & 0.832 & 0.870 & 0.711 & 0.860 & {\ul \textbf{0.882}} & 0.732 & 0.768 & 0.815 \\
prom\_300\_all & - & 0.899 & 0.923 & 0.904 & 0.908 & {\ul \textbf{0.955}} & 0.912 & 0.909 & 0.910 \\
prom\_300\_notata & - & 0.944 & {\ul \textbf{0.966}} & 0.955 & 0.927 & 0.964 & 0.959 & 0.958 & 0.964 \\
prom\_300\_tata & - & 0.789 & 0.823 & 0.655 & - & {\ul \textbf{0.836}} & 0.732 & 0.667 & 0.788 \\
human\_tfp\_0 & - & 0.821 & 0.829 & 0.815 & 0.777 & 0.830 & 0.830 & 0.830 & {\ul \textbf{0.832}} \\
human\_tfp\_1 & - & 0.833 & 0.856 & 0.836 & 0.799 & 0.849 & 0.848 & 0.840 & {\ul \textbf{0.859}} \\
human\_tfp\_2 & - & 0.761 & 0.825 & 0.782 & 0.719 & 0.823 & 0.833 & 0.802 & {\ul \textbf{0.856}} \\
human\_tfp\_3 & - & 0.686 & {\ul \textbf{0.790}} & 0.736 & 0.649 & 0.773 & 0.757 & 0.739 & 0.779 \\
human\_tfp\_4 & - & 0.826 & 0.880 & 0.848 & 0.785 & 0.867 & 0.874 & 0.851 & {\ul \textbf{0.899}} \\
mouse\_tfp\_0 & - & 0.662 & 0.797 & 0.752 & 0.669 & 0.726 & 0.760 & 0.731 & {\ul \textbf{0.802}} \\
mouse\_tfp\_1 & - & 0.882 & 0.906 & 0.900 & 0.864 & 0.898 & 0.911 & 0.897 & {\ul \textbf{0.924}} \\
mouse\_tfp\_2 & - & 0.865 & 0.914 & 0.885 & 0.840 & 0.862 & 0.899 & 0.858 & {\ul \textbf{0.921}} \\
mouse\_tfp\_3 & - & 0.760 & 0.880 & 0.792 & 0.712 & 0.826 & 0.866 & 0.741 & {\ul \textbf{0.916}} \\
mouse\_tfp\_4 & - & 0.659 & 0.730 & 0.709 & 0.609 & 0.707 & 0.733 & 0.711 & {\ul \textbf{0.748}} \\
virus\_covid & - & 0.601 & 0.470 & {\ul \textbf{0.691}} & 0.233 & 0.456 & 0.663 & 0.625 & 0.161 \\
splice\_reconstructed & - & 0.835 & {\ul \textbf{0.910}} & 0.776 & - & 0.906 & 0.895 & 0.804 & 0.883 \\
\hline
\multicolumn{1}{l|}{} & \multicolumn{2}{c|}{\textit{baseline}} & \multicolumn{3}{c|}{\textit{Sub-word Tokenization}} & \multicolumn{4}{c}{\textit{Nucleotide Level Tokenization}} \\ \hline
\end{tabular}
\end{center}
\end{table*}

Table saved to: ../results_tables/latex_table_gue_accuracy.tex

================================================================================
Creating MCC table for GUE
================================================================================

=== Checking for missing values in GUE MCC table ===
MISSING: Benchmark=GUE, Task=prom_core_all, Model=CNN, Metric=MCC
MISSING: Benchmark=GUE, Task=prom_core_notata, Model=CNN, Metric=MCC
MISSING: Benchmark=GUE, Task=prom_core_tata, Model=CNN, Metric=MCC
MISSING: Benchmark=GUE, Task=prom_300_all, Model=CNN, Metric=MCC
MISSING: Benchmark=GUE, Task=prom_300_notata, Model=CNN, Metric=MCC
MISSING: Benchmark=GUE, Task=prom_300_tata, Model=CNN, Metric=MCC
MISSING: Benchmark=GUE, Task=prom_300_tata, Model=NTv2, Metric=MCC
MISSING: Benchmark=GUE, Task=tf_0, Model=CNN, Metric=MCC
MISSING: Benchmark=GUE, Task=tf_1, Model=CNN, Metric=MCC
MISSING: Benchmark=GUE, Task=tf_2, Model=CNN, Metric=MCC
MISSING: Benchmark=GUE, Task=tf_3, Model=CNN, Metric=MCC
MISSING: Benchmark=GUE, Task=tf_4, Model=CNN, Metric=MCC
MISSING: Benchmark=GUE, Task=mouse_0, Model=CNN, Metric=MCC
MISSING: Benchmark=GUE, Task=mouse_1, Model=CNN, Metric=MCC
MISSING: Benchmark=GUE, Task=mouse_2, Model=CNN, Metric=MCC
MISSING: Benchmark=GUE, Task=mouse_3, Model=CNN, Metric=MCC
MISSING: Benchmark=GUE, Task=mouse_4, Model=CNN, Metric=MCC
MISSING: Benchmark=GUE, Task=covid, Model=CNN, Metric=MCC
MISSING: Benchmark=GUE, Task=reconstructed, Model=CNN, Metric=MCC
MISSING: Benchmark=GUE, Task=reconstructed, Model=NTv2, Metric=MCC
\begin{table*}[h!]
\small
\begin{center}
\caption{MCC Scores on the GUE. The highest score for each dataset is highlighted in bold and underlined.}
\label{table: GUE Results MCC}
\begin{tabular}{l|cc|ccc|cccc}
\hline
 & \textbf{\begin{tabular}[c]{@{}c@{}}CNN\\ (char)\end{tabular}} & \textbf{\begin{tabular}[c]{@{}c@{}}GPT-2\\ (bpe)\end{tabular}} & \textbf{\begin{tabular}[c]{@{}c@{}}DNABERT2\\ (bpe)\end{tabular}} & \textbf{\begin{tabular}[c]{@{}c@{}}Mamba\\ (bpe)\end{tabular}} & \textbf{\begin{tabular}[c]{@{}c@{}}NT\\ (blocked k-mer)\end{tabular}} & \textbf{\begin{tabular}[c]{@{}c@{}}DNABERT\\ (k-mer)\end{tabular}} & \textbf{\begin{tabular}[c]{@{}c@{}}HyenaDNA\\ (char)\end{tabular}} & \textbf{\begin{tabular}[c]{@{}c@{}}Mamba\\ (char)\end{tabular}} & \textbf{\begin{tabular}[c]{@{}c@{}}Caduceus\\ (char)\end{tabular}} \\ \hline
prom\_core\_all & - & 0.630 & 0.633 & 0.596 & 0.548 & {\ul \textbf{0.708}} & 0.626 & 0.617 & 0.659 \\
prom\_core\_notata & - & 0.650 & 0.680 & 0.652 & 0.576 & {\ul \textbf{0.708}} & 0.664 & 0.654 & 0.680 \\
prom\_core\_tata & - & 0.670 & 0.744 & 0.424 & 0.722 & {\ul \textbf{0.764}} & 0.465 & 0.538 & 0.632 \\
prom\_300\_all & - & 0.798 & 0.847 & 0.810 & 0.816 & {\ul \textbf{0.909}} & 0.826 & 0.818 & 0.822 \\
prom\_300\_notata & - & 0.888 & {\ul \textbf{0.932}} & 0.911 & 0.855 & 0.929 & 0.918 & 0.917 & 0.929 \\
prom\_300\_tata & - & 0.579 & 0.647 & 0.310 & - & {\ul \textbf{0.675}} & 0.466 & 0.334 & 0.580 \\
human\_tfp\_0 & - & 0.650 & 0.668 & 0.643 & 0.567 & 0.666 & 0.671 & 0.671 & {\ul \textbf{0.672}} \\
human\_tfp\_1 & - & 0.674 & 0.718 & 0.683 & 0.605 & 0.703 & 0.706 & 0.691 & {\ul \textbf{0.729}} \\
human\_tfp\_2 & - & 0.527 & 0.652 & 0.571 & 0.446 & 0.654 & 0.671 & 0.613 & {\ul \textbf{0.721}} \\
human\_tfp\_3 & - & 0.383 & {\ul \textbf{0.587}} & 0.480 & 0.309 & 0.551 & 0.519 & 0.485 & 0.567 \\
human\_tfp\_4 & - & 0.656 & 0.764 & 0.697 & 0.573 & 0.739 & 0.749 & 0.706 & {\ul \textbf{0.799}} \\
mouse\_tfp\_0 & - & 0.331 & 0.596 & 0.507 & 0.340 & 0.452 & 0.523 & 0.465 & {\ul \textbf{0.610}} \\
mouse\_tfp\_1 & - & 0.765 & 0.812 & 0.801 & 0.728 & 0.797 & 0.824 & 0.795 & {\ul \textbf{0.848}} \\
mouse\_tfp\_2 & - & 0.731 & 0.829 & 0.772 & 0.682 & 0.726 & 0.801 & 0.721 & {\ul \textbf{0.845}} \\
mouse\_tfp\_3 & - & 0.530 & 0.760 & 0.588 & 0.432 & 0.653 & 0.737 & 0.501 & {\ul \textbf{0.837}} \\
mouse\_tfp\_4 & - & 0.319 & 0.462 & 0.418 & 0.218 & 0.414 & 0.468 & 0.423 & {\ul \textbf{0.496}} \\
virus\_covid & - & 0.549 & 0.401 & {\ul \textbf{0.652}} & 0.135 & 0.389 & 0.620 & 0.576 & 0.052 \\
splice\_reconstructed & - & 0.718 & {\ul \textbf{0.846}} & 0.614 & - & 0.840 & 0.820 & 0.664 & 0.799 \\
\hline
\multicolumn{1}{l|}{} & \multicolumn{2}{c|}{\textit{baseline}} & \multicolumn{3}{c|}{\textit{Sub-word Tokenization}} & \multicolumn{4}{c}{\textit{Nucleotide Level Tokenization}} \\ \hline
\end{tabular}
\end{center}
\end{table*}

Table saved to: ../results_tables/latex_table_gue_mcc.tex

================================================================================
Creating Accuracy table for NTv2
================================================================================

=== Checking for missing values in NTv2 Accuracy table ===
\begin{table*}[h!]
\small
\begin{center}
\caption{Accuracy Scores on the Nucleotide Transformer (revised). The highest score for each dataset is highlighted in bold and underlined.}
\label{table: NTv2 Results ACCURACY}
\begin{tabular}{l|cc|ccc|cccc}
\hline
 & \textbf{\begin{tabular}[c]{@{}c@{}}CNN\\ (char)\end{tabular}} & \textbf{\begin{tabular}[c]{@{}c@{}}GPT-2\\ (bpe)\end{tabular}} & \textbf{\begin{tabular}[c]{@{}c@{}}DNABERT2\\ (bpe)\end{tabular}} & \textbf{\begin{tabular}[c]{@{}c@{}}Mamba\\ (bpe)\end{tabular}} & \textbf{\begin{tabular}[c]{@{}c@{}}NT\\ (blocked k-mer)\end{tabular}} & \textbf{\begin{tabular}[c]{@{}c@{}}DNABERT\\ (k-mer)\end{tabular}} & \textbf{\begin{tabular}[c]{@{}c@{}}HyenaDNA\\ (char)\end{tabular}} & \textbf{\begin{tabular}[c]{@{}c@{}}Mamba\\ (char)\end{tabular}} & \textbf{\begin{tabular}[c]{@{}c@{}}Caduceus\\ (char)\end{tabular}} \\ \hline
H2AFZ & 0.723 & 0.737 & 0.756 & 0.693 & {\ul \textbf{0.761}} & 0.747 & 0.702 & 0.688 & 0.708 \\
H3K27ac & 0.704 & 0.722 & 0.746 & 0.694 & {\ul \textbf{0.751}} & 0.724 & 0.707 & 0.705 & 0.733 \\
H3K27me3 & 0.746 & 0.771 & 0.799 & 0.752 & {\ul \textbf{0.801}} & 0.774 & 0.764 & 0.757 & 0.763 \\
H3K36me3 & 0.762 & 0.762 & 0.811 & 0.738 & {\ul \textbf{0.828}} & 0.778 & 0.746 & 0.738 & 0.760 \\
H3K4me1 & 0.690 & 0.711 & 0.749 & 0.693 & {\ul \textbf{0.752}} & 0.727 & 0.695 & 0.692 & 0.706 \\
H3K4me2 & 0.743 & 0.758 & {\ul \textbf{0.782}} & 0.729 & 0.777 & 0.763 & 0.732 & 0.725 & 0.736 \\
H3K4me3 & 0.789 & 0.790 & 0.816 & 0.800 & {\ul \textbf{0.822}} & 0.808 & 0.799 & 0.802 & 0.811 \\
H3K9ac & 0.751 & 0.746 & 0.776 & 0.737 & {\ul \textbf{0.778}} & 0.750 & 0.751 & 0.749 & 0.755 \\
H3K9me3 & 0.666 & 0.691 & 0.746 & 0.643 & {\ul \textbf{0.749}} & 0.714 & 0.681 & 0.667 & 0.697 \\
H4K20me1 & 0.776 & 0.791 & 0.821 & 0.767 & {\ul \textbf{0.830}} & 0.800 & 0.782 & 0.775 & 0.788 \\
promoter\_all & 0.867 & 0.852 & 0.878 & 0.848 & {\ul \textbf{0.892}} & 0.864 & 0.854 & 0.854 & 0.859 \\
promoter\_no\_tata & 0.864 & 0.869 & 0.880 & 0.863 & {\ul \textbf{0.896}} & 0.869 & 0.867 & 0.866 & 0.868 \\
promoter\_tata & {\ul \textbf{0.943}} & 0.890 & 0.928 & 0.808 & 0.942 & 0.917 & 0.834 & 0.836 & 0.919 \\
enhancers & 0.745 & 0.731 & 0.755 & 0.736 & {\ul \textbf{0.797}} & 0.761 & 0.740 & 0.737 & 0.745 \\
enhancers\_types & 0.705 & 0.698 & 0.727 & 0.700 & {\ul \textbf{0.771}} & 0.728 & 0.703 & 0.708 & 0.709 \\
splice\_site\_prediction & 0.951 & 0.831 & 0.903 & 0.803 & {\ul \textbf{0.978}} & 0.974 & 0.939 & 0.953 & 0.941 \\
splice\_sites\_acceptors & 0.964 & 0.868 & 0.904 & 0.802 & {\ul \textbf{0.985}} & 0.979 & 0.944 & 0.951 & 0.937 \\
splice\_sites\_donors & 0.976 & 0.874 & 0.915 & 0.797 & {\ul \textbf{0.986}} & 0.983 & 0.960 & 0.965 & 0.940 \\
\hline
\multicolumn{1}{l|}{} & \multicolumn{2}{c|}{\textit{baseline}} & \multicolumn{3}{c|}{\textit{Sub-word Tokenization}} & \multicolumn{4}{c}{\textit{Nucleotide Level Tokenization}} \\ \hline
\end{tabular}
\end{center}
\end{table*}

Table saved to: ../results_tables/latex_table_ntv2_accuracy.tex

================================================================================
Creating MCC table for NTv2
================================================================================

=== Checking for missing values in NTv2 MCC table ===
\begin{table*}[h!]
\small
\begin{center}
\caption{MCC Scores on the Nucleotide Transformer (revised). The highest score for each dataset is highlighted in bold and underlined.}
\label{table: NTv2 Results MCC}
\begin{tabular}{l|cc|ccc|cccc}
\hline
 & \textbf{\begin{tabular}[c]{@{}c@{}}CNN\\ (char)\end{tabular}} & \textbf{\begin{tabular}[c]{@{}c@{}}GPT-2\\ (bpe)\end{tabular}} & \textbf{\begin{tabular}[c]{@{}c@{}}DNABERT2\\ (bpe)\end{tabular}} & \textbf{\begin{tabular}[c]{@{}c@{}}Mamba\\ (bpe)\end{tabular}} & \textbf{\begin{tabular}[c]{@{}c@{}}NT\\ (blocked k-mer)\end{tabular}} & \textbf{\begin{tabular}[c]{@{}c@{}}DNABERT\\ (k-mer)\end{tabular}} & \textbf{\begin{tabular}[c]{@{}c@{}}HyenaDNA\\ (char)\end{tabular}} & \textbf{\begin{tabular}[c]{@{}c@{}}Mamba\\ (char)\end{tabular}} & \textbf{\begin{tabular}[c]{@{}c@{}}Caduceus\\ (char)\end{tabular}} \\ \hline
H2AFZ & 0.455 & 0.483 & 0.525 & 0.405 & {\ul \textbf{0.526}} & 0.504 & 0.413 & 0.392 & 0.432 \\
H3K27ac & 0.409 & 0.445 & 0.500 & 0.392 & {\ul \textbf{0.504}} & 0.455 & 0.421 & 0.418 & 0.467 \\
H3K27me3 & 0.509 & 0.555 & 0.609 & 0.530 & {\ul \textbf{0.619}} & 0.568 & 0.542 & 0.535 & 0.551 \\
H3K36me3 & 0.540 & 0.539 & 0.627 & 0.489 & {\ul \textbf{0.662}} & 0.572 & 0.504 & 0.487 & 0.531 \\
H3K4me1 & 0.406 & 0.431 & 0.506 & 0.406 & {\ul \textbf{0.513}} & 0.467 & 0.403 & 0.405 & 0.429 \\
H3K4me2 & 0.487 & 0.534 & {\ul \textbf{0.575}} & 0.471 & 0.562 & 0.536 & 0.477 & 0.458 & 0.485 \\
H3K4me3 & 0.581 & 0.581 & 0.634 & 0.601 & {\ul \textbf{0.644}} & 0.616 & 0.600 & 0.606 & 0.623 \\
H3K9ac & 0.503 & 0.495 & 0.555 & 0.477 & {\ul \textbf{0.556}} & 0.504 & 0.505 & 0.502 & 0.512 \\
H3K9me3 & 0.344 & 0.388 & 0.495 & 0.290 & {\ul \textbf{0.499}} & 0.433 & 0.370 & 0.338 & 0.395 \\
H4K20me1 & 0.560 & 0.588 & 0.657 & 0.545 & {\ul \textbf{0.674}} & 0.609 & 0.574 & 0.560 & 0.589 \\
promoter\_all & 0.735 & 0.704 & 0.758 & 0.698 & {\ul \textbf{0.785}} & 0.728 & 0.708 & 0.711 & 0.718 \\
promoter\_no\_tata & 0.731 & 0.738 & 0.761 & 0.727 & {\ul \textbf{0.793}} & 0.740 & 0.735 & 0.733 & 0.738 \\
promoter\_tata & {\ul \textbf{0.888}} & 0.784 & 0.858 & 0.621 & 0.885 & 0.834 & 0.671 & 0.676 & 0.838 \\
enhancers & 0.501 & 0.475 & 0.523 & 0.487 & {\ul \textbf{0.599}} & 0.539 & 0.492 & 0.489 & 0.505 \\
enhancers\_types & 0.442 & 0.447 & 0.493 & 0.449 & {\ul \textbf{0.572}} & 0.495 & 0.447 & 0.461 & 0.461 \\
splice\_site\_prediction & 0.927 & 0.748 & 0.854 & 0.705 & {\ul \textbf{0.967}} & 0.961 & 0.909 & 0.930 & 0.911 \\
splice\_sites\_acceptors & 0.928 & 0.736 & 0.808 & 0.607 & {\ul \textbf{0.971}} & 0.957 & 0.887 & 0.902 & 0.873 \\
splice\_sites\_donors & 0.953 & 0.750 & 0.829 & 0.598 & {\ul \textbf{0.973}} & 0.967 & 0.919 & 0.929 & 0.880 \\
\hline
\multicolumn{1}{l|}{} & \multicolumn{2}{c|}{\textit{baseline}} & \multicolumn{3}{c|}{\textit{Sub-word Tokenization}} & \multicolumn{4}{c}{\textit{Nucleotide Level Tokenization}} \\ \hline
\end{tabular}
\end{center}
\end{table*}

Table saved to: ../results_tables/latex_table_ntv2_mcc.tex

================================================================================
Finished creating LaTeX tables. Check above for any MISSING values.
