2025-06-23 11:14:32,359 - INFO - Starting hyperparameter selection for state space models
2025-06-23 11:14:32,377 - WARNING -   CNN: No combinations with >= 10 replicates found. Using 1 combinations with >= 3 replicates
2025-06-23 11:14:32,377 - WARNING -   CNN: Best hyperparameter combination has only 3 replicates (< 10)
2025-06-23 11:14:32,377 - WARNING -     Best params: lr=0.001, batch_size=64, rc_aug=False
2025-06-23 11:14:32,377 - WARNING -     MCC: 0.4552 ± 0.0025
2025-06-23 11:14:32,390 - WARNING -   Caduceus: No combinations with >= 10 replicates found. Using 9 combinations with >= 3 replicates
2025-06-23 11:14:32,390 - WARNING -   Caduceus: Best hyperparameter combination has only 7 replicates (< 10)
2025-06-23 11:14:32,390 - WARNING -     Best params: lr=0.0001, batch_size=128, rc_aug=True
2025-06-23 11:14:32,390 - WARNING -     MCC: 0.4316 ± 0.0035
2025-06-23 11:14:32,403 - INFO -   HyenaDNA: Found 2 combinations with >= 10 replicates
2025-06-23 11:14:32,417 - INFO -   Mamba-bpe: Found 2 combinations with >= 10 replicates
2025-06-23 11:14:32,428 - INFO -   Mamba-char: Found 3 combinations with >= 10 replicates
2025-06-23 11:14:32,442 - WARNING -   CNN: No combinations with >= 10 replicates found. Using 1 combinations with >= 3 replicates
2025-06-23 11:14:32,442 - WARNING -   CNN: Best hyperparameter combination has only 3 replicates (< 10)
2025-06-23 11:14:32,442 - WARNING -     Best params: lr=0.001, batch_size=64, rc_aug=False
2025-06-23 11:14:32,442 - WARNING -     MCC: 0.4093 ± 0.0093
2025-06-23 11:14:32,448 - WARNING -   Caduceus: No combinations with >= 10 replicates found. Using 10 combinations with >= 3 replicates
2025-06-23 11:14:32,448 - WARNING -   Caduceus: Best hyperparameter combination has only 3 replicates (< 10)
2025-06-23 11:14:32,448 - WARNING -     Best params: lr=0.001, batch_size=128, rc_aug=False
2025-06-23 11:14:32,448 - WARNING -     MCC: 0.4674 ± 0.0323
2025-06-23 11:14:32,461 - INFO -   HyenaDNA: Found 3 combinations with >= 10 replicates
2025-06-23 11:14:32,474 - INFO -   Mamba-bpe: Found 1 combinations with >= 10 replicates
2025-06-23 11:14:32,484 - INFO -   Mamba-char: Found 1 combinations with >= 10 replicates
2025-06-23 11:14:32,497 - WARNING -   CNN: No combinations with >= 10 replicates found. Using 1 combinations with >= 3 replicates
2025-06-23 11:14:32,497 - WARNING -   CNN: Best hyperparameter combination has only 3 replicates (< 10)
2025-06-23 11:14:32,497 - WARNING -     Best params: lr=0.001, batch_size=64, rc_aug=False
2025-06-23 11:14:32,497 - WARNING -     MCC: 0.5088 ± 0.0010
2025-06-23 11:14:32,502 - WARNING -   Caduceus: No combinations with >= 10 replicates found. Using 9 combinations with >= 3 replicates
2025-06-23 11:14:32,502 - WARNING -   Caduceus: Best hyperparameter combination has only 3 replicates (< 10)
2025-06-23 11:14:32,502 - WARNING -     Best params: lr=0.001, batch_size=128, rc_aug=False
2025-06-23 11:14:32,502 - WARNING -     MCC: 0.5506 ± 0.0072
2025-06-23 11:14:32,514 - INFO -   HyenaDNA: Found 1 combinations with >= 10 replicates
2025-06-23 11:14:32,526 - INFO -   Mamba-bpe: Found 1 combinations with >= 10 replicates
2025-06-23 11:14:32,535 - INFO -   Mamba-char: Found 2 combinations with >= 10 replicates
2025-06-23 11:14:32,547 - WARNING -   CNN: No combinations with >= 10 replicates found. Using 1 combinations with >= 3 replicates
2025-06-23 11:14:32,547 - WARNING -   CNN: Best hyperparameter combination has only 3 replicates (< 10)
2025-06-23 11:14:32,548 - WARNING -     Best params: lr=0.001, batch_size=64, rc_aug=False
2025-06-23 11:14:32,548 - WARNING -     MCC: 0.5398 ± 0.0091
2025-06-23 11:14:32,553 - WARNING -   Caduceus: No combinations with >= 10 replicates found. Using 9 combinations with >= 3 replicates
2025-06-23 11:14:32,553 - WARNING -   Caduceus: Best hyperparameter combination has only 3 replicates (< 10)
2025-06-23 11:14:32,553 - WARNING -     Best params: lr=0.001, batch_size=256, rc_aug=False
2025-06-23 11:14:32,553 - WARNING -     MCC: 0.5306 ± 0.0179
2025-06-23 11:14:32,564 - INFO -   HyenaDNA: Found 2 combinations with >= 10 replicates
2025-06-23 11:14:32,576 - INFO -   Mamba-bpe: Found 1 combinations with >= 10 replicates
2025-06-23 11:14:32,585 - INFO -   Mamba-char: Found 2 combinations with >= 10 replicates
2025-06-23 11:14:32,597 - WARNING -   CNN: No combinations with >= 10 replicates found. Using 1 combinations with >= 3 replicates
2025-06-23 11:14:32,598 - WARNING -   CNN: Best hyperparameter combination has only 3 replicates (< 10)
2025-06-23 11:14:32,598 - WARNING -     Best params: lr=0.001, batch_size=64, rc_aug=False
2025-06-23 11:14:32,598 - WARNING -     MCC: 0.4058 ± 0.0097
2025-06-23 11:14:32,603 - INFO -   Caduceus: Found 1 combinations with >= 10 replicates
2025-06-23 11:14:32,614 - INFO -   HyenaDNA: Found 2 combinations with >= 10 replicates
2025-06-23 11:14:32,626 - INFO -   Mamba-bpe: Found 1 combinations with >= 10 replicates
2025-06-23 11:14:32,635 - INFO -   Mamba-char: Found 1 combinations with >= 10 replicates
2025-06-23 11:14:32,647 - WARNING -   CNN: No combinations with >= 10 replicates found. Using 1 combinations with >= 3 replicates
2025-06-23 11:14:32,647 - WARNING -   CNN: Best hyperparameter combination has only 3 replicates (< 10)
2025-06-23 11:14:32,647 - WARNING -     Best params: lr=0.001, batch_size=64, rc_aug=False
2025-06-23 11:14:32,647 - WARNING -     MCC: 0.4871 ± 0.0159
2025-06-23 11:14:32,652 - WARNING -   Caduceus: No combinations with >= 10 replicates found. Using 9 combinations with >= 3 replicates
2025-06-23 11:14:32,653 - WARNING -   Caduceus: Best hyperparameter combination has only 7 replicates (< 10)
2025-06-23 11:14:32,653 - WARNING -     Best params: lr=0.001, batch_size=128, rc_aug=True
2025-06-23 11:14:32,653 - WARNING -     MCC: 0.4848 ± 0.0196
2025-06-23 11:14:32,663 - INFO -   HyenaDNA: Found 2 combinations with >= 10 replicates
2025-06-23 11:14:32,676 - INFO -   Mamba-bpe: Found 1 combinations with >= 10 replicates
2025-06-23 11:14:32,685 - INFO -   Mamba-char: Found 1 combinations with >= 10 replicates
2025-06-23 11:14:32,698 - WARNING -   CNN: No combinations with >= 10 replicates found. Using 1 combinations with >= 3 replicates
2025-06-23 11:14:32,699 - WARNING -   CNN: Best hyperparameter combination has only 3 replicates (< 10)
2025-06-23 11:14:32,699 - WARNING -     Best params: lr=0.001, batch_size=64, rc_aug=False
2025-06-23 11:14:32,699 - WARNING -     MCC: 0.5812 ± 0.0165
2025-06-23 11:14:32,704 - INFO -   Caduceus: Found 1 combinations with >= 10 replicates
2025-06-23 11:14:32,717 - INFO -   HyenaDNA: Found 3 combinations with >= 10 replicates
2025-06-23 11:14:32,729 - INFO -   Mamba-bpe: Found 1 combinations with >= 10 replicates
2025-06-23 11:14:32,738 - INFO -   Mamba-char: Found 3 combinations with >= 10 replicates
2025-06-23 11:14:32,750 - WARNING -   CNN: No combinations with >= 10 replicates found. Using 1 combinations with >= 3 replicates
2025-06-23 11:14:32,750 - WARNING -   CNN: Best hyperparameter combination has only 3 replicates (< 10)
2025-06-23 11:14:32,750 - WARNING -     Best params: lr=0.001, batch_size=64, rc_aug=False
2025-06-23 11:14:32,750 - WARNING -     MCC: 0.5034 ± 0.0160
2025-06-23 11:14:32,756 - WARNING -   Caduceus: No combinations with >= 10 replicates found. Using 9 combinations with >= 3 replicates
2025-06-23 11:14:32,756 - WARNING -   Caduceus: Best hyperparameter combination has only 3 replicates (< 10)
2025-06-23 11:14:32,756 - WARNING -     Best params: lr=0.0001, batch_size=256, rc_aug=False
2025-06-23 11:14:32,756 - WARNING -     MCC: 0.5122 ± 0.0039
2025-06-23 11:14:32,768 - INFO -   HyenaDNA: Found 1 combinations with >= 10 replicates
2025-06-23 11:14:32,780 - INFO -   Mamba-bpe: Found 1 combinations with >= 10 replicates
2025-06-23 11:14:32,789 - INFO -   Mamba-char: Found 3 combinations with >= 10 replicates
2025-06-23 11:14:32,801 - WARNING -   CNN: No combinations with >= 10 replicates found. Using 1 combinations with >= 3 replicates
2025-06-23 11:14:32,801 - WARNING -   CNN: Best hyperparameter combination has only 3 replicates (< 10)
2025-06-23 11:14:32,801 - WARNING -     Best params: lr=0.001, batch_size=64, rc_aug=False
2025-06-23 11:14:32,801 - WARNING -     MCC: 0.3444 ± 0.0301
2025-06-23 11:14:32,806 - WARNING -   Caduceus: No combinations with >= 10 replicates found. Using 9 combinations with >= 3 replicates
2025-06-23 11:14:32,807 - WARNING -   Caduceus: Best hyperparameter combination has only 3 replicates (< 10)
2025-06-23 11:14:32,807 - WARNING -     Best params: lr=0.001, batch_size=256, rc_aug=False
2025-06-23 11:14:32,807 - WARNING -     MCC: 0.3950 ± 0.0215
2025-06-23 11:14:32,817 - INFO -   HyenaDNA: Found 1 combinations with >= 10 replicates
2025-06-23 11:14:32,830 - INFO -   Mamba-bpe: Found 2 combinations with >= 10 replicates
2025-06-23 11:14:32,839 - INFO -   Mamba-char: Found 1 combinations with >= 10 replicates
2025-06-23 11:14:32,851 - WARNING -   CNN: No combinations with >= 10 replicates found. Using 1 combinations with >= 3 replicates
2025-06-23 11:14:32,851 - WARNING -   CNN: Best hyperparameter combination has only 3 replicates (< 10)
2025-06-23 11:14:32,851 - WARNING -     Best params: lr=0.001, batch_size=64, rc_aug=False
2025-06-23 11:14:32,851 - WARNING -     MCC: 0.5604 ± 0.0115
2025-06-23 11:14:32,856 - WARNING -   Caduceus: No combinations with >= 10 replicates found. Using 11 combinations with >= 3 replicates
2025-06-23 11:14:32,857 - WARNING -   Caduceus: Best hyperparameter combination has only 3 replicates (< 10)
2025-06-23 11:14:32,857 - WARNING -     Best params: lr=0.001, batch_size=128, rc_aug=False
2025-06-23 11:14:32,857 - WARNING -     MCC: 0.5893 ± 0.0059
2025-06-23 11:14:32,869 - INFO -   HyenaDNA: Found 2 combinations with >= 10 replicates
2025-06-23 11:14:32,881 - INFO -   Mamba-bpe: Found 1 combinations with >= 10 replicates
2025-06-23 11:14:32,890 - INFO -   Mamba-char: Found 2 combinations with >= 10 replicates
2025-06-23 11:14:32,903 - WARNING -   Caduceus: No combinations with >= 10 replicates found. Using 5 combinations with >= 3 replicates
2025-06-23 11:14:32,903 - WARNING -   Caduceus: Best hyperparameter combination has only 6 replicates (< 10)
2025-06-23 11:14:32,903 - WARNING -     Best params: lr=0.001, batch_size=256, rc_aug=True
2025-06-23 11:14:32,903 - WARNING -     MCC: 0.0524 ± 0.0589
2025-06-23 11:14:32,911 - INFO -   HyenaDNA: Found 1 combinations with >= 10 replicates
2025-06-23 11:14:32,919 - INFO -   Mamba-bpe: Found 2 combinations with >= 10 replicates
2025-06-23 11:14:32,928 - INFO -   Mamba-char: Found 1 combinations with >= 10 replicates
2025-06-23 11:14:32,937 - WARNING -   CNN: No combinations with >= 10 replicates found. Using 1 combinations with >= 3 replicates
2025-06-23 11:14:32,937 - WARNING -   CNN: Best hyperparameter combination has only 3 replicates (< 10)
2025-06-23 11:14:32,937 - WARNING -     Best params: lr=0.001, batch_size=64, rc_aug=False
2025-06-23 11:14:32,937 - WARNING -     MCC: 0.7843 ± 0.0051
2025-06-23 11:14:32,942 - INFO -   Caduceus: Found 1 combinations with >= 10 replicates
2025-06-23 11:14:32,954 - INFO -   HyenaDNA: Found 1 combinations with >= 10 replicates
2025-06-23 11:14:32,963 - INFO -   Mamba-bpe: Found 1 combinations with >= 10 replicates
2025-06-23 11:14:32,972 - INFO -   Mamba-char: Found 1 combinations with >= 10 replicates
2025-06-23 11:14:32,980 - WARNING -   CNN: No combinations with >= 10 replicates found. Using 1 combinations with >= 3 replicates
2025-06-23 11:14:32,981 - WARNING -   CNN: Best hyperparameter combination has only 3 replicates (< 10)
2025-06-23 11:14:32,981 - WARNING -     Best params: lr=0.001, batch_size=64, rc_aug=False
2025-06-23 11:14:32,981 - WARNING -     MCC: 0.8838 ± 0.0027
2025-06-23 11:14:32,986 - INFO -   Caduceus: Found 1 combinations with >= 10 replicates
2025-06-23 11:14:32,998 - INFO -   HyenaDNA: Found 1 combinations with >= 10 replicates
2025-06-23 11:14:33,007 - INFO -   Mamba-bpe: Found 1 combinations with >= 10 replicates
2025-06-23 11:14:33,016 - INFO -   Mamba-char: Found 1 combinations with >= 10 replicates
2025-06-23 11:14:33,028 - WARNING -   Mamba-bpe: No combinations with >= 10 replicates found. Using 6 combinations with >= 3 replicates
2025-06-23 11:14:33,028 - WARNING -   Mamba-bpe: Best hyperparameter combination has only 3 replicates (< 10)
2025-06-23 11:14:33,028 - WARNING -     Best params: lr=0.0001, batch_size=256, rc_aug=True
2025-06-23 11:14:33,028 - WARNING -     MCC: 0.4581 ± 0.0051
2025-06-23 11:14:33,037 - WARNING -   CNN: No combinations with >= 10 replicates found. Using 1 combinations with >= 3 replicates
2025-06-23 11:14:33,037 - WARNING -   CNN: Best hyperparameter combination has only 3 replicates (< 10)
2025-06-23 11:14:33,037 - WARNING -     Best params: lr=0.001, batch_size=64, rc_aug=False
2025-06-23 11:14:33,037 - WARNING -     MCC: 0.4257 ± 0.0251
2025-06-23 11:14:33,042 - INFO -   Caduceus: Found 1 combinations with >= 10 replicates
2025-06-23 11:14:33,054 - INFO -   HyenaDNA: Found 1 combinations with >= 10 replicates
2025-06-23 11:14:33,064 - INFO -   Mamba-bpe: Found 1 combinations with >= 10 replicates
2025-06-23 11:14:33,072 - INFO -   Mamba-char: Found 1 combinations with >= 10 replicates
2025-06-23 11:14:33,081 - WARNING -   HyenaDNA: No combinations with >= 3 replicates found. Using all 6 combinations
2025-06-23 11:14:33,081 - WARNING -   HyenaDNA: Best hyperparameter combination has only 2 replicates (< 10)
2025-06-23 11:14:33,081 - WARNING -     Best params: lr=0.0006, batch_size=256, rc_aug=True
2025-06-23 11:14:33,081 - WARNING -     MCC: 0.7554 ± 0.0055
2025-06-23 11:14:33,090 - WARNING -   Mamba-bpe: No combinations with >= 10 replicates found. Using 6 combinations with >= 3 replicates
2025-06-23 11:14:33,090 - WARNING -   Mamba-bpe: Best hyperparameter combination has only 3 replicates (< 10)
2025-06-23 11:14:33,090 - WARNING -     Best params: lr=0.0002, batch_size=128, rc_aug=True
2025-06-23 11:14:33,090 - WARNING -     MCC: 0.7373 ± 0.0074
2025-06-23 11:14:33,099 - WARNING -   Caduceus: No combinations with >= 10 replicates found. Using 10 combinations with >= 3 replicates
2025-06-23 11:14:33,099 - WARNING -   Caduceus: Best hyperparameter combination has only 3 replicates (< 10)
2025-06-23 11:14:33,099 - WARNING -     Best params: lr=0.001, batch_size=128, rc_aug=False
2025-06-23 11:14:33,099 - WARNING -     MCC: 0.5424 ± 0.0035
2025-06-23 11:14:33,110 - WARNING -   HyenaDNA: No combinations with >= 10 replicates found. Using 6 combinations with >= 3 replicates
2025-06-23 11:14:33,111 - WARNING -   HyenaDNA: Best hyperparameter combination has only 4 replicates (< 10)
2025-06-23 11:14:33,111 - WARNING -     Best params: lr=0.0006, batch_size=256, rc_aug=True
2025-06-23 11:14:33,111 - WARNING -     MCC: 0.4909 ± 0.0208
2025-06-23 11:14:33,120 - WARNING -   Mamba-bpe: No combinations with >= 10 replicates found. Using 6 combinations with >= 3 replicates
2025-06-23 11:14:33,121 - WARNING -   Mamba-bpe: Best hyperparameter combination has only 3 replicates (< 10)
2025-06-23 11:14:33,121 - WARNING -     Best params: lr=0.0002, batch_size=128, rc_aug=True
2025-06-23 11:14:33,121 - WARNING -     MCC: 0.4850 ± 0.0177
2025-06-23 11:14:33,129 - WARNING -   Mamba-char: No combinations with >= 10 replicates found. Using 6 combinations with >= 3 replicates
2025-06-23 11:14:33,129 - WARNING -   Mamba-char: Best hyperparameter combination has only 3 replicates (< 10)
2025-06-23 11:14:33,129 - WARNING -     Best params: lr=0.0002, batch_size=128, rc_aug=True
2025-06-23 11:14:33,129 - WARNING -     MCC: 0.4396 ± 0.0066
2025-06-23 11:14:33,138 - WARNING -   Caduceus: No combinations with >= 10 replicates found. Using 10 combinations with >= 3 replicates
2025-06-23 11:14:33,139 - WARNING -   Caduceus: Best hyperparameter combination has only 3 replicates (< 10)
2025-06-23 11:14:33,139 - WARNING -     Best params: lr=0.002, batch_size=128, rc_aug=False
2025-06-23 11:14:33,139 - WARNING -     MCC: 0.5597 ± 0.0059
2025-06-23 11:14:33,149 - WARNING -   HyenaDNA: No combinations with >= 10 replicates found. Using 6 combinations with >= 3 replicates
2025-06-23 11:14:33,150 - WARNING -   HyenaDNA: Best hyperparameter combination has only 3 replicates (< 10)
2025-06-23 11:14:33,150 - WARNING -     Best params: lr=0.0006, batch_size=256, rc_aug=True
2025-06-23 11:14:33,150 - WARNING -     MCC: 0.4894 ± 0.0183
2025-06-23 11:14:33,158 - WARNING -   Mamba-bpe: No combinations with >= 10 replicates found. Using 6 combinations with >= 3 replicates
2025-06-23 11:14:33,158 - WARNING -   Mamba-bpe: Best hyperparameter combination has only 3 replicates (< 10)
2025-06-23 11:14:33,158 - WARNING -     Best params: lr=0.0002, batch_size=128, rc_aug=True
2025-06-23 11:14:33,158 - WARNING -     MCC: 0.5046 ± 0.0125
2025-06-23 11:14:33,167 - WARNING -   Mamba-char: No combinations with >= 10 replicates found. Using 6 combinations with >= 3 replicates
2025-06-23 11:14:33,167 - WARNING -   Mamba-char: Best hyperparameter combination has only 3 replicates (< 10)
2025-06-23 11:14:33,167 - WARNING -     Best params: lr=0.0001, batch_size=128, rc_aug=True
2025-06-23 11:14:33,167 - WARNING -     MCC: 0.4854 ± 0.0074
2025-06-23 11:14:33,176 - WARNING -   Caduceus: No combinations with >= 10 replicates found. Using 10 combinations with >= 3 replicates
2025-06-23 11:14:33,176 - WARNING -   Caduceus: Best hyperparameter combination has only 3 replicates (< 10)
2025-06-23 11:14:33,176 - WARNING -     Best params: lr=0.001, batch_size=128, rc_aug=False
2025-06-23 11:14:33,176 - WARNING -     MCC: 0.4685 ± 0.0024
2025-06-23 11:14:33,187 - WARNING -   HyenaDNA: No combinations with >= 10 replicates found. Using 6 combinations with >= 3 replicates
2025-06-23 11:14:33,187 - WARNING -   HyenaDNA: Best hyperparameter combination has only 3 replicates (< 10)
2025-06-23 11:14:33,187 - WARNING -     Best params: lr=0.0006, batch_size=256, rc_aug=True
2025-06-23 11:14:33,187 - WARNING -     MCC: 0.4360 ± 0.0009
2025-06-23 11:14:33,196 - WARNING -   Mamba-bpe: No combinations with >= 10 replicates found. Using 6 combinations with >= 3 replicates
2025-06-23 11:14:33,196 - WARNING -   Mamba-bpe: Best hyperparameter combination has only 3 replicates (< 10)
2025-06-23 11:14:33,196 - WARNING -     Best params: lr=0.0002, batch_size=128, rc_aug=True
2025-06-23 11:14:33,196 - WARNING -     MCC: 0.3976 ± 0.0143
2025-06-23 11:14:33,204 - WARNING -   Mamba-char: No combinations with >= 10 replicates found. Using 6 combinations with >= 3 replicates
2025-06-23 11:14:33,205 - WARNING -   Mamba-char: Best hyperparameter combination has only 3 replicates (< 10)
2025-06-23 11:14:33,205 - WARNING -     Best params: lr=0.0002, batch_size=128, rc_aug=True
2025-06-23 11:14:33,205 - WARNING -     MCC: 0.3929 ± 0.0040
2025-06-23 11:14:33,214 - WARNING -   Caduceus: No combinations with >= 10 replicates found. Using 10 combinations with >= 3 replicates
2025-06-23 11:14:33,214 - WARNING -   Caduceus: Best hyperparameter combination has only 3 replicates (< 10)
2025-06-23 11:14:33,214 - WARNING -     Best params: lr=0.001, batch_size=128, rc_aug=False
2025-06-23 11:14:33,214 - WARNING -     MCC: 0.3872 ± 0.0196
2025-06-23 11:14:33,225 - WARNING -   HyenaDNA: No combinations with >= 10 replicates found. Using 6 combinations with >= 3 replicates
2025-06-23 11:14:33,229 - WARNING -   HyenaDNA: Best hyperparameter combination has only 3 replicates (< 10)
2025-06-23 11:14:33,229 - WARNING -     Best params: lr=0.0006, batch_size=256, rc_aug=True
2025-06-23 11:14:33,229 - WARNING -     MCC: 0.3069 ± 0.0232
2025-06-23 11:14:33,238 - WARNING -   Mamba-bpe: No combinations with >= 10 replicates found. Using 6 combinations with >= 3 replicates
2025-06-23 11:14:33,238 - WARNING -   Mamba-bpe: Best hyperparameter combination has only 3 replicates (< 10)
2025-06-23 11:14:33,238 - WARNING -     Best params: lr=0.0002, batch_size=128, rc_aug=True
2025-06-23 11:14:33,238 - WARNING -     MCC: 0.3298 ± 0.0176
2025-06-23 11:14:33,247 - WARNING -   Mamba-char: No combinations with >= 10 replicates found. Using 6 combinations with >= 3 replicates
2025-06-23 11:14:33,247 - WARNING -   Mamba-char: Best hyperparameter combination has only 3 replicates (< 10)
2025-06-23 11:14:33,247 - WARNING -     Best params: lr=0.0001, batch_size=256, rc_aug=True
2025-06-23 11:14:33,247 - WARNING -     MCC: 0.3014 ± 0.0053
2025-06-23 11:14:33,256 - WARNING -   Caduceus: No combinations with >= 10 replicates found. Using 10 combinations with >= 3 replicates
2025-06-23 11:14:33,256 - WARNING -   Caduceus: Best hyperparameter combination has only 3 replicates (< 10)
2025-06-23 11:14:33,256 - WARNING -     Best params: lr=0.001, batch_size=256, rc_aug=False
2025-06-23 11:14:33,256 - WARNING -     MCC: 0.4340 ± 0.0229
2025-06-23 11:14:33,267 - WARNING -   HyenaDNA: No combinations with >= 10 replicates found. Using 6 combinations with >= 3 replicates
2025-06-23 11:14:33,267 - WARNING -   HyenaDNA: Best hyperparameter combination has only 3 replicates (< 10)
2025-06-23 11:14:33,267 - WARNING -     Best params: lr=0.0006, batch_size=256, rc_aug=True
2025-06-23 11:14:33,267 - WARNING -     MCC: 0.3524 ± 0.0196
2025-06-23 11:14:33,276 - WARNING -   Mamba-bpe: No combinations with >= 10 replicates found. Using 6 combinations with >= 3 replicates
2025-06-23 11:14:33,276 - WARNING -   Mamba-bpe: Best hyperparameter combination has only 3 replicates (< 10)
2025-06-23 11:14:33,276 - WARNING -     Best params: lr=0.0002, batch_size=128, rc_aug=True
2025-06-23 11:14:33,276 - WARNING -     MCC: 0.3999 ± 0.0068
2025-06-23 11:14:33,284 - WARNING -   Mamba-char: No combinations with >= 10 replicates found. Using 6 combinations with >= 3 replicates
2025-06-23 11:14:33,284 - WARNING -   Mamba-char: Best hyperparameter combination has only 3 replicates (< 10)
2025-06-23 11:14:33,285 - WARNING -     Best params: lr=0.0002, batch_size=256, rc_aug=True
2025-06-23 11:14:33,285 - WARNING -     MCC: 0.3236 ± 0.0106
2025-06-23 11:14:33,294 - WARNING -   Caduceus: No combinations with >= 10 replicates found. Using 10 combinations with >= 3 replicates
2025-06-23 11:14:33,294 - WARNING -   Caduceus: Best hyperparameter combination has only 3 replicates (< 10)
2025-06-23 11:14:33,294 - WARNING -     Best params: lr=0.002, batch_size=256, rc_aug=False
2025-06-23 11:14:33,294 - WARNING -     MCC: 0.6677 ± 0.0087
2025-06-23 11:14:33,306 - WARNING -   HyenaDNA: No combinations with >= 10 replicates found. Using 6 combinations with >= 3 replicates
2025-06-23 11:14:33,306 - WARNING -   HyenaDNA: Best hyperparameter combination has only 3 replicates (< 10)
2025-06-23 11:14:33,306 - WARNING -     Best params: lr=0.0006, batch_size=256, rc_aug=True
2025-06-23 11:14:33,306 - WARNING -     MCC: 0.6195 ± 0.0182
2025-06-23 11:14:33,317 - WARNING -   Mamba-bpe: No combinations with >= 10 replicates found. Using 6 combinations with >= 3 replicates
2025-06-23 11:14:33,317 - WARNING -   Mamba-bpe: Best hyperparameter combination has only 3 replicates (< 10)
2025-06-23 11:14:33,317 - WARNING -     Best params: lr=0.0001, batch_size=128, rc_aug=True
2025-06-23 11:14:33,317 - WARNING -     MCC: 0.6181 ± 0.0048
2025-06-23 11:14:33,327 - WARNING -   Mamba-char: No combinations with >= 10 replicates found. Using 6 combinations with >= 3 replicates
2025-06-23 11:14:33,327 - WARNING -   Mamba-char: Best hyperparameter combination has only 3 replicates (< 10)
2025-06-23 11:14:33,327 - WARNING -     Best params: lr=0.0002, batch_size=256, rc_aug=True
2025-06-23 11:14:33,327 - WARNING -     MCC: 0.6015 ± 0.0163
2025-06-23 11:14:33,337 - WARNING -   Caduceus: No combinations with >= 10 replicates found. Using 10 combinations with >= 3 replicates
2025-06-23 11:14:33,338 - WARNING -   Caduceus: Best hyperparameter combination has only 3 replicates (< 10)
2025-06-23 11:14:33,338 - WARNING -     Best params: lr=0.002, batch_size=256, rc_aug=False
2025-06-23 11:14:33,338 - WARNING -     MCC: 0.5827 ± 0.0151
2025-06-23 11:14:33,349 - WARNING -   HyenaDNA: No combinations with >= 10 replicates found. Using 6 combinations with >= 3 replicates
2025-06-23 11:14:33,350 - WARNING -   HyenaDNA: Best hyperparameter combination has only 3 replicates (< 10)
2025-06-23 11:14:33,350 - WARNING -     Best params: lr=0.0006, batch_size=256, rc_aug=True
2025-06-23 11:14:33,350 - WARNING -     MCC: 0.5434 ± 0.0161
2025-06-23 11:14:33,359 - WARNING -   Mamba-bpe: No combinations with >= 10 replicates found. Using 6 combinations with >= 3 replicates
2025-06-23 11:14:33,359 - WARNING -   Mamba-bpe: Best hyperparameter combination has only 3 replicates (< 10)
2025-06-23 11:14:33,360 - WARNING -     Best params: lr=0.0002, batch_size=128, rc_aug=True
2025-06-23 11:14:33,360 - WARNING -     MCC: 0.5229 ± 0.0111
2025-06-23 11:14:33,368 - WARNING -   Mamba-char: No combinations with >= 10 replicates found. Using 6 combinations with >= 3 replicates
2025-06-23 11:14:33,369 - WARNING -   Mamba-char: Best hyperparameter combination has only 3 replicates (< 10)
2025-06-23 11:14:33,369 - WARNING -     Best params: lr=0.0002, batch_size=128, rc_aug=True
2025-06-23 11:14:33,369 - WARNING -     MCC: 0.5160 ± 0.0066
2025-06-23 11:14:33,378 - WARNING -   Caduceus: No combinations with >= 10 replicates found. Using 10 combinations with >= 3 replicates
2025-06-23 11:14:33,378 - WARNING -   Caduceus: Best hyperparameter combination has only 3 replicates (< 10)
2025-06-23 11:14:33,378 - WARNING -     Best params: lr=0.001, batch_size=256, rc_aug=False
2025-06-23 11:14:33,378 - WARNING -     MCC: 0.8003 ± 0.0110
2025-06-23 11:14:33,390 - WARNING -   HyenaDNA: No combinations with >= 10 replicates found. Using 6 combinations with >= 3 replicates
2025-06-23 11:14:33,390 - WARNING -   HyenaDNA: Best hyperparameter combination has only 3 replicates (< 10)
2025-06-23 11:14:33,390 - WARNING -     Best params: lr=0.0006, batch_size=256, rc_aug=True
2025-06-23 11:14:33,390 - WARNING -     MCC: 0.7901 ± 0.0098
2025-06-23 11:14:33,399 - WARNING -   Mamba-bpe: No combinations with >= 10 replicates found. Using 6 combinations with >= 3 replicates
2025-06-23 11:14:33,399 - WARNING -   Mamba-bpe: Best hyperparameter combination has only 3 replicates (< 10)
2025-06-23 11:14:33,399 - WARNING -     Best params: lr=0.0002, batch_size=128, rc_aug=True
2025-06-23 11:14:33,399 - WARNING -     MCC: 0.7666 ± 0.0141
2025-06-23 11:14:33,407 - WARNING -   Mamba-char: No combinations with >= 10 replicates found. Using 6 combinations with >= 3 replicates
2025-06-23 11:14:33,407 - WARNING -   Mamba-char: Best hyperparameter combination has only 3 replicates (< 10)
2025-06-23 11:14:33,407 - WARNING -     Best params: lr=0.0002, batch_size=128, rc_aug=True
2025-06-23 11:14:33,408 - WARNING -     MCC: 0.7833 ± 0.0061
2025-06-23 11:14:33,417 - WARNING -   Caduceus: No combinations with >= 10 replicates found. Using 10 combinations with >= 3 replicates
2025-06-23 11:14:33,417 - WARNING -   Caduceus: Best hyperparameter combination has only 3 replicates (< 10)
2025-06-23 11:14:33,417 - WARNING -     Best params: lr=0.002, batch_size=256, rc_aug=False
2025-06-23 11:14:33,417 - WARNING -     MCC: 0.5125 ± 0.0247
2025-06-23 11:14:33,428 - WARNING -   HyenaDNA: No combinations with >= 10 replicates found. Using 6 combinations with >= 3 replicates
2025-06-23 11:14:33,428 - WARNING -   HyenaDNA: Best hyperparameter combination has only 3 replicates (< 10)
2025-06-23 11:14:33,428 - WARNING -     Best params: lr=0.0006, batch_size=256, rc_aug=True
2025-06-23 11:14:33,428 - WARNING -     MCC: 0.4242 ± 0.0352
2025-06-23 11:14:33,437 - WARNING -   Mamba-bpe: No combinations with >= 10 replicates found. Using 6 combinations with >= 3 replicates
2025-06-23 11:14:33,437 - WARNING -   Mamba-bpe: Best hyperparameter combination has only 3 replicates (< 10)
2025-06-23 11:14:33,437 - WARNING -     Best params: lr=0.0002, batch_size=128, rc_aug=True
2025-06-23 11:14:33,437 - WARNING -     MCC: 0.4540 ± 0.0163
2025-06-23 11:14:33,445 - WARNING -   Mamba-char: No combinations with >= 10 replicates found. Using 6 combinations with >= 3 replicates
2025-06-23 11:14:33,445 - WARNING -   Mamba-char: Best hyperparameter combination has only 3 replicates (< 10)
2025-06-23 11:14:33,445 - WARNING -     Best params: lr=0.0002, batch_size=128, rc_aug=True
2025-06-23 11:14:33,445 - WARNING -     MCC: 0.3908 ± 0.0213
2025-06-23 11:14:33,454 - WARNING -   CNN: No combinations with >= 10 replicates found. Using 1 combinations with >= 3 replicates
2025-06-23 11:14:33,454 - WARNING -   CNN: Best hyperparameter combination has only 3 replicates (< 10)
2025-06-23 11:14:33,454 - WARNING -     Best params: lr=0.001, batch_size=64, rc_aug=False
2025-06-23 11:14:33,454 - WARNING -     MCC: 0.5012 ± 0.0137
2025-06-23 11:14:33,460 - INFO -   Caduceus: Found 1 combinations with >= 10 replicates
2025-06-23 11:14:33,473 - INFO -   HyenaDNA: Found 2 combinations with >= 10 replicates
2025-06-23 11:14:33,485 - INFO -   Mamba-bpe: Found 1 combinations with >= 10 replicates
2025-06-23 11:14:33,493 - INFO -   Mamba-char: Found 1 combinations with >= 10 replicates
2025-06-23 11:14:33,502 - WARNING -   CNN: No combinations with >= 10 replicates found. Using 1 combinations with >= 3 replicates
2025-06-23 11:14:33,502 - WARNING -   CNN: Best hyperparameter combination has only 3 replicates (< 10)
2025-06-23 11:14:33,502 - WARNING -     Best params: lr=0.001, batch_size=64, rc_aug=False
2025-06-23 11:14:33,502 - WARNING -     MCC: 0.4423 ± 0.0070
2025-06-23 11:14:33,508 - INFO -   Caduceus: Found 1 combinations with >= 10 replicates
2025-06-23 11:14:33,521 - INFO -   HyenaDNA: Found 3 combinations with >= 10 replicates
2025-06-23 11:14:33,533 - INFO -   Mamba-bpe: Found 1 combinations with >= 10 replicates
2025-06-23 11:14:33,541 - INFO -   Mamba-char: Found 2 combinations with >= 10 replicates
2025-06-23 11:14:33,550 - WARNING -   CNN: No combinations with >= 10 replicates found. Using 1 combinations with >= 3 replicates
2025-06-23 11:14:33,550 - WARNING -   CNN: Best hyperparameter combination has only 3 replicates (< 10)
2025-06-23 11:14:33,550 - WARNING -     Best params: lr=0.001, batch_size=64, rc_aug=False
2025-06-23 11:14:33,550 - WARNING -     MCC: 0.4029 ± 0.0156
2025-06-23 11:14:33,555 - INFO -   Caduceus: Found 1 combinations with >= 10 replicates
2025-06-23 11:14:33,567 - INFO -   HyenaDNA: Found 1 combinations with >= 10 replicates
2025-06-23 11:14:33,577 - INFO -   Mamba-bpe: Found 1 combinations with >= 10 replicates
2025-06-23 11:14:33,585 - INFO -   Mamba-char: Found 1 combinations with >= 10 replicates
2025-06-23 11:14:33,593 - WARNING -   CNN: No combinations with >= 10 replicates found. Using 1 combinations with >= 3 replicates
2025-06-23 11:14:33,594 - WARNING -   CNN: Best hyperparameter combination has only 3 replicates (< 10)
2025-06-23 11:14:33,594 - WARNING -     Best params: lr=0.001, batch_size=64, rc_aug=False
2025-06-23 11:14:33,594 - WARNING -     MCC: 0.5394 ± 0.0543
2025-06-23 11:14:33,599 - INFO -   Caduceus: Found 1 combinations with >= 10 replicates
2025-06-23 11:14:33,611 - INFO -   HyenaDNA: Found 1 combinations with >= 10 replicates
2025-06-23 11:14:33,621 - INFO -   Mamba-bpe: Found 1 combinations with >= 10 replicates
2025-06-23 11:14:33,629 - INFO -   Mamba-char: Found 1 combinations with >= 10 replicates
2025-06-23 11:14:33,638 - WARNING -   CNN: No combinations with >= 10 replicates found. Using 1 combinations with >= 3 replicates
2025-06-23 11:14:33,638 - WARNING -   CNN: Best hyperparameter combination has only 3 replicates (< 10)
2025-06-23 11:14:33,638 - WARNING -     Best params: lr=0.001, batch_size=64, rc_aug=False
2025-06-23 11:14:33,638 - WARNING -     MCC: 0.7999 ± 0.0031
2025-06-23 11:14:33,643 - WARNING -   Caduceus: No combinations with >= 10 replicates found. Using 2 combinations with >= 3 replicates
2025-06-23 11:14:33,644 - WARNING -   Caduceus: Best hyperparameter combination has only 3 replicates (< 10)
2025-06-23 11:14:33,644 - WARNING -     Best params: lr=0.0005, batch_size=128, rc_aug=False
2025-06-23 11:14:33,644 - WARNING -     MCC: 0.8063 ± 0.0097
2025-06-23 11:14:33,655 - INFO -   HyenaDNA: Found 1 combinations with >= 10 replicates
2025-06-23 11:14:33,665 - WARNING -   Mamba-bpe: No combinations with >= 10 replicates found. Using 3 combinations with >= 3 replicates
2025-06-23 11:14:33,665 - WARNING -   Mamba-bpe: Best hyperparameter combination has only 6 replicates (< 10)
2025-06-23 11:14:33,665 - WARNING -     Best params: lr=5e-05, batch_size=128, rc_aug=True
2025-06-23 11:14:33,665 - WARNING -     MCC: 0.8493 ± 0.0019
2025-06-23 11:14:33,672 - INFO -   Mamba-char: Found 1 combinations with >= 10 replicates
2025-06-23 11:14:33,681 - WARNING -   CNN: No combinations with >= 10 replicates found. Using 1 combinations with >= 3 replicates
2025-06-23 11:14:33,681 - WARNING -   CNN: Best hyperparameter combination has only 3 replicates (< 10)
2025-06-23 11:14:33,681 - WARNING -     Best params: lr=0.001, batch_size=64, rc_aug=False
2025-06-23 11:14:33,681 - WARNING -     MCC: 0.7227 ± 0.0105
2025-06-23 11:14:33,686 - INFO -   Caduceus: Found 1 combinations with >= 10 replicates
2025-06-23 11:14:33,698 - INFO -   HyenaDNA: Found 2 combinations with >= 10 replicates
2025-06-23 11:14:33,708 - INFO -   Mamba-bpe: Found 2 combinations with >= 10 replicates
2025-06-23 11:14:33,716 - INFO -   Mamba-char: Found 1 combinations with >= 10 replicates
2025-06-23 11:14:33,724 - WARNING -   CNN: No combinations with >= 10 replicates found. Using 1 combinations with >= 3 replicates
2025-06-23 11:14:33,724 - WARNING -   CNN: Best hyperparameter combination has only 3 replicates (< 10)
2025-06-23 11:14:33,724 - WARNING -     Best params: lr=0.001, batch_size=64, rc_aug=False
2025-06-23 11:14:33,724 - WARNING -     MCC: 0.3998 ± 0.0143
2025-06-23 11:14:33,730 - WARNING -   Caduceus: No combinations with >= 10 replicates found. Using 7 combinations with >= 3 replicates
2025-06-23 11:14:33,730 - WARNING -   Caduceus: Best hyperparameter combination has only 3 replicates (< 10)
2025-06-23 11:14:33,730 - WARNING -     Best params: lr=0.001, batch_size=128, rc_aug=False
2025-06-23 11:14:33,730 - WARNING -     MCC: 0.6360 ± 0.0020
2025-06-23 11:14:33,743 - INFO -   HyenaDNA: Found 1 combinations with >= 10 replicates
2025-06-23 11:14:33,752 - INFO -   Mamba-bpe: Found 1 combinations with >= 10 replicates
2025-06-23 11:14:33,761 - INFO -   Mamba-char: Found 1 combinations with >= 10 replicates
2025-06-23 11:14:33,770 - WARNING -   Caduceus: No combinations with >= 10 replicates found. Using 11 combinations with >= 3 replicates
2025-06-23 11:14:33,770 - WARNING -   Caduceus: Best hyperparameter combination has only 7 replicates (< 10)
2025-06-23 11:14:33,770 - WARNING -     Best params: lr=0.002, batch_size=128, rc_aug=True
2025-06-23 11:14:33,770 - WARNING -     MCC: 0.6096 ± 0.0180
2025-06-23 11:14:33,781 - INFO -   HyenaDNA: Found 1 combinations with >= 10 replicates
2025-06-23 11:14:33,790 - INFO -   Mamba-bpe: Found 2 combinations with >= 10 replicates
2025-06-23 11:14:33,799 - INFO -   Mamba-char: Found 1 combinations with >= 10 replicates
2025-06-23 11:14:33,808 - WARNING -   Caduceus: No combinations with >= 10 replicates found. Using 11 combinations with >= 3 replicates
2025-06-23 11:14:33,808 - WARNING -   Caduceus: Best hyperparameter combination has only 3 replicates (< 10)
2025-06-23 11:14:33,808 - WARNING -     Best params: lr=0.001, batch_size=128, rc_aug=False
2025-06-23 11:14:33,808 - WARNING -     MCC: 0.8482 ± 0.0040
2025-06-23 11:14:33,820 - INFO -   HyenaDNA: Found 1 combinations with >= 10 replicates
2025-06-23 11:14:33,828 - INFO -   Mamba-bpe: Found 1 combinations with >= 10 replicates
2025-06-23 11:14:33,837 - INFO -   Mamba-char: Found 1 combinations with >= 10 replicates
2025-06-23 11:14:33,846 - WARNING -   Caduceus: No combinations with >= 10 replicates found. Using 8 combinations with >= 3 replicates
2025-06-23 11:14:33,846 - WARNING -   Caduceus: Best hyperparameter combination has only 7 replicates (< 10)
2025-06-23 11:14:33,846 - WARNING -     Best params: lr=0.002, batch_size=128, rc_aug=True
2025-06-23 11:14:33,846 - WARNING -     MCC: 0.8449 ± 0.0167
2025-06-23 11:14:33,856 - INFO -   HyenaDNA: Found 1 combinations with >= 10 replicates
2025-06-23 11:14:33,865 - INFO -   Mamba-bpe: Found 2 combinations with >= 10 replicates
2025-06-23 11:14:33,874 - WARNING -   Mamba-char: No combinations with >= 10 replicates found. Using 1 combinations with >= 3 replicates
2025-06-23 11:14:33,874 - WARNING -   Mamba-char: Best hyperparameter combination has only 7 replicates (< 10)
2025-06-23 11:14:33,874 - WARNING -     Best params: lr=0.0002, batch_size=128, rc_aug=True
2025-06-23 11:14:33,874 - WARNING -     MCC: 0.7209 ± 0.0238
2025-06-23 11:14:33,879 - WARNING -   Caduceus: No combinations with >= 10 replicates found. Using 11 combinations with >= 3 replicates
2025-06-23 11:14:33,880 - WARNING -   Caduceus: Best hyperparameter combination has only 3 replicates (< 10)
2025-06-23 11:14:33,880 - WARNING -     Best params: lr=0.002, batch_size=128, rc_aug=False
2025-06-23 11:14:33,880 - WARNING -     MCC: 0.8369 ± 0.0085
2025-06-23 11:14:33,891 - INFO -   HyenaDNA: Found 1 combinations with >= 10 replicates
2025-06-23 11:14:33,900 - INFO -   Mamba-bpe: Found 2 combinations with >= 10 replicates
2025-06-23 11:14:33,909 - INFO -   Mamba-char: Found 1 combinations with >= 10 replicates
2025-06-23 11:14:33,918 - WARNING -   Caduceus: No combinations with >= 10 replicates found. Using 11 combinations with >= 3 replicates
2025-06-23 11:14:33,918 - WARNING -   Caduceus: Best hyperparameter combination has only 3 replicates (< 10)
2025-06-23 11:14:33,918 - WARNING -     Best params: lr=0.002, batch_size=256, rc_aug=False
2025-06-23 11:14:33,918 - WARNING -     MCC: 0.4959 ± 0.0049
2025-06-23 11:14:33,930 - INFO -   HyenaDNA: Found 1 combinations with >= 10 replicates
2025-06-23 11:14:33,938 - INFO -   Mamba-bpe: Found 1 combinations with >= 10 replicates
2025-06-23 11:14:33,946 - INFO -   Mamba-char: Found 1 combinations with >= 10 replicates
2025-06-23 11:14:33,955 - WARNING -   HyenaDNA: No combinations with >= 10 replicates found. Using 2 combinations with >= 3 replicates
2025-06-23 11:14:33,955 - WARNING -   HyenaDNA: Best hyperparameter combination has only 3 replicates (< 10)
2025-06-23 11:14:33,955 - WARNING -     Best params: lr=0.003, batch_size=128, rc_aug=True
2025-06-23 11:14:33,955 - WARNING -     MCC: 0.4521 ± 0.1039
2025-06-23 11:14:33,962 - WARNING -   Caduceus: No combinations with >= 10 replicates found. Using 12 combinations with >= 3 replicates
2025-06-23 11:14:33,962 - WARNING -   Caduceus: Best hyperparameter combination has only 8 replicates (< 10)
2025-06-23 11:14:33,962 - WARNING -     Best params: lr=0.001, batch_size=256, rc_aug=True
2025-06-23 11:14:33,962 - WARNING -     MCC: 0.8225 ± 0.0047
2025-06-23 11:14:33,974 - INFO -   HyenaDNA: Found 1 combinations with >= 10 replicates
2025-06-23 11:14:33,983 - INFO -   Mamba-bpe: Found 1 combinations with >= 10 replicates
2025-06-23 11:14:33,992 - INFO -   Mamba-char: Found 1 combinations with >= 10 replicates
2025-06-23 11:14:34,001 - WARNING -   Caduceus: No combinations with >= 10 replicates found. Using 12 combinations with >= 3 replicates
2025-06-23 11:14:34,002 - WARNING -   Caduceus: Best hyperparameter combination has only 3 replicates (< 10)
2025-06-23 11:14:34,002 - WARNING -     Best params: lr=0.001, batch_size=128, rc_aug=False
2025-06-23 11:14:34,002 - WARNING -     MCC: 0.9286 ± 0.0038
2025-06-23 11:14:34,014 - INFO -   HyenaDNA: Found 1 combinations with >= 10 replicates
2025-06-23 11:14:34,022 - INFO -   Mamba-bpe: Found 1 combinations with >= 10 replicates
2025-06-23 11:14:34,031 - INFO -   Mamba-char: Found 1 combinations with >= 10 replicates
2025-06-23 11:14:34,040 - WARNING -   Caduceus: No combinations with >= 10 replicates found. Using 11 combinations with >= 3 replicates
2025-06-23 11:14:34,040 - WARNING -   Caduceus: Best hyperparameter combination has only 3 replicates (< 10)
2025-06-23 11:14:34,040 - WARNING -     Best params: lr=0.002, batch_size=128, rc_aug=False
2025-06-23 11:14:34,040 - WARNING -     MCC: 0.5796 ± 0.0012
2025-06-23 11:14:34,051 - INFO -   HyenaDNA: Found 1 combinations with >= 10 replicates
2025-06-23 11:14:34,060 - INFO -   Mamba-bpe: Found 1 combinations with >= 10 replicates
2025-06-23 11:14:34,068 - INFO -   Mamba-char: Found 1 combinations with >= 10 replicates
2025-06-23 11:14:34,078 - WARNING -   Caduceus: No combinations with >= 10 replicates found. Using 12 combinations with >= 3 replicates
2025-06-23 11:14:34,080 - WARNING -   Caduceus: Best hyperparameter combination has only 3 replicates (< 10)
2025-06-23 11:14:34,080 - WARNING -     Best params: lr=0.001, batch_size=256, rc_aug=False
2025-06-23 11:14:34,080 - WARNING -     MCC: 0.6585 ± 0.0111
2025-06-23 11:14:34,092 - INFO -   HyenaDNA: Found 1 combinations with >= 10 replicates
2025-06-23 11:14:34,101 - INFO -   Mamba-bpe: Found 2 combinations with >= 10 replicates
2025-06-23 11:14:34,110 - INFO -   Mamba-char: Found 1 combinations with >= 10 replicates
2025-06-23 11:14:34,119 - WARNING -   Caduceus: No combinations with >= 10 replicates found. Using 11 combinations with >= 3 replicates
2025-06-23 11:14:34,119 - WARNING -   Caduceus: Best hyperparameter combination has only 3 replicates (< 10)
2025-06-23 11:14:34,119 - WARNING -     Best params: lr=0.002, batch_size=256, rc_aug=False
2025-06-23 11:14:34,119 - WARNING -     MCC: 0.6803 ± 0.0045
2025-06-23 11:14:34,131 - INFO -   HyenaDNA: Found 1 combinations with >= 10 replicates
2025-06-23 11:14:34,139 - INFO -   Mamba-bpe: Found 1 combinations with >= 10 replicates
2025-06-23 11:14:34,147 - INFO -   Mamba-char: Found 1 combinations with >= 10 replicates
2025-06-23 11:14:34,157 - WARNING -   Caduceus: No combinations with >= 10 replicates found. Using 12 combinations with >= 3 replicates
2025-06-23 11:14:34,157 - WARNING -   Caduceus: Best hyperparameter combination has only 3 replicates (< 10)
2025-06-23 11:14:34,157 - WARNING -     Best params: lr=0.002, batch_size=128, rc_aug=False
2025-06-23 11:14:34,157 - WARNING -     MCC: 0.6323 ± 0.1544
2025-06-23 11:14:34,169 - INFO -   HyenaDNA: Found 2 combinations with >= 10 replicates
2025-06-23 11:14:34,177 - INFO -   Mamba-bpe: Found 1 combinations with >= 10 replicates
2025-06-23 11:14:34,186 - INFO -   Mamba-char: Found 2 combinations with >= 10 replicates
2025-06-23 11:14:34,194 - WARNING -   CNN: No combinations with >= 10 replicates found. Using 1 combinations with >= 3 replicates
2025-06-23 11:14:34,194 - WARNING -   CNN: Best hyperparameter combination has only 3 replicates (< 10)
2025-06-23 11:14:34,194 - WARNING -     Best params: lr=0.001, batch_size=64, rc_aug=False
2025-06-23 11:14:34,194 - WARNING -     MCC: 0.7350 ± 0.0133
2025-06-23 11:14:34,200 - INFO -   Caduceus: Found 1 combinations with >= 10 replicates
2025-06-23 11:14:34,213 - INFO -   HyenaDNA: Found 3 combinations with >= 10 replicates
2025-06-23 11:14:34,225 - INFO -   Mamba-bpe: Found 2 combinations with >= 10 replicates
2025-06-23 11:14:34,233 - INFO -   Mamba-char: Found 1 combinations with >= 10 replicates
2025-06-23 11:14:34,242 - WARNING -   CNN: No combinations with >= 10 replicates found. Using 1 combinations with >= 3 replicates
2025-06-23 11:14:34,242 - WARNING -   CNN: Best hyperparameter combination has only 3 replicates (< 10)
2025-06-23 11:14:34,242 - WARNING -     Best params: lr=0.001, batch_size=64, rc_aug=False
2025-06-23 11:14:34,242 - WARNING -     MCC: 0.7311 ± 0.0186
2025-06-23 11:14:34,247 - INFO -   Caduceus: Found 1 combinations with >= 10 replicates
2025-06-23 11:14:34,261 - INFO -   HyenaDNA: Found 3 combinations with >= 10 replicates
2025-06-23 11:14:34,273 - INFO -   Mamba-bpe: Found 1 combinations with >= 10 replicates
2025-06-23 11:14:34,281 - INFO -   Mamba-char: Found 1 combinations with >= 10 replicates
2025-06-23 11:14:34,289 - WARNING -   CNN: No combinations with >= 10 replicates found. Using 1 combinations with >= 3 replicates
2025-06-23 11:14:34,289 - WARNING -   CNN: Best hyperparameter combination has only 3 replicates (< 10)
2025-06-23 11:14:34,289 - WARNING -     Best params: lr=0.001, batch_size=64, rc_aug=False
2025-06-23 11:14:34,289 - WARNING -     MCC: 0.8875 ± 0.0260
2025-06-23 11:14:34,295 - INFO -   Caduceus: Found 1 combinations with >= 10 replicates
2025-06-23 11:14:34,308 - INFO -   HyenaDNA: Found 3 combinations with >= 10 replicates
2025-06-23 11:14:34,322 - INFO -   Mamba-bpe: Found 2 combinations with >= 10 replicates
2025-06-23 11:14:34,332 - INFO -   Mamba-char: Found 1 combinations with >= 10 replicates
2025-06-23 11:14:34,342 - WARNING -   Caduceus: No combinations with >= 10 replicates found. Using 5 combinations with >= 3 replicates
2025-06-23 11:14:34,343 - WARNING -   Caduceus: Best hyperparameter combination has only 3 replicates (< 10)
2025-06-23 11:14:34,343 - WARNING -     Best params: lr=0.001, batch_size=256, rc_aug=False
2025-06-23 11:14:34,343 - WARNING -     MCC: 0.7992 ± 0.0422
2025-06-23 11:14:34,351 - INFO -   HyenaDNA: Found 1 combinations with >= 10 replicates
2025-06-23 11:14:34,360 - INFO -   Mamba-bpe: Found 1 combinations with >= 10 replicates
2025-06-23 11:14:34,369 - INFO -   Mamba-char: Found 1 combinations with >= 10 replicates
2025-06-23 11:14:34,378 - WARNING -   CNN: No combinations with >= 10 replicates found. Using 1 combinations with >= 3 replicates
2025-06-23 11:14:34,378 - WARNING -   CNN: Best hyperparameter combination has only 3 replicates (< 10)
2025-06-23 11:14:34,378 - WARNING -     Best params: lr=0.001, batch_size=64, rc_aug=False
2025-06-23 11:14:34,378 - WARNING -     MCC: 0.9277 ± 0.0050
2025-06-23 11:14:34,383 - INFO -   Caduceus: Found 1 combinations with >= 10 replicates
2025-06-23 11:14:34,395 - INFO -   HyenaDNA: Found 1 combinations with >= 10 replicates
2025-06-23 11:14:34,408 - INFO -   Mamba-bpe: Found 1 combinations with >= 10 replicates
2025-06-23 11:14:34,417 - INFO -   Mamba-char: Found 1 combinations with >= 10 replicates
2025-06-23 11:14:34,425 - WARNING -   CNN: No combinations with >= 10 replicates found. Using 1 combinations with >= 3 replicates
2025-06-23 11:14:34,425 - WARNING -   CNN: Best hyperparameter combination has only 3 replicates (< 10)
2025-06-23 11:14:34,426 - WARNING -     Best params: lr=0.001, batch_size=64, rc_aug=False
2025-06-23 11:14:34,426 - WARNING -     MCC: 0.9268 ± 0.0020
2025-06-23 11:14:34,431 - INFO -   Caduceus: Found 1 combinations with >= 10 replicates
2025-06-23 11:14:34,442 - INFO -   HyenaDNA: Found 1 combinations with >= 10 replicates
2025-06-23 11:14:34,455 - INFO -   Mamba-bpe: Found 1 combinations with >= 10 replicates
2025-06-23 11:14:34,463 - INFO -   Mamba-char: Found 1 combinations with >= 10 replicates
2025-06-23 11:14:34,472 - WARNING -   CNN: No combinations with >= 10 replicates found. Using 1 combinations with >= 3 replicates
2025-06-23 11:14:34,472 - WARNING -   CNN: Best hyperparameter combination has only 3 replicates (< 10)
2025-06-23 11:14:34,472 - WARNING -     Best params: lr=0.001, batch_size=64, rc_aug=False
2025-06-23 11:14:34,472 - WARNING -     MCC: 0.9529 ± 0.0054
2025-06-23 11:14:34,477 - WARNING -   Caduceus: No combinations with >= 10 replicates found. Using 9 combinations with >= 3 replicates
2025-06-23 11:14:34,478 - WARNING -   Caduceus: Best hyperparameter combination has only 3 replicates (< 10)
2025-06-23 11:14:34,478 - WARNING -     Best params: lr=0.001, batch_size=256, rc_aug=False
2025-06-23 11:14:34,478 - WARNING -     MCC: 0.8799 ± 0.0164
2025-06-23 11:14:34,489 - INFO -   HyenaDNA: Found 1 combinations with >= 10 replicates
2025-06-23 11:14:34,501 - INFO -   Mamba-bpe: Found 1 combinations with >= 10 replicates
2025-06-23 11:14:34,509 - INFO -   Mamba-char: Found 2 combinations with >= 10 replicates
2025-06-23 11:14:34,518 - WARNING -   Caduceus: No combinations with >= 10 replicates found. Using 11 combinations with >= 3 replicates
2025-06-23 11:14:34,519 - WARNING -   Caduceus: Best hyperparameter combination has only 3 replicates (< 10)
2025-06-23 11:14:34,519 - WARNING -     Best params: lr=0.0005, batch_size=256, rc_aug=False
2025-06-23 11:14:34,519 - WARNING -     MCC: 0.6719 ± 0.0107
2025-06-23 11:14:34,530 - INFO -   HyenaDNA: Found 1 combinations with >= 10 replicates
2025-06-23 11:14:34,538 - INFO -   Mamba-bpe: Found 2 combinations with >= 10 replicates
2025-06-23 11:14:34,547 - INFO -   Mamba-char: Found 1 combinations with >= 10 replicates
2025-06-23 11:14:34,557 - WARNING -   Caduceus: No combinations with >= 10 replicates found. Using 11 combinations with >= 3 replicates
2025-06-23 11:14:34,557 - WARNING -   Caduceus: Best hyperparameter combination has only 3 replicates (< 10)
2025-06-23 11:14:34,557 - WARNING -     Best params: lr=0.001, batch_size=128, rc_aug=False
2025-06-23 11:14:34,557 - WARNING -     MCC: 0.7293 ± 0.0235
2025-06-23 11:14:34,568 - INFO -   HyenaDNA: Found 1 combinations with >= 10 replicates
2025-06-23 11:14:34,577 - INFO -   Mamba-bpe: Found 3 combinations with >= 10 replicates
2025-06-23 11:14:34,587 - INFO -   Mamba-char: Found 1 combinations with >= 10 replicates
2025-06-23 11:14:34,596 - WARNING -   Caduceus: No combinations with >= 10 replicates found. Using 11 combinations with >= 3 replicates
2025-06-23 11:14:34,596 - WARNING -   Caduceus: Best hyperparameter combination has only 3 replicates (< 10)
2025-06-23 11:14:34,596 - WARNING -     Best params: lr=0.001, batch_size=128, rc_aug=False
2025-06-23 11:14:34,596 - WARNING -     MCC: 0.7213 ± 0.0166
2025-06-23 11:14:34,607 - INFO -   HyenaDNA: Found 1 combinations with >= 10 replicates
2025-06-23 11:14:34,616 - INFO -   Mamba-bpe: Found 2 combinations with >= 10 replicates
2025-06-23 11:14:34,624 - INFO -   Mamba-char: Found 1 combinations with >= 10 replicates
2025-06-23 11:14:34,633 - WARNING -   Caduceus: No combinations with >= 10 replicates found. Using 11 combinations with >= 3 replicates
2025-06-23 11:14:34,634 - WARNING -   Caduceus: Best hyperparameter combination has only 3 replicates (< 10)
2025-06-23 11:14:34,634 - WARNING -     Best params: lr=0.002, batch_size=128, rc_aug=False
2025-06-23 11:14:34,634 - WARNING -     MCC: 0.5675 ± 0.0225
2025-06-23 11:14:34,645 - INFO -   HyenaDNA: Found 1 combinations with >= 10 replicates
2025-06-23 11:14:34,653 - INFO -   Mamba-bpe: Found 3 combinations with >= 10 replicates
2025-06-23 11:14:34,662 - INFO -   Mamba-char: Found 1 combinations with >= 10 replicates
2025-06-23 11:14:34,672 - WARNING -   Caduceus: No combinations with >= 10 replicates found. Using 11 combinations with >= 3 replicates
2025-06-23 11:14:34,672 - WARNING -   Caduceus: Best hyperparameter combination has only 3 replicates (< 10)
2025-06-23 11:14:34,672 - WARNING -     Best params: lr=0.002, batch_size=128, rc_aug=False
2025-06-23 11:14:34,672 - WARNING -     MCC: 0.7995 ± 0.0112
2025-06-23 11:14:34,683 - INFO -   HyenaDNA: Found 1 combinations with >= 10 replicates
2025-06-23 11:14:34,692 - INFO -   Mamba-bpe: Found 2 combinations with >= 10 replicates
2025-06-23 11:14:34,701 - INFO -   Mamba-char: Found 1 combinations with >= 10 replicates
2025-06-23 11:14:34,749 - INFO - 
Results saved to: ../final_combined_ss_results/best_hyperparameters_by_task_ss.csv
2025-06-23 11:14:34,749 - INFO - Best replicates saved to: ../final_combined_ss_results/best_replicates_ss.csv
2025-06-23 11:14:34,749 - INFO - NaN analysis saved to: ../final_combined_ss_results/ss_nan_analysis.csv
2025-06-23 11:14:34,749 - INFO - All hyperparameters analysis saved to: ../final_combined_ss_results/all_hyperparameters_analysis_ss.csv
2025-06-23 11:14:34,750 - INFO - Total best replicates: 2066
2025-06-23 11:14:34,750 - INFO - Log file saved to: ../final_combined_ss_results/hyperparameter_selection_log_20250623_111432.log
2025-06-23 11:14:34,751 - WARNING - 
97 task-model combinations have < 10 replicates:
2025-06-23 11:14:34,751 - WARNING -   CNN on H2AFZ: 3 replicates
2025-06-23 11:14:34,751 - WARNING -   Caduceus on H2AFZ: 7 replicates
2025-06-23 11:14:34,751 - WARNING -   CNN on H3K27ac: 3 replicates
2025-06-23 11:14:34,751 - WARNING -   Caduceus on H3K27ac: 3 replicates
2025-06-23 11:14:34,751 - WARNING -   CNN on H3K27me3: 3 replicates
2025-06-23 11:14:34,751 - WARNING -   Caduceus on H3K27me3: 3 replicates
2025-06-23 11:14:34,751 - WARNING -   CNN on H3K36me3: 3 replicates
2025-06-23 11:14:34,752 - WARNING -   Caduceus on H3K36me3: 3 replicates
2025-06-23 11:14:34,752 - WARNING -   CNN on H3K4me1: 3 replicates
2025-06-23 11:14:34,752 - WARNING -   CNN on H3K4me2: 3 replicates
2025-06-23 11:14:34,752 - WARNING -   Caduceus on H3K4me2: 7 replicates
2025-06-23 11:14:34,752 - WARNING -   CNN on H3K4me3: 3 replicates
2025-06-23 11:14:34,752 - WARNING -   CNN on H3K9ac: 3 replicates
2025-06-23 11:14:34,752 - WARNING -   Caduceus on H3K9ac: 3 replicates
2025-06-23 11:14:34,752 - WARNING -   CNN on H3K9me3: 3 replicates
2025-06-23 11:14:34,752 - WARNING -   Caduceus on H3K9me3: 3 replicates
2025-06-23 11:14:34,752 - WARNING -   CNN on H4K20me1: 3 replicates
2025-06-23 11:14:34,752 - WARNING -   Caduceus on H4K20me1: 3 replicates
2025-06-23 11:14:34,752 - WARNING -   Caduceus on covid: 6 replicates
2025-06-23 11:14:34,752 - WARNING -   CNN on demo_coding_vs_intergenomic: 3 replicates
2025-06-23 11:14:34,752 - WARNING -   CNN on demo_human_or_worm: 3 replicates
2025-06-23 11:14:34,752 - WARNING -   Mamba-bpe on drosophilia_enhancers: 3 replicates
2025-06-23 11:14:34,752 - WARNING -   CNN on dummy_mouse_enhancers: 3 replicates
2025-06-23 11:14:34,752 - WARNING -   HyenaDNA on emp_H3: 2 replicates
2025-06-23 11:14:34,752 - WARNING -   Mamba-bpe on emp_H3: 3 replicates
2025-06-23 11:14:34,752 - WARNING -   Caduceus on emp_H3K14ac: 3 replicates
2025-06-23 11:14:34,752 - WARNING -   HyenaDNA on emp_H3K14ac: 4 replicates
2025-06-23 11:14:34,752 - WARNING -   Mamba-bpe on emp_H3K14ac: 3 replicates
2025-06-23 11:14:34,752 - WARNING -   Mamba-char on emp_H3K14ac: 3 replicates
2025-06-23 11:14:34,752 - WARNING -   Caduceus on emp_H3K36me3: 3 replicates
2025-06-23 11:14:34,752 - WARNING -   HyenaDNA on emp_H3K36me3: 3 replicates
2025-06-23 11:14:34,752 - WARNING -   Mamba-bpe on emp_H3K36me3: 3 replicates
2025-06-23 11:14:34,752 - WARNING -   Mamba-char on emp_H3K36me3: 3 replicates
2025-06-23 11:14:34,752 - WARNING -   Caduceus on emp_H3K4me1: 3 replicates
2025-06-23 11:14:34,753 - WARNING -   HyenaDNA on emp_H3K4me1: 3 replicates
2025-06-23 11:14:34,753 - WARNING -   Mamba-bpe on emp_H3K4me1: 3 replicates
2025-06-23 11:14:34,753 - WARNING -   Mamba-char on emp_H3K4me1: 3 replicates
2025-06-23 11:14:34,753 - WARNING -   Caduceus on emp_H3K4me2: 3 replicates
2025-06-23 11:14:34,753 - WARNING -   HyenaDNA on emp_H3K4me2: 3 replicates
2025-06-23 11:14:34,753 - WARNING -   Mamba-bpe on emp_H3K4me2: 3 replicates
2025-06-23 11:14:34,753 - WARNING -   Mamba-char on emp_H3K4me2: 3 replicates
2025-06-23 11:14:34,753 - WARNING -   Caduceus on emp_H3K4me3: 3 replicates
2025-06-23 11:14:34,753 - WARNING -   HyenaDNA on emp_H3K4me3: 3 replicates
2025-06-23 11:14:34,753 - WARNING -   Mamba-bpe on emp_H3K4me3: 3 replicates
2025-06-23 11:14:34,753 - WARNING -   Mamba-char on emp_H3K4me3: 3 replicates
2025-06-23 11:14:34,753 - WARNING -   Caduceus on emp_H3K79me3: 3 replicates
2025-06-23 11:14:34,753 - WARNING -   HyenaDNA on emp_H3K79me3: 3 replicates
2025-06-23 11:14:34,753 - WARNING -   Mamba-bpe on emp_H3K79me3: 3 replicates
2025-06-23 11:14:34,753 - WARNING -   Mamba-char on emp_H3K79me3: 3 replicates
2025-06-23 11:14:34,753 - WARNING -   Caduceus on emp_H3K9ac: 3 replicates
2025-06-23 11:14:34,753 - WARNING -   HyenaDNA on emp_H3K9ac: 3 replicates
2025-06-23 11:14:34,753 - WARNING -   Mamba-bpe on emp_H3K9ac: 3 replicates
2025-06-23 11:14:34,753 - WARNING -   Mamba-char on emp_H3K9ac: 3 replicates
2025-06-23 11:14:34,753 - WARNING -   Caduceus on emp_H4: 3 replicates
2025-06-23 11:14:34,753 - WARNING -   HyenaDNA on emp_H4: 3 replicates
2025-06-23 11:14:34,753 - WARNING -   Mamba-bpe on emp_H4: 3 replicates
2025-06-23 11:14:34,753 - WARNING -   Mamba-char on emp_H4: 3 replicates
2025-06-23 11:14:34,753 - WARNING -   Caduceus on emp_H4ac: 3 replicates
2025-06-23 11:14:34,753 - WARNING -   HyenaDNA on emp_H4ac: 3 replicates
2025-06-23 11:14:34,753 - WARNING -   Mamba-bpe on emp_H4ac: 3 replicates
2025-06-23 11:14:34,753 - WARNING -   Mamba-char on emp_H4ac: 3 replicates
2025-06-23 11:14:34,753 - WARNING -   CNN on enhancers: 3 replicates
2025-06-23 11:14:34,753 - WARNING -   CNN on enhancers_types: 3 replicates
2025-06-23 11:14:34,754 - WARNING -   CNN on human_enhancers_cohn: 3 replicates
2025-06-23 11:14:34,754 - WARNING -   CNN on human_enhancers_ensembl: 3 replicates
2025-06-23 11:14:34,754 - WARNING -   CNN on human_ensembl_regulatory: 3 replicates
2025-06-23 11:14:34,754 - WARNING -   Caduceus on human_ensembl_regulatory: 3 replicates
2025-06-23 11:14:34,754 - WARNING -   Mamba-bpe on human_ensembl_regulatory: 6 replicates
2025-06-23 11:14:34,754 - WARNING -   CNN on human_nontata_promoters: 3 replicates
2025-06-23 11:14:34,754 - WARNING -   CNN on human_ocr_ensembl: 3 replicates
2025-06-23 11:14:34,754 - WARNING -   Caduceus on human_ocr_ensembl: 3 replicates
2025-06-23 11:14:34,754 - WARNING -   Caduceus on mouse_0: 7 replicates
2025-06-23 11:14:34,754 - WARNING -   Caduceus on mouse_1: 3 replicates
2025-06-23 11:14:34,754 - WARNING -   Caduceus on mouse_2: 7 replicates
2025-06-23 11:14:34,754 - WARNING -   Mamba-char on mouse_2: 7 replicates
2025-06-23 11:14:34,754 - WARNING -   Caduceus on mouse_3: 3 replicates
2025-06-23 11:14:34,754 - WARNING -   Caduceus on mouse_4: 3 replicates
2025-06-23 11:14:34,754 - WARNING -   HyenaDNA on phage_fragments: 3 replicates
2025-06-23 11:14:34,754 - WARNING -   Caduceus on prom_300_all: 8 replicates
2025-06-23 11:14:34,754 - WARNING -   Caduceus on prom_300_notata: 3 replicates
2025-06-23 11:14:34,754 - WARNING -   Caduceus on prom_300_tata: 3 replicates
2025-06-23 11:14:34,754 - WARNING -   Caduceus on prom_core_all: 3 replicates
2025-06-23 11:14:34,754 - WARNING -   Caduceus on prom_core_notata: 3 replicates
2025-06-23 11:14:34,754 - WARNING -   Caduceus on prom_core_tata: 3 replicates
2025-06-23 11:14:34,754 - WARNING -   CNN on promoter_all: 3 replicates
2025-06-23 11:14:34,754 - WARNING -   CNN on promoter_no_tata: 3 replicates
2025-06-23 11:14:34,754 - WARNING -   CNN on promoter_tata: 3 replicates
2025-06-23 11:14:34,754 - WARNING -   Caduceus on reconstructed: 3 replicates
2025-06-23 11:14:34,754 - WARNING -   CNN on splice_sites_acceptors: 3 replicates
2025-06-23 11:14:34,754 - WARNING -   CNN on splice_sites_all: 3 replicates
2025-06-23 11:14:34,754 - WARNING -   CNN on splice_sites_donors: 3 replicates
2025-06-23 11:14:34,755 - WARNING -   Caduceus on splice_sites_donors: 3 replicates
2025-06-23 11:14:34,755 - WARNING -   Caduceus on tf_0: 3 replicates
2025-06-23 11:14:34,755 - WARNING -   Caduceus on tf_1: 3 replicates
2025-06-23 11:14:34,755 - WARNING -   Caduceus on tf_2: 3 replicates
2025-06-23 11:14:34,755 - WARNING -   Caduceus on tf_3: 3 replicates
2025-06-23 11:14:34,755 - WARNING -   Caduceus on tf_4: 3 replicates
2025-06-23 11:14:34,755 - ERROR - 
CRITICAL: 1 task-model combinations have < 3 replicates:
2025-06-23 11:14:34,755 - ERROR -   HyenaDNA on emp_H3: 2 replicates
