/Users/leannmlindsey/Dropbox/NIH_WORK/TOKENIZATION/submission_06.11.2025/RESULTS/attn_scripts/combined_csv.py:194: FutureWarning: DataFrameGroupBy.apply operated on the grouping columns. This behavior is deprecated, and in a future version of pandas the grouping columns will be excluded from the operation. Either pass `include_groups=False` to exclude the groupings or explicitly select the grouping columns after groupby to silence this warning.
  completeness = combined_df.groupby('source_file').apply(
Reading CSV files...
Fixed benchmark labeling in df5: GUE -> GB
File 1 shape: (173, 13)
File 2 shape: (909, 13)
File 3 shape before filtering: (1207, 17)
File 4 shape: (10, 15)
File 5 shape: (40, 15)
File 3 shape after filtering: (610, 18)
Rows dropped from File 3: 597

=== DEBUGGING: Task columns after all processing ===
df1 task NaN count after processing: 0
df2 task NaN count after processing: 1
df3_renamed task NaN count after processing: 0
df4 task NaN count after processing: 0
df3 original task unique: ['enhancers' 'enhancers_types' 'splice_sites_all' 'splice_sites_acceptors'
 'splice_sites_donor' 'H3' 'H3K14ac' 'H3K36me3' 'H3K4me1' 'H3K4me2'
 'H3K4me3' 'H3K79me3' 'H3K9ac' 'H4' 'H4ac' 'prom_300_all'
 'prom_300_notata' 'prom_300_tata' 'tf_0' 'tf_1' 'tf_2' 'tf_3' 'tf_4'
 'prom_core_all' 'prom_core_tata' 'prom_core_notata' 'mouse_0' 'mouse_1'
 'mouse_2' 'mouse_3' 'mouse_4' 'reconstructed' 'covid'
 'demo_coding_vs_intergenomic' 'demo_human_or_worm' 'human_enhancers_cohn'
 'human_enhancers_ensembl' 'human_ensembl_regulatory'
 'human_nontata_promoters' 'human_ocr_ensembl' 'dummy_mouse_enhancers']
df3_renamed filtered task unique: ['enhancers' 'enhancers_types' 'splice_sites_all' 'splice_sites_acceptors'
 'splice_sites_donor' 'prom_300_all' 'prom_300_notata' 'prom_300_tata'
 'tf_0' 'tf_1' 'tf_2' 'tf_3' 'tf_4' 'prom_core_all' 'prom_core_tata'
 'prom_core_notata' 'mouse_0' 'mouse_1' 'mouse_2' 'mouse_3' 'mouse_4'
 'reconstructed' 'covid' 'demo_coding_vs_intergenomic'
 'demo_human_or_worm' 'human_enhancers_cohn' 'human_enhancers_ensembl'
 'human_ensembl_regulatory' 'human_nontata_promoters' 'human_ocr_ensembl'
 'dummy_mouse_enhancers']
df4 task unique: ['covid']
⚠️  WARNING: NaN values found in task columns after processing!
This should not happen - investigating...
df1 empty rows: 0
df2 empty rows: 0
df3_renamed empty rows: 0
df4 empty rows: 0
============================================================

Combining dataframes...

=== DEBUGGING: Combined dataframe task column ===
Combined task NaN count: 1
Combined task unique values: ['drosophilia_enhancers' 'human_ocr_ensembl' 'demo_coding_vs_intergenomic'
 'dummy_mouse_enhancers' 'human_enhancers_ensembl' 'demo_human_or_worm'
 'human_enhancers_cohn' 'human_nontata_promoters' 'prom_300_tata'
 'prom_300_all' 'prom_core_tata' 'prom_300_notata' 'prom_core_notata'
 'reconstructed' 'prom_core_all' 'mouse_1' 'tf_1' 'tf_4' 'mouse_4' 'tf_2'
 'mouse_2' 'mouse_0' 'tf_0' 'tf_3' 'mouse_3' 'human_ensembl_regulatory'
 'promoter_no_tata' 'H3K27ac' 'enhancers_types' 'H3K4me1' 'H3K9me3'
 'H3K4me3' 'H3K4me2' 'splice_sites_donors' 'H2AFZ' 'promoter_tata'
 'H3K36me3' 'splice_sites_acceptors' 'H3K27me3' 'enhancers'
 'splice_sites_all' 'promoter_all' 'H4K20me1' 'H3K9ac' 'covid' nan
 'splice_sites_donor']
⚠️  NaN values found in combined task column!
Rows with NaN tasks:
                              source_file model task benchmark
912  combined_results_orig_06.11.2025.csv   GPT  NaN       GUE
============================================================

Before filtering - Combined dataframe shape: (1734, 16)
After filtering - Combined dataframe shape: (1724, 16)
Dropped 10 rows with NaN in task or mcc columns

Total rows: 1724
Columns: ['directory_name', 'model', 'lr', 'benchmark', 'task', 'seed', 'accuracy', 'mcc', 'f1', 'precision', 'recall', 'runtime', 'replicate_number', 'sequence_length', 'epoch', 'source_file']

Data completeness by source file:
                                               directory_name  ...  source_file
source_file                                                    ...             
anisa_finetune_results_with_lr_06.11.2025.csv             0.0  ...        100.0
combined_results_orig_06.11.2025.csv                    100.0  ...        100.0
combined_results_repeated_06.11.2025.csv                100.0  ...        100.0
covid_repeated.csv                                      100.0  ...        100.0
dnabert1_bridges_gb_anisa_replicates.csv                100.0  ...        100.0

[5 rows x 16 columns]

Missing values by column:
                  Missing_Count  Missing_Percentage
directory_name              601               34.86
replicate_number           1123               65.14
sequence_length            1143               66.30

Combined results saved to: ../final_combined_attn_results/combined_all_results_06.11.2025.csv

Preview of combined data:
                                      directory_name  ...                               source_file
0  /ocean/projects/bio230026p/lindseyl/TOKENIZATI...  ...  combined_results_repeated_06.11.2025.csv
1  /ocean/projects/bio230026p/lindseyl/TOKENIZATI...  ...  combined_results_repeated_06.11.2025.csv
2  /ocean/projects/bio230026p/lindseyl/TOKENIZATI...  ...  combined_results_repeated_06.11.2025.csv
3  /ocean/projects/bio230026p/lindseyl/TOKENIZATI...  ...  combined_results_repeated_06.11.2025.csv
4  /ocean/projects/bio230026p/lindseyl/TOKENIZATI...  ...  combined_results_repeated_06.11.2025.csv

[5 rows x 16 columns]
=== DATA EXPLORATION ===

Unique models: 4
Models: ['DNABERT', 'DNABERT2', 'GPT', 'NTv2']

Unique benchmarks: 4
Benchmarks: ['GB', 'GUE', 'NTv1', 'NTv2']

Unique tasks: 46
Tasks: ['H2AFZ', 'H3K27ac', 'H3K27me3', 'H3K36me3', 'H3K4me1', 'H3K4me2', 'H3K4me3', 'H3K9ac', 'H3K9me3', 'H4K20me1', 'covid', 'demo_coding_vs_intergenomic', 'demo_human_or_worm', 'drosophilia_enhancers', 'dummy_mouse_enhancers', 'enhancers', 'enhancers_types', 'human_enhancers_cohn', 'human_enhancers_ensembl', 'human_ensembl_regulatory', 'human_nontata_promoters', 'human_ocr_ensembl', 'mouse_0', 'mouse_1', 'mouse_2', 'mouse_3', 'mouse_4', 'prom_300_all', 'prom_300_notata', 'prom_300_tata', 'prom_core_all', 'prom_core_notata', 'prom_core_tata', 'promoter_all', 'promoter_no_tata', 'promoter_tata', 'reconstructed', 'splice_sites_acceptors', 'splice_sites_all', 'splice_sites_donor', 'splice_sites_donors', 'tf_0', 'tf_1', 'tf_2', 'tf_3', 'tf_4']

Performance metrics summary:
accuracy: mean=0.782, std=0.137, count=1724
f1: mean=0.762, std=0.176, count=1724
mcc: mean=0.576, std=0.259, count=1724
precision: mean=0.761, std=0.193, count=1724
recall: mean=0.778, std=0.142, count=1724

=== COLUMN MAPPING SUMMARY ===
Files 1&2 → File 3 mappings:
- task_benchmark → benchmark
- Added seed=42 to File 3 (Anisa's standard)
- Dropped task_category from File 3
Benchmark standardization:
- Files 1&2: 'GB_repeated', 'GB_repated_anisacodebase', 'GB_repeated_anisacodebase' → 'GB'
- File 3: 'Genomic Benchmark' → 'GB', 'Nucleotide Transformer' → 'NTv1'
Model standardization:
- Files 1&2: 'DNABERT2_repeated' → 'DNABERT2'
- File 3: 'DNABERT-1 (6-mer)' → 'DNABERT', 'DNABERT-2' → 'DNABERT2'
- File 3: Dropped rows with models containing 'GPT', 'HyenaDNA (1k)', 'NT 500M 1000G'
- Common: model, task, accuracy, f1, mcc
- File 3 unique: replicate_number, sequence_length, epoch
- Files 1&2 unique: directory_name, lr, precision, recall, runtime
